// TestFiles/IntegrationTests/CodeGenerationIntegrationTest/ComplexTagHelpers.cshtml(8,17): error CS1646: Keyword, identifier, or string expected after verbatim specifier: @
// @
Diagnostic(ErrorCode.ERR_ExpectedVerbatimLiteral, "").WithLocation(8, 17),
// TestFiles/IntegrationTests/CodeGenerationIntegrationTest/ComplexTagHelpers.cshtml(8,19): error CS1646: Keyword, identifier, or string expected after verbatim specifier: @
// @
Diagnostic(ErrorCode.ERR_ExpectedVerbatimLiteral, "").WithLocation(8, 19),
// TestFiles/IntegrationTests/CodeGenerationIntegrationTest/ComplexTagHelpers.cshtml(8,20): error CS0201: Only assignment, call, increment, decrement, await, and new object expressions can be used as a statement
// (
Diagnostic(ErrorCode.ERR_IllegalStatement, @"(

#line default
#line hidden
#nullable disable
#nullable restore
#line (8,21)-(8,24) ""TestFiles/IntegrationTests/CodeGenerationIntegrationTest/ComplexTagHelpers.cshtml""
1+2

#line default
#line hidden
#nullable disable
#nullable restore
#line (8,24)-(8,25) ""TestFiles/IntegrationTests/CodeGenerationIntegrationTest/ComplexTagHelpers.cshtml""
)").WithLocation(8, 20),
// TestFiles/IntegrationTests/CodeGenerationIntegrationTest/ComplexTagHelpers.cshtml(26,24): error CS1525: Invalid expression term ''
//  +
Diagnostic(ErrorCode.ERR_InvalidExprTerm, "").WithArguments("").WithLocation(26, 24),
// TestFiles/IntegrationTests/CodeGenerationIntegrationTest/ComplexTagHelpers.cshtml(26,24): error CS1002: ; expected
//  +
Diagnostic(ErrorCode.ERR_SemicolonExpected, "").WithLocation(26, 24),
// TestFiles/IntegrationTests/CodeGenerationIntegrationTest/ComplexTagHelpers.cshtml(26,25): error CS1646: Keyword, identifier, or string expected after verbatim specifier: @
// @
Diagnostic(ErrorCode.ERR_ExpectedVerbatimLiteral, "").WithLocation(26, 25),
// TestFiles/IntegrationTests/CodeGenerationIntegrationTest/ComplexTagHelpers.cshtml(26,26): error CS0201: Only assignment, call, increment, decrement, await, and new object expressions can be used as a statement
// DateTimeOffset.Now.Year
Diagnostic(ErrorCode.ERR_IllegalStatement, "DateTimeOffset.Now.Year").WithLocation(26, 26),
// TestFiles/IntegrationTests/CodeGenerationIntegrationTest/ComplexTagHelpers.cshtml(33,32): error CS1646: Keyword, identifier, or string expected after verbatim specifier: @
// @
Diagnostic(ErrorCode.ERR_ExpectedVerbatimLiteral, "").WithLocation(33, 32),
// TestFiles/IntegrationTests/CodeGenerationIntegrationTest/ComplexTagHelpers.cshtml(33,33): error CS0201: Only assignment, call, increment, decrement, await, and new object expressions can be used as a statement
// (
Diagnostic(ErrorCode.ERR_IllegalStatement, @"(

#line default
#line hidden
#nullable disable
#nullable restore
#line (33,34)-(33,61) ""TestFiles/IntegrationTests/CodeGenerationIntegrationTest/ComplexTagHelpers.cshtml""
  DateTimeOffset.Now.Year  

#line default
#line hidden
#nullable disable
#nullable restore
#line (33,61)-(33,62) ""TestFiles/IntegrationTests/CodeGenerationIntegrationTest/ComplexTagHelpers.cshtml""
)

#line default
#line hidden
#nullable disable
#nullable restore
#line (33,62)-(33,64) ""TestFiles/IntegrationTests/CodeGenerationIntegrationTest/ComplexTagHelpers.cshtml""
 >

#line default
#line hidden
#nullable disable
#nullable restore
#line (33,64)-(33,69) ""TestFiles/IntegrationTests/CodeGenerationIntegrationTest/ComplexTagHelpers.cshtml""
 2014").WithLocation(33, 33),
// TestFiles/IntegrationTests/CodeGenerationIntegrationTest/ComplexTagHelpers.cshtml(35,10): error CS0103: The name 'someMethod' does not exist in the current context
// someMethod(
Diagnostic(ErrorCode.ERR_NameNotInContext, "someMethod").WithArguments("someMethod").WithLocation(35, 10),
// TestFiles/IntegrationTests/CodeGenerationIntegrationTest/ComplexTagHelpers.cshtml(35,72): error CS1003: Syntax error, '(' expected
// checked
Diagnostic(ErrorCode.ERR_SyntaxError, "").WithArguments("(").WithLocation(35, 72),
// TestFiles/IntegrationTests/CodeGenerationIntegrationTest/ComplexTagHelpers.cshtml(35,72): error CS1525: Invalid expression term ';'
// checked
Diagnostic(ErrorCode.ERR_InvalidExprTerm, "").WithArguments(";").WithLocation(35, 72),
// TestFiles/IntegrationTests/CodeGenerationIntegrationTest/ComplexTagHelpers.cshtml(35,72): error CS1026: ) expected
// checked
Diagnostic(ErrorCode.ERR_CloseParenExpected, "").WithLocation(35, 72),
// TestFiles/IntegrationTests/CodeGenerationIntegrationTest/ComplexTagHelpers.cshtml(52,25): error CS0400: The type or namespace name 'TestNamespace' could not be found in the global namespace (are you missing an assembly reference?)
//         private global::TestNamespace.PTagHelper __TestNamespace_PTagHelper;
Diagnostic(ErrorCode.ERR_GlobalSingleTypeNameNotFound, "TestNamespace").WithArguments("TestNamespace").WithLocation(52, 25),
// TestFiles/IntegrationTests/CodeGenerationIntegrationTest/ComplexTagHelpers.cshtml(53,25): error CS0400: The type or namespace name 'TestNamespace' could not be found in the global namespace (are you missing an assembly reference?)
//         private global::TestNamespace.InputTagHelper __TestNamespace_InputTagHelper;
Diagnostic(ErrorCode.ERR_GlobalSingleTypeNameNotFound, "TestNamespace").WithArguments("TestNamespace").WithLocation(53, 25),
// TestFiles/IntegrationTests/CodeGenerationIntegrationTest/ComplexTagHelpers.cshtml(54,25): error CS0400: The type or namespace name 'TestNamespace' could not be found in the global namespace (are you missing an assembly reference?)
//         private global::TestNamespace.InputTagHelper2 __TestNamespace_InputTagHelper2;
Diagnostic(ErrorCode.ERR_GlobalSingleTypeNameNotFound, "TestNamespace").WithArguments("TestNamespace").WithLocation(54, 25),
// TestFiles/IntegrationTests/CodeGenerationIntegrationTest/ComplexTagHelpers.cshtml(74,66): error CS0400: The type or namespace name 'TestNamespace' could not be found in the global namespace (are you missing an assembly reference?)
//             __TestNamespace_PTagHelper = CreateTagHelper<global::TestNamespace.PTagHelper>();
Diagnostic(ErrorCode.ERR_GlobalSingleTypeNameNotFound, "TestNamespace").WithArguments("TestNamespace").WithLocation(74, 66),
// TestFiles/IntegrationTests/CodeGenerationIntegrationTest/ComplexTagHelpers.cshtml(76,45): error CS1525: Invalid expression term ''
//             __TestNamespace_PTagHelper.Age = 
Diagnostic(ErrorCode.ERR_InvalidExprTerm, "").WithArguments("").WithLocation(76, 45),
// TestFiles/IntegrationTests/CodeGenerationIntegrationTest/ComplexTagHelpers.cshtml(76,45): error CS1002: ; expected
//             __TestNamespace_PTagHelper.Age = 
Diagnostic(ErrorCode.ERR_SemicolonExpected, "").WithLocation(76, 45),
// TestFiles/IntegrationTests/CodeGenerationIntegrationTest/ComplexTagHelpers.cshtml(124,72): error CS1061: 'IHtmlHelper<dynamic>' does not contain a definition for 'Raw' and no accessible extension method 'Raw' accepting a first argument of type 'IHtmlHelper<dynamic>' could be found (are you missing a using directive or an assembly reference?)
//             __tagHelperExecutionContext.AddHtmlAttribute("class", Html.Raw(__tagHelperStringValueBuffer), global::Microsoft.AspNetCore.Razor.TagHelpers.HtmlAttributeValueStyle.DoubleQuotes);
Diagnostic(ErrorCode.ERR_NoSuchMemberOrExtension, "Raw").WithArguments("Microsoft.AspNetCore.Mvc.Rendering.IHtmlHelper<dynamic>", "Raw").WithLocation(124, 72),
// TestFiles/IntegrationTests/CodeGenerationIntegrationTest/ComplexTagHelpers.cshtml(144,17): warning CS0162: Unreachable code detected
//                 WriteLiteral("                ");
Diagnostic(ErrorCode.WRN_UnreachableCode, "WriteLiteral").WithLocation(144, 17),
// TestFiles/IntegrationTests/CodeGenerationIntegrationTest/ComplexTagHelpers.cshtml(150,78): error CS0400: The type or namespace name 'TestNamespace' could not be found in the global namespace (are you missing an assembly reference?)
//                     __TestNamespace_InputTagHelper = CreateTagHelper<global::TestNamespace.InputTagHelper>();
Diagnostic(ErrorCode.ERR_GlobalSingleTypeNameNotFound, "TestNamespace").WithArguments("TestNamespace").WithLocation(150, 78),
// TestFiles/IntegrationTests/CodeGenerationIntegrationTest/ComplexTagHelpers.cshtml(152,79): error CS0400: The type or namespace name 'TestNamespace' could not be found in the global namespace (are you missing an assembly reference?)
//                     __TestNamespace_InputTagHelper2 = CreateTagHelper<global::TestNamespace.InputTagHelper2>();
Diagnostic(ErrorCode.ERR_GlobalSingleTypeNameNotFound, "TestNamespace").WithArguments("TestNamespace").WithLocation(152, 79),
// TestFiles/IntegrationTests/CodeGenerationIntegrationTest/ComplexTagHelpers.cshtml(169,70): error CS0400: The type or namespace name 'TestNamespace' could not be found in the global namespace (are you missing an assembly reference?)
//                 __TestNamespace_PTagHelper = CreateTagHelper<global::TestNamespace.PTagHelper>();
Diagnostic(ErrorCode.ERR_GlobalSingleTypeNameNotFound, "TestNamespace").WithArguments("TestNamespace").WithLocation(169, 70),
// TestFiles/IntegrationTests/CodeGenerationIntegrationTest/ComplexTagHelpers.cshtml(195,78): error CS0400: The type or namespace name 'TestNamespace' could not be found in the global namespace (are you missing an assembly reference?)
//                     __TestNamespace_InputTagHelper = CreateTagHelper<global::TestNamespace.InputTagHelper>();
Diagnostic(ErrorCode.ERR_GlobalSingleTypeNameNotFound, "TestNamespace").WithArguments("TestNamespace").WithLocation(195, 78),
// TestFiles/IntegrationTests/CodeGenerationIntegrationTest/ComplexTagHelpers.cshtml(197,79): error CS0400: The type or namespace name 'TestNamespace' could not be found in the global namespace (are you missing an assembly reference?)
//                     __TestNamespace_InputTagHelper2 = CreateTagHelper<global::TestNamespace.InputTagHelper2>();
Diagnostic(ErrorCode.ERR_GlobalSingleTypeNameNotFound, "TestNamespace").WithArguments("TestNamespace").WithLocation(197, 79),
// TestFiles/IntegrationTests/CodeGenerationIntegrationTest/ComplexTagHelpers.cshtml(232,70): error CS0400: The type or namespace name 'TestNamespace' could not be found in the global namespace (are you missing an assembly reference?)
//                 __TestNamespace_PTagHelper = CreateTagHelper<global::TestNamespace.PTagHelper>();
Diagnostic(ErrorCode.ERR_GlobalSingleTypeNameNotFound, "TestNamespace").WithArguments("TestNamespace").WithLocation(232, 70),
// TestFiles/IntegrationTests/CodeGenerationIntegrationTest/ComplexTagHelpers.cshtml(245,74): error CS0400: The type or namespace name 'TestNamespace' could not be found in the global namespace (are you missing an assembly reference?)
//                 __TestNamespace_InputTagHelper = CreateTagHelper<global::TestNamespace.InputTagHelper>();
Diagnostic(ErrorCode.ERR_GlobalSingleTypeNameNotFound, "TestNamespace").WithArguments("TestNamespace").WithLocation(245, 74),
// TestFiles/IntegrationTests/CodeGenerationIntegrationTest/ComplexTagHelpers.cshtml(247,75): error CS0400: The type or namespace name 'TestNamespace' could not be found in the global namespace (are you missing an assembly reference?)
//                 __TestNamespace_InputTagHelper2 = CreateTagHelper<global::TestNamespace.InputTagHelper2>();
Diagnostic(ErrorCode.ERR_GlobalSingleTypeNameNotFound, "TestNamespace").WithArguments("TestNamespace").WithLocation(247, 75),
// TestFiles/IntegrationTests/CodeGenerationIntegrationTest/ComplexTagHelpers.cshtml(274,74): error CS0400: The type or namespace name 'TestNamespace' could not be found in the global namespace (are you missing an assembly reference?)
//                 __TestNamespace_InputTagHelper = CreateTagHelper<global::TestNamespace.InputTagHelper>();
Diagnostic(ErrorCode.ERR_GlobalSingleTypeNameNotFound, "TestNamespace").WithArguments("TestNamespace").WithLocation(274, 74),
// TestFiles/IntegrationTests/CodeGenerationIntegrationTest/ComplexTagHelpers.cshtml(276,75): error CS0400: The type or namespace name 'TestNamespace' could not be found in the global namespace (are you missing an assembly reference?)
//                 __TestNamespace_InputTagHelper2 = CreateTagHelper<global::TestNamespace.InputTagHelper2>();
Diagnostic(ErrorCode.ERR_GlobalSingleTypeNameNotFound, "TestNamespace").WithArguments("TestNamespace").WithLocation(276, 75),
// TestFiles/IntegrationTests/CodeGenerationIntegrationTest/ComplexTagHelpers.cshtml(296,17): warning CS0162: Unreachable code detected
//                 WriteLiteral("anything");
Diagnostic(ErrorCode.WRN_UnreachableCode, "WriteLiteral").WithLocation(296, 17),
// TestFiles/IntegrationTests/CodeGenerationIntegrationTest/ComplexTagHelpers.cshtml(328,66): error CS0400: The type or namespace name 'TestNamespace' could not be found in the global namespace (are you missing an assembly reference?)
//             __TestNamespace_PTagHelper = CreateTagHelper<global::TestNamespace.PTagHelper>();
Diagnostic(ErrorCode.ERR_GlobalSingleTypeNameNotFound, "TestNamespace").WithArguments("TestNamespace").WithLocation(328, 66),
// TestFiles/IntegrationTests/CodeGenerationIntegrationTest/ComplexTagHelpers.cshtml(365,74): error CS0400: The type or namespace name 'TestNamespace' could not be found in the global namespace (are you missing an assembly reference?)
//                 __TestNamespace_InputTagHelper = CreateTagHelper<global::TestNamespace.InputTagHelper>();
Diagnostic(ErrorCode.ERR_GlobalSingleTypeNameNotFound, "TestNamespace").WithArguments("TestNamespace").WithLocation(365, 74),
// TestFiles/IntegrationTests/CodeGenerationIntegrationTest/ComplexTagHelpers.cshtml(367,75): error CS0400: The type or namespace name 'TestNamespace' could not be found in the global namespace (are you missing an assembly reference?)
//                 __TestNamespace_InputTagHelper2 = CreateTagHelper<global::TestNamespace.InputTagHelper2>();
Diagnostic(ErrorCode.ERR_GlobalSingleTypeNameNotFound, "TestNamespace").WithArguments("TestNamespace").WithLocation(367, 75),
// TestFiles/IntegrationTests/CodeGenerationIntegrationTest/ComplexTagHelpers.cshtml(403,66): error CS0400: The type or namespace name 'TestNamespace' could not be found in the global namespace (are you missing an assembly reference?)
//             __TestNamespace_PTagHelper = CreateTagHelper<global::TestNamespace.PTagHelper>();
Diagnostic(ErrorCode.ERR_GlobalSingleTypeNameNotFound, "TestNamespace").WithArguments("TestNamespace").WithLocation(403, 66),
// TestFiles/IntegrationTests/CodeGenerationIntegrationTest/ComplexTagHelpers.cshtml(444,74): error CS0400: The type or namespace name 'TestNamespace' could not be found in the global namespace (are you missing an assembly reference?)
//                 __TestNamespace_InputTagHelper = CreateTagHelper<global::TestNamespace.InputTagHelper>();
Diagnostic(ErrorCode.ERR_GlobalSingleTypeNameNotFound, "TestNamespace").WithArguments("TestNamespace").WithLocation(444, 74),
// TestFiles/IntegrationTests/CodeGenerationIntegrationTest/ComplexTagHelpers.cshtml(446,75): error CS0400: The type or namespace name 'TestNamespace' could not be found in the global namespace (are you missing an assembly reference?)
//                 __TestNamespace_InputTagHelper2 = CreateTagHelper<global::TestNamespace.InputTagHelper2>();
Diagnostic(ErrorCode.ERR_GlobalSingleTypeNameNotFound, "TestNamespace").WithArguments("TestNamespace").WithLocation(446, 75),
// TestFiles/IntegrationTests/CodeGenerationIntegrationTest/ComplexTagHelpers.cshtml(484,66): error CS0400: The type or namespace name 'TestNamespace' could not be found in the global namespace (are you missing an assembly reference?)
//             __TestNamespace_PTagHelper = CreateTagHelper<global::TestNamespace.PTagHelper>();
Diagnostic(ErrorCode.ERR_GlobalSingleTypeNameNotFound, "TestNamespace").WithArguments("TestNamespace").WithLocation(484, 66),
// TestFiles/IntegrationTests/CodeGenerationIntegrationTest/ComplexTagHelpers.cshtml(537,74): error CS0400: The type or namespace name 'TestNamespace' could not be found in the global namespace (are you missing an assembly reference?)
//                 __TestNamespace_InputTagHelper = CreateTagHelper<global::TestNamespace.InputTagHelper>();
Diagnostic(ErrorCode.ERR_GlobalSingleTypeNameNotFound, "TestNamespace").WithArguments("TestNamespace").WithLocation(537, 74),
// TestFiles/IntegrationTests/CodeGenerationIntegrationTest/ComplexTagHelpers.cshtml(539,75): error CS0400: The type or namespace name 'TestNamespace' could not be found in the global namespace (are you missing an assembly reference?)
//                 __TestNamespace_InputTagHelper2 = CreateTagHelper<global::TestNamespace.InputTagHelper2>();
Diagnostic(ErrorCode.ERR_GlobalSingleTypeNameNotFound, "TestNamespace").WithArguments("TestNamespace").WithLocation(539, 75),
// TestFiles/IntegrationTests/CodeGenerationIntegrationTest/ComplexTagHelpers.cshtml(561,66): error CS0400: The type or namespace name 'TestNamespace' could not be found in the global namespace (are you missing an assembly reference?)
//             __TestNamespace_PTagHelper = CreateTagHelper<global::TestNamespace.PTagHelper>();
Diagnostic(ErrorCode.ERR_GlobalSingleTypeNameNotFound, "TestNamespace").WithArguments("TestNamespace").WithLocation(561, 66),
// TestFiles/IntegrationTests/CodeGenerationIntegrationTest/ComplexTagHelpers.cshtml(586,74): error CS0400: The type or namespace name 'TestNamespace' could not be found in the global namespace (are you missing an assembly reference?)
//                 __TestNamespace_InputTagHelper = CreateTagHelper<global::TestNamespace.InputTagHelper>();
Diagnostic(ErrorCode.ERR_GlobalSingleTypeNameNotFound, "TestNamespace").WithArguments("TestNamespace").WithLocation(586, 74),
// TestFiles/IntegrationTests/CodeGenerationIntegrationTest/ComplexTagHelpers.cshtml(588,75): error CS0400: The type or namespace name 'TestNamespace' could not be found in the global namespace (are you missing an assembly reference?)
//                 __TestNamespace_InputTagHelper2 = CreateTagHelper<global::TestNamespace.InputTagHelper2>();
Diagnostic(ErrorCode.ERR_GlobalSingleTypeNameNotFound, "TestNamespace").WithArguments("TestNamespace").WithLocation(588, 75),
// TestFiles/IntegrationTests/CodeGenerationIntegrationTest/ComplexTagHelpers.cshtml(590,58): error CS1525: Invalid expression term ''
//                 __TestNamespace_InputTagHelper2.Checked = 
Diagnostic(ErrorCode.ERR_InvalidExprTerm, "").WithArguments("").WithLocation(590, 58),
// TestFiles/IntegrationTests/CodeGenerationIntegrationTest/ComplexTagHelpers.cshtml(590,58): error CS1002: ; expected
//                 __TestNamespace_InputTagHelper2.Checked = 
Diagnostic(ErrorCode.ERR_SemicolonExpected, "").WithLocation(590, 58),
// TestFiles/IntegrationTests/CodeGenerationIntegrationTest/ComplexTagHelpers.cshtml(659,66): error CS0400: The type or namespace name 'TestNamespace' could not be found in the global namespace (are you missing an assembly reference?)
//             __TestNamespace_PTagHelper = CreateTagHelper<global::TestNamespace.PTagHelper>();
Diagnostic(ErrorCode.ERR_GlobalSingleTypeNameNotFound, "TestNamespace").WithArguments("TestNamespace").WithLocation(659, 66),
// TestFiles/IntegrationTests/CodeGenerationIntegrationTest/ComplexTagHelpers.cshtml(765,66): error CS0400: The type or namespace name 'TestNamespace' could not be found in the global namespace (are you missing an assembly reference?)
//             __TestNamespace_PTagHelper = CreateTagHelper<global::TestNamespace.PTagHelper>();
Diagnostic(ErrorCode.ERR_GlobalSingleTypeNameNotFound, "TestNamespace").WithArguments("TestNamespace").WithLocation(765, 66),
// TestFiles/IntegrationTests/CodeGenerationIntegrationTest/ComplexTagHelpers.cshtml(767,46): error CS1525: Invalid expression term ';'
//             __TestNamespace_PTagHelper.Age = ;
Diagnostic(ErrorCode.ERR_InvalidExprTerm, ";").WithArguments(";").WithLocation(767, 46)