// TestFiles/IntegrationTests/CodeGenerationIntegrationTest/ComplexTagHelpers.cshtml(8,34): error CS1525: Invalid expression term ''
// __TestNamespace_PTagHelper.Age = @@(1+2);
Diagnostic(ErrorCode.ERR_InvalidExprTerm, "@@").WithArguments("").WithLocation(8, 34),
// TestFiles/IntegrationTests/CodeGenerationIntegrationTest/ComplexTagHelpers.cshtml(8,34): error CS1002: ; expected
// __TestNamespace_PTagHelper.Age = @@(1+2);
Diagnostic(ErrorCode.ERR_SemicolonExpected, "@@").WithLocation(8, 34),
// TestFiles/IntegrationTests/CodeGenerationIntegrationTest/ComplexTagHelpers.cshtml(8,34): error CS1646: Keyword, identifier, or string expected after verbatim specifier: @
// __TestNamespace_PTagHelper.Age = @@(1+2);
Diagnostic(ErrorCode.ERR_ExpectedVerbatimLiteral, "").WithLocation(8, 34),
// TestFiles/IntegrationTests/CodeGenerationIntegrationTest/ComplexTagHelpers.cshtml(8,36): error CS0201: Only assignment, call, increment, decrement, await, and new object expressions can be used as a statement
// __TestNamespace_PTagHelper.Age = @@(1+2);
Diagnostic(ErrorCode.ERR_IllegalStatement, "(1+2)").WithLocation(8, 36),
// TestFiles/IntegrationTests/CodeGenerationIntegrationTest/ComplexTagHelpers.cshtml(27,25): error CS0400: The type or namespace name 'TestNamespace' could not be found in the global namespace (are you missing an assembly reference?)
//         private global::TestNamespace.PTagHelper __TestNamespace_PTagHelper;
Diagnostic(ErrorCode.ERR_GlobalSingleTypeNameNotFound, "TestNamespace").WithArguments("TestNamespace").WithLocation(27, 25),
// TestFiles/IntegrationTests/CodeGenerationIntegrationTest/ComplexTagHelpers.cshtml(28,25): error CS0400: The type or namespace name 'TestNamespace' could not be found in the global namespace (are you missing an assembly reference?)
//         private global::TestNamespace.InputTagHelper __TestNamespace_InputTagHelper;
Diagnostic(ErrorCode.ERR_GlobalSingleTypeNameNotFound, "TestNamespace").WithArguments("TestNamespace").WithLocation(28, 25),
// TestFiles/IntegrationTests/CodeGenerationIntegrationTest/ComplexTagHelpers.cshtml(29,25): error CS0400: The type or namespace name 'TestNamespace' could not be found in the global namespace (are you missing an assembly reference?)
//         private global::TestNamespace.InputTagHelper2 __TestNamespace_InputTagHelper2;
Diagnostic(ErrorCode.ERR_GlobalSingleTypeNameNotFound, "TestNamespace").WithArguments("TestNamespace").WithLocation(29, 25),
// TestFiles/IntegrationTests/CodeGenerationIntegrationTest/ComplexTagHelpers.cshtml(33,46): error CS1525: Invalid expression term ''
// __TestNamespace_InputTagHelper2.Checked =    @(  DateTimeOffset.Now.Year  ) > 2014   ;
Diagnostic(ErrorCode.ERR_InvalidExprTerm, "@").WithArguments("").WithLocation(33, 46),
// TestFiles/IntegrationTests/CodeGenerationIntegrationTest/ComplexTagHelpers.cshtml(33,46): error CS1002: ; expected
// __TestNamespace_InputTagHelper2.Checked =    @(  DateTimeOffset.Now.Year  ) > 2014   ;
Diagnostic(ErrorCode.ERR_SemicolonExpected, "@").WithLocation(33, 46),
// TestFiles/IntegrationTests/CodeGenerationIntegrationTest/ComplexTagHelpers.cshtml(33,46): error CS1646: Keyword, identifier, or string expected after verbatim specifier: @
// __TestNamespace_InputTagHelper2.Checked =    @(  DateTimeOffset.Now.Year  ) > 2014   ;
Diagnostic(ErrorCode.ERR_ExpectedVerbatimLiteral, "").WithLocation(33, 46),
// TestFiles/IntegrationTests/CodeGenerationIntegrationTest/ComplexTagHelpers.cshtml(33,47): error CS0201: Only assignment, call, increment, decrement, await, and new object expressions can be used as a statement
// __TestNamespace_InputTagHelper2.Checked =    @(  DateTimeOffset.Now.Year  ) > 2014   ;
Diagnostic(ErrorCode.ERR_IllegalStatement, "(  DateTimeOffset.Now.Year  ) > 2014").WithLocation(33, 47),
// TestFiles/IntegrationTests/CodeGenerationIntegrationTest/ComplexTagHelpers.cshtml(35,10): error CS0103: The name 'someMethod' does not exist in the current context
//    __o = someMethod(item => new global::Microsoft.AspNetCore.Mvc.Razor.HelperResult(async(__razor_template_writer) => {
Diagnostic(ErrorCode.ERR_NameNotInContext, "someMethod").WithArguments("someMethod").WithLocation(35, 10),
// TestFiles/IntegrationTests/CodeGenerationIntegrationTest/ComplexTagHelpers.cshtml(35,71): error CS1003: Syntax error, '(' expected
//                      __TestNamespace_InputTagHelper2.Checked = checked;
Diagnostic(ErrorCode.ERR_SyntaxError, ";").WithArguments("(").WithLocation(35, 71),
// TestFiles/IntegrationTests/CodeGenerationIntegrationTest/ComplexTagHelpers.cshtml(35,71): error CS1525: Invalid expression term ';'
//                      __TestNamespace_InputTagHelper2.Checked = checked;
Diagnostic(ErrorCode.ERR_InvalidExprTerm, ";").WithArguments(";").WithLocation(35, 71),
// TestFiles/IntegrationTests/CodeGenerationIntegrationTest/ComplexTagHelpers.cshtml(35,71): error CS1026: ) expected
//                      __TestNamespace_InputTagHelper2.Checked = checked;
Diagnostic(ErrorCode.ERR_CloseParenExpected, ";").WithLocation(35, 71),
// TestFiles/IntegrationTests/CodeGenerationIntegrationTest/ComplexTagHelpers.cshtml(36,34): error CS1525: Invalid expression term ';'
// __TestNamespace_PTagHelper.Age = ;
Diagnostic(ErrorCode.ERR_InvalidExprTerm, ";").WithArguments(";").WithLocation(36, 34),
// TestFiles/IntegrationTests/CodeGenerationIntegrationTest/ComplexTagHelpers.cshtml(61,66): error CS0400: The type or namespace name 'TestNamespace' could not be found in the global namespace (are you missing an assembly reference?)
//             __TestNamespace_PTagHelper = CreateTagHelper<global::TestNamespace.PTagHelper>();
Diagnostic(ErrorCode.ERR_GlobalSingleTypeNameNotFound, "TestNamespace").WithArguments("TestNamespace").WithLocation(61, 66),
// TestFiles/IntegrationTests/CodeGenerationIntegrationTest/ComplexTagHelpers.cshtml(79,13): warning CS0162: Unreachable code detected
//             __TestNamespace_InputTagHelper = CreateTagHelper<global::TestNamespace.InputTagHelper>();
Diagnostic(ErrorCode.WRN_UnreachableCode, "__TestNamespace_InputTagHelper").WithLocation(79, 13),
// TestFiles/IntegrationTests/CodeGenerationIntegrationTest/ComplexTagHelpers.cshtml(79,70): error CS0400: The type or namespace name 'TestNamespace' could not be found in the global namespace (are you missing an assembly reference?)
//             __TestNamespace_InputTagHelper = CreateTagHelper<global::TestNamespace.InputTagHelper>();
Diagnostic(ErrorCode.ERR_GlobalSingleTypeNameNotFound, "TestNamespace").WithArguments("TestNamespace").WithLocation(79, 70),
// TestFiles/IntegrationTests/CodeGenerationIntegrationTest/ComplexTagHelpers.cshtml(80,71): error CS0400: The type or namespace name 'TestNamespace' could not be found in the global namespace (are you missing an assembly reference?)
//             __TestNamespace_InputTagHelper2 = CreateTagHelper<global::TestNamespace.InputTagHelper2>();
Diagnostic(ErrorCode.ERR_GlobalSingleTypeNameNotFound, "TestNamespace").WithArguments("TestNamespace").WithLocation(80, 71),
// TestFiles/IntegrationTests/CodeGenerationIntegrationTest/ComplexTagHelpers.cshtml(84,66): error CS0400: The type or namespace name 'TestNamespace' could not be found in the global namespace (are you missing an assembly reference?)
//             __TestNamespace_PTagHelper = CreateTagHelper<global::TestNamespace.PTagHelper>();
Diagnostic(ErrorCode.ERR_GlobalSingleTypeNameNotFound, "TestNamespace").WithArguments("TestNamespace").WithLocation(84, 66),
// TestFiles/IntegrationTests/CodeGenerationIntegrationTest/ComplexTagHelpers.cshtml(97,70): error CS0400: The type or namespace name 'TestNamespace' could not be found in the global namespace (are you missing an assembly reference?)
//             __TestNamespace_InputTagHelper = CreateTagHelper<global::TestNamespace.InputTagHelper>();
Diagnostic(ErrorCode.ERR_GlobalSingleTypeNameNotFound, "TestNamespace").WithArguments("TestNamespace").WithLocation(97, 70),
// TestFiles/IntegrationTests/CodeGenerationIntegrationTest/ComplexTagHelpers.cshtml(98,71): error CS0400: The type or namespace name 'TestNamespace' could not be found in the global namespace (are you missing an assembly reference?)
//             __TestNamespace_InputTagHelper2 = CreateTagHelper<global::TestNamespace.InputTagHelper2>();
Diagnostic(ErrorCode.ERR_GlobalSingleTypeNameNotFound, "TestNamespace").WithArguments("TestNamespace").WithLocation(98, 71),
// TestFiles/IntegrationTests/CodeGenerationIntegrationTest/ComplexTagHelpers.cshtml(116,66): error CS0400: The type or namespace name 'TestNamespace' could not be found in the global namespace (are you missing an assembly reference?)
//             __TestNamespace_PTagHelper = CreateTagHelper<global::TestNamespace.PTagHelper>();
Diagnostic(ErrorCode.ERR_GlobalSingleTypeNameNotFound, "TestNamespace").WithArguments("TestNamespace").WithLocation(116, 66),
// TestFiles/IntegrationTests/CodeGenerationIntegrationTest/ComplexTagHelpers.cshtml(126,70): error CS0400: The type or namespace name 'TestNamespace' could not be found in the global namespace (are you missing an assembly reference?)
//             __TestNamespace_InputTagHelper = CreateTagHelper<global::TestNamespace.InputTagHelper>();
Diagnostic(ErrorCode.ERR_GlobalSingleTypeNameNotFound, "TestNamespace").WithArguments("TestNamespace").WithLocation(126, 70),
// TestFiles/IntegrationTests/CodeGenerationIntegrationTest/ComplexTagHelpers.cshtml(127,71): error CS0400: The type or namespace name 'TestNamespace' could not be found in the global namespace (are you missing an assembly reference?)
//             __TestNamespace_InputTagHelper2 = CreateTagHelper<global::TestNamespace.InputTagHelper2>();
Diagnostic(ErrorCode.ERR_GlobalSingleTypeNameNotFound, "TestNamespace").WithArguments("TestNamespace").WithLocation(127, 71),
// TestFiles/IntegrationTests/CodeGenerationIntegrationTest/ComplexTagHelpers.cshtml(146,70): error CS0400: The type or namespace name 'TestNamespace' could not be found in the global namespace (are you missing an assembly reference?)
//             __TestNamespace_InputTagHelper = CreateTagHelper<global::TestNamespace.InputTagHelper>();
Diagnostic(ErrorCode.ERR_GlobalSingleTypeNameNotFound, "TestNamespace").WithArguments("TestNamespace").WithLocation(146, 70),
// TestFiles/IntegrationTests/CodeGenerationIntegrationTest/ComplexTagHelpers.cshtml(147,71): error CS0400: The type or namespace name 'TestNamespace' could not be found in the global namespace (are you missing an assembly reference?)
//             __TestNamespace_InputTagHelper2 = CreateTagHelper<global::TestNamespace.InputTagHelper2>();
Diagnostic(ErrorCode.ERR_GlobalSingleTypeNameNotFound, "TestNamespace").WithArguments("TestNamespace").WithLocation(147, 71),
// TestFiles/IntegrationTests/CodeGenerationIntegrationTest/ComplexTagHelpers.cshtml(180,66): error CS0400: The type or namespace name 'TestNamespace' could not be found in the global namespace (are you missing an assembly reference?)
//             __TestNamespace_PTagHelper = CreateTagHelper<global::TestNamespace.PTagHelper>();
Diagnostic(ErrorCode.ERR_GlobalSingleTypeNameNotFound, "TestNamespace").WithArguments("TestNamespace").WithLocation(180, 66),
// TestFiles/IntegrationTests/CodeGenerationIntegrationTest/ComplexTagHelpers.cshtml(196,70): error CS0400: The type or namespace name 'TestNamespace' could not be found in the global namespace (are you missing an assembly reference?)
//             __TestNamespace_InputTagHelper = CreateTagHelper<global::TestNamespace.InputTagHelper>();
Diagnostic(ErrorCode.ERR_GlobalSingleTypeNameNotFound, "TestNamespace").WithArguments("TestNamespace").WithLocation(196, 70),
// TestFiles/IntegrationTests/CodeGenerationIntegrationTest/ComplexTagHelpers.cshtml(197,71): error CS0400: The type or namespace name 'TestNamespace' could not be found in the global namespace (are you missing an assembly reference?)
//             __TestNamespace_InputTagHelper2 = CreateTagHelper<global::TestNamespace.InputTagHelper2>();
Diagnostic(ErrorCode.ERR_GlobalSingleTypeNameNotFound, "TestNamespace").WithArguments("TestNamespace").WithLocation(197, 71),
// TestFiles/IntegrationTests/CodeGenerationIntegrationTest/ComplexTagHelpers.cshtml(206,66): error CS0400: The type or namespace name 'TestNamespace' could not be found in the global namespace (are you missing an assembly reference?)
//             __TestNamespace_PTagHelper = CreateTagHelper<global::TestNamespace.PTagHelper>();
Diagnostic(ErrorCode.ERR_GlobalSingleTypeNameNotFound, "TestNamespace").WithArguments("TestNamespace").WithLocation(206, 66),
// TestFiles/IntegrationTests/CodeGenerationIntegrationTest/ComplexTagHelpers.cshtml(215,70): error CS0400: The type or namespace name 'TestNamespace' could not be found in the global namespace (are you missing an assembly reference?)
//             __TestNamespace_InputTagHelper = CreateTagHelper<global::TestNamespace.InputTagHelper>();
Diagnostic(ErrorCode.ERR_GlobalSingleTypeNameNotFound, "TestNamespace").WithArguments("TestNamespace").WithLocation(215, 70),
// TestFiles/IntegrationTests/CodeGenerationIntegrationTest/ComplexTagHelpers.cshtml(216,71): error CS0400: The type or namespace name 'TestNamespace' could not be found in the global namespace (are you missing an assembly reference?)
//             __TestNamespace_InputTagHelper2 = CreateTagHelper<global::TestNamespace.InputTagHelper2>();
Diagnostic(ErrorCode.ERR_GlobalSingleTypeNameNotFound, "TestNamespace").WithArguments("TestNamespace").WithLocation(216, 71),
// TestFiles/IntegrationTests/CodeGenerationIntegrationTest/ComplexTagHelpers.cshtml(225,66): error CS0400: The type or namespace name 'TestNamespace' could not be found in the global namespace (are you missing an assembly reference?)
//             __TestNamespace_PTagHelper = CreateTagHelper<global::TestNamespace.PTagHelper>();
Diagnostic(ErrorCode.ERR_GlobalSingleTypeNameNotFound, "TestNamespace").WithArguments("TestNamespace").WithLocation(225, 66),
// TestFiles/IntegrationTests/CodeGenerationIntegrationTest/ComplexTagHelpers.cshtml(234,70): error CS0400: The type or namespace name 'TestNamespace' could not be found in the global namespace (are you missing an assembly reference?)
//             __TestNamespace_InputTagHelper = CreateTagHelper<global::TestNamespace.InputTagHelper>();
Diagnostic(ErrorCode.ERR_GlobalSingleTypeNameNotFound, "TestNamespace").WithArguments("TestNamespace").WithLocation(234, 70),
// TestFiles/IntegrationTests/CodeGenerationIntegrationTest/ComplexTagHelpers.cshtml(235,71): error CS0400: The type or namespace name 'TestNamespace' could not be found in the global namespace (are you missing an assembly reference?)
//             __TestNamespace_InputTagHelper2 = CreateTagHelper<global::TestNamespace.InputTagHelper2>();
Diagnostic(ErrorCode.ERR_GlobalSingleTypeNameNotFound, "TestNamespace").WithArguments("TestNamespace").WithLocation(235, 71),
// TestFiles/IntegrationTests/CodeGenerationIntegrationTest/ComplexTagHelpers.cshtml(244,66): error CS0400: The type or namespace name 'TestNamespace' could not be found in the global namespace (are you missing an assembly reference?)
//             __TestNamespace_PTagHelper = CreateTagHelper<global::TestNamespace.PTagHelper>();
Diagnostic(ErrorCode.ERR_GlobalSingleTypeNameNotFound, "TestNamespace").WithArguments("TestNamespace").WithLocation(244, 66),
// TestFiles/IntegrationTests/CodeGenerationIntegrationTest/ComplexTagHelpers.cshtml(253,70): error CS0400: The type or namespace name 'TestNamespace' could not be found in the global namespace (are you missing an assembly reference?)
//             __TestNamespace_InputTagHelper = CreateTagHelper<global::TestNamespace.InputTagHelper>();
Diagnostic(ErrorCode.ERR_GlobalSingleTypeNameNotFound, "TestNamespace").WithArguments("TestNamespace").WithLocation(253, 70),
// TestFiles/IntegrationTests/CodeGenerationIntegrationTest/ComplexTagHelpers.cshtml(254,71): error CS0400: The type or namespace name 'TestNamespace' could not be found in the global namespace (are you missing an assembly reference?)
//             __TestNamespace_InputTagHelper2 = CreateTagHelper<global::TestNamespace.InputTagHelper2>();
Diagnostic(ErrorCode.ERR_GlobalSingleTypeNameNotFound, "TestNamespace").WithArguments("TestNamespace").WithLocation(254, 71),
// TestFiles/IntegrationTests/CodeGenerationIntegrationTest/ComplexTagHelpers.cshtml(263,66): error CS0400: The type or namespace name 'TestNamespace' could not be found in the global namespace (are you missing an assembly reference?)
//             __TestNamespace_PTagHelper = CreateTagHelper<global::TestNamespace.PTagHelper>();
Diagnostic(ErrorCode.ERR_GlobalSingleTypeNameNotFound, "TestNamespace").WithArguments("TestNamespace").WithLocation(263, 66),
// TestFiles/IntegrationTests/CodeGenerationIntegrationTest/ComplexTagHelpers.cshtml(300,66): error CS0400: The type or namespace name 'TestNamespace' could not be found in the global namespace (are you missing an assembly reference?)
//             __TestNamespace_PTagHelper = CreateTagHelper<global::TestNamespace.PTagHelper>();
Diagnostic(ErrorCode.ERR_GlobalSingleTypeNameNotFound, "TestNamespace").WithArguments("TestNamespace").WithLocation(300, 66)