// TestFiles/IntegrationTests/CodeGenerationIntegrationTest/ConditionalAttributes.cshtml(4,47): error CS0234: The type or namespace name 'Hosting' does not exist in the namespace 'Microsoft.AspNetCore.Razor' (are you missing an assembly reference?)
// [assembly: global::Microsoft.AspNetCore.Razor.Hosting.RazorCompiledItemAttribute(typeof(Microsoft.AspNetCore.Razor.Language.IntegrationTests.TestFiles.TestFiles_IntegrationTests_CodeGenerationIntegrationTest_ConditionalAttributes_Runtime), @"default", @"/TestFiles/IntegrationTests/CodeGenerationIntegrationTest/ConditionalAttributes.cshtml")]
Diagnostic(ErrorCode.ERR_DottedTypeNameNotFoundInNS, "Hosting").WithArguments("Hosting", "Microsoft.AspNetCore.Razor").WithLocation(4, 47),
// TestFiles/IntegrationTests/CodeGenerationIntegrationTest/ConditionalAttributes.cshtml(8,41): error CS0234: The type or namespace name 'Hosting' does not exist in the namespace 'Microsoft.AspNetCore.Razor' (are you missing an assembly reference?)
//     [global::Microsoft.AspNetCore.Razor.Hosting.RazorSourceChecksumAttribute(@"Sha256", @"06e553c9dddd22392e81b4db3d16d097612b3552ffeaa58d015a2e3dedcf6c3a", @"/TestFiles/IntegrationTests/CodeGenerationIntegrationTest/ConditionalAttributes.cshtml")]
Diagnostic(ErrorCode.ERR_DottedTypeNameNotFoundInNS, "Hosting").WithArguments("Hosting", "Microsoft.AspNetCore.Razor").WithLocation(8, 41),
// TestFiles/IntegrationTests/CodeGenerationIntegrationTest/ConditionalAttributes.cshtml(12,19): error CS0103: The name 'Url' does not exist in the current context
// Url.Content("~/Scripts/jquery-1.6.2.min.js")
Diagnostic(ErrorCode.ERR_NameNotInContext, "Url").WithArguments("Url").WithLocation(12, 19),
// TestFiles/IntegrationTests/CodeGenerationIntegrationTest/ConditionalAttributes.cshtml(13,19): error CS0103: The name 'Url' does not exist in the current context
// Url.Content("~/Scripts/modernizr-2.0.6-development-only.js")
Diagnostic(ErrorCode.ERR_NameNotInContext, "Url").WithArguments("Url").WithLocation(13, 19),
// TestFiles/IntegrationTests/CodeGenerationIntegrationTest/ConditionalAttributes.cshtml(24,13): error CS0103: The name 'WriteLiteral' does not exist in the current context
//             WriteLiteral("    <a href=\"Foo\" />\r\n    <p");
Diagnostic(ErrorCode.ERR_NameNotInContext, "WriteLiteral").WithArguments("WriteLiteral").WithLocation(24, 13),
// TestFiles/IntegrationTests/CodeGenerationIntegrationTest/ConditionalAttributes.cshtml(25,13): error CS0103: The name 'BeginWriteAttribute' does not exist in the current context
//             BeginWriteAttribute("class", " class=\"", 74, "\"", 86, 1);
Diagnostic(ErrorCode.ERR_NameNotInContext, "BeginWriteAttribute").WithArguments("BeginWriteAttribute").WithLocation(25, 13),
// TestFiles/IntegrationTests/CodeGenerationIntegrationTest/ConditionalAttributes.cshtml(26,13): error CS0103: The name 'WriteAttributeValue' does not exist in the current context
//             WriteAttributeValue("", 82, 
Diagnostic(ErrorCode.ERR_NameNotInContext, "WriteAttributeValue").WithArguments("WriteAttributeValue").WithLocation(26, 13),
// TestFiles/IntegrationTests/CodeGenerationIntegrationTest/ConditionalAttributes.cshtml(35,13): error CS0103: The name 'EndWriteAttribute' does not exist in the current context
//             EndWriteAttribute();
Diagnostic(ErrorCode.ERR_NameNotInContext, "EndWriteAttribute").WithArguments("EndWriteAttribute").WithLocation(35, 13),
// TestFiles/IntegrationTests/CodeGenerationIntegrationTest/ConditionalAttributes.cshtml(36,13): error CS0103: The name 'WriteLiteral' does not exist in the current context
//             WriteLiteral(" />\r\n    <p");
Diagnostic(ErrorCode.ERR_NameNotInContext, "WriteLiteral").WithArguments("WriteLiteral").WithLocation(36, 13),
// TestFiles/IntegrationTests/CodeGenerationIntegrationTest/ConditionalAttributes.cshtml(37,13): error CS0103: The name 'BeginWriteAttribute' does not exist in the current context
//             BeginWriteAttribute("class", " class=\"", 98, "\"", 114, 2);
Diagnostic(ErrorCode.ERR_NameNotInContext, "BeginWriteAttribute").WithArguments("BeginWriteAttribute").WithLocation(37, 13),
// TestFiles/IntegrationTests/CodeGenerationIntegrationTest/ConditionalAttributes.cshtml(38,13): error CS0103: The name 'WriteAttributeValue' does not exist in the current context
//             WriteAttributeValue("", 106, "foo", 106, 3, true);
Diagnostic(ErrorCode.ERR_NameNotInContext, "WriteAttributeValue").WithArguments("WriteAttributeValue").WithLocation(38, 13),
// TestFiles/IntegrationTests/CodeGenerationIntegrationTest/ConditionalAttributes.cshtml(39,13): error CS0103: The name 'WriteAttributeValue' does not exist in the current context
//             WriteAttributeValue(" ", 109, 
Diagnostic(ErrorCode.ERR_NameNotInContext, "WriteAttributeValue").WithArguments("WriteAttributeValue").WithLocation(39, 13),
// TestFiles/IntegrationTests/CodeGenerationIntegrationTest/ConditionalAttributes.cshtml(48,13): error CS0103: The name 'EndWriteAttribute' does not exist in the current context
//             EndWriteAttribute();
Diagnostic(ErrorCode.ERR_NameNotInContext, "EndWriteAttribute").WithArguments("EndWriteAttribute").WithLocation(48, 13),
// TestFiles/IntegrationTests/CodeGenerationIntegrationTest/ConditionalAttributes.cshtml(49,13): error CS0103: The name 'WriteLiteral' does not exist in the current context
//             WriteLiteral(" />\r\n    <p");
Diagnostic(ErrorCode.ERR_NameNotInContext, "WriteLiteral").WithArguments("WriteLiteral").WithLocation(49, 13),
// TestFiles/IntegrationTests/CodeGenerationIntegrationTest/ConditionalAttributes.cshtml(50,13): error CS0103: The name 'BeginWriteAttribute' does not exist in the current context
//             BeginWriteAttribute("class", " class=\"", 126, "\"", 142, 2);
Diagnostic(ErrorCode.ERR_NameNotInContext, "BeginWriteAttribute").WithArguments("BeginWriteAttribute").WithLocation(50, 13),
// TestFiles/IntegrationTests/CodeGenerationIntegrationTest/ConditionalAttributes.cshtml(51,13): error CS0103: The name 'WriteAttributeValue' does not exist in the current context
//             WriteAttributeValue("", 134, 
Diagnostic(ErrorCode.ERR_NameNotInContext, "WriteAttributeValue").WithArguments("WriteAttributeValue").WithLocation(51, 13),
// TestFiles/IntegrationTests/CodeGenerationIntegrationTest/ConditionalAttributes.cshtml(60,13): error CS0103: The name 'WriteAttributeValue' does not exist in the current context
//             WriteAttributeValue(" ", 138, "foo", 139, 4, true);
Diagnostic(ErrorCode.ERR_NameNotInContext, "WriteAttributeValue").WithArguments("WriteAttributeValue").WithLocation(60, 13),
// TestFiles/IntegrationTests/CodeGenerationIntegrationTest/ConditionalAttributes.cshtml(61,13): error CS0103: The name 'EndWriteAttribute' does not exist in the current context
//             EndWriteAttribute();
Diagnostic(ErrorCode.ERR_NameNotInContext, "EndWriteAttribute").WithArguments("EndWriteAttribute").WithLocation(61, 13),
// TestFiles/IntegrationTests/CodeGenerationIntegrationTest/ConditionalAttributes.cshtml(62,13): error CS0103: The name 'WriteLiteral' does not exist in the current context
//             WriteLiteral(" />\r\n    <input type=\"checkbox\"");
Diagnostic(ErrorCode.ERR_NameNotInContext, "WriteLiteral").WithArguments("WriteLiteral").WithLocation(62, 13),
// TestFiles/IntegrationTests/CodeGenerationIntegrationTest/ConditionalAttributes.cshtml(63,13): error CS0103: The name 'BeginWriteAttribute' does not exist in the current context
//             BeginWriteAttribute("checked", " checked=\"", 174, "\"", 187, 1);
Diagnostic(ErrorCode.ERR_NameNotInContext, "BeginWriteAttribute").WithArguments("BeginWriteAttribute").WithLocation(63, 13),
// TestFiles/IntegrationTests/CodeGenerationIntegrationTest/ConditionalAttributes.cshtml(64,13): error CS0103: The name 'WriteAttributeValue' does not exist in the current context
//             WriteAttributeValue("", 184, 
Diagnostic(ErrorCode.ERR_NameNotInContext, "WriteAttributeValue").WithArguments("WriteAttributeValue").WithLocation(64, 13),
// TestFiles/IntegrationTests/CodeGenerationIntegrationTest/ConditionalAttributes.cshtml(73,13): error CS0103: The name 'EndWriteAttribute' does not exist in the current context
//             EndWriteAttribute();
Diagnostic(ErrorCode.ERR_NameNotInContext, "EndWriteAttribute").WithArguments("EndWriteAttribute").WithLocation(73, 13),
// TestFiles/IntegrationTests/CodeGenerationIntegrationTest/ConditionalAttributes.cshtml(74,13): error CS0103: The name 'WriteLiteral' does not exist in the current context
//             WriteLiteral(" />\r\n    <input type=\"checkbox\"");
Diagnostic(ErrorCode.ERR_NameNotInContext, "WriteLiteral").WithArguments("WriteLiteral").WithLocation(74, 13),
// TestFiles/IntegrationTests/CodeGenerationIntegrationTest/ConditionalAttributes.cshtml(75,13): error CS0103: The name 'BeginWriteAttribute' does not exist in the current context
//             BeginWriteAttribute("checked", " checked=\"", 219, "\"", 236, 2);
Diagnostic(ErrorCode.ERR_NameNotInContext, "BeginWriteAttribute").WithArguments("BeginWriteAttribute").WithLocation(75, 13),
// TestFiles/IntegrationTests/CodeGenerationIntegrationTest/ConditionalAttributes.cshtml(76,13): error CS0103: The name 'WriteAttributeValue' does not exist in the current context
//             WriteAttributeValue("", 229, "foo", 229, 3, true);
Diagnostic(ErrorCode.ERR_NameNotInContext, "WriteAttributeValue").WithArguments("WriteAttributeValue").WithLocation(76, 13),
// TestFiles/IntegrationTests/CodeGenerationIntegrationTest/ConditionalAttributes.cshtml(77,13): error CS0103: The name 'WriteAttributeValue' does not exist in the current context
//             WriteAttributeValue(" ", 232, 
Diagnostic(ErrorCode.ERR_NameNotInContext, "WriteAttributeValue").WithArguments("WriteAttributeValue").WithLocation(77, 13),
// TestFiles/IntegrationTests/CodeGenerationIntegrationTest/ConditionalAttributes.cshtml(86,13): error CS0103: The name 'EndWriteAttribute' does not exist in the current context
//             EndWriteAttribute();
Diagnostic(ErrorCode.ERR_NameNotInContext, "EndWriteAttribute").WithArguments("EndWriteAttribute").WithLocation(86, 13),
// TestFiles/IntegrationTests/CodeGenerationIntegrationTest/ConditionalAttributes.cshtml(87,13): error CS0103: The name 'WriteLiteral' does not exist in the current context
//             WriteLiteral(" />\r\n    <p");
Diagnostic(ErrorCode.ERR_NameNotInContext, "WriteLiteral").WithArguments("WriteLiteral").WithLocation(87, 13),
// TestFiles/IntegrationTests/CodeGenerationIntegrationTest/ConditionalAttributes.cshtml(88,13): error CS0103: The name 'BeginWriteAttribute' does not exist in the current context
//             BeginWriteAttribute("class", " class=\"", 248, "\"", 281, 1);
Diagnostic(ErrorCode.ERR_NameNotInContext, "BeginWriteAttribute").WithArguments("BeginWriteAttribute").WithLocation(88, 13),
// TestFiles/IntegrationTests/CodeGenerationIntegrationTest/ConditionalAttributes.cshtml(89,13): error CS0103: The name 'WriteAttributeValue' does not exist in the current context
//             WriteAttributeValue("", 256, new Microsoft.AspNetCore.Mvc.Razor.HelperResult(async(__razor_attribute_value_writer) => {
Diagnostic(ErrorCode.ERR_NameNotInContext, "WriteAttributeValue").WithArguments("WriteAttributeValue").WithLocation(89, 13),
// TestFiles/IntegrationTests/CodeGenerationIntegrationTest/ConditionalAttributes.cshtml(89,67): error CS0234: The type or namespace name 'Mvc' does not exist in the namespace 'Microsoft.AspNetCore' (are you missing an assembly reference?)
//             WriteAttributeValue("", 256, new Microsoft.AspNetCore.Mvc.Razor.HelperResult(async(__razor_attribute_value_writer) => {
Diagnostic(ErrorCode.ERR_DottedTypeNameNotFoundInNS, "Mvc").WithArguments("Mvc", "Microsoft.AspNetCore").WithLocation(89, 67),
// TestFiles/IntegrationTests/CodeGenerationIntegrationTest/ConditionalAttributes.cshtml(117,13): error CS0103: The name 'EndWriteAttribute' does not exist in the current context
//             EndWriteAttribute();
Diagnostic(ErrorCode.ERR_NameNotInContext, "EndWriteAttribute").WithArguments("EndWriteAttribute").WithLocation(117, 13),
// TestFiles/IntegrationTests/CodeGenerationIntegrationTest/ConditionalAttributes.cshtml(118,13): error CS0103: The name 'WriteLiteral' does not exist in the current context
//             WriteLiteral(" />\r\n    <a href=\"~/Foo\" />\r\n    <script");
Diagnostic(ErrorCode.ERR_NameNotInContext, "WriteLiteral").WithArguments("WriteLiteral").WithLocation(118, 13),
// TestFiles/IntegrationTests/CodeGenerationIntegrationTest/ConditionalAttributes.cshtml(119,13): error CS0103: The name 'BeginWriteAttribute' does not exist in the current context
//             BeginWriteAttribute("src", " src=\"", 322, "\"", 373, 1);
Diagnostic(ErrorCode.ERR_NameNotInContext, "BeginWriteAttribute").WithArguments("BeginWriteAttribute").WithLocation(119, 13),
// TestFiles/IntegrationTests/CodeGenerationIntegrationTest/ConditionalAttributes.cshtml(120,13): error CS0103: The name 'WriteAttributeValue' does not exist in the current context
//             WriteAttributeValue("", 328, 
Diagnostic(ErrorCode.ERR_NameNotInContext, "WriteAttributeValue").WithArguments("WriteAttributeValue").WithLocation(120, 13),
// TestFiles/IntegrationTests/CodeGenerationIntegrationTest/ConditionalAttributes.cshtml(129,13): error CS0103: The name 'EndWriteAttribute' does not exist in the current context
//             EndWriteAttribute();
Diagnostic(ErrorCode.ERR_NameNotInContext, "EndWriteAttribute").WithArguments("EndWriteAttribute").WithLocation(129, 13),
// TestFiles/IntegrationTests/CodeGenerationIntegrationTest/ConditionalAttributes.cshtml(130,13): error CS0103: The name 'WriteLiteral' does not exist in the current context
//             WriteLiteral(" type=\"text/javascript\"></script>\r\n    <script");
Diagnostic(ErrorCode.ERR_NameNotInContext, "WriteLiteral").WithArguments("WriteLiteral").WithLocation(130, 13),
// TestFiles/IntegrationTests/CodeGenerationIntegrationTest/ConditionalAttributes.cshtml(131,13): error CS0103: The name 'BeginWriteAttribute' does not exist in the current context
//             BeginWriteAttribute("src", " src=\"", 420, "\"", 487, 1);
Diagnostic(ErrorCode.ERR_NameNotInContext, "BeginWriteAttribute").WithArguments("BeginWriteAttribute").WithLocation(131, 13),
// TestFiles/IntegrationTests/CodeGenerationIntegrationTest/ConditionalAttributes.cshtml(132,13): error CS0103: The name 'WriteAttributeValue' does not exist in the current context
//             WriteAttributeValue("", 426, 
Diagnostic(ErrorCode.ERR_NameNotInContext, "WriteAttributeValue").WithArguments("WriteAttributeValue").WithLocation(132, 13),
// TestFiles/IntegrationTests/CodeGenerationIntegrationTest/ConditionalAttributes.cshtml(141,13): error CS0103: The name 'EndWriteAttribute' does not exist in the current context
//             EndWriteAttribute();
Diagnostic(ErrorCode.ERR_NameNotInContext, "EndWriteAttribute").WithArguments("EndWriteAttribute").WithLocation(141, 13),
// TestFiles/IntegrationTests/CodeGenerationIntegrationTest/ConditionalAttributes.cshtml(142,13): error CS0103: The name 'WriteLiteral' does not exist in the current context
//             WriteLiteral(" type=\"text/javascript\"></script>\r\n    <script src=\"http://ajax.aspnetcdn.com/ajax/jquery.ui/1.8.16/jquery-ui.min.js\" type=\"text/javascript\"></script>\r\n");
Diagnostic(ErrorCode.ERR_NameNotInContext, "WriteLiteral").WithArguments("WriteLiteral").WithLocation(142, 13)