// TestFiles/IntegrationTests/CodeGenerationIntegrationTest/CssSelectorTagHelperAttributes.cshtml(10,52): error CS0234: The type or namespace name 'Runtime' does not exist in the namespace 'Microsoft.AspNetCore.Razor' (are you missing an assembly reference?)
//         private global::Microsoft.AspNetCore.Razor.Runtime.TagHelpers.TagHelperExecutionContext __tagHelperExecutionContext;
Diagnostic(ErrorCode.ERR_DottedTypeNameNotFoundInNS, "Runtime").WithArguments("Runtime", "Microsoft.AspNetCore.Razor").WithLocation(10, 52),
// TestFiles/IntegrationTests/CodeGenerationIntegrationTest/CssSelectorTagHelperAttributes.cshtml(12,52): error CS0234: The type or namespace name 'Runtime' does not exist in the namespace 'Microsoft.AspNetCore.Razor' (are you missing an assembly reference?)
//         private global::Microsoft.AspNetCore.Razor.Runtime.TagHelpers.TagHelperRunner __tagHelperRunner = new global::Microsoft.AspNetCore.Razor.Runtime.TagHelpers.TagHelperRunner();
Diagnostic(ErrorCode.ERR_DottedTypeNameNotFoundInNS, "Runtime").WithArguments("Runtime", "Microsoft.AspNetCore.Razor").WithLocation(12, 52),
// TestFiles/IntegrationTests/CodeGenerationIntegrationTest/CssSelectorTagHelperAttributes.cshtml(12,146): error CS0234: The type or namespace name 'Runtime' does not exist in the namespace 'Microsoft.AspNetCore.Razor' (are you missing an assembly reference?)
//         private global::Microsoft.AspNetCore.Razor.Runtime.TagHelpers.TagHelperRunner __tagHelperRunner = new global::Microsoft.AspNetCore.Razor.Runtime.TagHelpers.TagHelperRunner();
Diagnostic(ErrorCode.ERR_DottedTypeNameNotFoundInNS, "Runtime").WithArguments("Runtime", "Microsoft.AspNetCore.Razor").WithLocation(12, 146),
// TestFiles/IntegrationTests/CodeGenerationIntegrationTest/CssSelectorTagHelperAttributes.cshtml(13,25): error CS0400: The type or namespace name 'TestNamespace' could not be found in the global namespace (are you missing an assembly reference?)
//         private global::TestNamespace.ATagHelper __TestNamespace_ATagHelper;
Diagnostic(ErrorCode.ERR_GlobalSingleTypeNameNotFound, "TestNamespace").WithArguments("TestNamespace").WithLocation(13, 25),
// TestFiles/IntegrationTests/CodeGenerationIntegrationTest/CssSelectorTagHelperAttributes.cshtml(14,25): error CS0400: The type or namespace name 'TestNamespace' could not be found in the global namespace (are you missing an assembly reference?)
//         private global::TestNamespace.CatchAllTagHelper __TestNamespace_CatchAllTagHelper;
Diagnostic(ErrorCode.ERR_GlobalSingleTypeNameNotFound, "TestNamespace").WithArguments("TestNamespace").WithLocation(14, 25),
// TestFiles/IntegrationTests/CodeGenerationIntegrationTest/CssSelectorTagHelperAttributes.cshtml(15,25): error CS0400: The type or namespace name 'TestNamespace' could not be found in the global namespace (are you missing an assembly reference?)
//         private global::TestNamespace.ATagHelperMultipleSelectors __TestNamespace_ATagHelperMultipleSelectors;
Diagnostic(ErrorCode.ERR_GlobalSingleTypeNameNotFound, "TestNamespace").WithArguments("TestNamespace").WithLocation(15, 25),
// TestFiles/IntegrationTests/CodeGenerationIntegrationTest/CssSelectorTagHelperAttributes.cshtml(16,25): error CS0400: The type or namespace name 'TestNamespace' could not be found in the global namespace (are you missing an assembly reference?)
//         private global::TestNamespace.InputTagHelper __TestNamespace_InputTagHelper;
Diagnostic(ErrorCode.ERR_GlobalSingleTypeNameNotFound, "TestNamespace").WithArguments("TestNamespace").WithLocation(16, 25),
// TestFiles/IntegrationTests/CodeGenerationIntegrationTest/CssSelectorTagHelperAttributes.cshtml(17,25): error CS0400: The type or namespace name 'TestNamespace' could not be found in the global namespace (are you missing an assembly reference?)
//         private global::TestNamespace.InputTagHelper2 __TestNamespace_InputTagHelper2;
Diagnostic(ErrorCode.ERR_GlobalSingleTypeNameNotFound, "TestNamespace").WithArguments("TestNamespace").WithLocation(17, 25),
// TestFiles/IntegrationTests/CodeGenerationIntegrationTest/CssSelectorTagHelperAttributes.cshtml(18,25): error CS0400: The type or namespace name 'TestNamespace' could not be found in the global namespace (are you missing an assembly reference?)
//         private global::TestNamespace.CatchAllTagHelper2 __TestNamespace_CatchAllTagHelper2;
Diagnostic(ErrorCode.ERR_GlobalSingleTypeNameNotFound, "TestNamespace").WithArguments("TestNamespace").WithLocation(18, 25),
// TestFiles/IntegrationTests/CodeGenerationIntegrationTest/CssSelectorTagHelperAttributes.cshtml(39,42): error CS0103: The name 'CreateTagHelper' does not exist in the current context
//             __TestNamespace_ATagHelper = CreateTagHelper<global::TestNamespace.ATagHelper>();
Diagnostic(ErrorCode.ERR_NameNotInContext, "CreateTagHelper<global::TestNamespace.ATagHelper>").WithArguments("CreateTagHelper").WithLocation(39, 42),
// TestFiles/IntegrationTests/CodeGenerationIntegrationTest/CssSelectorTagHelperAttributes.cshtml(39,66): error CS0400: The type or namespace name 'TestNamespace' could not be found in the global namespace (are you missing an assembly reference?)
//             __TestNamespace_ATagHelper = CreateTagHelper<global::TestNamespace.ATagHelper>();
Diagnostic(ErrorCode.ERR_GlobalSingleTypeNameNotFound, "TestNamespace").WithArguments("TestNamespace").WithLocation(39, 66),
// TestFiles/IntegrationTests/CodeGenerationIntegrationTest/CssSelectorTagHelperAttributes.cshtml(40,49): error CS0103: The name 'CreateTagHelper' does not exist in the current context
//             __TestNamespace_CatchAllTagHelper = CreateTagHelper<global::TestNamespace.CatchAllTagHelper>();
Diagnostic(ErrorCode.ERR_NameNotInContext, "CreateTagHelper<global::TestNamespace.CatchAllTagHelper>").WithArguments("CreateTagHelper").WithLocation(40, 49),
// TestFiles/IntegrationTests/CodeGenerationIntegrationTest/CssSelectorTagHelperAttributes.cshtml(40,73): error CS0400: The type or namespace name 'TestNamespace' could not be found in the global namespace (are you missing an assembly reference?)
//             __TestNamespace_CatchAllTagHelper = CreateTagHelper<global::TestNamespace.CatchAllTagHelper>();
Diagnostic(ErrorCode.ERR_GlobalSingleTypeNameNotFound, "TestNamespace").WithArguments("TestNamespace").WithLocation(40, 73),
// TestFiles/IntegrationTests/CodeGenerationIntegrationTest/CssSelectorTagHelperAttributes.cshtml(42,49): error CS0103: The name 'CreateTagHelper' does not exist in the current context
//             __TestNamespace_CatchAllTagHelper = CreateTagHelper<global::TestNamespace.CatchAllTagHelper>();
Diagnostic(ErrorCode.ERR_NameNotInContext, "CreateTagHelper<global::TestNamespace.CatchAllTagHelper>").WithArguments("CreateTagHelper").WithLocation(42, 49),
// TestFiles/IntegrationTests/CodeGenerationIntegrationTest/CssSelectorTagHelperAttributes.cshtml(42,73): error CS0400: The type or namespace name 'TestNamespace' could not be found in the global namespace (are you missing an assembly reference?)
//             __TestNamespace_CatchAllTagHelper = CreateTagHelper<global::TestNamespace.CatchAllTagHelper>();
Diagnostic(ErrorCode.ERR_GlobalSingleTypeNameNotFound, "TestNamespace").WithArguments("TestNamespace").WithLocation(42, 73),
// TestFiles/IntegrationTests/CodeGenerationIntegrationTest/CssSelectorTagHelperAttributes.cshtml(44,59): error CS0103: The name 'CreateTagHelper' does not exist in the current context
//             __TestNamespace_ATagHelperMultipleSelectors = CreateTagHelper<global::TestNamespace.ATagHelperMultipleSelectors>();
Diagnostic(ErrorCode.ERR_NameNotInContext, "CreateTagHelper<global::TestNamespace.ATagHelperMultipleSelectors>").WithArguments("CreateTagHelper").WithLocation(44, 59),
// TestFiles/IntegrationTests/CodeGenerationIntegrationTest/CssSelectorTagHelperAttributes.cshtml(44,83): error CS0400: The type or namespace name 'TestNamespace' could not be found in the global namespace (are you missing an assembly reference?)
//             __TestNamespace_ATagHelperMultipleSelectors = CreateTagHelper<global::TestNamespace.ATagHelperMultipleSelectors>();
Diagnostic(ErrorCode.ERR_GlobalSingleTypeNameNotFound, "TestNamespace").WithArguments("TestNamespace").WithLocation(44, 83),
// TestFiles/IntegrationTests/CodeGenerationIntegrationTest/CssSelectorTagHelperAttributes.cshtml(45,49): error CS0103: The name 'CreateTagHelper' does not exist in the current context
//             __TestNamespace_CatchAllTagHelper = CreateTagHelper<global::TestNamespace.CatchAllTagHelper>();
Diagnostic(ErrorCode.ERR_NameNotInContext, "CreateTagHelper<global::TestNamespace.CatchAllTagHelper>").WithArguments("CreateTagHelper").WithLocation(45, 49),
// TestFiles/IntegrationTests/CodeGenerationIntegrationTest/CssSelectorTagHelperAttributes.cshtml(45,73): error CS0400: The type or namespace name 'TestNamespace' could not be found in the global namespace (are you missing an assembly reference?)
//             __TestNamespace_CatchAllTagHelper = CreateTagHelper<global::TestNamespace.CatchAllTagHelper>();
Diagnostic(ErrorCode.ERR_GlobalSingleTypeNameNotFound, "TestNamespace").WithArguments("TestNamespace").WithLocation(45, 73),
// TestFiles/IntegrationTests/CodeGenerationIntegrationTest/CssSelectorTagHelperAttributes.cshtml(47,59): error CS0103: The name 'CreateTagHelper' does not exist in the current context
//             __TestNamespace_ATagHelperMultipleSelectors = CreateTagHelper<global::TestNamespace.ATagHelperMultipleSelectors>();
Diagnostic(ErrorCode.ERR_NameNotInContext, "CreateTagHelper<global::TestNamespace.ATagHelperMultipleSelectors>").WithArguments("CreateTagHelper").WithLocation(47, 59),
// TestFiles/IntegrationTests/CodeGenerationIntegrationTest/CssSelectorTagHelperAttributes.cshtml(47,83): error CS0400: The type or namespace name 'TestNamespace' could not be found in the global namespace (are you missing an assembly reference?)
//             __TestNamespace_ATagHelperMultipleSelectors = CreateTagHelper<global::TestNamespace.ATagHelperMultipleSelectors>();
Diagnostic(ErrorCode.ERR_GlobalSingleTypeNameNotFound, "TestNamespace").WithArguments("TestNamespace").WithLocation(47, 83),
// TestFiles/IntegrationTests/CodeGenerationIntegrationTest/CssSelectorTagHelperAttributes.cshtml(48,49): error CS0103: The name 'CreateTagHelper' does not exist in the current context
//             __TestNamespace_CatchAllTagHelper = CreateTagHelper<global::TestNamespace.CatchAllTagHelper>();
Diagnostic(ErrorCode.ERR_NameNotInContext, "CreateTagHelper<global::TestNamespace.CatchAllTagHelper>").WithArguments("CreateTagHelper").WithLocation(48, 49),
// TestFiles/IntegrationTests/CodeGenerationIntegrationTest/CssSelectorTagHelperAttributes.cshtml(48,73): error CS0400: The type or namespace name 'TestNamespace' could not be found in the global namespace (are you missing an assembly reference?)
//             __TestNamespace_CatchAllTagHelper = CreateTagHelper<global::TestNamespace.CatchAllTagHelper>();
Diagnostic(ErrorCode.ERR_GlobalSingleTypeNameNotFound, "TestNamespace").WithArguments("TestNamespace").WithLocation(48, 73),
// TestFiles/IntegrationTests/CodeGenerationIntegrationTest/CssSelectorTagHelperAttributes.cshtml(57,49): error CS0103: The name 'CreateTagHelper' does not exist in the current context
//             __TestNamespace_CatchAllTagHelper = CreateTagHelper<global::TestNamespace.CatchAllTagHelper>();
Diagnostic(ErrorCode.ERR_NameNotInContext, "CreateTagHelper<global::TestNamespace.CatchAllTagHelper>").WithArguments("CreateTagHelper").WithLocation(57, 49),
// TestFiles/IntegrationTests/CodeGenerationIntegrationTest/CssSelectorTagHelperAttributes.cshtml(57,73): error CS0400: The type or namespace name 'TestNamespace' could not be found in the global namespace (are you missing an assembly reference?)
//             __TestNamespace_CatchAllTagHelper = CreateTagHelper<global::TestNamespace.CatchAllTagHelper>();
Diagnostic(ErrorCode.ERR_GlobalSingleTypeNameNotFound, "TestNamespace").WithArguments("TestNamespace").WithLocation(57, 73),
// TestFiles/IntegrationTests/CodeGenerationIntegrationTest/CssSelectorTagHelperAttributes.cshtml(66,49): error CS0103: The name 'CreateTagHelper' does not exist in the current context
//             __TestNamespace_CatchAllTagHelper = CreateTagHelper<global::TestNamespace.CatchAllTagHelper>();
Diagnostic(ErrorCode.ERR_NameNotInContext, "CreateTagHelper<global::TestNamespace.CatchAllTagHelper>").WithArguments("CreateTagHelper").WithLocation(66, 49),
// TestFiles/IntegrationTests/CodeGenerationIntegrationTest/CssSelectorTagHelperAttributes.cshtml(66,73): error CS0400: The type or namespace name 'TestNamespace' could not be found in the global namespace (are you missing an assembly reference?)
//             __TestNamespace_CatchAllTagHelper = CreateTagHelper<global::TestNamespace.CatchAllTagHelper>();
Diagnostic(ErrorCode.ERR_GlobalSingleTypeNameNotFound, "TestNamespace").WithArguments("TestNamespace").WithLocation(66, 73),
// TestFiles/IntegrationTests/CodeGenerationIntegrationTest/CssSelectorTagHelperAttributes.cshtml(68,49): error CS0103: The name 'CreateTagHelper' does not exist in the current context
//             __TestNamespace_CatchAllTagHelper = CreateTagHelper<global::TestNamespace.CatchAllTagHelper>();
Diagnostic(ErrorCode.ERR_NameNotInContext, "CreateTagHelper<global::TestNamespace.CatchAllTagHelper>").WithArguments("CreateTagHelper").WithLocation(68, 49),
// TestFiles/IntegrationTests/CodeGenerationIntegrationTest/CssSelectorTagHelperAttributes.cshtml(68,73): error CS0400: The type or namespace name 'TestNamespace' could not be found in the global namespace (are you missing an assembly reference?)
//             __TestNamespace_CatchAllTagHelper = CreateTagHelper<global::TestNamespace.CatchAllTagHelper>();
Diagnostic(ErrorCode.ERR_GlobalSingleTypeNameNotFound, "TestNamespace").WithArguments("TestNamespace").WithLocation(68, 73),
// TestFiles/IntegrationTests/CodeGenerationIntegrationTest/CssSelectorTagHelperAttributes.cshtml(77,46): error CS0103: The name 'CreateTagHelper' does not exist in the current context
//             __TestNamespace_InputTagHelper = CreateTagHelper<global::TestNamespace.InputTagHelper>();
Diagnostic(ErrorCode.ERR_NameNotInContext, "CreateTagHelper<global::TestNamespace.InputTagHelper>").WithArguments("CreateTagHelper").WithLocation(77, 46),
// TestFiles/IntegrationTests/CodeGenerationIntegrationTest/CssSelectorTagHelperAttributes.cshtml(77,70): error CS0400: The type or namespace name 'TestNamespace' could not be found in the global namespace (are you missing an assembly reference?)
//             __TestNamespace_InputTagHelper = CreateTagHelper<global::TestNamespace.InputTagHelper>();
Diagnostic(ErrorCode.ERR_GlobalSingleTypeNameNotFound, "TestNamespace").WithArguments("TestNamespace").WithLocation(77, 70),
// TestFiles/IntegrationTests/CodeGenerationIntegrationTest/CssSelectorTagHelperAttributes.cshtml(78,47): error CS0103: The name 'CreateTagHelper' does not exist in the current context
//             __TestNamespace_InputTagHelper2 = CreateTagHelper<global::TestNamespace.InputTagHelper2>();
Diagnostic(ErrorCode.ERR_NameNotInContext, "CreateTagHelper<global::TestNamespace.InputTagHelper2>").WithArguments("CreateTagHelper").WithLocation(78, 47),
// TestFiles/IntegrationTests/CodeGenerationIntegrationTest/CssSelectorTagHelperAttributes.cshtml(78,71): error CS0400: The type or namespace name 'TestNamespace' could not be found in the global namespace (are you missing an assembly reference?)
//             __TestNamespace_InputTagHelper2 = CreateTagHelper<global::TestNamespace.InputTagHelper2>();
Diagnostic(ErrorCode.ERR_GlobalSingleTypeNameNotFound, "TestNamespace").WithArguments("TestNamespace").WithLocation(78, 71),
// TestFiles/IntegrationTests/CodeGenerationIntegrationTest/CssSelectorTagHelperAttributes.cshtml(79,50): error CS0103: The name 'CreateTagHelper' does not exist in the current context
//             __TestNamespace_CatchAllTagHelper2 = CreateTagHelper<global::TestNamespace.CatchAllTagHelper2>();
Diagnostic(ErrorCode.ERR_NameNotInContext, "CreateTagHelper<global::TestNamespace.CatchAllTagHelper2>").WithArguments("CreateTagHelper").WithLocation(79, 50),
// TestFiles/IntegrationTests/CodeGenerationIntegrationTest/CssSelectorTagHelperAttributes.cshtml(79,74): error CS0400: The type or namespace name 'TestNamespace' could not be found in the global namespace (are you missing an assembly reference?)
//             __TestNamespace_CatchAllTagHelper2 = CreateTagHelper<global::TestNamespace.CatchAllTagHelper2>();
Diagnostic(ErrorCode.ERR_GlobalSingleTypeNameNotFound, "TestNamespace").WithArguments("TestNamespace").WithLocation(79, 74),
// TestFiles/IntegrationTests/CodeGenerationIntegrationTest/CssSelectorTagHelperAttributes.cshtml(83,47): error CS0103: The name 'CreateTagHelper' does not exist in the current context
//             __TestNamespace_InputTagHelper2 = CreateTagHelper<global::TestNamespace.InputTagHelper2>();
Diagnostic(ErrorCode.ERR_NameNotInContext, "CreateTagHelper<global::TestNamespace.InputTagHelper2>").WithArguments("CreateTagHelper").WithLocation(83, 47),
// TestFiles/IntegrationTests/CodeGenerationIntegrationTest/CssSelectorTagHelperAttributes.cshtml(83,71): error CS0400: The type or namespace name 'TestNamespace' could not be found in the global namespace (are you missing an assembly reference?)
//             __TestNamespace_InputTagHelper2 = CreateTagHelper<global::TestNamespace.InputTagHelper2>();
Diagnostic(ErrorCode.ERR_GlobalSingleTypeNameNotFound, "TestNamespace").WithArguments("TestNamespace").WithLocation(83, 71),
// TestFiles/IntegrationTests/CodeGenerationIntegrationTest/CssSelectorTagHelperAttributes.cshtml(84,50): error CS0103: The name 'CreateTagHelper' does not exist in the current context
//             __TestNamespace_CatchAllTagHelper2 = CreateTagHelper<global::TestNamespace.CatchAllTagHelper2>();
Diagnostic(ErrorCode.ERR_NameNotInContext, "CreateTagHelper<global::TestNamespace.CatchAllTagHelper2>").WithArguments("CreateTagHelper").WithLocation(84, 50),
// TestFiles/IntegrationTests/CodeGenerationIntegrationTest/CssSelectorTagHelperAttributes.cshtml(84,74): error CS0400: The type or namespace name 'TestNamespace' could not be found in the global namespace (are you missing an assembly reference?)
//             __TestNamespace_CatchAllTagHelper2 = CreateTagHelper<global::TestNamespace.CatchAllTagHelper2>();
Diagnostic(ErrorCode.ERR_GlobalSingleTypeNameNotFound, "TestNamespace").WithArguments("TestNamespace").WithLocation(84, 74),
// TestFiles/IntegrationTests/CodeGenerationIntegrationTest/CssSelectorTagHelperAttributes.cshtml(87,47): error CS0103: The name 'CreateTagHelper' does not exist in the current context
//             __TestNamespace_InputTagHelper2 = CreateTagHelper<global::TestNamespace.InputTagHelper2>();
Diagnostic(ErrorCode.ERR_NameNotInContext, "CreateTagHelper<global::TestNamespace.InputTagHelper2>").WithArguments("CreateTagHelper").WithLocation(87, 47),
// TestFiles/IntegrationTests/CodeGenerationIntegrationTest/CssSelectorTagHelperAttributes.cshtml(87,71): error CS0400: The type or namespace name 'TestNamespace' could not be found in the global namespace (are you missing an assembly reference?)
//             __TestNamespace_InputTagHelper2 = CreateTagHelper<global::TestNamespace.InputTagHelper2>();
Diagnostic(ErrorCode.ERR_GlobalSingleTypeNameNotFound, "TestNamespace").WithArguments("TestNamespace").WithLocation(87, 71),
// TestFiles/IntegrationTests/CodeGenerationIntegrationTest/CssSelectorTagHelperAttributes.cshtml(88,50): error CS0103: The name 'CreateTagHelper' does not exist in the current context
//             __TestNamespace_CatchAllTagHelper2 = CreateTagHelper<global::TestNamespace.CatchAllTagHelper2>();
Diagnostic(ErrorCode.ERR_NameNotInContext, "CreateTagHelper<global::TestNamespace.CatchAllTagHelper2>").WithArguments("CreateTagHelper").WithLocation(88, 50),
// TestFiles/IntegrationTests/CodeGenerationIntegrationTest/CssSelectorTagHelperAttributes.cshtml(88,74): error CS0400: The type or namespace name 'TestNamespace' could not be found in the global namespace (are you missing an assembly reference?)
//             __TestNamespace_CatchAllTagHelper2 = CreateTagHelper<global::TestNamespace.CatchAllTagHelper2>();
Diagnostic(ErrorCode.ERR_GlobalSingleTypeNameNotFound, "TestNamespace").WithArguments("TestNamespace").WithLocation(88, 74)