// TestFiles/IntegrationTests/CodeGenerationIntegrationTest/CssSelectorTagHelperAttributes.cshtml(4,47): error CS0234: The type or namespace name 'Hosting' does not exist in the namespace 'Microsoft.AspNetCore.Razor' (are you missing an assembly reference?)
// [assembly: global::Microsoft.AspNetCore.Razor.Hosting.RazorCompiledItemAttribute(typeof(Microsoft.AspNetCore.Razor.Language.IntegrationTests.TestFiles.TestFiles_IntegrationTests_CodeGenerationIntegrationTest_CssSelectorTagHelperAttributes_Runtime), @"default", @"/TestFiles/IntegrationTests/CodeGenerationIntegrationTest/CssSelectorTagHelperAttributes.cshtml")]
Diagnostic(ErrorCode.ERR_DottedTypeNameNotFoundInNS, "Hosting").WithArguments("Hosting", "Microsoft.AspNetCore.Razor").WithLocation(4, 47),
// TestFiles/IntegrationTests/CodeGenerationIntegrationTest/CssSelectorTagHelperAttributes.cshtml(8,41): error CS0234: The type or namespace name 'Hosting' does not exist in the namespace 'Microsoft.AspNetCore.Razor' (are you missing an assembly reference?)
//     [global::Microsoft.AspNetCore.Razor.Hosting.RazorSourceChecksumAttribute(@"Sha256", @"b0b4eb8b8ddbffa2284ca831845a2ffaacd3d0599bf4242794848b4210903a3b", @"/TestFiles/IntegrationTests/CodeGenerationIntegrationTest/CssSelectorTagHelperAttributes.cshtml")]
Diagnostic(ErrorCode.ERR_DottedTypeNameNotFoundInNS, "Hosting").WithArguments("Hosting", "Microsoft.AspNetCore.Razor").WithLocation(8, 41),
// TestFiles/IntegrationTests/CodeGenerationIntegrationTest/CssSelectorTagHelperAttributes.cshtml(11,68): error CS0234: The type or namespace name 'TagHelpers' does not exist in the namespace 'Microsoft.AspNetCore.Razor' (are you missing an assembly reference?)
//         private static readonly global::Microsoft.AspNetCore.Razor.TagHelpers.TagHelperAttribute __tagHelperAttribute_0 = new global::Microsoft.AspNetCore.Razor.TagHelpers.TagHelperAttribute("href", new global::Microsoft.AspNetCore.Html.HtmlString("~/"), global::Microsoft.AspNetCore.Razor.TagHelpers.HtmlAttributeValueStyle.DoubleQuotes);
Diagnostic(ErrorCode.ERR_DottedTypeNameNotFoundInNS, "TagHelpers").WithArguments("TagHelpers", "Microsoft.AspNetCore.Razor").WithLocation(11, 68),
// TestFiles/IntegrationTests/CodeGenerationIntegrationTest/CssSelectorTagHelperAttributes.cshtml(11,162): error CS0234: The type or namespace name 'TagHelpers' does not exist in the namespace 'Microsoft.AspNetCore.Razor' (are you missing an assembly reference?)
//         private static readonly global::Microsoft.AspNetCore.Razor.TagHelpers.TagHelperAttribute __tagHelperAttribute_0 = new global::Microsoft.AspNetCore.Razor.TagHelpers.TagHelperAttribute("href", new global::Microsoft.AspNetCore.Html.HtmlString("~/"), global::Microsoft.AspNetCore.Razor.TagHelpers.HtmlAttributeValueStyle.DoubleQuotes);
Diagnostic(ErrorCode.ERR_DottedTypeNameNotFoundInNS, "TagHelpers").WithArguments("TagHelpers", "Microsoft.AspNetCore.Razor").WithLocation(11, 162),
// TestFiles/IntegrationTests/CodeGenerationIntegrationTest/CssSelectorTagHelperAttributes.cshtml(11,233): error CS0234: The type or namespace name 'Html' does not exist in the namespace 'Microsoft.AspNetCore' (are you missing an assembly reference?)
//         private static readonly global::Microsoft.AspNetCore.Razor.TagHelpers.TagHelperAttribute __tagHelperAttribute_0 = new global::Microsoft.AspNetCore.Razor.TagHelpers.TagHelperAttribute("href", new global::Microsoft.AspNetCore.Html.HtmlString("~/"), global::Microsoft.AspNetCore.Razor.TagHelpers.HtmlAttributeValueStyle.DoubleQuotes);
Diagnostic(ErrorCode.ERR_DottedTypeNameNotFoundInNS, "Html").WithArguments("Html", "Microsoft.AspNetCore").WithLocation(11, 233),
// TestFiles/IntegrationTests/CodeGenerationIntegrationTest/CssSelectorTagHelperAttributes.cshtml(11,256): error CS0234: The type or namespace name 'TagHelpers' does not exist in the namespace 'Microsoft.AspNetCore.Razor' (are you missing an assembly reference?)
//         private static readonly global::Microsoft.AspNetCore.Razor.TagHelpers.TagHelperAttribute __tagHelperAttribute_0 = new global::Microsoft.AspNetCore.Razor.TagHelpers.TagHelperAttribute("href", new global::Microsoft.AspNetCore.Html.HtmlString("~/"), global::Microsoft.AspNetCore.Razor.TagHelpers.HtmlAttributeValueStyle.DoubleQuotes);
Diagnostic(ErrorCode.ERR_DottedTypeNameNotFoundInNS, "global::Microsoft.AspNetCore.Razor.TagHelpers").WithArguments("TagHelpers", "Microsoft.AspNetCore.Razor").WithLocation(11, 256),
// TestFiles/IntegrationTests/CodeGenerationIntegrationTest/CssSelectorTagHelperAttributes.cshtml(12,68): error CS0234: The type or namespace name 'TagHelpers' does not exist in the namespace 'Microsoft.AspNetCore.Razor' (are you missing an assembly reference?)
//         private static readonly global::Microsoft.AspNetCore.Razor.TagHelpers.TagHelperAttribute __tagHelperAttribute_1 = new global::Microsoft.AspNetCore.Razor.TagHelpers.TagHelperAttribute("href", new global::Microsoft.AspNetCore.Html.HtmlString("~/hello"), global::Microsoft.AspNetCore.Razor.TagHelpers.HtmlAttributeValueStyle.DoubleQuotes);
Diagnostic(ErrorCode.ERR_DottedTypeNameNotFoundInNS, "TagHelpers").WithArguments("TagHelpers", "Microsoft.AspNetCore.Razor").WithLocation(12, 68),
// TestFiles/IntegrationTests/CodeGenerationIntegrationTest/CssSelectorTagHelperAttributes.cshtml(12,162): error CS0234: The type or namespace name 'TagHelpers' does not exist in the namespace 'Microsoft.AspNetCore.Razor' (are you missing an assembly reference?)
//         private static readonly global::Microsoft.AspNetCore.Razor.TagHelpers.TagHelperAttribute __tagHelperAttribute_1 = new global::Microsoft.AspNetCore.Razor.TagHelpers.TagHelperAttribute("href", new global::Microsoft.AspNetCore.Html.HtmlString("~/hello"), global::Microsoft.AspNetCore.Razor.TagHelpers.HtmlAttributeValueStyle.DoubleQuotes);
Diagnostic(ErrorCode.ERR_DottedTypeNameNotFoundInNS, "TagHelpers").WithArguments("TagHelpers", "Microsoft.AspNetCore.Razor").WithLocation(12, 162),
// TestFiles/IntegrationTests/CodeGenerationIntegrationTest/CssSelectorTagHelperAttributes.cshtml(12,233): error CS0234: The type or namespace name 'Html' does not exist in the namespace 'Microsoft.AspNetCore' (are you missing an assembly reference?)
//         private static readonly global::Microsoft.AspNetCore.Razor.TagHelpers.TagHelperAttribute __tagHelperAttribute_1 = new global::Microsoft.AspNetCore.Razor.TagHelpers.TagHelperAttribute("href", new global::Microsoft.AspNetCore.Html.HtmlString("~/hello"), global::Microsoft.AspNetCore.Razor.TagHelpers.HtmlAttributeValueStyle.DoubleQuotes);
Diagnostic(ErrorCode.ERR_DottedTypeNameNotFoundInNS, "Html").WithArguments("Html", "Microsoft.AspNetCore").WithLocation(12, 233),
// TestFiles/IntegrationTests/CodeGenerationIntegrationTest/CssSelectorTagHelperAttributes.cshtml(12,261): error CS0234: The type or namespace name 'TagHelpers' does not exist in the namespace 'Microsoft.AspNetCore.Razor' (are you missing an assembly reference?)
//         private static readonly global::Microsoft.AspNetCore.Razor.TagHelpers.TagHelperAttribute __tagHelperAttribute_1 = new global::Microsoft.AspNetCore.Razor.TagHelpers.TagHelperAttribute("href", new global::Microsoft.AspNetCore.Html.HtmlString("~/hello"), global::Microsoft.AspNetCore.Razor.TagHelpers.HtmlAttributeValueStyle.DoubleQuotes);
Diagnostic(ErrorCode.ERR_DottedTypeNameNotFoundInNS, "global::Microsoft.AspNetCore.Razor.TagHelpers").WithArguments("TagHelpers", "Microsoft.AspNetCore.Razor").WithLocation(12, 261),
// TestFiles/IntegrationTests/CodeGenerationIntegrationTest/CssSelectorTagHelperAttributes.cshtml(13,68): error CS0234: The type or namespace name 'TagHelpers' does not exist in the namespace 'Microsoft.AspNetCore.Razor' (are you missing an assembly reference?)
//         private static readonly global::Microsoft.AspNetCore.Razor.TagHelpers.TagHelperAttribute __tagHelperAttribute_2 = new global::Microsoft.AspNetCore.Razor.TagHelpers.TagHelperAttribute("href", new global::Microsoft.AspNetCore.Html.HtmlString("~/?hello=world"), global::Microsoft.AspNetCore.Razor.TagHelpers.HtmlAttributeValueStyle.DoubleQuotes);
Diagnostic(ErrorCode.ERR_DottedTypeNameNotFoundInNS, "TagHelpers").WithArguments("TagHelpers", "Microsoft.AspNetCore.Razor").WithLocation(13, 68),
// TestFiles/IntegrationTests/CodeGenerationIntegrationTest/CssSelectorTagHelperAttributes.cshtml(13,162): error CS0234: The type or namespace name 'TagHelpers' does not exist in the namespace 'Microsoft.AspNetCore.Razor' (are you missing an assembly reference?)
//         private static readonly global::Microsoft.AspNetCore.Razor.TagHelpers.TagHelperAttribute __tagHelperAttribute_2 = new global::Microsoft.AspNetCore.Razor.TagHelpers.TagHelperAttribute("href", new global::Microsoft.AspNetCore.Html.HtmlString("~/?hello=world"), global::Microsoft.AspNetCore.Razor.TagHelpers.HtmlAttributeValueStyle.DoubleQuotes);
Diagnostic(ErrorCode.ERR_DottedTypeNameNotFoundInNS, "TagHelpers").WithArguments("TagHelpers", "Microsoft.AspNetCore.Razor").WithLocation(13, 162),
// TestFiles/IntegrationTests/CodeGenerationIntegrationTest/CssSelectorTagHelperAttributes.cshtml(13,233): error CS0234: The type or namespace name 'Html' does not exist in the namespace 'Microsoft.AspNetCore' (are you missing an assembly reference?)
//         private static readonly global::Microsoft.AspNetCore.Razor.TagHelpers.TagHelperAttribute __tagHelperAttribute_2 = new global::Microsoft.AspNetCore.Razor.TagHelpers.TagHelperAttribute("href", new global::Microsoft.AspNetCore.Html.HtmlString("~/?hello=world"), global::Microsoft.AspNetCore.Razor.TagHelpers.HtmlAttributeValueStyle.DoubleQuotes);
Diagnostic(ErrorCode.ERR_DottedTypeNameNotFoundInNS, "Html").WithArguments("Html", "Microsoft.AspNetCore").WithLocation(13, 233),
// TestFiles/IntegrationTests/CodeGenerationIntegrationTest/CssSelectorTagHelperAttributes.cshtml(13,268): error CS0234: The type or namespace name 'TagHelpers' does not exist in the namespace 'Microsoft.AspNetCore.Razor' (are you missing an assembly reference?)
//         private static readonly global::Microsoft.AspNetCore.Razor.TagHelpers.TagHelperAttribute __tagHelperAttribute_2 = new global::Microsoft.AspNetCore.Razor.TagHelpers.TagHelperAttribute("href", new global::Microsoft.AspNetCore.Html.HtmlString("~/?hello=world"), global::Microsoft.AspNetCore.Razor.TagHelpers.HtmlAttributeValueStyle.DoubleQuotes);
Diagnostic(ErrorCode.ERR_DottedTypeNameNotFoundInNS, "global::Microsoft.AspNetCore.Razor.TagHelpers").WithArguments("TagHelpers", "Microsoft.AspNetCore.Razor").WithLocation(13, 268),
// TestFiles/IntegrationTests/CodeGenerationIntegrationTest/CssSelectorTagHelperAttributes.cshtml(14,68): error CS0234: The type or namespace name 'TagHelpers' does not exist in the namespace 'Microsoft.AspNetCore.Razor' (are you missing an assembly reference?)
//         private static readonly global::Microsoft.AspNetCore.Razor.TagHelpers.TagHelperAttribute __tagHelperAttribute_3 = new global::Microsoft.AspNetCore.Razor.TagHelpers.TagHelperAttribute("href", new global::Microsoft.AspNetCore.Html.HtmlString("~/?hello=world@false"), global::Microsoft.AspNetCore.Razor.TagHelpers.HtmlAttributeValueStyle.DoubleQuotes);
Diagnostic(ErrorCode.ERR_DottedTypeNameNotFoundInNS, "TagHelpers").WithArguments("TagHelpers", "Microsoft.AspNetCore.Razor").WithLocation(14, 68),
// TestFiles/IntegrationTests/CodeGenerationIntegrationTest/CssSelectorTagHelperAttributes.cshtml(14,162): error CS0234: The type or namespace name 'TagHelpers' does not exist in the namespace 'Microsoft.AspNetCore.Razor' (are you missing an assembly reference?)
//         private static readonly global::Microsoft.AspNetCore.Razor.TagHelpers.TagHelperAttribute __tagHelperAttribute_3 = new global::Microsoft.AspNetCore.Razor.TagHelpers.TagHelperAttribute("href", new global::Microsoft.AspNetCore.Html.HtmlString("~/?hello=world@false"), global::Microsoft.AspNetCore.Razor.TagHelpers.HtmlAttributeValueStyle.DoubleQuotes);
Diagnostic(ErrorCode.ERR_DottedTypeNameNotFoundInNS, "TagHelpers").WithArguments("TagHelpers", "Microsoft.AspNetCore.Razor").WithLocation(14, 162),
// TestFiles/IntegrationTests/CodeGenerationIntegrationTest/CssSelectorTagHelperAttributes.cshtml(14,233): error CS0234: The type or namespace name 'Html' does not exist in the namespace 'Microsoft.AspNetCore' (are you missing an assembly reference?)
//         private static readonly global::Microsoft.AspNetCore.Razor.TagHelpers.TagHelperAttribute __tagHelperAttribute_3 = new global::Microsoft.AspNetCore.Razor.TagHelpers.TagHelperAttribute("href", new global::Microsoft.AspNetCore.Html.HtmlString("~/?hello=world@false"), global::Microsoft.AspNetCore.Razor.TagHelpers.HtmlAttributeValueStyle.DoubleQuotes);
Diagnostic(ErrorCode.ERR_DottedTypeNameNotFoundInNS, "Html").WithArguments("Html", "Microsoft.AspNetCore").WithLocation(14, 233),
// TestFiles/IntegrationTests/CodeGenerationIntegrationTest/CssSelectorTagHelperAttributes.cshtml(14,274): error CS0234: The type or namespace name 'TagHelpers' does not exist in the namespace 'Microsoft.AspNetCore.Razor' (are you missing an assembly reference?)
//         private static readonly global::Microsoft.AspNetCore.Razor.TagHelpers.TagHelperAttribute __tagHelperAttribute_3 = new global::Microsoft.AspNetCore.Razor.TagHelpers.TagHelperAttribute("href", new global::Microsoft.AspNetCore.Html.HtmlString("~/?hello=world@false"), global::Microsoft.AspNetCore.Razor.TagHelpers.HtmlAttributeValueStyle.DoubleQuotes);
Diagnostic(ErrorCode.ERR_DottedTypeNameNotFoundInNS, "global::Microsoft.AspNetCore.Razor.TagHelpers").WithArguments("TagHelpers", "Microsoft.AspNetCore.Razor").WithLocation(14, 274),
// TestFiles/IntegrationTests/CodeGenerationIntegrationTest/CssSelectorTagHelperAttributes.cshtml(15,68): error CS0234: The type or namespace name 'TagHelpers' does not exist in the namespace 'Microsoft.AspNetCore.Razor' (are you missing an assembly reference?)
//         private static readonly global::Microsoft.AspNetCore.Razor.TagHelpers.TagHelperAttribute __tagHelperAttribute_4 = new global::Microsoft.AspNetCore.Razor.TagHelpers.TagHelperAttribute("type", "text", global::Microsoft.AspNetCore.Razor.TagHelpers.HtmlAttributeValueStyle.DoubleQuotes);
Diagnostic(ErrorCode.ERR_DottedTypeNameNotFoundInNS, "TagHelpers").WithArguments("TagHelpers", "Microsoft.AspNetCore.Razor").WithLocation(15, 68),
// TestFiles/IntegrationTests/CodeGenerationIntegrationTest/CssSelectorTagHelperAttributes.cshtml(15,162): error CS0234: The type or namespace name 'TagHelpers' does not exist in the namespace 'Microsoft.AspNetCore.Razor' (are you missing an assembly reference?)
//         private static readonly global::Microsoft.AspNetCore.Razor.TagHelpers.TagHelperAttribute __tagHelperAttribute_4 = new global::Microsoft.AspNetCore.Razor.TagHelpers.TagHelperAttribute("type", "text", global::Microsoft.AspNetCore.Razor.TagHelpers.HtmlAttributeValueStyle.DoubleQuotes);
Diagnostic(ErrorCode.ERR_DottedTypeNameNotFoundInNS, "TagHelpers").WithArguments("TagHelpers", "Microsoft.AspNetCore.Razor").WithLocation(15, 162),
// TestFiles/IntegrationTests/CodeGenerationIntegrationTest/CssSelectorTagHelperAttributes.cshtml(15,208): error CS0234: The type or namespace name 'TagHelpers' does not exist in the namespace 'Microsoft.AspNetCore.Razor' (are you missing an assembly reference?)
//         private static readonly global::Microsoft.AspNetCore.Razor.TagHelpers.TagHelperAttribute __tagHelperAttribute_4 = new global::Microsoft.AspNetCore.Razor.TagHelpers.TagHelperAttribute("type", "text", global::Microsoft.AspNetCore.Razor.TagHelpers.HtmlAttributeValueStyle.DoubleQuotes);
Diagnostic(ErrorCode.ERR_DottedTypeNameNotFoundInNS, "global::Microsoft.AspNetCore.Razor.TagHelpers").WithArguments("TagHelpers", "Microsoft.AspNetCore.Razor").WithLocation(15, 208),
// TestFiles/IntegrationTests/CodeGenerationIntegrationTest/CssSelectorTagHelperAttributes.cshtml(16,68): error CS0234: The type or namespace name 'TagHelpers' does not exist in the namespace 'Microsoft.AspNetCore.Razor' (are you missing an assembly reference?)
//         private static readonly global::Microsoft.AspNetCore.Razor.TagHelpers.TagHelperAttribute __tagHelperAttribute_5 = new global::Microsoft.AspNetCore.Razor.TagHelpers.TagHelperAttribute("value", new global::Microsoft.AspNetCore.Html.HtmlString("3 TagHelpers"), global::Microsoft.AspNetCore.Razor.TagHelpers.HtmlAttributeValueStyle.DoubleQuotes);
Diagnostic(ErrorCode.ERR_DottedTypeNameNotFoundInNS, "TagHelpers").WithArguments("TagHelpers", "Microsoft.AspNetCore.Razor").WithLocation(16, 68),
// TestFiles/IntegrationTests/CodeGenerationIntegrationTest/CssSelectorTagHelperAttributes.cshtml(16,162): error CS0234: The type or namespace name 'TagHelpers' does not exist in the namespace 'Microsoft.AspNetCore.Razor' (are you missing an assembly reference?)
//         private static readonly global::Microsoft.AspNetCore.Razor.TagHelpers.TagHelperAttribute __tagHelperAttribute_5 = new global::Microsoft.AspNetCore.Razor.TagHelpers.TagHelperAttribute("value", new global::Microsoft.AspNetCore.Html.HtmlString("3 TagHelpers"), global::Microsoft.AspNetCore.Razor.TagHelpers.HtmlAttributeValueStyle.DoubleQuotes);
Diagnostic(ErrorCode.ERR_DottedTypeNameNotFoundInNS, "TagHelpers").WithArguments("TagHelpers", "Microsoft.AspNetCore.Razor").WithLocation(16, 162),
// TestFiles/IntegrationTests/CodeGenerationIntegrationTest/CssSelectorTagHelperAttributes.cshtml(16,234): error CS0234: The type or namespace name 'Html' does not exist in the namespace 'Microsoft.AspNetCore' (are you missing an assembly reference?)
//         private static readonly global::Microsoft.AspNetCore.Razor.TagHelpers.TagHelperAttribute __tagHelperAttribute_5 = new global::Microsoft.AspNetCore.Razor.TagHelpers.TagHelperAttribute("value", new global::Microsoft.AspNetCore.Html.HtmlString("3 TagHelpers"), global::Microsoft.AspNetCore.Razor.TagHelpers.HtmlAttributeValueStyle.DoubleQuotes);
Diagnostic(ErrorCode.ERR_DottedTypeNameNotFoundInNS, "Html").WithArguments("Html", "Microsoft.AspNetCore").WithLocation(16, 234),
// TestFiles/IntegrationTests/CodeGenerationIntegrationTest/CssSelectorTagHelperAttributes.cshtml(16,267): error CS0234: The type or namespace name 'TagHelpers' does not exist in the namespace 'Microsoft.AspNetCore.Razor' (are you missing an assembly reference?)
//         private static readonly global::Microsoft.AspNetCore.Razor.TagHelpers.TagHelperAttribute __tagHelperAttribute_5 = new global::Microsoft.AspNetCore.Razor.TagHelpers.TagHelperAttribute("value", new global::Microsoft.AspNetCore.Html.HtmlString("3 TagHelpers"), global::Microsoft.AspNetCore.Razor.TagHelpers.HtmlAttributeValueStyle.DoubleQuotes);
Diagnostic(ErrorCode.ERR_DottedTypeNameNotFoundInNS, "global::Microsoft.AspNetCore.Razor.TagHelpers").WithArguments("TagHelpers", "Microsoft.AspNetCore.Razor").WithLocation(16, 267),
// TestFiles/IntegrationTests/CodeGenerationIntegrationTest/CssSelectorTagHelperAttributes.cshtml(17,68): error CS0234: The type or namespace name 'TagHelpers' does not exist in the namespace 'Microsoft.AspNetCore.Razor' (are you missing an assembly reference?)
//         private static readonly global::Microsoft.AspNetCore.Razor.TagHelpers.TagHelperAttribute __tagHelperAttribute_6 = new global::Microsoft.AspNetCore.Razor.TagHelpers.TagHelperAttribute("type", "texty", global::Microsoft.AspNetCore.Razor.TagHelpers.HtmlAttributeValueStyle.SingleQuotes);
Diagnostic(ErrorCode.ERR_DottedTypeNameNotFoundInNS, "TagHelpers").WithArguments("TagHelpers", "Microsoft.AspNetCore.Razor").WithLocation(17, 68),
// TestFiles/IntegrationTests/CodeGenerationIntegrationTest/CssSelectorTagHelperAttributes.cshtml(17,162): error CS0234: The type or namespace name 'TagHelpers' does not exist in the namespace 'Microsoft.AspNetCore.Razor' (are you missing an assembly reference?)
//         private static readonly global::Microsoft.AspNetCore.Razor.TagHelpers.TagHelperAttribute __tagHelperAttribute_6 = new global::Microsoft.AspNetCore.Razor.TagHelpers.TagHelperAttribute("type", "texty", global::Microsoft.AspNetCore.Razor.TagHelpers.HtmlAttributeValueStyle.SingleQuotes);
Diagnostic(ErrorCode.ERR_DottedTypeNameNotFoundInNS, "TagHelpers").WithArguments("TagHelpers", "Microsoft.AspNetCore.Razor").WithLocation(17, 162),
// TestFiles/IntegrationTests/CodeGenerationIntegrationTest/CssSelectorTagHelperAttributes.cshtml(17,209): error CS0234: The type or namespace name 'TagHelpers' does not exist in the namespace 'Microsoft.AspNetCore.Razor' (are you missing an assembly reference?)
//         private static readonly global::Microsoft.AspNetCore.Razor.TagHelpers.TagHelperAttribute __tagHelperAttribute_6 = new global::Microsoft.AspNetCore.Razor.TagHelpers.TagHelperAttribute("type", "texty", global::Microsoft.AspNetCore.Razor.TagHelpers.HtmlAttributeValueStyle.SingleQuotes);
Diagnostic(ErrorCode.ERR_DottedTypeNameNotFoundInNS, "global::Microsoft.AspNetCore.Razor.TagHelpers").WithArguments("TagHelpers", "Microsoft.AspNetCore.Razor").WithLocation(17, 209),
// TestFiles/IntegrationTests/CodeGenerationIntegrationTest/CssSelectorTagHelperAttributes.cshtml(18,68): error CS0234: The type or namespace name 'TagHelpers' does not exist in the namespace 'Microsoft.AspNetCore.Razor' (are you missing an assembly reference?)
//         private static readonly global::Microsoft.AspNetCore.Razor.TagHelpers.TagHelperAttribute __tagHelperAttribute_7 = new global::Microsoft.AspNetCore.Razor.TagHelpers.TagHelperAttribute("type", "checkbox", global::Microsoft.AspNetCore.Razor.TagHelpers.HtmlAttributeValueStyle.DoubleQuotes);
Diagnostic(ErrorCode.ERR_DottedTypeNameNotFoundInNS, "TagHelpers").WithArguments("TagHelpers", "Microsoft.AspNetCore.Razor").WithLocation(18, 68),
// TestFiles/IntegrationTests/CodeGenerationIntegrationTest/CssSelectorTagHelperAttributes.cshtml(18,162): error CS0234: The type or namespace name 'TagHelpers' does not exist in the namespace 'Microsoft.AspNetCore.Razor' (are you missing an assembly reference?)
//         private static readonly global::Microsoft.AspNetCore.Razor.TagHelpers.TagHelperAttribute __tagHelperAttribute_7 = new global::Microsoft.AspNetCore.Razor.TagHelpers.TagHelperAttribute("type", "checkbox", global::Microsoft.AspNetCore.Razor.TagHelpers.HtmlAttributeValueStyle.DoubleQuotes);
Diagnostic(ErrorCode.ERR_DottedTypeNameNotFoundInNS, "TagHelpers").WithArguments("TagHelpers", "Microsoft.AspNetCore.Razor").WithLocation(18, 162),
// TestFiles/IntegrationTests/CodeGenerationIntegrationTest/CssSelectorTagHelperAttributes.cshtml(18,212): error CS0234: The type or namespace name 'TagHelpers' does not exist in the namespace 'Microsoft.AspNetCore.Razor' (are you missing an assembly reference?)
//         private static readonly global::Microsoft.AspNetCore.Razor.TagHelpers.TagHelperAttribute __tagHelperAttribute_7 = new global::Microsoft.AspNetCore.Razor.TagHelpers.TagHelperAttribute("type", "checkbox", global::Microsoft.AspNetCore.Razor.TagHelpers.HtmlAttributeValueStyle.DoubleQuotes);
Diagnostic(ErrorCode.ERR_DottedTypeNameNotFoundInNS, "global::Microsoft.AspNetCore.Razor.TagHelpers").WithArguments("TagHelpers", "Microsoft.AspNetCore.Razor").WithLocation(18, 212),
// TestFiles/IntegrationTests/CodeGenerationIntegrationTest/CssSelectorTagHelperAttributes.cshtml(19,68): error CS0234: The type or namespace name 'TagHelpers' does not exist in the namespace 'Microsoft.AspNetCore.Razor' (are you missing an assembly reference?)
//         private static readonly global::Microsoft.AspNetCore.Razor.TagHelpers.TagHelperAttribute __tagHelperAttribute_8 = new global::Microsoft.AspNetCore.Razor.TagHelpers.TagHelperAttribute("value", new global::Microsoft.AspNetCore.Html.HtmlString("2 TagHelper"), global::Microsoft.AspNetCore.Razor.TagHelpers.HtmlAttributeValueStyle.DoubleQuotes);
Diagnostic(ErrorCode.ERR_DottedTypeNameNotFoundInNS, "TagHelpers").WithArguments("TagHelpers", "Microsoft.AspNetCore.Razor").WithLocation(19, 68),
// TestFiles/IntegrationTests/CodeGenerationIntegrationTest/CssSelectorTagHelperAttributes.cshtml(19,162): error CS0234: The type or namespace name 'TagHelpers' does not exist in the namespace 'Microsoft.AspNetCore.Razor' (are you missing an assembly reference?)
//         private static readonly global::Microsoft.AspNetCore.Razor.TagHelpers.TagHelperAttribute __tagHelperAttribute_8 = new global::Microsoft.AspNetCore.Razor.TagHelpers.TagHelperAttribute("value", new global::Microsoft.AspNetCore.Html.HtmlString("2 TagHelper"), global::Microsoft.AspNetCore.Razor.TagHelpers.HtmlAttributeValueStyle.DoubleQuotes);
Diagnostic(ErrorCode.ERR_DottedTypeNameNotFoundInNS, "TagHelpers").WithArguments("TagHelpers", "Microsoft.AspNetCore.Razor").WithLocation(19, 162),
// TestFiles/IntegrationTests/CodeGenerationIntegrationTest/CssSelectorTagHelperAttributes.cshtml(19,234): error CS0234: The type or namespace name 'Html' does not exist in the namespace 'Microsoft.AspNetCore' (are you missing an assembly reference?)
//         private static readonly global::Microsoft.AspNetCore.Razor.TagHelpers.TagHelperAttribute __tagHelperAttribute_8 = new global::Microsoft.AspNetCore.Razor.TagHelpers.TagHelperAttribute("value", new global::Microsoft.AspNetCore.Html.HtmlString("2 TagHelper"), global::Microsoft.AspNetCore.Razor.TagHelpers.HtmlAttributeValueStyle.DoubleQuotes);
Diagnostic(ErrorCode.ERR_DottedTypeNameNotFoundInNS, "Html").WithArguments("Html", "Microsoft.AspNetCore").WithLocation(19, 234),
// TestFiles/IntegrationTests/CodeGenerationIntegrationTest/CssSelectorTagHelperAttributes.cshtml(19,266): error CS0234: The type or namespace name 'TagHelpers' does not exist in the namespace 'Microsoft.AspNetCore.Razor' (are you missing an assembly reference?)
//         private static readonly global::Microsoft.AspNetCore.Razor.TagHelpers.TagHelperAttribute __tagHelperAttribute_8 = new global::Microsoft.AspNetCore.Razor.TagHelpers.TagHelperAttribute("value", new global::Microsoft.AspNetCore.Html.HtmlString("2 TagHelper"), global::Microsoft.AspNetCore.Razor.TagHelpers.HtmlAttributeValueStyle.DoubleQuotes);
Diagnostic(ErrorCode.ERR_DottedTypeNameNotFoundInNS, "global::Microsoft.AspNetCore.Razor.TagHelpers").WithArguments("TagHelpers", "Microsoft.AspNetCore.Razor").WithLocation(19, 266),
// TestFiles/IntegrationTests/CodeGenerationIntegrationTest/CssSelectorTagHelperAttributes.cshtml(22,52): error CS0234: The type or namespace name 'Runtime' does not exist in the namespace 'Microsoft.AspNetCore.Razor' (are you missing an assembly reference?)
//         private global::Microsoft.AspNetCore.Razor.Runtime.TagHelpers.TagHelperExecutionContext __tagHelperExecutionContext;
Diagnostic(ErrorCode.ERR_DottedTypeNameNotFoundInNS, "Runtime").WithArguments("Runtime", "Microsoft.AspNetCore.Razor").WithLocation(22, 52),
// TestFiles/IntegrationTests/CodeGenerationIntegrationTest/CssSelectorTagHelperAttributes.cshtml(24,52): error CS0234: The type or namespace name 'Runtime' does not exist in the namespace 'Microsoft.AspNetCore.Razor' (are you missing an assembly reference?)
//         private global::Microsoft.AspNetCore.Razor.Runtime.TagHelpers.TagHelperRunner __tagHelperRunner = new global::Microsoft.AspNetCore.Razor.Runtime.TagHelpers.TagHelperRunner();
Diagnostic(ErrorCode.ERR_DottedTypeNameNotFoundInNS, "Runtime").WithArguments("Runtime", "Microsoft.AspNetCore.Razor").WithLocation(24, 52),
// TestFiles/IntegrationTests/CodeGenerationIntegrationTest/CssSelectorTagHelperAttributes.cshtml(24,146): error CS0234: The type or namespace name 'Runtime' does not exist in the namespace 'Microsoft.AspNetCore.Razor' (are you missing an assembly reference?)
//         private global::Microsoft.AspNetCore.Razor.Runtime.TagHelpers.TagHelperRunner __tagHelperRunner = new global::Microsoft.AspNetCore.Razor.Runtime.TagHelpers.TagHelperRunner();
Diagnostic(ErrorCode.ERR_DottedTypeNameNotFoundInNS, "Runtime").WithArguments("Runtime", "Microsoft.AspNetCore.Razor").WithLocation(24, 146),
// TestFiles/IntegrationTests/CodeGenerationIntegrationTest/CssSelectorTagHelperAttributes.cshtml(28,52): error CS0234: The type or namespace name 'Runtime' does not exist in the namespace 'Microsoft.AspNetCore.Razor' (are you missing an assembly reference?)
//         private global::Microsoft.AspNetCore.Razor.Runtime.TagHelpers.TagHelperScopeManager __backed__tagHelperScopeManager = null;
Diagnostic(ErrorCode.ERR_DottedTypeNameNotFoundInNS, "Runtime").WithArguments("Runtime", "Microsoft.AspNetCore.Razor").WithLocation(28, 52),
// TestFiles/IntegrationTests/CodeGenerationIntegrationTest/CssSelectorTagHelperAttributes.cshtml(29,52): error CS0234: The type or namespace name 'Runtime' does not exist in the namespace 'Microsoft.AspNetCore.Razor' (are you missing an assembly reference?)
//         private global::Microsoft.AspNetCore.Razor.Runtime.TagHelpers.TagHelperScopeManager __tagHelperScopeManager
Diagnostic(ErrorCode.ERR_DottedTypeNameNotFoundInNS, "Runtime").WithArguments("Runtime", "Microsoft.AspNetCore.Razor").WithLocation(29, 52),
// TestFiles/IntegrationTests/CodeGenerationIntegrationTest/CssSelectorTagHelperAttributes.cshtml(35,94): error CS0234: The type or namespace name 'Runtime' does not exist in the namespace 'Microsoft.AspNetCore.Razor' (are you missing an assembly reference?)
//                     __backed__tagHelperScopeManager = new global::Microsoft.AspNetCore.Razor.Runtime.TagHelpers.TagHelperScopeManager(StartTagHelperWritingScope, EndTagHelperWritingScope);
Diagnostic(ErrorCode.ERR_DottedTypeNameNotFoundInNS, "Runtime").WithArguments("Runtime", "Microsoft.AspNetCore.Razor").WithLocation(35, 94),
// TestFiles/IntegrationTests/CodeGenerationIntegrationTest/CssSelectorTagHelperAttributes.cshtml(35,135): error CS0103: The name 'StartTagHelperWritingScope' does not exist in the current context
//                     __backed__tagHelperScopeManager = new global::Microsoft.AspNetCore.Razor.Runtime.TagHelpers.TagHelperScopeManager(StartTagHelperWritingScope, EndTagHelperWritingScope);
Diagnostic(ErrorCode.ERR_NameNotInContext, "StartTagHelperWritingScope").WithArguments("StartTagHelperWritingScope").WithLocation(35, 135),
// TestFiles/IntegrationTests/CodeGenerationIntegrationTest/CssSelectorTagHelperAttributes.cshtml(35,163): error CS0103: The name 'EndTagHelperWritingScope' does not exist in the current context
//                     __backed__tagHelperScopeManager = new global::Microsoft.AspNetCore.Razor.Runtime.TagHelpers.TagHelperScopeManager(StartTagHelperWritingScope, EndTagHelperWritingScope);
Diagnostic(ErrorCode.ERR_NameNotInContext, "EndTagHelperWritingScope").WithArguments("EndTagHelperWritingScope").WithLocation(35, 163),
// TestFiles/IntegrationTests/CodeGenerationIntegrationTest/CssSelectorTagHelperAttributes.cshtml(40,25): error CS0400: The type or namespace name 'TestNamespace' could not be found in the global namespace (are you missing an assembly reference?)
//         private global::TestNamespace.ATagHelper __TestNamespace_ATagHelper;
Diagnostic(ErrorCode.ERR_GlobalSingleTypeNameNotFound, "TestNamespace").WithArguments("TestNamespace").WithLocation(40, 25),
// TestFiles/IntegrationTests/CodeGenerationIntegrationTest/CssSelectorTagHelperAttributes.cshtml(41,25): error CS0400: The type or namespace name 'TestNamespace' could not be found in the global namespace (are you missing an assembly reference?)
//         private global::TestNamespace.CatchAllTagHelper __TestNamespace_CatchAllTagHelper;
Diagnostic(ErrorCode.ERR_GlobalSingleTypeNameNotFound, "TestNamespace").WithArguments("TestNamespace").WithLocation(41, 25),
// TestFiles/IntegrationTests/CodeGenerationIntegrationTest/CssSelectorTagHelperAttributes.cshtml(42,25): error CS0400: The type or namespace name 'TestNamespace' could not be found in the global namespace (are you missing an assembly reference?)
//         private global::TestNamespace.ATagHelperMultipleSelectors __TestNamespace_ATagHelperMultipleSelectors;
Diagnostic(ErrorCode.ERR_GlobalSingleTypeNameNotFound, "TestNamespace").WithArguments("TestNamespace").WithLocation(42, 25),
// TestFiles/IntegrationTests/CodeGenerationIntegrationTest/CssSelectorTagHelperAttributes.cshtml(43,25): error CS0400: The type or namespace name 'TestNamespace' could not be found in the global namespace (are you missing an assembly reference?)
//         private global::TestNamespace.InputTagHelper __TestNamespace_InputTagHelper;
Diagnostic(ErrorCode.ERR_GlobalSingleTypeNameNotFound, "TestNamespace").WithArguments("TestNamespace").WithLocation(43, 25),
// TestFiles/IntegrationTests/CodeGenerationIntegrationTest/CssSelectorTagHelperAttributes.cshtml(44,25): error CS0400: The type or namespace name 'TestNamespace' could not be found in the global namespace (are you missing an assembly reference?)
//         private global::TestNamespace.InputTagHelper2 __TestNamespace_InputTagHelper2;
Diagnostic(ErrorCode.ERR_GlobalSingleTypeNameNotFound, "TestNamespace").WithArguments("TestNamespace").WithLocation(44, 25),
// TestFiles/IntegrationTests/CodeGenerationIntegrationTest/CssSelectorTagHelperAttributes.cshtml(45,25): error CS0400: The type or namespace name 'TestNamespace' could not be found in the global namespace (are you missing an assembly reference?)
//         private global::TestNamespace.CatchAllTagHelper2 __TestNamespace_CatchAllTagHelper2;
Diagnostic(ErrorCode.ERR_GlobalSingleTypeNameNotFound, "TestNamespace").WithArguments("TestNamespace").WithLocation(45, 25),
// TestFiles/IntegrationTests/CodeGenerationIntegrationTest/CssSelectorTagHelperAttributes.cshtml(49,13): error CS0103: The name 'WriteLiteral' does not exist in the current context
//             WriteLiteral("\r\n");
Diagnostic(ErrorCode.ERR_NameNotInContext, "WriteLiteral").WithArguments("WriteLiteral").WithLocation(49, 13),
// TestFiles/IntegrationTests/CodeGenerationIntegrationTest/CssSelectorTagHelperAttributes.cshtml(50,78): error CS0234: The type or namespace name 'TagHelpers' does not exist in the namespace 'Microsoft.AspNetCore.Razor' (are you missing an assembly reference?)
//             __tagHelperExecutionContext = __tagHelperScopeManager.Begin("a", global::Microsoft.AspNetCore.Razor.TagHelpers.TagMode.StartTagAndEndTag, "test", async() => {
Diagnostic(ErrorCode.ERR_DottedTypeNameNotFoundInNS, "global::Microsoft.AspNetCore.Razor.TagHelpers").WithArguments("TagHelpers", "Microsoft.AspNetCore.Razor").WithLocation(50, 78),
// TestFiles/IntegrationTests/CodeGenerationIntegrationTest/CssSelectorTagHelperAttributes.cshtml(54,42): error CS0103: The name 'CreateTagHelper' does not exist in the current context
//             __TestNamespace_ATagHelper = CreateTagHelper<global::TestNamespace.ATagHelper>();
Diagnostic(ErrorCode.ERR_NameNotInContext, "CreateTagHelper<global::TestNamespace.ATagHelper>").WithArguments("CreateTagHelper").WithLocation(54, 42),
// TestFiles/IntegrationTests/CodeGenerationIntegrationTest/CssSelectorTagHelperAttributes.cshtml(54,66): error CS0400: The type or namespace name 'TestNamespace' could not be found in the global namespace (are you missing an assembly reference?)
//             __TestNamespace_ATagHelper = CreateTagHelper<global::TestNamespace.ATagHelper>();
Diagnostic(ErrorCode.ERR_GlobalSingleTypeNameNotFound, "TestNamespace").WithArguments("TestNamespace").WithLocation(54, 66),
// TestFiles/IntegrationTests/CodeGenerationIntegrationTest/CssSelectorTagHelperAttributes.cshtml(56,49): error CS0103: The name 'CreateTagHelper' does not exist in the current context
//             __TestNamespace_CatchAllTagHelper = CreateTagHelper<global::TestNamespace.CatchAllTagHelper>();
Diagnostic(ErrorCode.ERR_NameNotInContext, "CreateTagHelper<global::TestNamespace.CatchAllTagHelper>").WithArguments("CreateTagHelper").WithLocation(56, 49),
// TestFiles/IntegrationTests/CodeGenerationIntegrationTest/CssSelectorTagHelperAttributes.cshtml(56,73): error CS0400: The type or namespace name 'TestNamespace' could not be found in the global namespace (are you missing an assembly reference?)
//             __TestNamespace_CatchAllTagHelper = CreateTagHelper<global::TestNamespace.CatchAllTagHelper>();
Diagnostic(ErrorCode.ERR_GlobalSingleTypeNameNotFound, "TestNamespace").WithArguments("TestNamespace").WithLocation(56, 73),
// TestFiles/IntegrationTests/CodeGenerationIntegrationTest/CssSelectorTagHelperAttributes.cshtml(64,13): error CS0103: The name 'Write' does not exist in the current context
//             Write(__tagHelperExecutionContext.Output);
Diagnostic(ErrorCode.ERR_NameNotInContext, "Write").WithArguments("Write").WithLocation(64, 13),
// TestFiles/IntegrationTests/CodeGenerationIntegrationTest/CssSelectorTagHelperAttributes.cshtml(66,13): error CS0103: The name 'WriteLiteral' does not exist in the current context
//             WriteLiteral("\r\n");
Diagnostic(ErrorCode.ERR_NameNotInContext, "WriteLiteral").WithArguments("WriteLiteral").WithLocation(66, 13),
// TestFiles/IntegrationTests/CodeGenerationIntegrationTest/CssSelectorTagHelperAttributes.cshtml(67,78): error CS0234: The type or namespace name 'TagHelpers' does not exist in the namespace 'Microsoft.AspNetCore.Razor' (are you missing an assembly reference?)
//             __tagHelperExecutionContext = __tagHelperScopeManager.Begin("a", global::Microsoft.AspNetCore.Razor.TagHelpers.TagMode.StartTagAndEndTag, "test", async() => {
Diagnostic(ErrorCode.ERR_DottedTypeNameNotFoundInNS, "global::Microsoft.AspNetCore.Razor.TagHelpers").WithArguments("TagHelpers", "Microsoft.AspNetCore.Razor").WithLocation(67, 78),
// TestFiles/IntegrationTests/CodeGenerationIntegrationTest/CssSelectorTagHelperAttributes.cshtml(71,49): error CS0103: The name 'CreateTagHelper' does not exist in the current context
//             __TestNamespace_CatchAllTagHelper = CreateTagHelper<global::TestNamespace.CatchAllTagHelper>();
Diagnostic(ErrorCode.ERR_NameNotInContext, "CreateTagHelper<global::TestNamespace.CatchAllTagHelper>").WithArguments("CreateTagHelper").WithLocation(71, 49),
// TestFiles/IntegrationTests/CodeGenerationIntegrationTest/CssSelectorTagHelperAttributes.cshtml(71,73): error CS0400: The type or namespace name 'TestNamespace' could not be found in the global namespace (are you missing an assembly reference?)
//             __TestNamespace_CatchAllTagHelper = CreateTagHelper<global::TestNamespace.CatchAllTagHelper>();
Diagnostic(ErrorCode.ERR_GlobalSingleTypeNameNotFound, "TestNamespace").WithArguments("TestNamespace").WithLocation(71, 73),
// TestFiles/IntegrationTests/CodeGenerationIntegrationTest/CssSelectorTagHelperAttributes.cshtml(79,13): error CS0103: The name 'Write' does not exist in the current context
//             Write(__tagHelperExecutionContext.Output);
Diagnostic(ErrorCode.ERR_NameNotInContext, "Write").WithArguments("Write").WithLocation(79, 13),
// TestFiles/IntegrationTests/CodeGenerationIntegrationTest/CssSelectorTagHelperAttributes.cshtml(81,13): error CS0103: The name 'WriteLiteral' does not exist in the current context
//             WriteLiteral("\r\n");
Diagnostic(ErrorCode.ERR_NameNotInContext, "WriteLiteral").WithArguments("WriteLiteral").WithLocation(81, 13),
// TestFiles/IntegrationTests/CodeGenerationIntegrationTest/CssSelectorTagHelperAttributes.cshtml(82,78): error CS0234: The type or namespace name 'TagHelpers' does not exist in the namespace 'Microsoft.AspNetCore.Razor' (are you missing an assembly reference?)
//             __tagHelperExecutionContext = __tagHelperScopeManager.Begin("a", global::Microsoft.AspNetCore.Razor.TagHelpers.TagMode.StartTagAndEndTag, "test", async() => {
Diagnostic(ErrorCode.ERR_DottedTypeNameNotFoundInNS, "global::Microsoft.AspNetCore.Razor.TagHelpers").WithArguments("TagHelpers", "Microsoft.AspNetCore.Razor").WithLocation(82, 78),
// TestFiles/IntegrationTests/CodeGenerationIntegrationTest/CssSelectorTagHelperAttributes.cshtml(86,59): error CS0103: The name 'CreateTagHelper' does not exist in the current context
//             __TestNamespace_ATagHelperMultipleSelectors = CreateTagHelper<global::TestNamespace.ATagHelperMultipleSelectors>();
Diagnostic(ErrorCode.ERR_NameNotInContext, "CreateTagHelper<global::TestNamespace.ATagHelperMultipleSelectors>").WithArguments("CreateTagHelper").WithLocation(86, 59),
// TestFiles/IntegrationTests/CodeGenerationIntegrationTest/CssSelectorTagHelperAttributes.cshtml(86,83): error CS0400: The type or namespace name 'TestNamespace' could not be found in the global namespace (are you missing an assembly reference?)
//             __TestNamespace_ATagHelperMultipleSelectors = CreateTagHelper<global::TestNamespace.ATagHelperMultipleSelectors>();
Diagnostic(ErrorCode.ERR_GlobalSingleTypeNameNotFound, "TestNamespace").WithArguments("TestNamespace").WithLocation(86, 83),
// TestFiles/IntegrationTests/CodeGenerationIntegrationTest/CssSelectorTagHelperAttributes.cshtml(88,49): error CS0103: The name 'CreateTagHelper' does not exist in the current context
//             __TestNamespace_CatchAllTagHelper = CreateTagHelper<global::TestNamespace.CatchAllTagHelper>();
Diagnostic(ErrorCode.ERR_NameNotInContext, "CreateTagHelper<global::TestNamespace.CatchAllTagHelper>").WithArguments("CreateTagHelper").WithLocation(88, 49),
// TestFiles/IntegrationTests/CodeGenerationIntegrationTest/CssSelectorTagHelperAttributes.cshtml(88,73): error CS0400: The type or namespace name 'TestNamespace' could not be found in the global namespace (are you missing an assembly reference?)
//             __TestNamespace_CatchAllTagHelper = CreateTagHelper<global::TestNamespace.CatchAllTagHelper>();
Diagnostic(ErrorCode.ERR_GlobalSingleTypeNameNotFound, "TestNamespace").WithArguments("TestNamespace").WithLocation(88, 73),
// TestFiles/IntegrationTests/CodeGenerationIntegrationTest/CssSelectorTagHelperAttributes.cshtml(96,13): error CS0103: The name 'Write' does not exist in the current context
//             Write(__tagHelperExecutionContext.Output);
Diagnostic(ErrorCode.ERR_NameNotInContext, "Write").WithArguments("Write").WithLocation(96, 13),
// TestFiles/IntegrationTests/CodeGenerationIntegrationTest/CssSelectorTagHelperAttributes.cshtml(98,13): error CS0103: The name 'WriteLiteral' does not exist in the current context
//             WriteLiteral("\r\n");
Diagnostic(ErrorCode.ERR_NameNotInContext, "WriteLiteral").WithArguments("WriteLiteral").WithLocation(98, 13),
// TestFiles/IntegrationTests/CodeGenerationIntegrationTest/CssSelectorTagHelperAttributes.cshtml(99,78): error CS0234: The type or namespace name 'TagHelpers' does not exist in the namespace 'Microsoft.AspNetCore.Razor' (are you missing an assembly reference?)
//             __tagHelperExecutionContext = __tagHelperScopeManager.Begin("a", global::Microsoft.AspNetCore.Razor.TagHelpers.TagMode.StartTagAndEndTag, "test", async() => {
Diagnostic(ErrorCode.ERR_DottedTypeNameNotFoundInNS, "global::Microsoft.AspNetCore.Razor.TagHelpers").WithArguments("TagHelpers", "Microsoft.AspNetCore.Razor").WithLocation(99, 78),
// TestFiles/IntegrationTests/CodeGenerationIntegrationTest/CssSelectorTagHelperAttributes.cshtml(103,59): error CS0103: The name 'CreateTagHelper' does not exist in the current context
//             __TestNamespace_ATagHelperMultipleSelectors = CreateTagHelper<global::TestNamespace.ATagHelperMultipleSelectors>();
Diagnostic(ErrorCode.ERR_NameNotInContext, "CreateTagHelper<global::TestNamespace.ATagHelperMultipleSelectors>").WithArguments("CreateTagHelper").WithLocation(103, 59),
// TestFiles/IntegrationTests/CodeGenerationIntegrationTest/CssSelectorTagHelperAttributes.cshtml(103,83): error CS0400: The type or namespace name 'TestNamespace' could not be found in the global namespace (are you missing an assembly reference?)
//             __TestNamespace_ATagHelperMultipleSelectors = CreateTagHelper<global::TestNamespace.ATagHelperMultipleSelectors>();
Diagnostic(ErrorCode.ERR_GlobalSingleTypeNameNotFound, "TestNamespace").WithArguments("TestNamespace").WithLocation(103, 83),
// TestFiles/IntegrationTests/CodeGenerationIntegrationTest/CssSelectorTagHelperAttributes.cshtml(105,49): error CS0103: The name 'CreateTagHelper' does not exist in the current context
//             __TestNamespace_CatchAllTagHelper = CreateTagHelper<global::TestNamespace.CatchAllTagHelper>();
Diagnostic(ErrorCode.ERR_NameNotInContext, "CreateTagHelper<global::TestNamespace.CatchAllTagHelper>").WithArguments("CreateTagHelper").WithLocation(105, 49),
// TestFiles/IntegrationTests/CodeGenerationIntegrationTest/CssSelectorTagHelperAttributes.cshtml(105,73): error CS0400: The type or namespace name 'TestNamespace' could not be found in the global namespace (are you missing an assembly reference?)
//             __TestNamespace_CatchAllTagHelper = CreateTagHelper<global::TestNamespace.CatchAllTagHelper>();
Diagnostic(ErrorCode.ERR_GlobalSingleTypeNameNotFound, "TestNamespace").WithArguments("TestNamespace").WithLocation(105, 73),
// TestFiles/IntegrationTests/CodeGenerationIntegrationTest/CssSelectorTagHelperAttributes.cshtml(107,13): error CS0103: The name 'BeginAddHtmlAttributeValues' does not exist in the current context
//             BeginAddHtmlAttributeValues(__tagHelperExecutionContext, "href", 3, global::Microsoft.AspNetCore.Razor.TagHelpers.HtmlAttributeValueStyle.DoubleQuotes);
Diagnostic(ErrorCode.ERR_NameNotInContext, "BeginAddHtmlAttributeValues").WithArguments("BeginAddHtmlAttributeValues").WithLocation(107, 13),
// TestFiles/IntegrationTests/CodeGenerationIntegrationTest/CssSelectorTagHelperAttributes.cshtml(107,81): error CS0234: The type or namespace name 'TagHelpers' does not exist in the namespace 'Microsoft.AspNetCore.Razor' (are you missing an assembly reference?)
//             BeginAddHtmlAttributeValues(__tagHelperExecutionContext, "href", 3, global::Microsoft.AspNetCore.Razor.TagHelpers.HtmlAttributeValueStyle.DoubleQuotes);
Diagnostic(ErrorCode.ERR_DottedTypeNameNotFoundInNS, "global::Microsoft.AspNetCore.Razor.TagHelpers").WithArguments("TagHelpers", "Microsoft.AspNetCore.Razor").WithLocation(107, 81),
// TestFiles/IntegrationTests/CodeGenerationIntegrationTest/CssSelectorTagHelperAttributes.cshtml(108,13): error CS0103: The name 'AddHtmlAttributeValue' does not exist in the current context
//             AddHtmlAttributeValue("", 153, "~/", 153, 2, true);
Diagnostic(ErrorCode.ERR_NameNotInContext, "AddHtmlAttributeValue").WithArguments("AddHtmlAttributeValue").WithLocation(108, 13),
// TestFiles/IntegrationTests/CodeGenerationIntegrationTest/CssSelectorTagHelperAttributes.cshtml(109,13): error CS0103: The name 'AddHtmlAttributeValue' does not exist in the current context
//             AddHtmlAttributeValue("", 155, 
Diagnostic(ErrorCode.ERR_NameNotInContext, "AddHtmlAttributeValue").WithArguments("AddHtmlAttributeValue").WithLocation(109, 13),
// TestFiles/IntegrationTests/CodeGenerationIntegrationTest/CssSelectorTagHelperAttributes.cshtml(118,13): error CS0103: The name 'AddHtmlAttributeValue' does not exist in the current context
//             AddHtmlAttributeValue("", 161, "?hello=world", 161, 12, true);
Diagnostic(ErrorCode.ERR_NameNotInContext, "AddHtmlAttributeValue").WithArguments("AddHtmlAttributeValue").WithLocation(118, 13),
// TestFiles/IntegrationTests/CodeGenerationIntegrationTest/CssSelectorTagHelperAttributes.cshtml(119,13): error CS0103: The name 'EndAddHtmlAttributeValues' does not exist in the current context
//             EndAddHtmlAttributeValues(__tagHelperExecutionContext);
Diagnostic(ErrorCode.ERR_NameNotInContext, "EndAddHtmlAttributeValues").WithArguments("EndAddHtmlAttributeValues").WithLocation(119, 13),
// TestFiles/IntegrationTests/CodeGenerationIntegrationTest/CssSelectorTagHelperAttributes.cshtml(125,13): error CS0103: The name 'Write' does not exist in the current context
//             Write(__tagHelperExecutionContext.Output);
Diagnostic(ErrorCode.ERR_NameNotInContext, "Write").WithArguments("Write").WithLocation(125, 13),
// TestFiles/IntegrationTests/CodeGenerationIntegrationTest/CssSelectorTagHelperAttributes.cshtml(127,13): error CS0103: The name 'WriteLiteral' does not exist in the current context
//             WriteLiteral("\r\n<a href=\' ~/\'>0 TagHelpers.</a>\r\n");
Diagnostic(ErrorCode.ERR_NameNotInContext, "WriteLiteral").WithArguments("WriteLiteral").WithLocation(127, 13),
// TestFiles/IntegrationTests/CodeGenerationIntegrationTest/CssSelectorTagHelperAttributes.cshtml(128,78): error CS0234: The type or namespace name 'TagHelpers' does not exist in the namespace 'Microsoft.AspNetCore.Razor' (are you missing an assembly reference?)
//             __tagHelperExecutionContext = __tagHelperScopeManager.Begin("a", global::Microsoft.AspNetCore.Razor.TagHelpers.TagMode.StartTagAndEndTag, "test", async() => {
Diagnostic(ErrorCode.ERR_DottedTypeNameNotFoundInNS, "global::Microsoft.AspNetCore.Razor.TagHelpers").WithArguments("TagHelpers", "Microsoft.AspNetCore.Razor").WithLocation(128, 78),
// TestFiles/IntegrationTests/CodeGenerationIntegrationTest/CssSelectorTagHelperAttributes.cshtml(132,49): error CS0103: The name 'CreateTagHelper' does not exist in the current context
//             __TestNamespace_CatchAllTagHelper = CreateTagHelper<global::TestNamespace.CatchAllTagHelper>();
Diagnostic(ErrorCode.ERR_NameNotInContext, "CreateTagHelper<global::TestNamespace.CatchAllTagHelper>").WithArguments("CreateTagHelper").WithLocation(132, 49),
// TestFiles/IntegrationTests/CodeGenerationIntegrationTest/CssSelectorTagHelperAttributes.cshtml(132,73): error CS0400: The type or namespace name 'TestNamespace' could not be found in the global namespace (are you missing an assembly reference?)
//             __TestNamespace_CatchAllTagHelper = CreateTagHelper<global::TestNamespace.CatchAllTagHelper>();
Diagnostic(ErrorCode.ERR_GlobalSingleTypeNameNotFound, "TestNamespace").WithArguments("TestNamespace").WithLocation(132, 73),
// TestFiles/IntegrationTests/CodeGenerationIntegrationTest/CssSelectorTagHelperAttributes.cshtml(134,13): error CS0103: The name 'BeginAddHtmlAttributeValues' does not exist in the current context
//             BeginAddHtmlAttributeValues(__tagHelperExecutionContext, "href", 2, global::Microsoft.AspNetCore.Razor.TagHelpers.HtmlAttributeValueStyle.DoubleQuotes);
Diagnostic(ErrorCode.ERR_NameNotInContext, "BeginAddHtmlAttributeValues").WithArguments("BeginAddHtmlAttributeValues").WithLocation(134, 13),
// TestFiles/IntegrationTests/CodeGenerationIntegrationTest/CssSelectorTagHelperAttributes.cshtml(134,81): error CS0234: The type or namespace name 'TagHelpers' does not exist in the namespace 'Microsoft.AspNetCore.Razor' (are you missing an assembly reference?)
//             BeginAddHtmlAttributeValues(__tagHelperExecutionContext, "href", 2, global::Microsoft.AspNetCore.Razor.TagHelpers.HtmlAttributeValueStyle.DoubleQuotes);
Diagnostic(ErrorCode.ERR_DottedTypeNameNotFoundInNS, "global::Microsoft.AspNetCore.Razor.TagHelpers").WithArguments("TagHelpers", "Microsoft.AspNetCore.Razor").WithLocation(134, 81),
// TestFiles/IntegrationTests/CodeGenerationIntegrationTest/CssSelectorTagHelperAttributes.cshtml(135,13): error CS0103: The name 'AddHtmlAttributeValue' does not exist in the current context
//             AddHtmlAttributeValue("", 234, "~/", 234, 2, true);
Diagnostic(ErrorCode.ERR_NameNotInContext, "AddHtmlAttributeValue").WithArguments("AddHtmlAttributeValue").WithLocation(135, 13),
// TestFiles/IntegrationTests/CodeGenerationIntegrationTest/CssSelectorTagHelperAttributes.cshtml(136,13): error CS0103: The name 'AddHtmlAttributeValue' does not exist in the current context
//             AddHtmlAttributeValue("", 236, 
Diagnostic(ErrorCode.ERR_NameNotInContext, "AddHtmlAttributeValue").WithArguments("AddHtmlAttributeValue").WithLocation(136, 13),
// TestFiles/IntegrationTests/CodeGenerationIntegrationTest/CssSelectorTagHelperAttributes.cshtml(145,13): error CS0103: The name 'EndAddHtmlAttributeValues' does not exist in the current context
//             EndAddHtmlAttributeValues(__tagHelperExecutionContext);
Diagnostic(ErrorCode.ERR_NameNotInContext, "EndAddHtmlAttributeValues").WithArguments("EndAddHtmlAttributeValues").WithLocation(145, 13),
// TestFiles/IntegrationTests/CodeGenerationIntegrationTest/CssSelectorTagHelperAttributes.cshtml(151,13): error CS0103: The name 'Write' does not exist in the current context
//             Write(__tagHelperExecutionContext.Output);
Diagnostic(ErrorCode.ERR_NameNotInContext, "Write").WithArguments("Write").WithLocation(151, 13),
// TestFiles/IntegrationTests/CodeGenerationIntegrationTest/CssSelectorTagHelperAttributes.cshtml(153,13): error CS0103: The name 'WriteLiteral' does not exist in the current context
//             WriteLiteral("\r\n");
Diagnostic(ErrorCode.ERR_NameNotInContext, "WriteLiteral").WithArguments("WriteLiteral").WithLocation(153, 13),
// TestFiles/IntegrationTests/CodeGenerationIntegrationTest/CssSelectorTagHelperAttributes.cshtml(154,78): error CS0234: The type or namespace name 'TagHelpers' does not exist in the namespace 'Microsoft.AspNetCore.Razor' (are you missing an assembly reference?)
//             __tagHelperExecutionContext = __tagHelperScopeManager.Begin("a", global::Microsoft.AspNetCore.Razor.TagHelpers.TagMode.StartTagAndEndTag, "test", async() => {
Diagnostic(ErrorCode.ERR_DottedTypeNameNotFoundInNS, "global::Microsoft.AspNetCore.Razor.TagHelpers").WithArguments("TagHelpers", "Microsoft.AspNetCore.Razor").WithLocation(154, 78),
// TestFiles/IntegrationTests/CodeGenerationIntegrationTest/CssSelectorTagHelperAttributes.cshtml(158,49): error CS0103: The name 'CreateTagHelper' does not exist in the current context
//             __TestNamespace_CatchAllTagHelper = CreateTagHelper<global::TestNamespace.CatchAllTagHelper>();
Diagnostic(ErrorCode.ERR_NameNotInContext, "CreateTagHelper<global::TestNamespace.CatchAllTagHelper>").WithArguments("CreateTagHelper").WithLocation(158, 49),
// TestFiles/IntegrationTests/CodeGenerationIntegrationTest/CssSelectorTagHelperAttributes.cshtml(158,73): error CS0400: The type or namespace name 'TestNamespace' could not be found in the global namespace (are you missing an assembly reference?)
//             __TestNamespace_CatchAllTagHelper = CreateTagHelper<global::TestNamespace.CatchAllTagHelper>();
Diagnostic(ErrorCode.ERR_GlobalSingleTypeNameNotFound, "TestNamespace").WithArguments("TestNamespace").WithLocation(158, 73),
// TestFiles/IntegrationTests/CodeGenerationIntegrationTest/CssSelectorTagHelperAttributes.cshtml(166,13): error CS0103: The name 'Write' does not exist in the current context
//             Write(__tagHelperExecutionContext.Output);
Diagnostic(ErrorCode.ERR_NameNotInContext, "Write").WithArguments("Write").WithLocation(166, 13),
// TestFiles/IntegrationTests/CodeGenerationIntegrationTest/CssSelectorTagHelperAttributes.cshtml(168,13): error CS0103: The name 'WriteLiteral' does not exist in the current context
//             WriteLiteral("\r\n");
Diagnostic(ErrorCode.ERR_NameNotInContext, "WriteLiteral").WithArguments("WriteLiteral").WithLocation(168, 13),
// TestFiles/IntegrationTests/CodeGenerationIntegrationTest/CssSelectorTagHelperAttributes.cshtml(169,78): error CS0234: The type or namespace name 'TagHelpers' does not exist in the namespace 'Microsoft.AspNetCore.Razor' (are you missing an assembly reference?)
//             __tagHelperExecutionContext = __tagHelperScopeManager.Begin("a", global::Microsoft.AspNetCore.Razor.TagHelpers.TagMode.StartTagAndEndTag, "test", async() => {
Diagnostic(ErrorCode.ERR_DottedTypeNameNotFoundInNS, "global::Microsoft.AspNetCore.Razor.TagHelpers").WithArguments("TagHelpers", "Microsoft.AspNetCore.Razor").WithLocation(169, 78),
// TestFiles/IntegrationTests/CodeGenerationIntegrationTest/CssSelectorTagHelperAttributes.cshtml(173,49): error CS0103: The name 'CreateTagHelper' does not exist in the current context
//             __TestNamespace_CatchAllTagHelper = CreateTagHelper<global::TestNamespace.CatchAllTagHelper>();
Diagnostic(ErrorCode.ERR_NameNotInContext, "CreateTagHelper<global::TestNamespace.CatchAllTagHelper>").WithArguments("CreateTagHelper").WithLocation(173, 49),
// TestFiles/IntegrationTests/CodeGenerationIntegrationTest/CssSelectorTagHelperAttributes.cshtml(173,73): error CS0400: The type or namespace name 'TestNamespace' could not be found in the global namespace (are you missing an assembly reference?)
//             __TestNamespace_CatchAllTagHelper = CreateTagHelper<global::TestNamespace.CatchAllTagHelper>();
Diagnostic(ErrorCode.ERR_GlobalSingleTypeNameNotFound, "TestNamespace").WithArguments("TestNamespace").WithLocation(173, 73),
// TestFiles/IntegrationTests/CodeGenerationIntegrationTest/CssSelectorTagHelperAttributes.cshtml(175,13): error CS0103: The name 'BeginAddHtmlAttributeValues' does not exist in the current context
//             BeginAddHtmlAttributeValues(__tagHelperExecutionContext, "href", 2, global::Microsoft.AspNetCore.Razor.TagHelpers.HtmlAttributeValueStyle.SingleQuotes);
Diagnostic(ErrorCode.ERR_NameNotInContext, "BeginAddHtmlAttributeValues").WithArguments("BeginAddHtmlAttributeValues").WithLocation(175, 13),
// TestFiles/IntegrationTests/CodeGenerationIntegrationTest/CssSelectorTagHelperAttributes.cshtml(175,81): error CS0234: The type or namespace name 'TagHelpers' does not exist in the namespace 'Microsoft.AspNetCore.Razor' (are you missing an assembly reference?)
//             BeginAddHtmlAttributeValues(__tagHelperExecutionContext, "href", 2, global::Microsoft.AspNetCore.Razor.TagHelpers.HtmlAttributeValueStyle.SingleQuotes);
Diagnostic(ErrorCode.ERR_DottedTypeNameNotFoundInNS, "global::Microsoft.AspNetCore.Razor.TagHelpers").WithArguments("TagHelpers", "Microsoft.AspNetCore.Razor").WithLocation(175, 81),
// TestFiles/IntegrationTests/CodeGenerationIntegrationTest/CssSelectorTagHelperAttributes.cshtml(176,13): error CS0103: The name 'AddHtmlAttributeValue' does not exist in the current context
//             AddHtmlAttributeValue("", 317, "~/?hello=world", 317, 14, true);
Diagnostic(ErrorCode.ERR_NameNotInContext, "AddHtmlAttributeValue").WithArguments("AddHtmlAttributeValue").WithLocation(176, 13),
// TestFiles/IntegrationTests/CodeGenerationIntegrationTest/CssSelectorTagHelperAttributes.cshtml(177,13): error CS0103: The name 'AddHtmlAttributeValue' does not exist in the current context
//             AddHtmlAttributeValue(" ", 331, 
Diagnostic(ErrorCode.ERR_NameNotInContext, "AddHtmlAttributeValue").WithArguments("AddHtmlAttributeValue").WithLocation(177, 13),
// TestFiles/IntegrationTests/CodeGenerationIntegrationTest/CssSelectorTagHelperAttributes.cshtml(186,13): error CS0103: The name 'EndAddHtmlAttributeValues' does not exist in the current context
//             EndAddHtmlAttributeValues(__tagHelperExecutionContext);
Diagnostic(ErrorCode.ERR_NameNotInContext, "EndAddHtmlAttributeValues").WithArguments("EndAddHtmlAttributeValues").WithLocation(186, 13),
// TestFiles/IntegrationTests/CodeGenerationIntegrationTest/CssSelectorTagHelperAttributes.cshtml(192,13): error CS0103: The name 'Write' does not exist in the current context
//             Write(__tagHelperExecutionContext.Output);
Diagnostic(ErrorCode.ERR_NameNotInContext, "Write").WithArguments("Write").WithLocation(192, 13),
// TestFiles/IntegrationTests/CodeGenerationIntegrationTest/CssSelectorTagHelperAttributes.cshtml(194,13): error CS0103: The name 'WriteLiteral' does not exist in the current context
//             WriteLiteral("\r\n");
Diagnostic(ErrorCode.ERR_NameNotInContext, "WriteLiteral").WithArguments("WriteLiteral").WithLocation(194, 13),
// TestFiles/IntegrationTests/CodeGenerationIntegrationTest/CssSelectorTagHelperAttributes.cshtml(195,82): error CS0234: The type or namespace name 'TagHelpers' does not exist in the namespace 'Microsoft.AspNetCore.Razor' (are you missing an assembly reference?)
//             __tagHelperExecutionContext = __tagHelperScopeManager.Begin("input", global::Microsoft.AspNetCore.Razor.TagHelpers.TagMode.SelfClosing, "test", async() => {
Diagnostic(ErrorCode.ERR_DottedTypeNameNotFoundInNS, "global::Microsoft.AspNetCore.Razor.TagHelpers").WithArguments("TagHelpers", "Microsoft.AspNetCore.Razor").WithLocation(195, 82),
// TestFiles/IntegrationTests/CodeGenerationIntegrationTest/CssSelectorTagHelperAttributes.cshtml(198,46): error CS0103: The name 'CreateTagHelper' does not exist in the current context
//             __TestNamespace_InputTagHelper = CreateTagHelper<global::TestNamespace.InputTagHelper>();
Diagnostic(ErrorCode.ERR_NameNotInContext, "CreateTagHelper<global::TestNamespace.InputTagHelper>").WithArguments("CreateTagHelper").WithLocation(198, 46),
// TestFiles/IntegrationTests/CodeGenerationIntegrationTest/CssSelectorTagHelperAttributes.cshtml(198,70): error CS0400: The type or namespace name 'TestNamespace' could not be found in the global namespace (are you missing an assembly reference?)
//             __TestNamespace_InputTagHelper = CreateTagHelper<global::TestNamespace.InputTagHelper>();
Diagnostic(ErrorCode.ERR_GlobalSingleTypeNameNotFound, "TestNamespace").WithArguments("TestNamespace").WithLocation(198, 70),
// TestFiles/IntegrationTests/CodeGenerationIntegrationTest/CssSelectorTagHelperAttributes.cshtml(200,47): error CS0103: The name 'CreateTagHelper' does not exist in the current context
//             __TestNamespace_InputTagHelper2 = CreateTagHelper<global::TestNamespace.InputTagHelper2>();
Diagnostic(ErrorCode.ERR_NameNotInContext, "CreateTagHelper<global::TestNamespace.InputTagHelper2>").WithArguments("CreateTagHelper").WithLocation(200, 47),
// TestFiles/IntegrationTests/CodeGenerationIntegrationTest/CssSelectorTagHelperAttributes.cshtml(200,71): error CS0400: The type or namespace name 'TestNamespace' could not be found in the global namespace (are you missing an assembly reference?)
//             __TestNamespace_InputTagHelper2 = CreateTagHelper<global::TestNamespace.InputTagHelper2>();
Diagnostic(ErrorCode.ERR_GlobalSingleTypeNameNotFound, "TestNamespace").WithArguments("TestNamespace").WithLocation(200, 71),
// TestFiles/IntegrationTests/CodeGenerationIntegrationTest/CssSelectorTagHelperAttributes.cshtml(202,50): error CS0103: The name 'CreateTagHelper' does not exist in the current context
//             __TestNamespace_CatchAllTagHelper2 = CreateTagHelper<global::TestNamespace.CatchAllTagHelper2>();
Diagnostic(ErrorCode.ERR_NameNotInContext, "CreateTagHelper<global::TestNamespace.CatchAllTagHelper2>").WithArguments("CreateTagHelper").WithLocation(202, 50),
// TestFiles/IntegrationTests/CodeGenerationIntegrationTest/CssSelectorTagHelperAttributes.cshtml(202,74): error CS0400: The type or namespace name 'TestNamespace' could not be found in the global namespace (are you missing an assembly reference?)
//             __TestNamespace_CatchAllTagHelper2 = CreateTagHelper<global::TestNamespace.CatchAllTagHelper2>();
Diagnostic(ErrorCode.ERR_GlobalSingleTypeNameNotFound, "TestNamespace").WithArguments("TestNamespace").WithLocation(202, 74),
// TestFiles/IntegrationTests/CodeGenerationIntegrationTest/CssSelectorTagHelperAttributes.cshtml(214,13): error CS0103: The name 'Write' does not exist in the current context
//             Write(__tagHelperExecutionContext.Output);
Diagnostic(ErrorCode.ERR_NameNotInContext, "Write").WithArguments("Write").WithLocation(214, 13),
// TestFiles/IntegrationTests/CodeGenerationIntegrationTest/CssSelectorTagHelperAttributes.cshtml(216,13): error CS0103: The name 'WriteLiteral' does not exist in the current context
//             WriteLiteral("\r\n");
Diagnostic(ErrorCode.ERR_NameNotInContext, "WriteLiteral").WithArguments("WriteLiteral").WithLocation(216, 13),
// TestFiles/IntegrationTests/CodeGenerationIntegrationTest/CssSelectorTagHelperAttributes.cshtml(217,82): error CS0234: The type or namespace name 'TagHelpers' does not exist in the namespace 'Microsoft.AspNetCore.Razor' (are you missing an assembly reference?)
//             __tagHelperExecutionContext = __tagHelperScopeManager.Begin("input", global::Microsoft.AspNetCore.Razor.TagHelpers.TagMode.SelfClosing, "test", async() => {
Diagnostic(ErrorCode.ERR_DottedTypeNameNotFoundInNS, "global::Microsoft.AspNetCore.Razor.TagHelpers").WithArguments("TagHelpers", "Microsoft.AspNetCore.Razor").WithLocation(217, 82),
// TestFiles/IntegrationTests/CodeGenerationIntegrationTest/CssSelectorTagHelperAttributes.cshtml(220,47): error CS0103: The name 'CreateTagHelper' does not exist in the current context
//             __TestNamespace_InputTagHelper2 = CreateTagHelper<global::TestNamespace.InputTagHelper2>();
Diagnostic(ErrorCode.ERR_NameNotInContext, "CreateTagHelper<global::TestNamespace.InputTagHelper2>").WithArguments("CreateTagHelper").WithLocation(220, 47),
// TestFiles/IntegrationTests/CodeGenerationIntegrationTest/CssSelectorTagHelperAttributes.cshtml(220,71): error CS0400: The type or namespace name 'TestNamespace' could not be found in the global namespace (are you missing an assembly reference?)
//             __TestNamespace_InputTagHelper2 = CreateTagHelper<global::TestNamespace.InputTagHelper2>();
Diagnostic(ErrorCode.ERR_GlobalSingleTypeNameNotFound, "TestNamespace").WithArguments("TestNamespace").WithLocation(220, 71),
// TestFiles/IntegrationTests/CodeGenerationIntegrationTest/CssSelectorTagHelperAttributes.cshtml(222,50): error CS0103: The name 'CreateTagHelper' does not exist in the current context
//             __TestNamespace_CatchAllTagHelper2 = CreateTagHelper<global::TestNamespace.CatchAllTagHelper2>();
Diagnostic(ErrorCode.ERR_NameNotInContext, "CreateTagHelper<global::TestNamespace.CatchAllTagHelper2>").WithArguments("CreateTagHelper").WithLocation(222, 50),
// TestFiles/IntegrationTests/CodeGenerationIntegrationTest/CssSelectorTagHelperAttributes.cshtml(222,74): error CS0400: The type or namespace name 'TestNamespace' could not be found in the global namespace (are you missing an assembly reference?)
//             __TestNamespace_CatchAllTagHelper2 = CreateTagHelper<global::TestNamespace.CatchAllTagHelper2>();
Diagnostic(ErrorCode.ERR_GlobalSingleTypeNameNotFound, "TestNamespace").WithArguments("TestNamespace").WithLocation(222, 74),
// TestFiles/IntegrationTests/CodeGenerationIntegrationTest/CssSelectorTagHelperAttributes.cshtml(232,13): error CS0103: The name 'Write' does not exist in the current context
//             Write(__tagHelperExecutionContext.Output);
Diagnostic(ErrorCode.ERR_NameNotInContext, "Write").WithArguments("Write").WithLocation(232, 13),
// TestFiles/IntegrationTests/CodeGenerationIntegrationTest/CssSelectorTagHelperAttributes.cshtml(234,13): error CS0103: The name 'WriteLiteral' does not exist in the current context
//             WriteLiteral("\r\n");
Diagnostic(ErrorCode.ERR_NameNotInContext, "WriteLiteral").WithArguments("WriteLiteral").WithLocation(234, 13),
// TestFiles/IntegrationTests/CodeGenerationIntegrationTest/CssSelectorTagHelperAttributes.cshtml(235,82): error CS0234: The type or namespace name 'TagHelpers' does not exist in the namespace 'Microsoft.AspNetCore.Razor' (are you missing an assembly reference?)
//             __tagHelperExecutionContext = __tagHelperScopeManager.Begin("input", global::Microsoft.AspNetCore.Razor.TagHelpers.TagMode.SelfClosing, "test", async() => {
Diagnostic(ErrorCode.ERR_DottedTypeNameNotFoundInNS, "global::Microsoft.AspNetCore.Razor.TagHelpers").WithArguments("TagHelpers", "Microsoft.AspNetCore.Razor").WithLocation(235, 82),
// TestFiles/IntegrationTests/CodeGenerationIntegrationTest/CssSelectorTagHelperAttributes.cshtml(238,47): error CS0103: The name 'CreateTagHelper' does not exist in the current context
//             __TestNamespace_InputTagHelper2 = CreateTagHelper<global::TestNamespace.InputTagHelper2>();
Diagnostic(ErrorCode.ERR_NameNotInContext, "CreateTagHelper<global::TestNamespace.InputTagHelper2>").WithArguments("CreateTagHelper").WithLocation(238, 47),
// TestFiles/IntegrationTests/CodeGenerationIntegrationTest/CssSelectorTagHelperAttributes.cshtml(238,71): error CS0400: The type or namespace name 'TestNamespace' could not be found in the global namespace (are you missing an assembly reference?)
//             __TestNamespace_InputTagHelper2 = CreateTagHelper<global::TestNamespace.InputTagHelper2>();
Diagnostic(ErrorCode.ERR_GlobalSingleTypeNameNotFound, "TestNamespace").WithArguments("TestNamespace").WithLocation(238, 71),
// TestFiles/IntegrationTests/CodeGenerationIntegrationTest/CssSelectorTagHelperAttributes.cshtml(240,50): error CS0103: The name 'CreateTagHelper' does not exist in the current context
//             __TestNamespace_CatchAllTagHelper2 = CreateTagHelper<global::TestNamespace.CatchAllTagHelper2>();
Diagnostic(ErrorCode.ERR_NameNotInContext, "CreateTagHelper<global::TestNamespace.CatchAllTagHelper2>").WithArguments("CreateTagHelper").WithLocation(240, 50),
// TestFiles/IntegrationTests/CodeGenerationIntegrationTest/CssSelectorTagHelperAttributes.cshtml(240,74): error CS0400: The type or namespace name 'TestNamespace' could not be found in the global namespace (are you missing an assembly reference?)
//             __TestNamespace_CatchAllTagHelper2 = CreateTagHelper<global::TestNamespace.CatchAllTagHelper2>();
Diagnostic(ErrorCode.ERR_GlobalSingleTypeNameNotFound, "TestNamespace").WithArguments("TestNamespace").WithLocation(240, 74),
// TestFiles/IntegrationTests/CodeGenerationIntegrationTest/CssSelectorTagHelperAttributes.cshtml(250,13): error CS0103: The name 'Write' does not exist in the current context
//             Write(__tagHelperExecutionContext.Output);
Diagnostic(ErrorCode.ERR_NameNotInContext, "Write").WithArguments("Write").WithLocation(250, 13)