// TestFiles/IntegrationTests/CodeGenerationIntegrationTest/DesignTime.cshtml(8,7): error CS0103: The name 'Foo' does not exist in the current context
// __o = Foo(Bar.Baz);
Diagnostic(ErrorCode.ERR_NameNotInContext, "Foo").WithArguments("Foo").WithLocation(8, 7),
// TestFiles/IntegrationTests/CodeGenerationIntegrationTest/DesignTime.cshtml(8,11): error CS0103: The name 'Bar' does not exist in the current context
// __o = Foo(Bar.Baz);
Diagnostic(ErrorCode.ERR_NameNotInContext, "Bar").WithArguments("Bar").WithLocation(8, 11),
// TestFiles/IntegrationTests/CodeGenerationIntegrationTest/DesignTime.cshtml(9,7): error CS0103: The name 'Foo' does not exist in the current context
// __o = Foo(item => new Template(async(__razor_template_writer) => {
Diagnostic(ErrorCode.ERR_NameNotInContext, "Foo").WithArguments("Foo").WithLocation(9, 7),
// TestFiles/IntegrationTests/CodeGenerationIntegrationTest/DesignTime.cshtml(74,13): error CS0103: The name 'DefineSection' does not exist in the current context
//             DefineSection("Footer", async(__razor_section_writer) => {
Diagnostic(ErrorCode.ERR_NameNotInContext, "DefineSection").WithArguments("DefineSection").WithLocation(74, 13)