// TestFiles/IntegrationTests/CodeGenerationIntegrationTest/DesignTime.cshtml(4,47): error CS0234: The type or namespace name 'Hosting' does not exist in the namespace 'Microsoft.AspNetCore.Razor' (are you missing an assembly reference?)
// [assembly: global::Microsoft.AspNetCore.Razor.Hosting.RazorCompiledItemAttribute(typeof(Microsoft.AspNetCore.Razor.Language.IntegrationTests.TestFiles.TestFiles_IntegrationTests_CodeGenerationIntegrationTest_DesignTime_Runtime), @"default", @"/TestFiles/IntegrationTests/CodeGenerationIntegrationTest/DesignTime.cshtml")]
Diagnostic(ErrorCode.ERR_DottedTypeNameNotFoundInNS, "Hosting").WithArguments("Hosting", "Microsoft.AspNetCore.Razor").WithLocation(4, 47),
// TestFiles/IntegrationTests/CodeGenerationIntegrationTest/DesignTime.cshtml(8,3): error CS0103: The name 'Foo' does not exist in the current context
// Foo(Bar.Baz)
Diagnostic(ErrorCode.ERR_NameNotInContext, "Foo").WithArguments("Foo").WithLocation(8, 3),
// TestFiles/IntegrationTests/CodeGenerationIntegrationTest/DesignTime.cshtml(8,7): error CS0103: The name 'Bar' does not exist in the current context
// Foo(Bar.Baz)
Diagnostic(ErrorCode.ERR_NameNotInContext, "Bar").WithArguments("Bar").WithLocation(8, 7),
// TestFiles/IntegrationTests/CodeGenerationIntegrationTest/DesignTime.cshtml(8,41): error CS0234: The type or namespace name 'Hosting' does not exist in the namespace 'Microsoft.AspNetCore.Razor' (are you missing an assembly reference?)
//     [global::Microsoft.AspNetCore.Razor.Hosting.RazorSourceChecksumAttribute(@"Sha256", @"81bc9372da7d25ed6342dfd5b1067004013e6b4791921ce725e71f4c9eb90f85", @"/TestFiles/IntegrationTests/CodeGenerationIntegrationTest/DesignTime.cshtml")]
Diagnostic(ErrorCode.ERR_DottedTypeNameNotFoundInNS, "Hosting").WithArguments("Hosting", "Microsoft.AspNetCore.Razor").WithLocation(8, 41),
// TestFiles/IntegrationTests/CodeGenerationIntegrationTest/DesignTime.cshtml(9,2): error CS0103: The name 'Foo' does not exist in the current context
// Foo(
Diagnostic(ErrorCode.ERR_NameNotInContext, "Foo").WithArguments("Foo").WithLocation(9, 2),
// TestFiles/IntegrationTests/CodeGenerationIntegrationTest/DesignTime.cshtml(14,13): error CS0103: The name 'WriteLiteral' does not exist in the current context
//             WriteLiteral("<div>\r\n");
Diagnostic(ErrorCode.ERR_NameNotInContext, "WriteLiteral").WithArguments("WriteLiteral").WithLocation(14, 13),
// TestFiles/IntegrationTests/CodeGenerationIntegrationTest/DesignTime.cshtml(23,13): error CS0103: The name 'WriteLiteral' does not exist in the current context
//             WriteLiteral("    <p>This is item #");
Diagnostic(ErrorCode.ERR_NameNotInContext, "WriteLiteral").WithArguments("WriteLiteral").WithLocation(23, 13),
// TestFiles/IntegrationTests/CodeGenerationIntegrationTest/DesignTime.cshtml(24,13): error CS0103: The name 'Write' does not exist in the current context
//             Write(
Diagnostic(ErrorCode.ERR_NameNotInContext, "Write").WithArguments("Write").WithLocation(24, 13),
// TestFiles/IntegrationTests/CodeGenerationIntegrationTest/DesignTime.cshtml(33,13): error CS0103: The name 'WriteLiteral' does not exist in the current context
//             WriteLiteral("</p>\r\n");
Diagnostic(ErrorCode.ERR_NameNotInContext, "WriteLiteral").WithArguments("WriteLiteral").WithLocation(33, 13),
// TestFiles/IntegrationTests/CodeGenerationIntegrationTest/DesignTime.cshtml(42,13): error CS0103: The name 'WriteLiteral' does not exist in the current context
//             WriteLiteral("</div>\r\n\r\n<p>\r\n");
Diagnostic(ErrorCode.ERR_NameNotInContext, "WriteLiteral").WithArguments("WriteLiteral").WithLocation(42, 13),
// TestFiles/IntegrationTests/CodeGenerationIntegrationTest/DesignTime.cshtml(43,13): error CS0103: The name 'Write' does not exist in the current context
//             Write(
Diagnostic(ErrorCode.ERR_NameNotInContext, "Write").WithArguments("Write").WithLocation(43, 13),
// TestFiles/IntegrationTests/CodeGenerationIntegrationTest/DesignTime.cshtml(52,13): error CS0103: The name 'WriteLiteral' does not exist in the current context
//             WriteLiteral("\r\n");
Diagnostic(ErrorCode.ERR_NameNotInContext, "WriteLiteral").WithArguments("WriteLiteral").WithLocation(52, 13),
// TestFiles/IntegrationTests/CodeGenerationIntegrationTest/DesignTime.cshtml(53,13): error CS0103: The name 'Write' does not exist in the current context
//             Write(
Diagnostic(ErrorCode.ERR_NameNotInContext, "Write").WithArguments("Write").WithLocation(53, 13),
// TestFiles/IntegrationTests/CodeGenerationIntegrationTest/DesignTime.cshtml(85,13): error CS0103: The name 'WriteLiteral' does not exist in the current context
//             WriteLiteral("\r\n</p>\r\n\r\n");
Diagnostic(ErrorCode.ERR_NameNotInContext, "WriteLiteral").WithArguments("WriteLiteral").WithLocation(85, 13),
// TestFiles/IntegrationTests/CodeGenerationIntegrationTest/DesignTime.cshtml(86,13): error CS0103: The name 'DefineSection' does not exist in the current context
//             DefineSection("Footer", async() => {
Diagnostic(ErrorCode.ERR_NameNotInContext, "DefineSection").WithArguments("DefineSection").WithLocation(86, 13)