// TestFiles/IntegrationTests/CodeGenerationIntegrationTest/DynamicAttributeTagHelpers.cshtml(3,25): error CS0103: The name 'DateTime' does not exist in the current context
//                   __o = DateTime.Now;
Diagnostic(ErrorCode.ERR_NameNotInContext, "DateTime").WithArguments("DateTime").WithLocation(3, 25),
// TestFiles/IntegrationTests/CodeGenerationIntegrationTest/DynamicAttributeTagHelpers.cshtml(5,48): warning CS0162: Unreachable code detected
//                                                __o = false;
Diagnostic(ErrorCode.WRN_UnreachableCode, "__o").WithLocation(5, 48),
// TestFiles/IntegrationTests/CodeGenerationIntegrationTest/DynamicAttributeTagHelpers.cshtml(7,23): error CS0103: The name 'DateTime' does not exist in the current context
//                 __o = DateTime.Now;
Diagnostic(ErrorCode.ERR_NameNotInContext, "DateTime").WithArguments("DateTime").WithLocation(7, 23),
// TestFiles/IntegrationTests/CodeGenerationIntegrationTest/DynamicAttributeTagHelpers.cshtml(7,61): error CS0103: The name 'DateTime' does not exist in the current context
//                                                       __o = DateTime.Now;
Diagnostic(ErrorCode.ERR_NameNotInContext, "DateTime").WithArguments("DateTime").WithLocation(7, 61),
// TestFiles/IntegrationTests/CodeGenerationIntegrationTest/DynamicAttributeTagHelpers.cshtml(9,61): warning CS0162: Unreachable code detected
//                                                             __o = false;
Diagnostic(ErrorCode.WRN_UnreachableCode, "__o").WithLocation(9, 61),
// TestFiles/IntegrationTests/CodeGenerationIntegrationTest/DynamicAttributeTagHelpers.cshtml(10,52): error CS0234: The type or namespace name 'Runtime' does not exist in the namespace 'Microsoft.AspNetCore.Razor' (are you missing an assembly reference?)
//         private global::Microsoft.AspNetCore.Razor.Runtime.TagHelpers.TagHelperExecutionContext __tagHelperExecutionContext;
Diagnostic(ErrorCode.ERR_DottedTypeNameNotFoundInNS, "Runtime").WithArguments("Runtime", "Microsoft.AspNetCore.Razor").WithLocation(10, 52),
// TestFiles/IntegrationTests/CodeGenerationIntegrationTest/DynamicAttributeTagHelpers.cshtml(10,63): warning CS0162: Unreachable code detected
//                                                               __o = false;
Diagnostic(ErrorCode.WRN_UnreachableCode, "__o").WithLocation(10, 63),
// TestFiles/IntegrationTests/CodeGenerationIntegrationTest/DynamicAttributeTagHelpers.cshtml(12,33): error CS0103: The name 'DateTime' does not exist in the current context
//                           __o = DateTime.Now;
Diagnostic(ErrorCode.ERR_NameNotInContext, "DateTime").WithArguments("DateTime").WithLocation(12, 33),
// TestFiles/IntegrationTests/CodeGenerationIntegrationTest/DynamicAttributeTagHelpers.cshtml(12,52): error CS0234: The type or namespace name 'Runtime' does not exist in the namespace 'Microsoft.AspNetCore.Razor' (are you missing an assembly reference?)
//         private global::Microsoft.AspNetCore.Razor.Runtime.TagHelpers.TagHelperRunner __tagHelperRunner = new global::Microsoft.AspNetCore.Razor.Runtime.TagHelpers.TagHelperRunner();
Diagnostic(ErrorCode.ERR_DottedTypeNameNotFoundInNS, "Runtime").WithArguments("Runtime", "Microsoft.AspNetCore.Razor").WithLocation(12, 52),
// TestFiles/IntegrationTests/CodeGenerationIntegrationTest/DynamicAttributeTagHelpers.cshtml(12,146): error CS0234: The type or namespace name 'Runtime' does not exist in the namespace 'Microsoft.AspNetCore.Razor' (are you missing an assembly reference?)
//         private global::Microsoft.AspNetCore.Razor.Runtime.TagHelpers.TagHelperRunner __tagHelperRunner = new global::Microsoft.AspNetCore.Razor.Runtime.TagHelpers.TagHelperRunner();
Diagnostic(ErrorCode.ERR_DottedTypeNameNotFoundInNS, "Runtime").WithArguments("Runtime", "Microsoft.AspNetCore.Razor").WithLocation(12, 146),
// TestFiles/IntegrationTests/CodeGenerationIntegrationTest/DynamicAttributeTagHelpers.cshtml(13,25): error CS0400: The type or namespace name 'TestNamespace' could not be found in the global namespace (are you missing an assembly reference?)
//         private global::TestNamespace.InputTagHelper __TestNamespace_InputTagHelper;
Diagnostic(ErrorCode.ERR_GlobalSingleTypeNameNotFound, "TestNamespace").WithArguments("TestNamespace").WithLocation(13, 25),
// TestFiles/IntegrationTests/CodeGenerationIntegrationTest/DynamicAttributeTagHelpers.cshtml(14,48): warning CS0162: Unreachable code detected
//                                                __o = false;
Diagnostic(ErrorCode.WRN_UnreachableCode, "__o").WithLocation(14, 48),
// TestFiles/IntegrationTests/CodeGenerationIntegrationTest/DynamicAttributeTagHelpers.cshtml(34,46): error CS0103: The name 'CreateTagHelper' does not exist in the current context
//             __TestNamespace_InputTagHelper = CreateTagHelper<global::TestNamespace.InputTagHelper>();
Diagnostic(ErrorCode.ERR_NameNotInContext, "CreateTagHelper<global::TestNamespace.InputTagHelper>").WithArguments("CreateTagHelper").WithLocation(34, 46),
// TestFiles/IntegrationTests/CodeGenerationIntegrationTest/DynamicAttributeTagHelpers.cshtml(34,70): error CS0400: The type or namespace name 'TestNamespace' could not be found in the global namespace (are you missing an assembly reference?)
//             __TestNamespace_InputTagHelper = CreateTagHelper<global::TestNamespace.InputTagHelper>();
Diagnostic(ErrorCode.ERR_GlobalSingleTypeNameNotFound, "TestNamespace").WithArguments("TestNamespace").WithLocation(34, 70),
// TestFiles/IntegrationTests/CodeGenerationIntegrationTest/DynamicAttributeTagHelpers.cshtml(43,46): error CS0103: The name 'CreateTagHelper' does not exist in the current context
//             __TestNamespace_InputTagHelper = CreateTagHelper<global::TestNamespace.InputTagHelper>();
Diagnostic(ErrorCode.ERR_NameNotInContext, "CreateTagHelper<global::TestNamespace.InputTagHelper>").WithArguments("CreateTagHelper").WithLocation(43, 46),
// TestFiles/IntegrationTests/CodeGenerationIntegrationTest/DynamicAttributeTagHelpers.cshtml(43,70): error CS0400: The type or namespace name 'TestNamespace' could not be found in the global namespace (are you missing an assembly reference?)
//             __TestNamespace_InputTagHelper = CreateTagHelper<global::TestNamespace.InputTagHelper>();
Diagnostic(ErrorCode.ERR_GlobalSingleTypeNameNotFound, "TestNamespace").WithArguments("TestNamespace").WithLocation(43, 70),
// TestFiles/IntegrationTests/CodeGenerationIntegrationTest/DynamicAttributeTagHelpers.cshtml(80,46): error CS0103: The name 'CreateTagHelper' does not exist in the current context
//             __TestNamespace_InputTagHelper = CreateTagHelper<global::TestNamespace.InputTagHelper>();
Diagnostic(ErrorCode.ERR_NameNotInContext, "CreateTagHelper<global::TestNamespace.InputTagHelper>").WithArguments("CreateTagHelper").WithLocation(80, 46),
// TestFiles/IntegrationTests/CodeGenerationIntegrationTest/DynamicAttributeTagHelpers.cshtml(80,70): error CS0400: The type or namespace name 'TestNamespace' could not be found in the global namespace (are you missing an assembly reference?)
//             __TestNamespace_InputTagHelper = CreateTagHelper<global::TestNamespace.InputTagHelper>();
Diagnostic(ErrorCode.ERR_GlobalSingleTypeNameNotFound, "TestNamespace").WithArguments("TestNamespace").WithLocation(80, 70),
// TestFiles/IntegrationTests/CodeGenerationIntegrationTest/DynamicAttributeTagHelpers.cshtml(97,46): error CS0103: The name 'CreateTagHelper' does not exist in the current context
//             __TestNamespace_InputTagHelper = CreateTagHelper<global::TestNamespace.InputTagHelper>();
Diagnostic(ErrorCode.ERR_NameNotInContext, "CreateTagHelper<global::TestNamespace.InputTagHelper>").WithArguments("CreateTagHelper").WithLocation(97, 46),
// TestFiles/IntegrationTests/CodeGenerationIntegrationTest/DynamicAttributeTagHelpers.cshtml(97,70): error CS0400: The type or namespace name 'TestNamespace' could not be found in the global namespace (are you missing an assembly reference?)
//             __TestNamespace_InputTagHelper = CreateTagHelper<global::TestNamespace.InputTagHelper>();
Diagnostic(ErrorCode.ERR_GlobalSingleTypeNameNotFound, "TestNamespace").WithArguments("TestNamespace").WithLocation(97, 70),
// TestFiles/IntegrationTests/CodeGenerationIntegrationTest/DynamicAttributeTagHelpers.cshtml(198,46): error CS0103: The name 'CreateTagHelper' does not exist in the current context
//             __TestNamespace_InputTagHelper = CreateTagHelper<global::TestNamespace.InputTagHelper>();
Diagnostic(ErrorCode.ERR_NameNotInContext, "CreateTagHelper<global::TestNamespace.InputTagHelper>").WithArguments("CreateTagHelper").WithLocation(198, 46),
// TestFiles/IntegrationTests/CodeGenerationIntegrationTest/DynamicAttributeTagHelpers.cshtml(198,70): error CS0400: The type or namespace name 'TestNamespace' could not be found in the global namespace (are you missing an assembly reference?)
//             __TestNamespace_InputTagHelper = CreateTagHelper<global::TestNamespace.InputTagHelper>();
Diagnostic(ErrorCode.ERR_GlobalSingleTypeNameNotFound, "TestNamespace").WithArguments("TestNamespace").WithLocation(198, 70),
// TestFiles/IntegrationTests/CodeGenerationIntegrationTest/DynamicAttributeTagHelpers.cshtml(221,46): error CS0103: The name 'CreateTagHelper' does not exist in the current context
//             __TestNamespace_InputTagHelper = CreateTagHelper<global::TestNamespace.InputTagHelper>();
Diagnostic(ErrorCode.ERR_NameNotInContext, "CreateTagHelper<global::TestNamespace.InputTagHelper>").WithArguments("CreateTagHelper").WithLocation(221, 46),
// TestFiles/IntegrationTests/CodeGenerationIntegrationTest/DynamicAttributeTagHelpers.cshtml(221,70): error CS0400: The type or namespace name 'TestNamespace' could not be found in the global namespace (are you missing an assembly reference?)
//             __TestNamespace_InputTagHelper = CreateTagHelper<global::TestNamespace.InputTagHelper>();
Diagnostic(ErrorCode.ERR_GlobalSingleTypeNameNotFound, "TestNamespace").WithArguments("TestNamespace").WithLocation(221, 70)