// TestFiles/IntegrationTests/CodeGenerationIntegrationTest/EmptyAttributeTagHelpers.cshtml(4,43): error CS1525: Invalid expression term ';'
// __TestNamespace_InputTagHelper2.Checked = ;
Diagnostic(ErrorCode.ERR_InvalidExprTerm, ";").WithArguments(";").WithLocation(4, 43),
// TestFiles/IntegrationTests/CodeGenerationIntegrationTest/EmptyAttributeTagHelpers.cshtml(5,34): error CS1525: Invalid expression term ';'
// __TestNamespace_PTagHelper.Age = ;
Diagnostic(ErrorCode.ERR_InvalidExprTerm, ";").WithArguments(";").WithLocation(5, 34),
// TestFiles/IntegrationTests/CodeGenerationIntegrationTest/EmptyAttributeTagHelpers.cshtml(6,43): error CS1525: Invalid expression term ';'
// __TestNamespace_InputTagHelper2.Checked = ;
Diagnostic(ErrorCode.ERR_InvalidExprTerm, ";").WithArguments(";").WithLocation(6, 43),
// TestFiles/IntegrationTests/CodeGenerationIntegrationTest/EmptyAttributeTagHelpers.cshtml(10,52): error CS0234: The type or namespace name 'Runtime' does not exist in the namespace 'Microsoft.AspNetCore.Razor' (are you missing an assembly reference?)
//         private global::Microsoft.AspNetCore.Razor.Runtime.TagHelpers.TagHelperExecutionContext __tagHelperExecutionContext;
Diagnostic(ErrorCode.ERR_DottedTypeNameNotFoundInNS, "Runtime").WithArguments("Runtime", "Microsoft.AspNetCore.Razor").WithLocation(10, 52),
// TestFiles/IntegrationTests/CodeGenerationIntegrationTest/EmptyAttributeTagHelpers.cshtml(12,52): error CS0234: The type or namespace name 'Runtime' does not exist in the namespace 'Microsoft.AspNetCore.Razor' (are you missing an assembly reference?)
//         private global::Microsoft.AspNetCore.Razor.Runtime.TagHelpers.TagHelperRunner __tagHelperRunner = new global::Microsoft.AspNetCore.Razor.Runtime.TagHelpers.TagHelperRunner();
Diagnostic(ErrorCode.ERR_DottedTypeNameNotFoundInNS, "Runtime").WithArguments("Runtime", "Microsoft.AspNetCore.Razor").WithLocation(12, 52),
// TestFiles/IntegrationTests/CodeGenerationIntegrationTest/EmptyAttributeTagHelpers.cshtml(12,146): error CS0234: The type or namespace name 'Runtime' does not exist in the namespace 'Microsoft.AspNetCore.Razor' (are you missing an assembly reference?)
//         private global::Microsoft.AspNetCore.Razor.Runtime.TagHelpers.TagHelperRunner __tagHelperRunner = new global::Microsoft.AspNetCore.Razor.Runtime.TagHelpers.TagHelperRunner();
Diagnostic(ErrorCode.ERR_DottedTypeNameNotFoundInNS, "Runtime").WithArguments("Runtime", "Microsoft.AspNetCore.Razor").WithLocation(12, 146),
// TestFiles/IntegrationTests/CodeGenerationIntegrationTest/EmptyAttributeTagHelpers.cshtml(13,25): error CS0400: The type or namespace name 'TestNamespace' could not be found in the global namespace (are you missing an assembly reference?)
//         private global::TestNamespace.InputTagHelper __TestNamespace_InputTagHelper;
Diagnostic(ErrorCode.ERR_GlobalSingleTypeNameNotFound, "TestNamespace").WithArguments("TestNamespace").WithLocation(13, 25),
// TestFiles/IntegrationTests/CodeGenerationIntegrationTest/EmptyAttributeTagHelpers.cshtml(14,25): error CS0400: The type or namespace name 'TestNamespace' could not be found in the global namespace (are you missing an assembly reference?)
//         private global::TestNamespace.InputTagHelper2 __TestNamespace_InputTagHelper2;
Diagnostic(ErrorCode.ERR_GlobalSingleTypeNameNotFound, "TestNamespace").WithArguments("TestNamespace").WithLocation(14, 25),
// TestFiles/IntegrationTests/CodeGenerationIntegrationTest/EmptyAttributeTagHelpers.cshtml(15,25): error CS0400: The type or namespace name 'TestNamespace' could not be found in the global namespace (are you missing an assembly reference?)
//         private global::TestNamespace.PTagHelper __TestNamespace_PTagHelper;
Diagnostic(ErrorCode.ERR_GlobalSingleTypeNameNotFound, "TestNamespace").WithArguments("TestNamespace").WithLocation(15, 25),
// TestFiles/IntegrationTests/CodeGenerationIntegrationTest/EmptyAttributeTagHelpers.cshtml(36,46): error CS0103: The name 'CreateTagHelper' does not exist in the current context
//             __TestNamespace_InputTagHelper = CreateTagHelper<global::TestNamespace.InputTagHelper>();
Diagnostic(ErrorCode.ERR_NameNotInContext, "CreateTagHelper<global::TestNamespace.InputTagHelper>").WithArguments("CreateTagHelper").WithLocation(36, 46),
// TestFiles/IntegrationTests/CodeGenerationIntegrationTest/EmptyAttributeTagHelpers.cshtml(36,70): error CS0400: The type or namespace name 'TestNamespace' could not be found in the global namespace (are you missing an assembly reference?)
//             __TestNamespace_InputTagHelper = CreateTagHelper<global::TestNamespace.InputTagHelper>();
Diagnostic(ErrorCode.ERR_GlobalSingleTypeNameNotFound, "TestNamespace").WithArguments("TestNamespace").WithLocation(36, 70),
// TestFiles/IntegrationTests/CodeGenerationIntegrationTest/EmptyAttributeTagHelpers.cshtml(37,47): error CS0103: The name 'CreateTagHelper' does not exist in the current context
//             __TestNamespace_InputTagHelper2 = CreateTagHelper<global::TestNamespace.InputTagHelper2>();
Diagnostic(ErrorCode.ERR_NameNotInContext, "CreateTagHelper<global::TestNamespace.InputTagHelper2>").WithArguments("CreateTagHelper").WithLocation(37, 47),
// TestFiles/IntegrationTests/CodeGenerationIntegrationTest/EmptyAttributeTagHelpers.cshtml(37,71): error CS0400: The type or namespace name 'TestNamespace' could not be found in the global namespace (are you missing an assembly reference?)
//             __TestNamespace_InputTagHelper2 = CreateTagHelper<global::TestNamespace.InputTagHelper2>();
Diagnostic(ErrorCode.ERR_GlobalSingleTypeNameNotFound, "TestNamespace").WithArguments("TestNamespace").WithLocation(37, 71),
// TestFiles/IntegrationTests/CodeGenerationIntegrationTest/EmptyAttributeTagHelpers.cshtml(48,46): error CS0103: The name 'CreateTagHelper' does not exist in the current context
//             __TestNamespace_InputTagHelper = CreateTagHelper<global::TestNamespace.InputTagHelper>();
Diagnostic(ErrorCode.ERR_NameNotInContext, "CreateTagHelper<global::TestNamespace.InputTagHelper>").WithArguments("CreateTagHelper").WithLocation(48, 46),
// TestFiles/IntegrationTests/CodeGenerationIntegrationTest/EmptyAttributeTagHelpers.cshtml(48,70): error CS0400: The type or namespace name 'TestNamespace' could not be found in the global namespace (are you missing an assembly reference?)
//             __TestNamespace_InputTagHelper = CreateTagHelper<global::TestNamespace.InputTagHelper>();
Diagnostic(ErrorCode.ERR_GlobalSingleTypeNameNotFound, "TestNamespace").WithArguments("TestNamespace").WithLocation(48, 70),
// TestFiles/IntegrationTests/CodeGenerationIntegrationTest/EmptyAttributeTagHelpers.cshtml(49,47): error CS0103: The name 'CreateTagHelper' does not exist in the current context
//             __TestNamespace_InputTagHelper2 = CreateTagHelper<global::TestNamespace.InputTagHelper2>();
Diagnostic(ErrorCode.ERR_NameNotInContext, "CreateTagHelper<global::TestNamespace.InputTagHelper2>").WithArguments("CreateTagHelper").WithLocation(49, 47),
// TestFiles/IntegrationTests/CodeGenerationIntegrationTest/EmptyAttributeTagHelpers.cshtml(49,71): error CS0400: The type or namespace name 'TestNamespace' could not be found in the global namespace (are you missing an assembly reference?)
//             __TestNamespace_InputTagHelper2 = CreateTagHelper<global::TestNamespace.InputTagHelper2>();
Diagnostic(ErrorCode.ERR_GlobalSingleTypeNameNotFound, "TestNamespace").WithArguments("TestNamespace").WithLocation(49, 71),
// TestFiles/IntegrationTests/CodeGenerationIntegrationTest/EmptyAttributeTagHelpers.cshtml(60,42): error CS0103: The name 'CreateTagHelper' does not exist in the current context
//             __TestNamespace_PTagHelper = CreateTagHelper<global::TestNamespace.PTagHelper>();
Diagnostic(ErrorCode.ERR_NameNotInContext, "CreateTagHelper<global::TestNamespace.PTagHelper>").WithArguments("CreateTagHelper").WithLocation(60, 42),
// TestFiles/IntegrationTests/CodeGenerationIntegrationTest/EmptyAttributeTagHelpers.cshtml(60,66): error CS0400: The type or namespace name 'TestNamespace' could not be found in the global namespace (are you missing an assembly reference?)
//             __TestNamespace_PTagHelper = CreateTagHelper<global::TestNamespace.PTagHelper>();
Diagnostic(ErrorCode.ERR_GlobalSingleTypeNameNotFound, "TestNamespace").WithArguments("TestNamespace").WithLocation(60, 66)