// TestFiles/IntegrationTests/CodeGenerationIntegrationTest/EmptyAttributeTagHelpers.cshtml(4,47): error CS0234: The type or namespace name 'Hosting' does not exist in the namespace 'Microsoft.AspNetCore.Razor' (are you missing an assembly reference?)
// [assembly: global::Microsoft.AspNetCore.Razor.Hosting.RazorCompiledItemAttribute(typeof(Microsoft.AspNetCore.Razor.Language.IntegrationTests.TestFiles.TestFiles_IntegrationTests_CodeGenerationIntegrationTest_EmptyAttributeTagHelpers_Runtime), @"default", @"/TestFiles/IntegrationTests/CodeGenerationIntegrationTest/EmptyAttributeTagHelpers.cshtml")]
Diagnostic(ErrorCode.ERR_DottedTypeNameNotFoundInNS, "Hosting").WithArguments("Hosting", "Microsoft.AspNetCore.Razor").WithLocation(4, 47),
// TestFiles/IntegrationTests/CodeGenerationIntegrationTest/EmptyAttributeTagHelpers.cshtml(8,41): error CS0234: The type or namespace name 'Hosting' does not exist in the namespace 'Microsoft.AspNetCore.Razor' (are you missing an assembly reference?)
//     [global::Microsoft.AspNetCore.Razor.Hosting.RazorSourceChecksumAttribute(@"Sha256", @"c4d761efb25f1145e3bafb0566e5b4889a0d28f01dcbeaa9f36bce4ee9cc026d", @"/TestFiles/IntegrationTests/CodeGenerationIntegrationTest/EmptyAttributeTagHelpers.cshtml")]
Diagnostic(ErrorCode.ERR_DottedTypeNameNotFoundInNS, "Hosting").WithArguments("Hosting", "Microsoft.AspNetCore.Razor").WithLocation(8, 41),
// TestFiles/IntegrationTests/CodeGenerationIntegrationTest/EmptyAttributeTagHelpers.cshtml(11,68): error CS0234: The type or namespace name 'TagHelpers' does not exist in the namespace 'Microsoft.AspNetCore.Razor' (are you missing an assembly reference?)
//         private static readonly global::Microsoft.AspNetCore.Razor.TagHelpers.TagHelperAttribute __tagHelperAttribute_0 = new global::Microsoft.AspNetCore.Razor.TagHelpers.TagHelperAttribute("type", "", global::Microsoft.AspNetCore.Razor.TagHelpers.HtmlAttributeValueStyle.DoubleQuotes);
Diagnostic(ErrorCode.ERR_DottedTypeNameNotFoundInNS, "TagHelpers").WithArguments("TagHelpers", "Microsoft.AspNetCore.Razor").WithLocation(11, 68),
// TestFiles/IntegrationTests/CodeGenerationIntegrationTest/EmptyAttributeTagHelpers.cshtml(11,162): error CS0234: The type or namespace name 'TagHelpers' does not exist in the namespace 'Microsoft.AspNetCore.Razor' (are you missing an assembly reference?)
//         private static readonly global::Microsoft.AspNetCore.Razor.TagHelpers.TagHelperAttribute __tagHelperAttribute_0 = new global::Microsoft.AspNetCore.Razor.TagHelpers.TagHelperAttribute("type", "", global::Microsoft.AspNetCore.Razor.TagHelpers.HtmlAttributeValueStyle.DoubleQuotes);
Diagnostic(ErrorCode.ERR_DottedTypeNameNotFoundInNS, "TagHelpers").WithArguments("TagHelpers", "Microsoft.AspNetCore.Razor").WithLocation(11, 162),
// TestFiles/IntegrationTests/CodeGenerationIntegrationTest/EmptyAttributeTagHelpers.cshtml(11,204): error CS0234: The type or namespace name 'TagHelpers' does not exist in the namespace 'Microsoft.AspNetCore.Razor' (are you missing an assembly reference?)
//         private static readonly global::Microsoft.AspNetCore.Razor.TagHelpers.TagHelperAttribute __tagHelperAttribute_0 = new global::Microsoft.AspNetCore.Razor.TagHelpers.TagHelperAttribute("type", "", global::Microsoft.AspNetCore.Razor.TagHelpers.HtmlAttributeValueStyle.DoubleQuotes);
Diagnostic(ErrorCode.ERR_DottedTypeNameNotFoundInNS, "global::Microsoft.AspNetCore.Razor.TagHelpers").WithArguments("TagHelpers", "Microsoft.AspNetCore.Razor").WithLocation(11, 204),
// TestFiles/IntegrationTests/CodeGenerationIntegrationTest/EmptyAttributeTagHelpers.cshtml(12,68): error CS0234: The type or namespace name 'TagHelpers' does not exist in the namespace 'Microsoft.AspNetCore.Razor' (are you missing an assembly reference?)
//         private static readonly global::Microsoft.AspNetCore.Razor.TagHelpers.TagHelperAttribute __tagHelperAttribute_1 = new global::Microsoft.AspNetCore.Razor.TagHelpers.TagHelperAttribute("class", new global::Microsoft.AspNetCore.Html.HtmlString(""), global::Microsoft.AspNetCore.Razor.TagHelpers.HtmlAttributeValueStyle.DoubleQuotes);
Diagnostic(ErrorCode.ERR_DottedTypeNameNotFoundInNS, "TagHelpers").WithArguments("TagHelpers", "Microsoft.AspNetCore.Razor").WithLocation(12, 68),
// TestFiles/IntegrationTests/CodeGenerationIntegrationTest/EmptyAttributeTagHelpers.cshtml(12,162): error CS0234: The type or namespace name 'TagHelpers' does not exist in the namespace 'Microsoft.AspNetCore.Razor' (are you missing an assembly reference?)
//         private static readonly global::Microsoft.AspNetCore.Razor.TagHelpers.TagHelperAttribute __tagHelperAttribute_1 = new global::Microsoft.AspNetCore.Razor.TagHelpers.TagHelperAttribute("class", new global::Microsoft.AspNetCore.Html.HtmlString(""), global::Microsoft.AspNetCore.Razor.TagHelpers.HtmlAttributeValueStyle.DoubleQuotes);
Diagnostic(ErrorCode.ERR_DottedTypeNameNotFoundInNS, "TagHelpers").WithArguments("TagHelpers", "Microsoft.AspNetCore.Razor").WithLocation(12, 162),
// TestFiles/IntegrationTests/CodeGenerationIntegrationTest/EmptyAttributeTagHelpers.cshtml(12,234): error CS0234: The type or namespace name 'Html' does not exist in the namespace 'Microsoft.AspNetCore' (are you missing an assembly reference?)
//         private static readonly global::Microsoft.AspNetCore.Razor.TagHelpers.TagHelperAttribute __tagHelperAttribute_1 = new global::Microsoft.AspNetCore.Razor.TagHelpers.TagHelperAttribute("class", new global::Microsoft.AspNetCore.Html.HtmlString(""), global::Microsoft.AspNetCore.Razor.TagHelpers.HtmlAttributeValueStyle.DoubleQuotes);
Diagnostic(ErrorCode.ERR_DottedTypeNameNotFoundInNS, "Html").WithArguments("Html", "Microsoft.AspNetCore").WithLocation(12, 234),
// TestFiles/IntegrationTests/CodeGenerationIntegrationTest/EmptyAttributeTagHelpers.cshtml(12,255): error CS0234: The type or namespace name 'TagHelpers' does not exist in the namespace 'Microsoft.AspNetCore.Razor' (are you missing an assembly reference?)
//         private static readonly global::Microsoft.AspNetCore.Razor.TagHelpers.TagHelperAttribute __tagHelperAttribute_1 = new global::Microsoft.AspNetCore.Razor.TagHelpers.TagHelperAttribute("class", new global::Microsoft.AspNetCore.Html.HtmlString(""), global::Microsoft.AspNetCore.Razor.TagHelpers.HtmlAttributeValueStyle.DoubleQuotes);
Diagnostic(ErrorCode.ERR_DottedTypeNameNotFoundInNS, "global::Microsoft.AspNetCore.Razor.TagHelpers").WithArguments("TagHelpers", "Microsoft.AspNetCore.Razor").WithLocation(12, 255),
// TestFiles/IntegrationTests/CodeGenerationIntegrationTest/EmptyAttributeTagHelpers.cshtml(15,52): error CS0234: The type or namespace name 'Runtime' does not exist in the namespace 'Microsoft.AspNetCore.Razor' (are you missing an assembly reference?)
//         private global::Microsoft.AspNetCore.Razor.Runtime.TagHelpers.TagHelperExecutionContext __tagHelperExecutionContext;
Diagnostic(ErrorCode.ERR_DottedTypeNameNotFoundInNS, "Runtime").WithArguments("Runtime", "Microsoft.AspNetCore.Razor").WithLocation(15, 52),
// TestFiles/IntegrationTests/CodeGenerationIntegrationTest/EmptyAttributeTagHelpers.cshtml(17,52): error CS0234: The type or namespace name 'Runtime' does not exist in the namespace 'Microsoft.AspNetCore.Razor' (are you missing an assembly reference?)
//         private global::Microsoft.AspNetCore.Razor.Runtime.TagHelpers.TagHelperRunner __tagHelperRunner = new global::Microsoft.AspNetCore.Razor.Runtime.TagHelpers.TagHelperRunner();
Diagnostic(ErrorCode.ERR_DottedTypeNameNotFoundInNS, "Runtime").WithArguments("Runtime", "Microsoft.AspNetCore.Razor").WithLocation(17, 52),
// TestFiles/IntegrationTests/CodeGenerationIntegrationTest/EmptyAttributeTagHelpers.cshtml(17,146): error CS0234: The type or namespace name 'Runtime' does not exist in the namespace 'Microsoft.AspNetCore.Razor' (are you missing an assembly reference?)
//         private global::Microsoft.AspNetCore.Razor.Runtime.TagHelpers.TagHelperRunner __tagHelperRunner = new global::Microsoft.AspNetCore.Razor.Runtime.TagHelpers.TagHelperRunner();
Diagnostic(ErrorCode.ERR_DottedTypeNameNotFoundInNS, "Runtime").WithArguments("Runtime", "Microsoft.AspNetCore.Razor").WithLocation(17, 146),
// TestFiles/IntegrationTests/CodeGenerationIntegrationTest/EmptyAttributeTagHelpers.cshtml(21,52): error CS0234: The type or namespace name 'Runtime' does not exist in the namespace 'Microsoft.AspNetCore.Razor' (are you missing an assembly reference?)
//         private global::Microsoft.AspNetCore.Razor.Runtime.TagHelpers.TagHelperScopeManager __backed__tagHelperScopeManager = null;
Diagnostic(ErrorCode.ERR_DottedTypeNameNotFoundInNS, "Runtime").WithArguments("Runtime", "Microsoft.AspNetCore.Razor").WithLocation(21, 52),
// TestFiles/IntegrationTests/CodeGenerationIntegrationTest/EmptyAttributeTagHelpers.cshtml(22,52): error CS0234: The type or namespace name 'Runtime' does not exist in the namespace 'Microsoft.AspNetCore.Razor' (are you missing an assembly reference?)
//         private global::Microsoft.AspNetCore.Razor.Runtime.TagHelpers.TagHelperScopeManager __tagHelperScopeManager
Diagnostic(ErrorCode.ERR_DottedTypeNameNotFoundInNS, "Runtime").WithArguments("Runtime", "Microsoft.AspNetCore.Razor").WithLocation(22, 52),
// TestFiles/IntegrationTests/CodeGenerationIntegrationTest/EmptyAttributeTagHelpers.cshtml(28,94): error CS0234: The type or namespace name 'Runtime' does not exist in the namespace 'Microsoft.AspNetCore.Razor' (are you missing an assembly reference?)
//                     __backed__tagHelperScopeManager = new global::Microsoft.AspNetCore.Razor.Runtime.TagHelpers.TagHelperScopeManager(StartTagHelperWritingScope, EndTagHelperWritingScope);
Diagnostic(ErrorCode.ERR_DottedTypeNameNotFoundInNS, "Runtime").WithArguments("Runtime", "Microsoft.AspNetCore.Razor").WithLocation(28, 94),
// TestFiles/IntegrationTests/CodeGenerationIntegrationTest/EmptyAttributeTagHelpers.cshtml(28,135): error CS0103: The name 'StartTagHelperWritingScope' does not exist in the current context
//                     __backed__tagHelperScopeManager = new global::Microsoft.AspNetCore.Razor.Runtime.TagHelpers.TagHelperScopeManager(StartTagHelperWritingScope, EndTagHelperWritingScope);
Diagnostic(ErrorCode.ERR_NameNotInContext, "StartTagHelperWritingScope").WithArguments("StartTagHelperWritingScope").WithLocation(28, 135),
// TestFiles/IntegrationTests/CodeGenerationIntegrationTest/EmptyAttributeTagHelpers.cshtml(28,163): error CS0103: The name 'EndTagHelperWritingScope' does not exist in the current context
//                     __backed__tagHelperScopeManager = new global::Microsoft.AspNetCore.Razor.Runtime.TagHelpers.TagHelperScopeManager(StartTagHelperWritingScope, EndTagHelperWritingScope);
Diagnostic(ErrorCode.ERR_NameNotInContext, "EndTagHelperWritingScope").WithArguments("EndTagHelperWritingScope").WithLocation(28, 163),
// TestFiles/IntegrationTests/CodeGenerationIntegrationTest/EmptyAttributeTagHelpers.cshtml(33,25): error CS0400: The type or namespace name 'TestNamespace' could not be found in the global namespace (are you missing an assembly reference?)
//         private global::TestNamespace.InputTagHelper __TestNamespace_InputTagHelper;
Diagnostic(ErrorCode.ERR_GlobalSingleTypeNameNotFound, "TestNamespace").WithArguments("TestNamespace").WithLocation(33, 25),
// TestFiles/IntegrationTests/CodeGenerationIntegrationTest/EmptyAttributeTagHelpers.cshtml(34,25): error CS0400: The type or namespace name 'TestNamespace' could not be found in the global namespace (are you missing an assembly reference?)
//         private global::TestNamespace.InputTagHelper2 __TestNamespace_InputTagHelper2;
Diagnostic(ErrorCode.ERR_GlobalSingleTypeNameNotFound, "TestNamespace").WithArguments("TestNamespace").WithLocation(34, 25),
// TestFiles/IntegrationTests/CodeGenerationIntegrationTest/EmptyAttributeTagHelpers.cshtml(35,25): error CS0400: The type or namespace name 'TestNamespace' could not be found in the global namespace (are you missing an assembly reference?)
//         private global::TestNamespace.PTagHelper __TestNamespace_PTagHelper;
Diagnostic(ErrorCode.ERR_GlobalSingleTypeNameNotFound, "TestNamespace").WithArguments("TestNamespace").WithLocation(35, 25),
// TestFiles/IntegrationTests/CodeGenerationIntegrationTest/EmptyAttributeTagHelpers.cshtml(39,13): error CS0103: The name 'WriteLiteral' does not exist in the current context
//             WriteLiteral("\r\n<div>\r\n    ");
Diagnostic(ErrorCode.ERR_NameNotInContext, "WriteLiteral").WithArguments("WriteLiteral").WithLocation(39, 13),
// TestFiles/IntegrationTests/CodeGenerationIntegrationTest/EmptyAttributeTagHelpers.cshtml(40,82): error CS0234: The type or namespace name 'TagHelpers' does not exist in the namespace 'Microsoft.AspNetCore.Razor' (are you missing an assembly reference?)
//             __tagHelperExecutionContext = __tagHelperScopeManager.Begin("input", global::Microsoft.AspNetCore.Razor.TagHelpers.TagMode.SelfClosing, "test", async() => {
Diagnostic(ErrorCode.ERR_DottedTypeNameNotFoundInNS, "global::Microsoft.AspNetCore.Razor.TagHelpers").WithArguments("TagHelpers", "Microsoft.AspNetCore.Razor").WithLocation(40, 82),
// TestFiles/IntegrationTests/CodeGenerationIntegrationTest/EmptyAttributeTagHelpers.cshtml(43,46): error CS0103: The name 'CreateTagHelper' does not exist in the current context
//             __TestNamespace_InputTagHelper = CreateTagHelper<global::TestNamespace.InputTagHelper>();
Diagnostic(ErrorCode.ERR_NameNotInContext, "CreateTagHelper<global::TestNamespace.InputTagHelper>").WithArguments("CreateTagHelper").WithLocation(43, 46),
// TestFiles/IntegrationTests/CodeGenerationIntegrationTest/EmptyAttributeTagHelpers.cshtml(43,70): error CS0400: The type or namespace name 'TestNamespace' could not be found in the global namespace (are you missing an assembly reference?)
//             __TestNamespace_InputTagHelper = CreateTagHelper<global::TestNamespace.InputTagHelper>();
Diagnostic(ErrorCode.ERR_GlobalSingleTypeNameNotFound, "TestNamespace").WithArguments("TestNamespace").WithLocation(43, 70),
// TestFiles/IntegrationTests/CodeGenerationIntegrationTest/EmptyAttributeTagHelpers.cshtml(45,47): error CS0103: The name 'CreateTagHelper' does not exist in the current context
//             __TestNamespace_InputTagHelper2 = CreateTagHelper<global::TestNamespace.InputTagHelper2>();
Diagnostic(ErrorCode.ERR_NameNotInContext, "CreateTagHelper<global::TestNamespace.InputTagHelper2>").WithArguments("CreateTagHelper").WithLocation(45, 47),
// TestFiles/IntegrationTests/CodeGenerationIntegrationTest/EmptyAttributeTagHelpers.cshtml(45,71): error CS0400: The type or namespace name 'TestNamespace' could not be found in the global namespace (are you missing an assembly reference?)
//             __TestNamespace_InputTagHelper2 = CreateTagHelper<global::TestNamespace.InputTagHelper2>();
Diagnostic(ErrorCode.ERR_GlobalSingleTypeNameNotFound, "TestNamespace").WithArguments("TestNamespace").WithLocation(45, 71),
// TestFiles/IntegrationTests/CodeGenerationIntegrationTest/EmptyAttributeTagHelpers.cshtml(51,54): error CS1525: Invalid expression term ';'
//             __TestNamespace_InputTagHelper2.Checked = 
Diagnostic(ErrorCode.ERR_InvalidExprTerm, "").WithArguments(";").WithLocation(51, 54),
// TestFiles/IntegrationTests/CodeGenerationIntegrationTest/EmptyAttributeTagHelpers.cshtml(59,115): error CS0234: The type or namespace name 'TagHelpers' does not exist in the namespace 'Microsoft.AspNetCore.Razor' (are you missing an assembly reference?)
//             __tagHelperExecutionContext.AddTagHelperAttribute("checked", __TestNamespace_InputTagHelper2.Checked, global::Microsoft.AspNetCore.Razor.TagHelpers.HtmlAttributeValueStyle.DoubleQuotes);
Diagnostic(ErrorCode.ERR_DottedTypeNameNotFoundInNS, "global::Microsoft.AspNetCore.Razor.TagHelpers").WithArguments("TagHelpers", "Microsoft.AspNetCore.Razor").WithLocation(59, 115),
// TestFiles/IntegrationTests/CodeGenerationIntegrationTest/EmptyAttributeTagHelpers.cshtml(66,13): error CS0103: The name 'Write' does not exist in the current context
//             Write(__tagHelperExecutionContext.Output);
Diagnostic(ErrorCode.ERR_NameNotInContext, "Write").WithArguments("Write").WithLocation(66, 13),
// TestFiles/IntegrationTests/CodeGenerationIntegrationTest/EmptyAttributeTagHelpers.cshtml(68,13): error CS0103: The name 'WriteLiteral' does not exist in the current context
//             WriteLiteral("\r\n    ");
Diagnostic(ErrorCode.ERR_NameNotInContext, "WriteLiteral").WithArguments("WriteLiteral").WithLocation(68, 13),
// TestFiles/IntegrationTests/CodeGenerationIntegrationTest/EmptyAttributeTagHelpers.cshtml(69,78): error CS0234: The type or namespace name 'TagHelpers' does not exist in the namespace 'Microsoft.AspNetCore.Razor' (are you missing an assembly reference?)
//             __tagHelperExecutionContext = __tagHelperScopeManager.Begin("p", global::Microsoft.AspNetCore.Razor.TagHelpers.TagMode.StartTagAndEndTag, "test", async() => {
Diagnostic(ErrorCode.ERR_DottedTypeNameNotFoundInNS, "global::Microsoft.AspNetCore.Razor.TagHelpers").WithArguments("TagHelpers", "Microsoft.AspNetCore.Razor").WithLocation(69, 78),
// TestFiles/IntegrationTests/CodeGenerationIntegrationTest/EmptyAttributeTagHelpers.cshtml(82,58): error CS1525: Invalid expression term ';'
//                 __TestNamespace_InputTagHelper2.Checked = 
Diagnostic(ErrorCode.ERR_InvalidExprTerm, "").WithArguments(";").WithLocation(82, 58),
// TestFiles/IntegrationTests/CodeGenerationIntegrationTest/EmptyAttributeTagHelpers.cshtml(102,42): error CS0103: The name 'CreateTagHelper' does not exist in the current context
//             __TestNamespace_PTagHelper = CreateTagHelper<global::TestNamespace.PTagHelper>();
Diagnostic(ErrorCode.ERR_NameNotInContext, "CreateTagHelper<global::TestNamespace.PTagHelper>").WithArguments("CreateTagHelper").WithLocation(102, 42),
// TestFiles/IntegrationTests/CodeGenerationIntegrationTest/EmptyAttributeTagHelpers.cshtml(102,66): error CS0400: The type or namespace name 'TestNamespace' could not be found in the global namespace (are you missing an assembly reference?)
//             __TestNamespace_PTagHelper = CreateTagHelper<global::TestNamespace.PTagHelper>();
Diagnostic(ErrorCode.ERR_GlobalSingleTypeNameNotFound, "TestNamespace").WithArguments("TestNamespace").WithLocation(102, 66),
// TestFiles/IntegrationTests/CodeGenerationIntegrationTest/EmptyAttributeTagHelpers.cshtml(104,45): error CS1525: Invalid expression term ';'
//             __TestNamespace_PTagHelper.Age = 
Diagnostic(ErrorCode.ERR_InvalidExprTerm, "").WithArguments(";").WithLocation(104, 45),
// TestFiles/IntegrationTests/CodeGenerationIntegrationTest/EmptyAttributeTagHelpers.cshtml(112,102): error CS0234: The type or namespace name 'TagHelpers' does not exist in the namespace 'Microsoft.AspNetCore.Razor' (are you missing an assembly reference?)
//             __tagHelperExecutionContext.AddTagHelperAttribute("age", __TestNamespace_PTagHelper.Age, global::Microsoft.AspNetCore.Razor.TagHelpers.HtmlAttributeValueStyle.SingleQuotes);
Diagnostic(ErrorCode.ERR_DottedTypeNameNotFoundInNS, "global::Microsoft.AspNetCore.Razor.TagHelpers").WithArguments("TagHelpers", "Microsoft.AspNetCore.Razor").WithLocation(112, 102),
// TestFiles/IntegrationTests/CodeGenerationIntegrationTest/EmptyAttributeTagHelpers.cshtml(118,13): error CS0103: The name 'Write' does not exist in the current context
//             Write(__tagHelperExecutionContext.Output);
Diagnostic(ErrorCode.ERR_NameNotInContext, "Write").WithArguments("Write").WithLocation(118, 13),
// TestFiles/IntegrationTests/CodeGenerationIntegrationTest/EmptyAttributeTagHelpers.cshtml(120,13): error CS0103: The name 'WriteLiteral' does not exist in the current context
//             WriteLiteral("\r\n</div>");
Diagnostic(ErrorCode.ERR_NameNotInContext, "WriteLiteral").WithArguments("WriteLiteral").WithLocation(120, 13)