// TestFiles/IntegrationTests/CodeGenerationIntegrationTest/EmptyCodeBlock.cshtml(4,47): error CS0234: The type or namespace name 'Hosting' does not exist in the namespace 'Microsoft.AspNetCore.Razor' (are you missing an assembly reference?)
// [assembly: global::Microsoft.AspNetCore.Razor.Hosting.RazorCompiledItemAttribute(typeof(Microsoft.AspNetCore.Razor.Language.IntegrationTests.TestFiles.TestFiles_IntegrationTests_CodeGenerationIntegrationTest_EmptyCodeBlock_Runtime), @"default", @"/TestFiles/IntegrationTests/CodeGenerationIntegrationTest/EmptyCodeBlock.cshtml")]
Diagnostic(ErrorCode.ERR_DottedTypeNameNotFoundInNS, "Hosting").WithArguments("Hosting", "Microsoft.AspNetCore.Razor").WithLocation(4, 47),
// TestFiles/IntegrationTests/CodeGenerationIntegrationTest/EmptyCodeBlock.cshtml(8,41): error CS0234: The type or namespace name 'Hosting' does not exist in the namespace 'Microsoft.AspNetCore.Razor' (are you missing an assembly reference?)
//     [global::Microsoft.AspNetCore.Razor.Hosting.RazorSourceChecksumAttribute(@"Sha256", @"16b0a230405bddf39e1d1cb49449db91ec2b2ebc7f619f5f3ae013391cc2307f", @"/TestFiles/IntegrationTests/CodeGenerationIntegrationTest/EmptyCodeBlock.cshtml")]
Diagnostic(ErrorCode.ERR_DottedTypeNameNotFoundInNS, "Hosting").WithArguments("Hosting", "Microsoft.AspNetCore.Razor").WithLocation(8, 41),
// TestFiles/IntegrationTests/CodeGenerationIntegrationTest/EmptyCodeBlock.cshtml(14,13): error CS0103: The name 'WriteLiteral' does not exist in the current context
//             WriteLiteral("This is markup\r\n\r\n");
Diagnostic(ErrorCode.ERR_NameNotInContext, "WriteLiteral").WithArguments("WriteLiteral").WithLocation(14, 13)