// TestFiles/IntegrationTests/CodeGenerationIntegrationTest/EnumTagHelpers.cshtml(4,21): error CS0103: The name 'MyEnum' does not exist in the current context
//     var enumValue = MyEnum.MyValue;
Diagnostic(ErrorCode.ERR_NameNotInContext, "MyEnum").WithArguments("MyEnum").WithLocation(4, 21),
// TestFiles/IntegrationTests/CodeGenerationIntegrationTest/EnumTagHelpers.cshtml(4,47): error CS0234: The type or namespace name 'Hosting' does not exist in the namespace 'Microsoft.AspNetCore.Razor' (are you missing an assembly reference?)
// [assembly: global::Microsoft.AspNetCore.Razor.Hosting.RazorCompiledItemAttribute(typeof(Microsoft.AspNetCore.Razor.Language.IntegrationTests.TestFiles.TestFiles_IntegrationTests_CodeGenerationIntegrationTest_EnumTagHelpers_Runtime), @"default", @"/TestFiles/IntegrationTests/CodeGenerationIntegrationTest/EnumTagHelpers.cshtml")]
Diagnostic(ErrorCode.ERR_DottedTypeNameNotFoundInNS, "Hosting").WithArguments("Hosting", "Microsoft.AspNetCore.Razor").WithLocation(4, 47),
// TestFiles/IntegrationTests/CodeGenerationIntegrationTest/EnumTagHelpers.cshtml(7,16): error CS0103: The name 'MyEnum' does not exist in the current context
// MyEnum.MyValue
Diagnostic(ErrorCode.ERR_NameNotInContext, "MyEnum").WithArguments("MyEnum").WithLocation(7, 16),
// TestFiles/IntegrationTests/CodeGenerationIntegrationTest/EnumTagHelpers.cshtml(8,16): error CS0103: The name 'MyEnum' does not exist in the current context
// MyEnum.MySecondValue
Diagnostic(ErrorCode.ERR_NameNotInContext, "MyEnum").WithArguments("MyEnum").WithLocation(8, 16),
// TestFiles/IntegrationTests/CodeGenerationIntegrationTest/EnumTagHelpers.cshtml(8,41): error CS0234: The type or namespace name 'Hosting' does not exist in the namespace 'Microsoft.AspNetCore.Razor' (are you missing an assembly reference?)
//     [global::Microsoft.AspNetCore.Razor.Hosting.RazorSourceChecksumAttribute(@"Sha256", @"77f2d2a6c05eb6fd6b50ca4e425c887ee527eddaca21ae01f7c0288ab53bff45", @"/TestFiles/IntegrationTests/CodeGenerationIntegrationTest/EnumTagHelpers.cshtml")]
Diagnostic(ErrorCode.ERR_DottedTypeNameNotFoundInNS, "Hosting").WithArguments("Hosting", "Microsoft.AspNetCore.Razor").WithLocation(8, 41),
// TestFiles/IntegrationTests/CodeGenerationIntegrationTest/EnumTagHelpers.cshtml(13,52): error CS0234: The type or namespace name 'Runtime' does not exist in the namespace 'Microsoft.AspNetCore.Razor' (are you missing an assembly reference?)
//         private global::Microsoft.AspNetCore.Razor.Runtime.TagHelpers.TagHelperExecutionContext __tagHelperExecutionContext;
Diagnostic(ErrorCode.ERR_DottedTypeNameNotFoundInNS, "Runtime").WithArguments("Runtime", "Microsoft.AspNetCore.Razor").WithLocation(13, 52),
// TestFiles/IntegrationTests/CodeGenerationIntegrationTest/EnumTagHelpers.cshtml(15,52): error CS0234: The type or namespace name 'Runtime' does not exist in the namespace 'Microsoft.AspNetCore.Razor' (are you missing an assembly reference?)
//         private global::Microsoft.AspNetCore.Razor.Runtime.TagHelpers.TagHelperRunner __tagHelperRunner = new global::Microsoft.AspNetCore.Razor.Runtime.TagHelpers.TagHelperRunner();
Diagnostic(ErrorCode.ERR_DottedTypeNameNotFoundInNS, "Runtime").WithArguments("Runtime", "Microsoft.AspNetCore.Razor").WithLocation(15, 52),
// TestFiles/IntegrationTests/CodeGenerationIntegrationTest/EnumTagHelpers.cshtml(15,146): error CS0234: The type or namespace name 'Runtime' does not exist in the namespace 'Microsoft.AspNetCore.Razor' (are you missing an assembly reference?)
//         private global::Microsoft.AspNetCore.Razor.Runtime.TagHelpers.TagHelperRunner __tagHelperRunner = new global::Microsoft.AspNetCore.Razor.Runtime.TagHelpers.TagHelperRunner();
Diagnostic(ErrorCode.ERR_DottedTypeNameNotFoundInNS, "Runtime").WithArguments("Runtime", "Microsoft.AspNetCore.Razor").WithLocation(15, 146),
// TestFiles/IntegrationTests/CodeGenerationIntegrationTest/EnumTagHelpers.cshtml(19,52): error CS0234: The type or namespace name 'Runtime' does not exist in the namespace 'Microsoft.AspNetCore.Razor' (are you missing an assembly reference?)
//         private global::Microsoft.AspNetCore.Razor.Runtime.TagHelpers.TagHelperScopeManager __backed__tagHelperScopeManager = null;
Diagnostic(ErrorCode.ERR_DottedTypeNameNotFoundInNS, "Runtime").WithArguments("Runtime", "Microsoft.AspNetCore.Razor").WithLocation(19, 52),
// TestFiles/IntegrationTests/CodeGenerationIntegrationTest/EnumTagHelpers.cshtml(20,52): error CS0234: The type or namespace name 'Runtime' does not exist in the namespace 'Microsoft.AspNetCore.Razor' (are you missing an assembly reference?)
//         private global::Microsoft.AspNetCore.Razor.Runtime.TagHelpers.TagHelperScopeManager __tagHelperScopeManager
Diagnostic(ErrorCode.ERR_DottedTypeNameNotFoundInNS, "Runtime").WithArguments("Runtime", "Microsoft.AspNetCore.Razor").WithLocation(20, 52),
// TestFiles/IntegrationTests/CodeGenerationIntegrationTest/EnumTagHelpers.cshtml(26,94): error CS0234: The type or namespace name 'Runtime' does not exist in the namespace 'Microsoft.AspNetCore.Razor' (are you missing an assembly reference?)
//                     __backed__tagHelperScopeManager = new global::Microsoft.AspNetCore.Razor.Runtime.TagHelpers.TagHelperScopeManager(StartTagHelperWritingScope, EndTagHelperWritingScope);
Diagnostic(ErrorCode.ERR_DottedTypeNameNotFoundInNS, "Runtime").WithArguments("Runtime", "Microsoft.AspNetCore.Razor").WithLocation(26, 94),
// TestFiles/IntegrationTests/CodeGenerationIntegrationTest/EnumTagHelpers.cshtml(26,135): error CS0103: The name 'StartTagHelperWritingScope' does not exist in the current context
//                     __backed__tagHelperScopeManager = new global::Microsoft.AspNetCore.Razor.Runtime.TagHelpers.TagHelperScopeManager(StartTagHelperWritingScope, EndTagHelperWritingScope);
Diagnostic(ErrorCode.ERR_NameNotInContext, "StartTagHelperWritingScope").WithArguments("StartTagHelperWritingScope").WithLocation(26, 135),
// TestFiles/IntegrationTests/CodeGenerationIntegrationTest/EnumTagHelpers.cshtml(26,163): error CS0103: The name 'EndTagHelperWritingScope' does not exist in the current context
//                     __backed__tagHelperScopeManager = new global::Microsoft.AspNetCore.Razor.Runtime.TagHelpers.TagHelperScopeManager(StartTagHelperWritingScope, EndTagHelperWritingScope);
Diagnostic(ErrorCode.ERR_NameNotInContext, "EndTagHelperWritingScope").WithArguments("EndTagHelperWritingScope").WithLocation(26, 163),
// TestFiles/IntegrationTests/CodeGenerationIntegrationTest/EnumTagHelpers.cshtml(31,25): error CS0400: The type or namespace name 'TestNamespace' could not be found in the global namespace (are you missing an assembly reference?)
//         private global::TestNamespace.InputTagHelper __TestNamespace_InputTagHelper;
Diagnostic(ErrorCode.ERR_GlobalSingleTypeNameNotFound, "TestNamespace").WithArguments("TestNamespace").WithLocation(31, 25),
// TestFiles/IntegrationTests/CodeGenerationIntegrationTest/EnumTagHelpers.cshtml(32,25): error CS0400: The type or namespace name 'TestNamespace' could not be found in the global namespace (are you missing an assembly reference?)
//         private global::TestNamespace.CatchAllTagHelper __TestNamespace_CatchAllTagHelper;
Diagnostic(ErrorCode.ERR_GlobalSingleTypeNameNotFound, "TestNamespace").WithArguments("TestNamespace").WithLocation(32, 25),
// TestFiles/IntegrationTests/CodeGenerationIntegrationTest/EnumTagHelpers.cshtml(36,13): error CS0103: The name 'WriteLiteral' does not exist in the current context
//             WriteLiteral("\r\n");
Diagnostic(ErrorCode.ERR_NameNotInContext, "WriteLiteral").WithArguments("WriteLiteral").WithLocation(36, 13),
// TestFiles/IntegrationTests/CodeGenerationIntegrationTest/EnumTagHelpers.cshtml(46,13): error CS0103: The name 'WriteLiteral' does not exist in the current context
//             WriteLiteral("\r\n");
Diagnostic(ErrorCode.ERR_NameNotInContext, "WriteLiteral").WithArguments("WriteLiteral").WithLocation(46, 13),
// TestFiles/IntegrationTests/CodeGenerationIntegrationTest/EnumTagHelpers.cshtml(47,82): error CS0234: The type or namespace name 'TagHelpers' does not exist in the namespace 'Microsoft.AspNetCore.Razor' (are you missing an assembly reference?)
//             __tagHelperExecutionContext = __tagHelperScopeManager.Begin("input", global::Microsoft.AspNetCore.Razor.TagHelpers.TagMode.SelfClosing, "test", async() => {
Diagnostic(ErrorCode.ERR_DottedTypeNameNotFoundInNS, "global::Microsoft.AspNetCore.Razor.TagHelpers").WithArguments("TagHelpers", "Microsoft.AspNetCore.Razor").WithLocation(47, 82),
// TestFiles/IntegrationTests/CodeGenerationIntegrationTest/EnumTagHelpers.cshtml(50,46): error CS0103: The name 'CreateTagHelper' does not exist in the current context
//             __TestNamespace_InputTagHelper = CreateTagHelper<global::TestNamespace.InputTagHelper>();
Diagnostic(ErrorCode.ERR_NameNotInContext, "CreateTagHelper<global::TestNamespace.InputTagHelper>").WithArguments("CreateTagHelper").WithLocation(50, 46),
// TestFiles/IntegrationTests/CodeGenerationIntegrationTest/EnumTagHelpers.cshtml(50,70): error CS0400: The type or namespace name 'TestNamespace' could not be found in the global namespace (are you missing an assembly reference?)
//             __TestNamespace_InputTagHelper = CreateTagHelper<global::TestNamespace.InputTagHelper>();
Diagnostic(ErrorCode.ERR_GlobalSingleTypeNameNotFound, "TestNamespace").WithArguments("TestNamespace").WithLocation(50, 70),
// TestFiles/IntegrationTests/CodeGenerationIntegrationTest/EnumTagHelpers.cshtml(52,49): error CS0103: The name 'CreateTagHelper' does not exist in the current context
//             __TestNamespace_CatchAllTagHelper = CreateTagHelper<global::TestNamespace.CatchAllTagHelper>();
Diagnostic(ErrorCode.ERR_NameNotInContext, "CreateTagHelper<global::TestNamespace.CatchAllTagHelper>").WithArguments("CreateTagHelper").WithLocation(52, 49),
// TestFiles/IntegrationTests/CodeGenerationIntegrationTest/EnumTagHelpers.cshtml(52,73): error CS0400: The type or namespace name 'TestNamespace' could not be found in the global namespace (are you missing an assembly reference?)
//             __TestNamespace_CatchAllTagHelper = CreateTagHelper<global::TestNamespace.CatchAllTagHelper>();
Diagnostic(ErrorCode.ERR_GlobalSingleTypeNameNotFound, "TestNamespace").WithArguments("TestNamespace").WithLocation(52, 73),
// TestFiles/IntegrationTests/CodeGenerationIntegrationTest/EnumTagHelpers.cshtml(63,110): error CS0234: The type or namespace name 'TagHelpers' does not exist in the namespace 'Microsoft.AspNetCore.Razor' (are you missing an assembly reference?)
//             __tagHelperExecutionContext.AddTagHelperAttribute("value", __TestNamespace_InputTagHelper.Value, global::Microsoft.AspNetCore.Razor.TagHelpers.HtmlAttributeValueStyle.DoubleQuotes);
Diagnostic(ErrorCode.ERR_DottedTypeNameNotFoundInNS, "global::Microsoft.AspNetCore.Razor.TagHelpers").WithArguments("TagHelpers", "Microsoft.AspNetCore.Razor").WithLocation(63, 110),
// TestFiles/IntegrationTests/CodeGenerationIntegrationTest/EnumTagHelpers.cshtml(69,13): error CS0103: The name 'Write' does not exist in the current context
//             Write(__tagHelperExecutionContext.Output);
Diagnostic(ErrorCode.ERR_NameNotInContext, "Write").WithArguments("Write").WithLocation(69, 13),
// TestFiles/IntegrationTests/CodeGenerationIntegrationTest/EnumTagHelpers.cshtml(71,13): error CS0103: The name 'WriteLiteral' does not exist in the current context
//             WriteLiteral("\r\n");
Diagnostic(ErrorCode.ERR_NameNotInContext, "WriteLiteral").WithArguments("WriteLiteral").WithLocation(71, 13),
// TestFiles/IntegrationTests/CodeGenerationIntegrationTest/EnumTagHelpers.cshtml(72,82): error CS0234: The type or namespace name 'TagHelpers' does not exist in the namespace 'Microsoft.AspNetCore.Razor' (are you missing an assembly reference?)
//             __tagHelperExecutionContext = __tagHelperScopeManager.Begin("input", global::Microsoft.AspNetCore.Razor.TagHelpers.TagMode.SelfClosing, "test", async() => {
Diagnostic(ErrorCode.ERR_DottedTypeNameNotFoundInNS, "global::Microsoft.AspNetCore.Razor.TagHelpers").WithArguments("TagHelpers", "Microsoft.AspNetCore.Razor").WithLocation(72, 82),
// TestFiles/IntegrationTests/CodeGenerationIntegrationTest/EnumTagHelpers.cshtml(75,46): error CS0103: The name 'CreateTagHelper' does not exist in the current context
//             __TestNamespace_InputTagHelper = CreateTagHelper<global::TestNamespace.InputTagHelper>();
Diagnostic(ErrorCode.ERR_NameNotInContext, "CreateTagHelper<global::TestNamespace.InputTagHelper>").WithArguments("CreateTagHelper").WithLocation(75, 46),
// TestFiles/IntegrationTests/CodeGenerationIntegrationTest/EnumTagHelpers.cshtml(75,70): error CS0400: The type or namespace name 'TestNamespace' could not be found in the global namespace (are you missing an assembly reference?)
//             __TestNamespace_InputTagHelper = CreateTagHelper<global::TestNamespace.InputTagHelper>();
Diagnostic(ErrorCode.ERR_GlobalSingleTypeNameNotFound, "TestNamespace").WithArguments("TestNamespace").WithLocation(75, 70),
// TestFiles/IntegrationTests/CodeGenerationIntegrationTest/EnumTagHelpers.cshtml(77,49): error CS0103: The name 'CreateTagHelper' does not exist in the current context
//             __TestNamespace_CatchAllTagHelper = CreateTagHelper<global::TestNamespace.CatchAllTagHelper>();
Diagnostic(ErrorCode.ERR_NameNotInContext, "CreateTagHelper<global::TestNamespace.CatchAllTagHelper>").WithArguments("CreateTagHelper").WithLocation(77, 49),
// TestFiles/IntegrationTests/CodeGenerationIntegrationTest/EnumTagHelpers.cshtml(77,73): error CS0400: The type or namespace name 'TestNamespace' could not be found in the global namespace (are you missing an assembly reference?)
//             __TestNamespace_CatchAllTagHelper = CreateTagHelper<global::TestNamespace.CatchAllTagHelper>();
Diagnostic(ErrorCode.ERR_GlobalSingleTypeNameNotFound, "TestNamespace").WithArguments("TestNamespace").WithLocation(77, 73),
// TestFiles/IntegrationTests/CodeGenerationIntegrationTest/EnumTagHelpers.cshtml(79,13): error CS0103: The name 'BeginAddHtmlAttributeValues' does not exist in the current context
//             BeginAddHtmlAttributeValues(__tagHelperExecutionContext, "class", 1, global::Microsoft.AspNetCore.Razor.TagHelpers.HtmlAttributeValueStyle.DoubleQuotes);
Diagnostic(ErrorCode.ERR_NameNotInContext, "BeginAddHtmlAttributeValues").WithArguments("BeginAddHtmlAttributeValues").WithLocation(79, 13),
// TestFiles/IntegrationTests/CodeGenerationIntegrationTest/EnumTagHelpers.cshtml(79,82): error CS0234: The type or namespace name 'TagHelpers' does not exist in the namespace 'Microsoft.AspNetCore.Razor' (are you missing an assembly reference?)
//             BeginAddHtmlAttributeValues(__tagHelperExecutionContext, "class", 1, global::Microsoft.AspNetCore.Razor.TagHelpers.HtmlAttributeValueStyle.DoubleQuotes);
Diagnostic(ErrorCode.ERR_DottedTypeNameNotFoundInNS, "global::Microsoft.AspNetCore.Razor.TagHelpers").WithArguments("TagHelpers", "Microsoft.AspNetCore.Razor").WithLocation(79, 82),
// TestFiles/IntegrationTests/CodeGenerationIntegrationTest/EnumTagHelpers.cshtml(80,13): error CS0103: The name 'AddHtmlAttributeValue' does not exist in the current context
//             AddHtmlAttributeValue("", 130, 
Diagnostic(ErrorCode.ERR_NameNotInContext, "AddHtmlAttributeValue").WithArguments("AddHtmlAttributeValue").WithLocation(80, 13),
// TestFiles/IntegrationTests/CodeGenerationIntegrationTest/EnumTagHelpers.cshtml(89,13): error CS0103: The name 'EndAddHtmlAttributeValues' does not exist in the current context
//             EndAddHtmlAttributeValues(__tagHelperExecutionContext);
Diagnostic(ErrorCode.ERR_NameNotInContext, "EndAddHtmlAttributeValues").WithArguments("EndAddHtmlAttributeValues").WithLocation(89, 13),
// TestFiles/IntegrationTests/CodeGenerationIntegrationTest/EnumTagHelpers.cshtml(95,13): error CS0103: The name 'Write' does not exist in the current context
//             Write(__tagHelperExecutionContext.Output);
Diagnostic(ErrorCode.ERR_NameNotInContext, "Write").WithArguments("Write").WithLocation(95, 13),
// TestFiles/IntegrationTests/CodeGenerationIntegrationTest/EnumTagHelpers.cshtml(97,13): error CS0103: The name 'WriteLiteral' does not exist in the current context
//             WriteLiteral("\r\n");
Diagnostic(ErrorCode.ERR_NameNotInContext, "WriteLiteral").WithArguments("WriteLiteral").WithLocation(97, 13),
// TestFiles/IntegrationTests/CodeGenerationIntegrationTest/EnumTagHelpers.cshtml(98,82): error CS0234: The type or namespace name 'TagHelpers' does not exist in the namespace 'Microsoft.AspNetCore.Razor' (are you missing an assembly reference?)
//             __tagHelperExecutionContext = __tagHelperScopeManager.Begin("input", global::Microsoft.AspNetCore.Razor.TagHelpers.TagMode.SelfClosing, "test", async() => {
Diagnostic(ErrorCode.ERR_DottedTypeNameNotFoundInNS, "global::Microsoft.AspNetCore.Razor.TagHelpers").WithArguments("TagHelpers", "Microsoft.AspNetCore.Razor").WithLocation(98, 82),
// TestFiles/IntegrationTests/CodeGenerationIntegrationTest/EnumTagHelpers.cshtml(101,46): error CS0103: The name 'CreateTagHelper' does not exist in the current context
//             __TestNamespace_InputTagHelper = CreateTagHelper<global::TestNamespace.InputTagHelper>();
Diagnostic(ErrorCode.ERR_NameNotInContext, "CreateTagHelper<global::TestNamespace.InputTagHelper>").WithArguments("CreateTagHelper").WithLocation(101, 46),
// TestFiles/IntegrationTests/CodeGenerationIntegrationTest/EnumTagHelpers.cshtml(101,70): error CS0400: The type or namespace name 'TestNamespace' could not be found in the global namespace (are you missing an assembly reference?)
//             __TestNamespace_InputTagHelper = CreateTagHelper<global::TestNamespace.InputTagHelper>();
Diagnostic(ErrorCode.ERR_GlobalSingleTypeNameNotFound, "TestNamespace").WithArguments("TestNamespace").WithLocation(101, 70),
// TestFiles/IntegrationTests/CodeGenerationIntegrationTest/EnumTagHelpers.cshtml(103,49): error CS0103: The name 'CreateTagHelper' does not exist in the current context
//             __TestNamespace_CatchAllTagHelper = CreateTagHelper<global::TestNamespace.CatchAllTagHelper>();
Diagnostic(ErrorCode.ERR_NameNotInContext, "CreateTagHelper<global::TestNamespace.CatchAllTagHelper>").WithArguments("CreateTagHelper").WithLocation(103, 49),
// TestFiles/IntegrationTests/CodeGenerationIntegrationTest/EnumTagHelpers.cshtml(103,73): error CS0400: The type or namespace name 'TestNamespace' could not be found in the global namespace (are you missing an assembly reference?)
//             __TestNamespace_CatchAllTagHelper = CreateTagHelper<global::TestNamespace.CatchAllTagHelper>();
Diagnostic(ErrorCode.ERR_GlobalSingleTypeNameNotFound, "TestNamespace").WithArguments("TestNamespace").WithLocation(103, 73),
// TestFiles/IntegrationTests/CodeGenerationIntegrationTest/EnumTagHelpers.cshtml(105,52): error CS0234: The type or namespace name 'TestTagHelperDescriptors' does not exist in the namespace 'Microsoft.AspNetCore.Razor.Language.IntegrationTests' (are you missing an assembly reference?)
//             __TestNamespace_InputTagHelper.Value = global::Microsoft.AspNetCore.Razor.Language.IntegrationTests.TestTagHelperDescriptors.MyEnum.
Diagnostic(ErrorCode.ERR_DottedTypeNameNotFoundInNS, "global::Microsoft.AspNetCore.Razor.Language.IntegrationTests.TestTagHelperDescriptors").WithArguments("TestTagHelperDescriptors", "Microsoft.AspNetCore.Razor.Language.IntegrationTests").WithLocation(105, 52),
// TestFiles/IntegrationTests/CodeGenerationIntegrationTest/EnumTagHelpers.cshtml(114,110): error CS0234: The type or namespace name 'TagHelpers' does not exist in the namespace 'Microsoft.AspNetCore.Razor' (are you missing an assembly reference?)
//             __tagHelperExecutionContext.AddTagHelperAttribute("value", __TestNamespace_InputTagHelper.Value, global::Microsoft.AspNetCore.Razor.TagHelpers.HtmlAttributeValueStyle.DoubleQuotes);
Diagnostic(ErrorCode.ERR_DottedTypeNameNotFoundInNS, "global::Microsoft.AspNetCore.Razor.TagHelpers").WithArguments("TagHelpers", "Microsoft.AspNetCore.Razor").WithLocation(114, 110),
// TestFiles/IntegrationTests/CodeGenerationIntegrationTest/EnumTagHelpers.cshtml(120,13): error CS0103: The name 'Write' does not exist in the current context
//             Write(__tagHelperExecutionContext.Output);
Diagnostic(ErrorCode.ERR_NameNotInContext, "Write").WithArguments("Write").WithLocation(120, 13),
// TestFiles/IntegrationTests/CodeGenerationIntegrationTest/EnumTagHelpers.cshtml(122,13): error CS0103: The name 'WriteLiteral' does not exist in the current context
//             WriteLiteral("\r\n");
Diagnostic(ErrorCode.ERR_NameNotInContext, "WriteLiteral").WithArguments("WriteLiteral").WithLocation(122, 13),
// TestFiles/IntegrationTests/CodeGenerationIntegrationTest/EnumTagHelpers.cshtml(123,82): error CS0234: The type or namespace name 'TagHelpers' does not exist in the namespace 'Microsoft.AspNetCore.Razor' (are you missing an assembly reference?)
//             __tagHelperExecutionContext = __tagHelperScopeManager.Begin("input", global::Microsoft.AspNetCore.Razor.TagHelpers.TagMode.SelfClosing, "test", async() => {
Diagnostic(ErrorCode.ERR_DottedTypeNameNotFoundInNS, "global::Microsoft.AspNetCore.Razor.TagHelpers").WithArguments("TagHelpers", "Microsoft.AspNetCore.Razor").WithLocation(123, 82),
// TestFiles/IntegrationTests/CodeGenerationIntegrationTest/EnumTagHelpers.cshtml(126,46): error CS0103: The name 'CreateTagHelper' does not exist in the current context
//             __TestNamespace_InputTagHelper = CreateTagHelper<global::TestNamespace.InputTagHelper>();
Diagnostic(ErrorCode.ERR_NameNotInContext, "CreateTagHelper<global::TestNamespace.InputTagHelper>").WithArguments("CreateTagHelper").WithLocation(126, 46),
// TestFiles/IntegrationTests/CodeGenerationIntegrationTest/EnumTagHelpers.cshtml(126,70): error CS0400: The type or namespace name 'TestNamespace' could not be found in the global namespace (are you missing an assembly reference?)
//             __TestNamespace_InputTagHelper = CreateTagHelper<global::TestNamespace.InputTagHelper>();
Diagnostic(ErrorCode.ERR_GlobalSingleTypeNameNotFound, "TestNamespace").WithArguments("TestNamespace").WithLocation(126, 70),
// TestFiles/IntegrationTests/CodeGenerationIntegrationTest/EnumTagHelpers.cshtml(128,49): error CS0103: The name 'CreateTagHelper' does not exist in the current context
//             __TestNamespace_CatchAllTagHelper = CreateTagHelper<global::TestNamespace.CatchAllTagHelper>();
Diagnostic(ErrorCode.ERR_NameNotInContext, "CreateTagHelper<global::TestNamespace.CatchAllTagHelper>").WithArguments("CreateTagHelper").WithLocation(128, 49),
// TestFiles/IntegrationTests/CodeGenerationIntegrationTest/EnumTagHelpers.cshtml(128,73): error CS0400: The type or namespace name 'TestNamespace' could not be found in the global namespace (are you missing an assembly reference?)
//             __TestNamespace_CatchAllTagHelper = CreateTagHelper<global::TestNamespace.CatchAllTagHelper>();
Diagnostic(ErrorCode.ERR_GlobalSingleTypeNameNotFound, "TestNamespace").WithArguments("TestNamespace").WithLocation(128, 73),
// TestFiles/IntegrationTests/CodeGenerationIntegrationTest/EnumTagHelpers.cshtml(130,52): error CS0234: The type or namespace name 'TestTagHelperDescriptors' does not exist in the namespace 'Microsoft.AspNetCore.Razor.Language.IntegrationTests' (are you missing an assembly reference?)
//             __TestNamespace_InputTagHelper.Value = global::Microsoft.AspNetCore.Razor.Language.IntegrationTests.TestTagHelperDescriptors.MyEnum.
Diagnostic(ErrorCode.ERR_DottedTypeNameNotFoundInNS, "global::Microsoft.AspNetCore.Razor.Language.IntegrationTests.TestTagHelperDescriptors").WithArguments("TestTagHelperDescriptors", "Microsoft.AspNetCore.Razor.Language.IntegrationTests").WithLocation(130, 52),
// TestFiles/IntegrationTests/CodeGenerationIntegrationTest/EnumTagHelpers.cshtml(139,110): error CS0234: The type or namespace name 'TagHelpers' does not exist in the namespace 'Microsoft.AspNetCore.Razor' (are you missing an assembly reference?)
//             __tagHelperExecutionContext.AddTagHelperAttribute("value", __TestNamespace_InputTagHelper.Value, global::Microsoft.AspNetCore.Razor.TagHelpers.HtmlAttributeValueStyle.DoubleQuotes);
Diagnostic(ErrorCode.ERR_DottedTypeNameNotFoundInNS, "global::Microsoft.AspNetCore.Razor.TagHelpers").WithArguments("TagHelpers", "Microsoft.AspNetCore.Razor").WithLocation(139, 110),
// TestFiles/IntegrationTests/CodeGenerationIntegrationTest/EnumTagHelpers.cshtml(140,58): error CS0234: The type or namespace name 'TestTagHelperDescriptors' does not exist in the namespace 'Microsoft.AspNetCore.Razor.Language.IntegrationTests' (are you missing an assembly reference?)
//             __TestNamespace_CatchAllTagHelper.CatchAll = global::Microsoft.AspNetCore.Razor.Language.IntegrationTests.TestTagHelperDescriptors.MyEnum.
Diagnostic(ErrorCode.ERR_DottedTypeNameNotFoundInNS, "global::Microsoft.AspNetCore.Razor.Language.IntegrationTests.TestTagHelperDescriptors").WithArguments("TestTagHelperDescriptors", "Microsoft.AspNetCore.Razor.Language.IntegrationTests").WithLocation(140, 58),
// TestFiles/IntegrationTests/CodeGenerationIntegrationTest/EnumTagHelpers.cshtml(149,120): error CS0234: The type or namespace name 'TagHelpers' does not exist in the namespace 'Microsoft.AspNetCore.Razor' (are you missing an assembly reference?)
//             __tagHelperExecutionContext.AddTagHelperAttribute("catch-all", __TestNamespace_CatchAllTagHelper.CatchAll, global::Microsoft.AspNetCore.Razor.TagHelpers.HtmlAttributeValueStyle.DoubleQuotes);
Diagnostic(ErrorCode.ERR_DottedTypeNameNotFoundInNS, "global::Microsoft.AspNetCore.Razor.TagHelpers").WithArguments("TagHelpers", "Microsoft.AspNetCore.Razor").WithLocation(149, 120),
// TestFiles/IntegrationTests/CodeGenerationIntegrationTest/EnumTagHelpers.cshtml(155,13): error CS0103: The name 'Write' does not exist in the current context
//             Write(__tagHelperExecutionContext.Output);
Diagnostic(ErrorCode.ERR_NameNotInContext, "Write").WithArguments("Write").WithLocation(155, 13),
// TestFiles/IntegrationTests/CodeGenerationIntegrationTest/EnumTagHelpers.cshtml(157,13): error CS0103: The name 'WriteLiteral' does not exist in the current context
//             WriteLiteral("\r\n");
Diagnostic(ErrorCode.ERR_NameNotInContext, "WriteLiteral").WithArguments("WriteLiteral").WithLocation(157, 13),
// TestFiles/IntegrationTests/CodeGenerationIntegrationTest/EnumTagHelpers.cshtml(158,82): error CS0234: The type or namespace name 'TagHelpers' does not exist in the namespace 'Microsoft.AspNetCore.Razor' (are you missing an assembly reference?)
//             __tagHelperExecutionContext = __tagHelperScopeManager.Begin("input", global::Microsoft.AspNetCore.Razor.TagHelpers.TagMode.SelfClosing, "test", async() => {
Diagnostic(ErrorCode.ERR_DottedTypeNameNotFoundInNS, "global::Microsoft.AspNetCore.Razor.TagHelpers").WithArguments("TagHelpers", "Microsoft.AspNetCore.Razor").WithLocation(158, 82),
// TestFiles/IntegrationTests/CodeGenerationIntegrationTest/EnumTagHelpers.cshtml(161,46): error CS0103: The name 'CreateTagHelper' does not exist in the current context
//             __TestNamespace_InputTagHelper = CreateTagHelper<global::TestNamespace.InputTagHelper>();
Diagnostic(ErrorCode.ERR_NameNotInContext, "CreateTagHelper<global::TestNamespace.InputTagHelper>").WithArguments("CreateTagHelper").WithLocation(161, 46),
// TestFiles/IntegrationTests/CodeGenerationIntegrationTest/EnumTagHelpers.cshtml(161,70): error CS0400: The type or namespace name 'TestNamespace' could not be found in the global namespace (are you missing an assembly reference?)
//             __TestNamespace_InputTagHelper = CreateTagHelper<global::TestNamespace.InputTagHelper>();
Diagnostic(ErrorCode.ERR_GlobalSingleTypeNameNotFound, "TestNamespace").WithArguments("TestNamespace").WithLocation(161, 70),
// TestFiles/IntegrationTests/CodeGenerationIntegrationTest/EnumTagHelpers.cshtml(163,49): error CS0103: The name 'CreateTagHelper' does not exist in the current context
//             __TestNamespace_CatchAllTagHelper = CreateTagHelper<global::TestNamespace.CatchAllTagHelper>();
Diagnostic(ErrorCode.ERR_NameNotInContext, "CreateTagHelper<global::TestNamespace.CatchAllTagHelper>").WithArguments("CreateTagHelper").WithLocation(163, 49),
// TestFiles/IntegrationTests/CodeGenerationIntegrationTest/EnumTagHelpers.cshtml(163,73): error CS0400: The type or namespace name 'TestNamespace' could not be found in the global namespace (are you missing an assembly reference?)
//             __TestNamespace_CatchAllTagHelper = CreateTagHelper<global::TestNamespace.CatchAllTagHelper>();
Diagnostic(ErrorCode.ERR_GlobalSingleTypeNameNotFound, "TestNamespace").WithArguments("TestNamespace").WithLocation(163, 73),
// TestFiles/IntegrationTests/CodeGenerationIntegrationTest/EnumTagHelpers.cshtml(174,110): error CS0234: The type or namespace name 'TagHelpers' does not exist in the namespace 'Microsoft.AspNetCore.Razor' (are you missing an assembly reference?)
//             __tagHelperExecutionContext.AddTagHelperAttribute("value", __TestNamespace_InputTagHelper.Value, global::Microsoft.AspNetCore.Razor.TagHelpers.HtmlAttributeValueStyle.DoubleQuotes);
Diagnostic(ErrorCode.ERR_DottedTypeNameNotFoundInNS, "global::Microsoft.AspNetCore.Razor.TagHelpers").WithArguments("TagHelpers", "Microsoft.AspNetCore.Razor").WithLocation(174, 110),
// TestFiles/IntegrationTests/CodeGenerationIntegrationTest/EnumTagHelpers.cshtml(184,120): error CS0234: The type or namespace name 'TagHelpers' does not exist in the namespace 'Microsoft.AspNetCore.Razor' (are you missing an assembly reference?)
//             __tagHelperExecutionContext.AddTagHelperAttribute("catch-all", __TestNamespace_CatchAllTagHelper.CatchAll, global::Microsoft.AspNetCore.Razor.TagHelpers.HtmlAttributeValueStyle.DoubleQuotes);
Diagnostic(ErrorCode.ERR_DottedTypeNameNotFoundInNS, "global::Microsoft.AspNetCore.Razor.TagHelpers").WithArguments("TagHelpers", "Microsoft.AspNetCore.Razor").WithLocation(184, 120),
// TestFiles/IntegrationTests/CodeGenerationIntegrationTest/EnumTagHelpers.cshtml(190,13): error CS0103: The name 'Write' does not exist in the current context
//             Write(__tagHelperExecutionContext.Output);
Diagnostic(ErrorCode.ERR_NameNotInContext, "Write").WithArguments("Write").WithLocation(190, 13),
// TestFiles/IntegrationTests/CodeGenerationIntegrationTest/EnumTagHelpers.cshtml(192,13): error CS0103: The name 'WriteLiteral' does not exist in the current context
//             WriteLiteral("\r\n");
Diagnostic(ErrorCode.ERR_NameNotInContext, "WriteLiteral").WithArguments("WriteLiteral").WithLocation(192, 13)