// TestFiles/IntegrationTests/CodeGenerationIntegrationTest/EnumTagHelpers.cshtml(4,21): error CS0103: The name 'MyEnum' does not exist in the current context
//     var enumValue = MyEnum.MyValue;
Diagnostic(ErrorCode.ERR_NameNotInContext, "MyEnum").WithArguments("MyEnum").WithLocation(4, 21),
// TestFiles/IntegrationTests/CodeGenerationIntegrationTest/EnumTagHelpers.cshtml(7,40): error CS0103: The name 'MyEnum' does not exist in the current context
// __TestNamespace_InputTagHelper.Value = MyEnum.MyValue;
Diagnostic(ErrorCode.ERR_NameNotInContext, "MyEnum").WithArguments("MyEnum").WithLocation(7, 40),
// TestFiles/IntegrationTests/CodeGenerationIntegrationTest/EnumTagHelpers.cshtml(8,16): error CS0103: The name 'MyEnum' does not exist in the current context
//          __o = MyEnum.MySecondValue;
Diagnostic(ErrorCode.ERR_NameNotInContext, "MyEnum").WithArguments("MyEnum").WithLocation(8, 16),
// TestFiles/IntegrationTests/CodeGenerationIntegrationTest/EnumTagHelpers.cshtml(9,40): error CS0234: The type or namespace name 'TestTagHelperDescriptors' does not exist in the namespace 'Microsoft.AspNetCore.Razor.Language.IntegrationTests' (are you missing an assembly reference?)
// __TestNamespace_InputTagHelper.Value = global::Microsoft.AspNetCore.Razor.Language.IntegrationTests.TestTagHelperDescriptors.MyEnum.MyValue;
Diagnostic(ErrorCode.ERR_DottedTypeNameNotFoundInNS, "global::Microsoft.AspNetCore.Razor.Language.IntegrationTests.TestTagHelperDescriptors").WithArguments("TestTagHelperDescriptors", "Microsoft.AspNetCore.Razor.Language.IntegrationTests").WithLocation(9, 40),
// TestFiles/IntegrationTests/CodeGenerationIntegrationTest/EnumTagHelpers.cshtml(10,40): error CS0234: The type or namespace name 'TestTagHelperDescriptors' does not exist in the namespace 'Microsoft.AspNetCore.Razor.Language.IntegrationTests' (are you missing an assembly reference?)
// __TestNamespace_InputTagHelper.Value = global::Microsoft.AspNetCore.Razor.Language.IntegrationTests.TestTagHelperDescriptors.MyEnum.MySecondValue;
Diagnostic(ErrorCode.ERR_DottedTypeNameNotFoundInNS, "global::Microsoft.AspNetCore.Razor.Language.IntegrationTests.TestTagHelperDescriptors").WithArguments("TestTagHelperDescriptors", "Microsoft.AspNetCore.Razor.Language.IntegrationTests").WithLocation(10, 40),
// TestFiles/IntegrationTests/CodeGenerationIntegrationTest/EnumTagHelpers.cshtml(10,46): error CS0234: The type or namespace name 'TestTagHelperDescriptors' does not exist in the namespace 'Microsoft.AspNetCore.Razor.Language.IntegrationTests' (are you missing an assembly reference?)
// __TestNamespace_CatchAllTagHelper.CatchAll = global::Microsoft.AspNetCore.Razor.Language.IntegrationTests.TestTagHelperDescriptors.MyEnum.MyValue;
Diagnostic(ErrorCode.ERR_DottedTypeNameNotFoundInNS, "global::Microsoft.AspNetCore.Razor.Language.IntegrationTests.TestTagHelperDescriptors").WithArguments("TestTagHelperDescriptors", "Microsoft.AspNetCore.Razor.Language.IntegrationTests").WithLocation(10, 46),
// TestFiles/IntegrationTests/CodeGenerationIntegrationTest/EnumTagHelpers.cshtml(10,52): error CS0234: The type or namespace name 'Runtime' does not exist in the namespace 'Microsoft.AspNetCore.Razor' (are you missing an assembly reference?)
//         private global::Microsoft.AspNetCore.Razor.Runtime.TagHelpers.TagHelperExecutionContext __tagHelperExecutionContext;
Diagnostic(ErrorCode.ERR_DottedTypeNameNotFoundInNS, "Runtime").WithArguments("Runtime", "Microsoft.AspNetCore.Razor").WithLocation(10, 52),
// TestFiles/IntegrationTests/CodeGenerationIntegrationTest/EnumTagHelpers.cshtml(12,52): error CS0234: The type or namespace name 'Runtime' does not exist in the namespace 'Microsoft.AspNetCore.Razor' (are you missing an assembly reference?)
//         private global::Microsoft.AspNetCore.Razor.Runtime.TagHelpers.TagHelperRunner __tagHelperRunner = new global::Microsoft.AspNetCore.Razor.Runtime.TagHelpers.TagHelperRunner();
Diagnostic(ErrorCode.ERR_DottedTypeNameNotFoundInNS, "Runtime").WithArguments("Runtime", "Microsoft.AspNetCore.Razor").WithLocation(12, 52),
// TestFiles/IntegrationTests/CodeGenerationIntegrationTest/EnumTagHelpers.cshtml(12,146): error CS0234: The type or namespace name 'Runtime' does not exist in the namespace 'Microsoft.AspNetCore.Razor' (are you missing an assembly reference?)
//         private global::Microsoft.AspNetCore.Razor.Runtime.TagHelpers.TagHelperRunner __tagHelperRunner = new global::Microsoft.AspNetCore.Razor.Runtime.TagHelpers.TagHelperRunner();
Diagnostic(ErrorCode.ERR_DottedTypeNameNotFoundInNS, "Runtime").WithArguments("Runtime", "Microsoft.AspNetCore.Razor").WithLocation(12, 146),
// TestFiles/IntegrationTests/CodeGenerationIntegrationTest/EnumTagHelpers.cshtml(13,25): error CS0400: The type or namespace name 'TestNamespace' could not be found in the global namespace (are you missing an assembly reference?)
//         private global::TestNamespace.InputTagHelper __TestNamespace_InputTagHelper;
Diagnostic(ErrorCode.ERR_GlobalSingleTypeNameNotFound, "TestNamespace").WithArguments("TestNamespace").WithLocation(13, 25),
// TestFiles/IntegrationTests/CodeGenerationIntegrationTest/EnumTagHelpers.cshtml(14,25): error CS0400: The type or namespace name 'TestNamespace' could not be found in the global namespace (are you missing an assembly reference?)
//         private global::TestNamespace.CatchAllTagHelper __TestNamespace_CatchAllTagHelper;
Diagnostic(ErrorCode.ERR_GlobalSingleTypeNameNotFound, "TestNamespace").WithArguments("TestNamespace").WithLocation(14, 25),
// TestFiles/IntegrationTests/CodeGenerationIntegrationTest/EnumTagHelpers.cshtml(43,46): error CS0103: The name 'CreateTagHelper' does not exist in the current context
//             __TestNamespace_InputTagHelper = CreateTagHelper<global::TestNamespace.InputTagHelper>();
Diagnostic(ErrorCode.ERR_NameNotInContext, "CreateTagHelper<global::TestNamespace.InputTagHelper>").WithArguments("CreateTagHelper").WithLocation(43, 46),
// TestFiles/IntegrationTests/CodeGenerationIntegrationTest/EnumTagHelpers.cshtml(43,70): error CS0400: The type or namespace name 'TestNamespace' could not be found in the global namespace (are you missing an assembly reference?)
//             __TestNamespace_InputTagHelper = CreateTagHelper<global::TestNamespace.InputTagHelper>();
Diagnostic(ErrorCode.ERR_GlobalSingleTypeNameNotFound, "TestNamespace").WithArguments("TestNamespace").WithLocation(43, 70),
// TestFiles/IntegrationTests/CodeGenerationIntegrationTest/EnumTagHelpers.cshtml(44,49): error CS0103: The name 'CreateTagHelper' does not exist in the current context
//             __TestNamespace_CatchAllTagHelper = CreateTagHelper<global::TestNamespace.CatchAllTagHelper>();
Diagnostic(ErrorCode.ERR_NameNotInContext, "CreateTagHelper<global::TestNamespace.CatchAllTagHelper>").WithArguments("CreateTagHelper").WithLocation(44, 49),
// TestFiles/IntegrationTests/CodeGenerationIntegrationTest/EnumTagHelpers.cshtml(44,73): error CS0400: The type or namespace name 'TestNamespace' could not be found in the global namespace (are you missing an assembly reference?)
//             __TestNamespace_CatchAllTagHelper = CreateTagHelper<global::TestNamespace.CatchAllTagHelper>();
Diagnostic(ErrorCode.ERR_GlobalSingleTypeNameNotFound, "TestNamespace").WithArguments("TestNamespace").WithLocation(44, 73),
// TestFiles/IntegrationTests/CodeGenerationIntegrationTest/EnumTagHelpers.cshtml(53,46): error CS0103: The name 'CreateTagHelper' does not exist in the current context
//             __TestNamespace_InputTagHelper = CreateTagHelper<global::TestNamespace.InputTagHelper>();
Diagnostic(ErrorCode.ERR_NameNotInContext, "CreateTagHelper<global::TestNamespace.InputTagHelper>").WithArguments("CreateTagHelper").WithLocation(53, 46),
// TestFiles/IntegrationTests/CodeGenerationIntegrationTest/EnumTagHelpers.cshtml(53,70): error CS0400: The type or namespace name 'TestNamespace' could not be found in the global namespace (are you missing an assembly reference?)
//             __TestNamespace_InputTagHelper = CreateTagHelper<global::TestNamespace.InputTagHelper>();
Diagnostic(ErrorCode.ERR_GlobalSingleTypeNameNotFound, "TestNamespace").WithArguments("TestNamespace").WithLocation(53, 70),
// TestFiles/IntegrationTests/CodeGenerationIntegrationTest/EnumTagHelpers.cshtml(54,49): error CS0103: The name 'CreateTagHelper' does not exist in the current context
//             __TestNamespace_CatchAllTagHelper = CreateTagHelper<global::TestNamespace.CatchAllTagHelper>();
Diagnostic(ErrorCode.ERR_NameNotInContext, "CreateTagHelper<global::TestNamespace.CatchAllTagHelper>").WithArguments("CreateTagHelper").WithLocation(54, 49),
// TestFiles/IntegrationTests/CodeGenerationIntegrationTest/EnumTagHelpers.cshtml(54,73): error CS0400: The type or namespace name 'TestNamespace' could not be found in the global namespace (are you missing an assembly reference?)
//             __TestNamespace_CatchAllTagHelper = CreateTagHelper<global::TestNamespace.CatchAllTagHelper>();
Diagnostic(ErrorCode.ERR_GlobalSingleTypeNameNotFound, "TestNamespace").WithArguments("TestNamespace").WithLocation(54, 73),
// TestFiles/IntegrationTests/CodeGenerationIntegrationTest/EnumTagHelpers.cshtml(63,46): error CS0103: The name 'CreateTagHelper' does not exist in the current context
//             __TestNamespace_InputTagHelper = CreateTagHelper<global::TestNamespace.InputTagHelper>();
Diagnostic(ErrorCode.ERR_NameNotInContext, "CreateTagHelper<global::TestNamespace.InputTagHelper>").WithArguments("CreateTagHelper").WithLocation(63, 46),
// TestFiles/IntegrationTests/CodeGenerationIntegrationTest/EnumTagHelpers.cshtml(63,70): error CS0400: The type or namespace name 'TestNamespace' could not be found in the global namespace (are you missing an assembly reference?)
//             __TestNamespace_InputTagHelper = CreateTagHelper<global::TestNamespace.InputTagHelper>();
Diagnostic(ErrorCode.ERR_GlobalSingleTypeNameNotFound, "TestNamespace").WithArguments("TestNamespace").WithLocation(63, 70),
// TestFiles/IntegrationTests/CodeGenerationIntegrationTest/EnumTagHelpers.cshtml(64,49): error CS0103: The name 'CreateTagHelper' does not exist in the current context
//             __TestNamespace_CatchAllTagHelper = CreateTagHelper<global::TestNamespace.CatchAllTagHelper>();
Diagnostic(ErrorCode.ERR_NameNotInContext, "CreateTagHelper<global::TestNamespace.CatchAllTagHelper>").WithArguments("CreateTagHelper").WithLocation(64, 49),
// TestFiles/IntegrationTests/CodeGenerationIntegrationTest/EnumTagHelpers.cshtml(64,73): error CS0400: The type or namespace name 'TestNamespace' could not be found in the global namespace (are you missing an assembly reference?)
//             __TestNamespace_CatchAllTagHelper = CreateTagHelper<global::TestNamespace.CatchAllTagHelper>();
Diagnostic(ErrorCode.ERR_GlobalSingleTypeNameNotFound, "TestNamespace").WithArguments("TestNamespace").WithLocation(64, 73),
// TestFiles/IntegrationTests/CodeGenerationIntegrationTest/EnumTagHelpers.cshtml(73,46): error CS0103: The name 'CreateTagHelper' does not exist in the current context
//             __TestNamespace_InputTagHelper = CreateTagHelper<global::TestNamespace.InputTagHelper>();
Diagnostic(ErrorCode.ERR_NameNotInContext, "CreateTagHelper<global::TestNamespace.InputTagHelper>").WithArguments("CreateTagHelper").WithLocation(73, 46),
// TestFiles/IntegrationTests/CodeGenerationIntegrationTest/EnumTagHelpers.cshtml(73,70): error CS0400: The type or namespace name 'TestNamespace' could not be found in the global namespace (are you missing an assembly reference?)
//             __TestNamespace_InputTagHelper = CreateTagHelper<global::TestNamespace.InputTagHelper>();
Diagnostic(ErrorCode.ERR_GlobalSingleTypeNameNotFound, "TestNamespace").WithArguments("TestNamespace").WithLocation(73, 70),
// TestFiles/IntegrationTests/CodeGenerationIntegrationTest/EnumTagHelpers.cshtml(74,49): error CS0103: The name 'CreateTagHelper' does not exist in the current context
//             __TestNamespace_CatchAllTagHelper = CreateTagHelper<global::TestNamespace.CatchAllTagHelper>();
Diagnostic(ErrorCode.ERR_NameNotInContext, "CreateTagHelper<global::TestNamespace.CatchAllTagHelper>").WithArguments("CreateTagHelper").WithLocation(74, 49),
// TestFiles/IntegrationTests/CodeGenerationIntegrationTest/EnumTagHelpers.cshtml(74,73): error CS0400: The type or namespace name 'TestNamespace' could not be found in the global namespace (are you missing an assembly reference?)
//             __TestNamespace_CatchAllTagHelper = CreateTagHelper<global::TestNamespace.CatchAllTagHelper>();
Diagnostic(ErrorCode.ERR_GlobalSingleTypeNameNotFound, "TestNamespace").WithArguments("TestNamespace").WithLocation(74, 73),
// TestFiles/IntegrationTests/CodeGenerationIntegrationTest/EnumTagHelpers.cshtml(90,46): error CS0103: The name 'CreateTagHelper' does not exist in the current context
//             __TestNamespace_InputTagHelper = CreateTagHelper<global::TestNamespace.InputTagHelper>();
Diagnostic(ErrorCode.ERR_NameNotInContext, "CreateTagHelper<global::TestNamespace.InputTagHelper>").WithArguments("CreateTagHelper").WithLocation(90, 46),
// TestFiles/IntegrationTests/CodeGenerationIntegrationTest/EnumTagHelpers.cshtml(90,70): error CS0400: The type or namespace name 'TestNamespace' could not be found in the global namespace (are you missing an assembly reference?)
//             __TestNamespace_InputTagHelper = CreateTagHelper<global::TestNamespace.InputTagHelper>();
Diagnostic(ErrorCode.ERR_GlobalSingleTypeNameNotFound, "TestNamespace").WithArguments("TestNamespace").WithLocation(90, 70),
// TestFiles/IntegrationTests/CodeGenerationIntegrationTest/EnumTagHelpers.cshtml(91,49): error CS0103: The name 'CreateTagHelper' does not exist in the current context
//             __TestNamespace_CatchAllTagHelper = CreateTagHelper<global::TestNamespace.CatchAllTagHelper>();
Diagnostic(ErrorCode.ERR_NameNotInContext, "CreateTagHelper<global::TestNamespace.CatchAllTagHelper>").WithArguments("CreateTagHelper").WithLocation(91, 49),
// TestFiles/IntegrationTests/CodeGenerationIntegrationTest/EnumTagHelpers.cshtml(91,73): error CS0400: The type or namespace name 'TestNamespace' could not be found in the global namespace (are you missing an assembly reference?)
//             __TestNamespace_CatchAllTagHelper = CreateTagHelper<global::TestNamespace.CatchAllTagHelper>();
Diagnostic(ErrorCode.ERR_GlobalSingleTypeNameNotFound, "TestNamespace").WithArguments("TestNamespace").WithLocation(91, 73)