// TestFiles/IntegrationTests/CodeGenerationIntegrationTest/EscapedTagHelpers.cshtml(4,30): error CS0103: The name 'DateTime' does not exist in the current context
//                        __o = DateTime.Now;
Diagnostic(ErrorCode.ERR_NameNotInContext, "DateTime").WithArguments("DateTime").WithLocation(4, 30),
// TestFiles/IntegrationTests/CodeGenerationIntegrationTest/EscapedTagHelpers.cshtml(6,52): error CS0103: The name 'DateTime' does not exist in the current context
//                                              __o = DateTime.Now;
Diagnostic(ErrorCode.ERR_NameNotInContext, "DateTime").WithArguments("DateTime").WithLocation(6, 52),
// TestFiles/IntegrationTests/CodeGenerationIntegrationTest/EscapedTagHelpers.cshtml(10,52): error CS0234: The type or namespace name 'Runtime' does not exist in the namespace 'Microsoft.AspNetCore.Razor' (are you missing an assembly reference?)
//         private global::Microsoft.AspNetCore.Razor.Runtime.TagHelpers.TagHelperExecutionContext __tagHelperExecutionContext;
Diagnostic(ErrorCode.ERR_DottedTypeNameNotFoundInNS, "Runtime").WithArguments("Runtime", "Microsoft.AspNetCore.Razor").WithLocation(10, 52),
// TestFiles/IntegrationTests/CodeGenerationIntegrationTest/EscapedTagHelpers.cshtml(12,52): error CS0234: The type or namespace name 'Runtime' does not exist in the namespace 'Microsoft.AspNetCore.Razor' (are you missing an assembly reference?)
//         private global::Microsoft.AspNetCore.Razor.Runtime.TagHelpers.TagHelperRunner __tagHelperRunner = new global::Microsoft.AspNetCore.Razor.Runtime.TagHelpers.TagHelperRunner();
Diagnostic(ErrorCode.ERR_DottedTypeNameNotFoundInNS, "Runtime").WithArguments("Runtime", "Microsoft.AspNetCore.Razor").WithLocation(12, 52),
// TestFiles/IntegrationTests/CodeGenerationIntegrationTest/EscapedTagHelpers.cshtml(12,146): error CS0234: The type or namespace name 'Runtime' does not exist in the namespace 'Microsoft.AspNetCore.Razor' (are you missing an assembly reference?)
//         private global::Microsoft.AspNetCore.Razor.Runtime.TagHelpers.TagHelperRunner __tagHelperRunner = new global::Microsoft.AspNetCore.Razor.Runtime.TagHelpers.TagHelperRunner();
Diagnostic(ErrorCode.ERR_DottedTypeNameNotFoundInNS, "Runtime").WithArguments("Runtime", "Microsoft.AspNetCore.Razor").WithLocation(12, 146),
// TestFiles/IntegrationTests/CodeGenerationIntegrationTest/EscapedTagHelpers.cshtml(13,25): error CS0400: The type or namespace name 'TestNamespace' could not be found in the global namespace (are you missing an assembly reference?)
//         private global::TestNamespace.InputTagHelper __TestNamespace_InputTagHelper;
Diagnostic(ErrorCode.ERR_GlobalSingleTypeNameNotFound, "TestNamespace").WithArguments("TestNamespace").WithLocation(13, 25),
// TestFiles/IntegrationTests/CodeGenerationIntegrationTest/EscapedTagHelpers.cshtml(14,25): error CS0400: The type or namespace name 'TestNamespace' could not be found in the global namespace (are you missing an assembly reference?)
//         private global::TestNamespace.InputTagHelper2 __TestNamespace_InputTagHelper2;
Diagnostic(ErrorCode.ERR_GlobalSingleTypeNameNotFound, "TestNamespace").WithArguments("TestNamespace").WithLocation(14, 25),
// TestFiles/IntegrationTests/CodeGenerationIntegrationTest/EscapedTagHelpers.cshtml(42,46): error CS0103: The name 'CreateTagHelper' does not exist in the current context
//             __TestNamespace_InputTagHelper = CreateTagHelper<global::TestNamespace.InputTagHelper>();
Diagnostic(ErrorCode.ERR_NameNotInContext, "CreateTagHelper<global::TestNamespace.InputTagHelper>").WithArguments("CreateTagHelper").WithLocation(42, 46),
// TestFiles/IntegrationTests/CodeGenerationIntegrationTest/EscapedTagHelpers.cshtml(42,70): error CS0400: The type or namespace name 'TestNamespace' could not be found in the global namespace (are you missing an assembly reference?)
//             __TestNamespace_InputTagHelper = CreateTagHelper<global::TestNamespace.InputTagHelper>();
Diagnostic(ErrorCode.ERR_GlobalSingleTypeNameNotFound, "TestNamespace").WithArguments("TestNamespace").WithLocation(42, 70),
// TestFiles/IntegrationTests/CodeGenerationIntegrationTest/EscapedTagHelpers.cshtml(43,47): error CS0103: The name 'CreateTagHelper' does not exist in the current context
//             __TestNamespace_InputTagHelper2 = CreateTagHelper<global::TestNamespace.InputTagHelper2>();
Diagnostic(ErrorCode.ERR_NameNotInContext, "CreateTagHelper<global::TestNamespace.InputTagHelper2>").WithArguments("CreateTagHelper").WithLocation(43, 47),
// TestFiles/IntegrationTests/CodeGenerationIntegrationTest/EscapedTagHelpers.cshtml(43,71): error CS0400: The type or namespace name 'TestNamespace' could not be found in the global namespace (are you missing an assembly reference?)
//             __TestNamespace_InputTagHelper2 = CreateTagHelper<global::TestNamespace.InputTagHelper2>();
Diagnostic(ErrorCode.ERR_GlobalSingleTypeNameNotFound, "TestNamespace").WithArguments("TestNamespace").WithLocation(43, 71)