// TestFiles/IntegrationTests/CodeGenerationIntegrationTest/ExpressionsInCode.cshtml(4,47): error CS0234: The type or namespace name 'Hosting' does not exist in the namespace 'Microsoft.AspNetCore.Razor' (are you missing an assembly reference?)
// [assembly: global::Microsoft.AspNetCore.Razor.Hosting.RazorCompiledItemAttribute(typeof(Microsoft.AspNetCore.Razor.Language.IntegrationTests.TestFiles.TestFiles_IntegrationTests_CodeGenerationIntegrationTest_ExpressionsInCode_Runtime), @"default", @"/TestFiles/IntegrationTests/CodeGenerationIntegrationTest/ExpressionsInCode.cshtml")]
Diagnostic(ErrorCode.ERR_DottedTypeNameNotFoundInNS, "Hosting").WithArguments("Hosting", "Microsoft.AspNetCore.Razor").WithLocation(4, 47),
// TestFiles/IntegrationTests/CodeGenerationIntegrationTest/ExpressionsInCode.cshtml(8,41): error CS0234: The type or namespace name 'Hosting' does not exist in the namespace 'Microsoft.AspNetCore.Razor' (are you missing an assembly reference?)
//     [global::Microsoft.AspNetCore.Razor.Hosting.RazorSourceChecksumAttribute(@"Sha256", @"c9cc7d097735e4074bc4f71cd46101fc821fdb0592f90d491f09fdecddf3caf3", @"/TestFiles/IntegrationTests/CodeGenerationIntegrationTest/ExpressionsInCode.cshtml")]
Diagnostic(ErrorCode.ERR_DottedTypeNameNotFoundInNS, "Hosting").WithArguments("Hosting", "Microsoft.AspNetCore.Razor").WithLocation(8, 41),
// TestFiles/IntegrationTests/CodeGenerationIntegrationTest/ExpressionsInCode.cshtml(13,6): error CS0103: The name 'String' does not exist in the current context
// if(!String.IsNullOrEmpty(bar)) {
Diagnostic(ErrorCode.ERR_NameNotInContext, "String").WithArguments("String").WithLocation(13, 6),
// TestFiles/IntegrationTests/CodeGenerationIntegrationTest/ExpressionsInCode.cshtml(24,13): error CS0103: The name 'WriteLiteral' does not exist in the current context
//             WriteLiteral("\r\n");
Diagnostic(ErrorCode.ERR_NameNotInContext, "WriteLiteral").WithArguments("WriteLiteral").WithLocation(24, 13),
// TestFiles/IntegrationTests/CodeGenerationIntegrationTest/ExpressionsInCode.cshtml(34,13): error CS0103: The name 'Write' does not exist in the current context
//             Write(
Diagnostic(ErrorCode.ERR_NameNotInContext, "Write").WithArguments("Write").WithLocation(34, 13),
// TestFiles/IntegrationTests/CodeGenerationIntegrationTest/ExpressionsInCode.cshtml(52,13): error CS0103: The name 'WriteLiteral' does not exist in the current context
//             WriteLiteral("    <p>Foo is Null!</p>\r\n");
Diagnostic(ErrorCode.ERR_NameNotInContext, "WriteLiteral").WithArguments("WriteLiteral").WithLocation(52, 13),
// TestFiles/IntegrationTests/CodeGenerationIntegrationTest/ExpressionsInCode.cshtml(61,13): error CS0103: The name 'WriteLiteral' does not exist in the current context
//             WriteLiteral("\r\n<p>\r\n");
Diagnostic(ErrorCode.ERR_NameNotInContext, "WriteLiteral").WithArguments("WriteLiteral").WithLocation(61, 13),
// TestFiles/IntegrationTests/CodeGenerationIntegrationTest/ExpressionsInCode.cshtml(71,13): error CS0103: The name 'Write' does not exist in the current context
//             Write(
Diagnostic(ErrorCode.ERR_NameNotInContext, "Write").WithArguments("Write").WithLocation(71, 13),
// TestFiles/IntegrationTests/CodeGenerationIntegrationTest/ExpressionsInCode.cshtml(89,13): error CS0103: The name 'WriteLiteral' does not exist in the current context
//             WriteLiteral("</p>");
Diagnostic(ErrorCode.ERR_NameNotInContext, "WriteLiteral").WithArguments("WriteLiteral").WithLocation(89, 13)