// TestFiles/IntegrationTests/CodeGenerationIntegrationTest/FunctionsBlockMinimal.cshtml(4,47): error CS0234: The type or namespace name 'Hosting' does not exist in the namespace 'Microsoft.AspNetCore.Razor' (are you missing an assembly reference?)
// [assembly: global::Microsoft.AspNetCore.Razor.Hosting.RazorCompiledItemAttribute(typeof(Microsoft.AspNetCore.Razor.Language.IntegrationTests.TestFiles.TestFiles_IntegrationTests_CodeGenerationIntegrationTest_FunctionsBlockMinimal_Runtime), @"default", @"/TestFiles/IntegrationTests/CodeGenerationIntegrationTest/FunctionsBlockMinimal.cshtml")]
Diagnostic(ErrorCode.ERR_DottedTypeNameNotFoundInNS, "Hosting").WithArguments("Hosting", "Microsoft.AspNetCore.Razor").WithLocation(4, 47),
// TestFiles/IntegrationTests/CodeGenerationIntegrationTest/FunctionsBlockMinimal.cshtml(8,41): error CS0234: The type or namespace name 'Hosting' does not exist in the namespace 'Microsoft.AspNetCore.Razor' (are you missing an assembly reference?)
//     [global::Microsoft.AspNetCore.Razor.Hosting.RazorSourceChecksumAttribute(@"Sha256", @"efea5780300288b4c0a438cb8dbd885088680963b3e2ceab4416264993e99884", @"/TestFiles/IntegrationTests/CodeGenerationIntegrationTest/FunctionsBlockMinimal.cshtml")]
Diagnostic(ErrorCode.ERR_DottedTypeNameNotFoundInNS, "Hosting").WithArguments("Hosting", "Microsoft.AspNetCore.Razor").WithLocation(8, 41),
// TestFiles/IntegrationTests/CodeGenerationIntegrationTest/FunctionsBlockMinimal.cshtml(14,13): error CS0103: The name 'WriteLiteral' does not exist in the current context
//             WriteLiteral("\r\n\r\n");
Diagnostic(ErrorCode.ERR_NameNotInContext, "WriteLiteral").WithArguments("WriteLiteral").WithLocation(14, 13)