// TestFiles/IntegrationTests/CodeGenerationIntegrationTest/Implements.cshtml(4,10): error CS0246: The type or namespace name 'IDisposable' could not be found (are you missing a using directive or an assembly reference?)
//     void IDisposable.Dispose() { }
Diagnostic(ErrorCode.ERR_SingleTypeNameNotFound, "IDisposable").WithArguments("IDisposable").WithLocation(4, 10),
// TestFiles/IntegrationTests/CodeGenerationIntegrationTest/Implements.cshtml(4,10): error CS0538: 'IDisposable' in explicit interface declaration is not an interface
//     void IDisposable.Dispose() { }
Diagnostic(ErrorCode.ERR_ExplicitInterfaceImplementationNotInterface, "IDisposable").WithArguments("IDisposable").WithLocation(4, 10),
// TestFiles/IntegrationTests/CodeGenerationIntegrationTest/Implements.cshtml(4,47): error CS0234: The type or namespace name 'Hosting' does not exist in the namespace 'Microsoft.AspNetCore.Razor' (are you missing an assembly reference?)
// [assembly: global::Microsoft.AspNetCore.Razor.Hosting.RazorCompiledItemAttribute(typeof(Microsoft.AspNetCore.Razor.Language.IntegrationTests.TestFiles.TestFiles_IntegrationTests_CodeGenerationIntegrationTest_Implements_Runtime), @"default", @"/TestFiles/IntegrationTests/CodeGenerationIntegrationTest/Implements.cshtml")]
Diagnostic(ErrorCode.ERR_DottedTypeNameNotFoundInNS, "Hosting").WithArguments("Hosting", "Microsoft.AspNetCore.Razor").WithLocation(4, 47),
// TestFiles/IntegrationTests/CodeGenerationIntegrationTest/Implements.cshtml(8,41): error CS0234: The type or namespace name 'Hosting' does not exist in the namespace 'Microsoft.AspNetCore.Razor' (are you missing an assembly reference?)
//     [global::Microsoft.AspNetCore.Razor.Hosting.RazorSourceChecksumAttribute(@"Sha256", @"668986313132d43ea69290e3a9fa026efcdd9b84e34b0fe6ef95f8096bd84385", @"/TestFiles/IntegrationTests/CodeGenerationIntegrationTest/Implements.cshtml")]
Diagnostic(ErrorCode.ERR_DottedTypeNameNotFoundInNS, "Hosting").WithArguments("Hosting", "Microsoft.AspNetCore.Razor").WithLocation(8, 41),
// TestFiles/IntegrationTests/CodeGenerationIntegrationTest/Implements.cshtml(9,96): error CS0246: The type or namespace name 'IDisposable' could not be found (are you missing a using directive or an assembly reference?)
//     public class TestFiles_IntegrationTests_CodeGenerationIntegrationTest_Implements_Runtime : IDisposable
Diagnostic(ErrorCode.ERR_SingleTypeNameNotFound, "IDisposable").WithArguments("IDisposable").WithLocation(9, 96),
// TestFiles/IntegrationTests/CodeGenerationIntegrationTest/Implements.cshtml(14,13): error CS0103: The name 'WriteLiteral' does not exist in the current context
//             WriteLiteral("\r\n");
Diagnostic(ErrorCode.ERR_NameNotInContext, "WriteLiteral").WithArguments("WriteLiteral").WithLocation(14, 13)