// TestFiles/IntegrationTests/CodeGenerationIntegrationTest/Inherits.cshtml(3,2): error CS0103: The name 'foo' does not exist in the current context
// foo()
Diagnostic(ErrorCode.ERR_NameNotInContext, "foo").WithArguments("foo").WithLocation(3, 2),
// TestFiles/IntegrationTests/CodeGenerationIntegrationTest/Inherits.cshtml(4,47): error CS0234: The type or namespace name 'Hosting' does not exist in the namespace 'Microsoft.AspNetCore.Razor' (are you missing an assembly reference?)
// [assembly: global::Microsoft.AspNetCore.Razor.Hosting.RazorCompiledItemAttribute(typeof(Microsoft.AspNetCore.Razor.Language.IntegrationTests.TestFiles.TestFiles_IntegrationTests_CodeGenerationIntegrationTest_Inherits_Runtime), @"default", @"/TestFiles/IntegrationTests/CodeGenerationIntegrationTest/Inherits.cshtml")]
Diagnostic(ErrorCode.ERR_DottedTypeNameNotFoundInNS, "Hosting").WithArguments("Hosting", "Microsoft.AspNetCore.Razor").WithLocation(4, 47),
// TestFiles/IntegrationTests/CodeGenerationIntegrationTest/Inherits.cshtml(8,41): error CS0234: The type or namespace name 'Hosting' does not exist in the namespace 'Microsoft.AspNetCore.Razor' (are you missing an assembly reference?)
//     [global::Microsoft.AspNetCore.Razor.Hosting.RazorSourceChecksumAttribute(@"Sha256", @"f2e8261f6a1dc47ca6ea0cb9335f0a2b8b0b18bc9f1fc43b6c3a7764e3ac7f75", @"/TestFiles/IntegrationTests/CodeGenerationIntegrationTest/Inherits.cshtml")]
Diagnostic(ErrorCode.ERR_DottedTypeNameNotFoundInNS, "Hosting").WithArguments("Hosting", "Microsoft.AspNetCore.Razor").WithLocation(8, 41),
// TestFiles/IntegrationTests/CodeGenerationIntegrationTest/Inherits.cshtml(9,94): error CS0246: The type or namespace name 'foo' could not be found (are you missing a using directive or an assembly reference?)
//     public class TestFiles_IntegrationTests_CodeGenerationIntegrationTest_Inherits_Runtime : foo.bar<baz<biz>>.boz
Diagnostic(ErrorCode.ERR_SingleTypeNameNotFound, "foo").WithArguments("foo").WithLocation(9, 94),
// TestFiles/IntegrationTests/CodeGenerationIntegrationTest/Inherits.cshtml(9,102): error CS0246: The type or namespace name 'baz<>' could not be found (are you missing a using directive or an assembly reference?)
//     public class TestFiles_IntegrationTests_CodeGenerationIntegrationTest_Inherits_Runtime : foo.bar<baz<biz>>.boz
Diagnostic(ErrorCode.ERR_SingleTypeNameNotFound, "baz<biz>").WithArguments("baz<>").WithLocation(9, 102),
// TestFiles/IntegrationTests/CodeGenerationIntegrationTest/Inherits.cshtml(9,106): error CS0246: The type or namespace name 'biz' could not be found (are you missing a using directive or an assembly reference?)
//     public class TestFiles_IntegrationTests_CodeGenerationIntegrationTest_Inherits_Runtime : foo.bar<baz<biz>>.boz
Diagnostic(ErrorCode.ERR_SingleTypeNameNotFound, "biz").WithArguments("biz").WithLocation(9, 106),
// TestFiles/IntegrationTests/CodeGenerationIntegrationTest/Inherits.cshtml(14,13): error CS0103: The name 'WriteLiteral' does not exist in the current context
//             WriteLiteral("\r\n");
Diagnostic(ErrorCode.ERR_NameNotInContext, "WriteLiteral").WithArguments("WriteLiteral").WithLocation(14, 13),
// TestFiles/IntegrationTests/CodeGenerationIntegrationTest/Inherits.cshtml(15,13): error CS0103: The name 'Write' does not exist in the current context
//             Write(
Diagnostic(ErrorCode.ERR_NameNotInContext, "Write").WithArguments("Write").WithLocation(15, 13)