// TestFiles/IntegrationTests/CodeGenerationIntegrationTest/InlineBlocks.cshtml(4,47): error CS0234: The type or namespace name 'Hosting' does not exist in the namespace 'Microsoft.AspNetCore.Razor' (are you missing an assembly reference?)
// [assembly: global::Microsoft.AspNetCore.Razor.Hosting.RazorCompiledItemAttribute(typeof(Microsoft.AspNetCore.Razor.Language.IntegrationTests.TestFiles.TestFiles_IntegrationTests_CodeGenerationIntegrationTest_InlineBlocks_Runtime), @"default", @"/TestFiles/IntegrationTests/CodeGenerationIntegrationTest/InlineBlocks.cshtml")]
Diagnostic(ErrorCode.ERR_DottedTypeNameNotFoundInNS, "Hosting").WithArguments("Hosting", "Microsoft.AspNetCore.Razor").WithLocation(4, 47),
// TestFiles/IntegrationTests/CodeGenerationIntegrationTest/InlineBlocks.cshtml(8,41): error CS0234: The type or namespace name 'Hosting' does not exist in the namespace 'Microsoft.AspNetCore.Razor' (are you missing an assembly reference?)
//     [global::Microsoft.AspNetCore.Razor.Hosting.RazorSourceChecksumAttribute(@"Sha256", @"d7855bb65d3e6db02c3a0fb02972366eb41151f780bf5b52f5c72a44a4591587", @"/TestFiles/IntegrationTests/CodeGenerationIntegrationTest/InlineBlocks.cshtml")]
Diagnostic(ErrorCode.ERR_DottedTypeNameNotFoundInNS, "Hosting").WithArguments("Hosting", "Microsoft.AspNetCore.Razor").WithLocation(8, 41),
// TestFiles/IntegrationTests/CodeGenerationIntegrationTest/InlineBlocks.cshtml(14,13): error CS0103: The name 'WriteLiteral' does not exist in the current context
//             WriteLiteral("(string link) {\r\n    <a");
Diagnostic(ErrorCode.ERR_NameNotInContext, "WriteLiteral").WithArguments("WriteLiteral").WithLocation(14, 13),
// TestFiles/IntegrationTests/CodeGenerationIntegrationTest/InlineBlocks.cshtml(15,13): error CS0103: The name 'BeginWriteAttribute' does not exist in the current context
//             BeginWriteAttribute("href", " href=\"", 36, "\"", 94, 1);
Diagnostic(ErrorCode.ERR_NameNotInContext, "BeginWriteAttribute").WithArguments("BeginWriteAttribute").WithLocation(15, 13),
// TestFiles/IntegrationTests/CodeGenerationIntegrationTest/InlineBlocks.cshtml(16,13): error CS0103: The name 'WriteAttributeValue' does not exist in the current context
//             WriteAttributeValue("", 43, new Microsoft.AspNetCore.Mvc.Razor.HelperResult(async(__razor_attribute_value_writer) => {
Diagnostic(ErrorCode.ERR_NameNotInContext, "WriteAttributeValue").WithArguments("WriteAttributeValue").WithLocation(16, 13),
// TestFiles/IntegrationTests/CodeGenerationIntegrationTest/InlineBlocks.cshtml(16,66): error CS0234: The type or namespace name 'Mvc' does not exist in the namespace 'Microsoft.AspNetCore' (are you missing an assembly reference?)
//             WriteAttributeValue("", 43, new Microsoft.AspNetCore.Mvc.Razor.HelperResult(async(__razor_attribute_value_writer) => {
Diagnostic(ErrorCode.ERR_DottedTypeNameNotFoundInNS, "Mvc").WithArguments("Mvc", "Microsoft.AspNetCore").WithLocation(16, 66),
// TestFiles/IntegrationTests/CodeGenerationIntegrationTest/InlineBlocks.cshtml(52,13): error CS0103: The name 'EndWriteAttribute' does not exist in the current context
//             EndWriteAttribute();
Diagnostic(ErrorCode.ERR_NameNotInContext, "EndWriteAttribute").WithArguments("EndWriteAttribute").WithLocation(52, 13),
// TestFiles/IntegrationTests/CodeGenerationIntegrationTest/InlineBlocks.cshtml(53,13): error CS0103: The name 'WriteLiteral' does not exist in the current context
//             WriteLiteral(" />\r\n}");
Diagnostic(ErrorCode.ERR_NameNotInContext, "WriteLiteral").WithArguments("WriteLiteral").WithLocation(53, 13)