// TestFiles/IntegrationTests/CodeGenerationIntegrationTest/Markup_InCodeBlocksWithTagHelper.cshtml(4,47): error CS0234: The type or namespace name 'Hosting' does not exist in the namespace 'Microsoft.AspNetCore.Razor' (are you missing an assembly reference?)
// [assembly: global::Microsoft.AspNetCore.Razor.Hosting.RazorCompiledItemAttribute(typeof(Microsoft.AspNetCore.Razor.Language.IntegrationTests.TestFiles.TestFiles_IntegrationTests_CodeGenerationIntegrationTest_Markup_InCodeBlocksWithTagHelper_Runtime), @"default", @"/TestFiles/IntegrationTests/CodeGenerationIntegrationTest/Markup_InCodeBlocksWithTagHelper.cshtml")]
Diagnostic(ErrorCode.ERR_DottedTypeNameNotFoundInNS, "Hosting").WithArguments("Hosting", "Microsoft.AspNetCore.Razor").WithLocation(4, 47),
// TestFiles/IntegrationTests/CodeGenerationIntegrationTest/Markup_InCodeBlocksWithTagHelper.cshtml(8,41): error CS0234: The type or namespace name 'Hosting' does not exist in the namespace 'Microsoft.AspNetCore.Razor' (are you missing an assembly reference?)
//     [global::Microsoft.AspNetCore.Razor.Hosting.RazorSourceChecksumAttribute(@"Sha256", @"1d96ed32230877fcfe7acc2e22d4b1c519eb0ccd0599053409543ce8c5f65fa7", @"/TestFiles/IntegrationTests/CodeGenerationIntegrationTest/Markup_InCodeBlocksWithTagHelper.cshtml")]
Diagnostic(ErrorCode.ERR_DottedTypeNameNotFoundInNS, "Hosting").WithArguments("Hosting", "Microsoft.AspNetCore.Razor").WithLocation(8, 41),
// TestFiles/IntegrationTests/CodeGenerationIntegrationTest/Markup_InCodeBlocksWithTagHelper.cshtml(13,52): error CS0234: The type or namespace name 'Runtime' does not exist in the namespace 'Microsoft.AspNetCore.Razor' (are you missing an assembly reference?)
//         private global::Microsoft.AspNetCore.Razor.Runtime.TagHelpers.TagHelperExecutionContext __tagHelperExecutionContext;
Diagnostic(ErrorCode.ERR_DottedTypeNameNotFoundInNS, "Runtime").WithArguments("Runtime", "Microsoft.AspNetCore.Razor").WithLocation(13, 52),
// TestFiles/IntegrationTests/CodeGenerationIntegrationTest/Markup_InCodeBlocksWithTagHelper.cshtml(15,52): error CS0234: The type or namespace name 'Runtime' does not exist in the namespace 'Microsoft.AspNetCore.Razor' (are you missing an assembly reference?)
//         private global::Microsoft.AspNetCore.Razor.Runtime.TagHelpers.TagHelperRunner __tagHelperRunner = new global::Microsoft.AspNetCore.Razor.Runtime.TagHelpers.TagHelperRunner();
Diagnostic(ErrorCode.ERR_DottedTypeNameNotFoundInNS, "Runtime").WithArguments("Runtime", "Microsoft.AspNetCore.Razor").WithLocation(15, 52),
// TestFiles/IntegrationTests/CodeGenerationIntegrationTest/Markup_InCodeBlocksWithTagHelper.cshtml(15,146): error CS0234: The type or namespace name 'Runtime' does not exist in the namespace 'Microsoft.AspNetCore.Razor' (are you missing an assembly reference?)
//         private global::Microsoft.AspNetCore.Razor.Runtime.TagHelpers.TagHelperRunner __tagHelperRunner = new global::Microsoft.AspNetCore.Razor.Runtime.TagHelpers.TagHelperRunner();
Diagnostic(ErrorCode.ERR_DottedTypeNameNotFoundInNS, "Runtime").WithArguments("Runtime", "Microsoft.AspNetCore.Razor").WithLocation(15, 146),
// TestFiles/IntegrationTests/CodeGenerationIntegrationTest/Markup_InCodeBlocksWithTagHelper.cshtml(18,5): error CS0246: The type or namespace name 'Task' could not be found (are you missing a using directive or an assembly reference?)
//     Task AnnounceBirthday(Person person)
Diagnostic(ErrorCode.ERR_SingleTypeNameNotFound, "Task").WithArguments("Task").WithLocation(18, 5),
// TestFiles/IntegrationTests/CodeGenerationIntegrationTest/Markup_InCodeBlocksWithTagHelper.cshtml(19,52): error CS0234: The type or namespace name 'Runtime' does not exist in the namespace 'Microsoft.AspNetCore.Razor' (are you missing an assembly reference?)
//         private global::Microsoft.AspNetCore.Razor.Runtime.TagHelpers.TagHelperScopeManager __backed__tagHelperScopeManager = null;
Diagnostic(ErrorCode.ERR_DottedTypeNameNotFoundInNS, "Runtime").WithArguments("Runtime", "Microsoft.AspNetCore.Razor").WithLocation(19, 52),
// TestFiles/IntegrationTests/CodeGenerationIntegrationTest/Markup_InCodeBlocksWithTagHelper.cshtml(20,52): error CS0234: The type or namespace name 'Runtime' does not exist in the namespace 'Microsoft.AspNetCore.Razor' (are you missing an assembly reference?)
//         private global::Microsoft.AspNetCore.Razor.Runtime.TagHelpers.TagHelperScopeManager __tagHelperScopeManager
Diagnostic(ErrorCode.ERR_DottedTypeNameNotFoundInNS, "Runtime").WithArguments("Runtime", "Microsoft.AspNetCore.Razor").WithLocation(20, 52),
// TestFiles/IntegrationTests/CodeGenerationIntegrationTest/Markup_InCodeBlocksWithTagHelper.cshtml(26,94): error CS0234: The type or namespace name 'Runtime' does not exist in the namespace 'Microsoft.AspNetCore.Razor' (are you missing an assembly reference?)
//                     __backed__tagHelperScopeManager = new global::Microsoft.AspNetCore.Razor.Runtime.TagHelpers.TagHelperScopeManager(StartTagHelperWritingScope, EndTagHelperWritingScope);
Diagnostic(ErrorCode.ERR_DottedTypeNameNotFoundInNS, "Runtime").WithArguments("Runtime", "Microsoft.AspNetCore.Razor").WithLocation(26, 94),
// TestFiles/IntegrationTests/CodeGenerationIntegrationTest/Markup_InCodeBlocksWithTagHelper.cshtml(26,135): error CS0103: The name 'StartTagHelperWritingScope' does not exist in the current context
//                     __backed__tagHelperScopeManager = new global::Microsoft.AspNetCore.Razor.Runtime.TagHelpers.TagHelperScopeManager(StartTagHelperWritingScope, EndTagHelperWritingScope);
Diagnostic(ErrorCode.ERR_NameNotInContext, "StartTagHelperWritingScope").WithArguments("StartTagHelperWritingScope").WithLocation(26, 135),
// TestFiles/IntegrationTests/CodeGenerationIntegrationTest/Markup_InCodeBlocksWithTagHelper.cshtml(26,163): error CS0103: The name 'EndTagHelperWritingScope' does not exist in the current context
//                     __backed__tagHelperScopeManager = new global::Microsoft.AspNetCore.Razor.Runtime.TagHelpers.TagHelperScopeManager(StartTagHelperWritingScope, EndTagHelperWritingScope);
Diagnostic(ErrorCode.ERR_NameNotInContext, "EndTagHelperWritingScope").WithArguments("EndTagHelperWritingScope").WithLocation(26, 163),
// TestFiles/IntegrationTests/CodeGenerationIntegrationTest/Markup_InCodeBlocksWithTagHelper.cshtml(31,25): error CS0400: The type or namespace name 'DivTagHelper' could not be found in the global namespace (are you missing an assembly reference?)
//         private global::DivTagHelper __DivTagHelper;
Diagnostic(ErrorCode.ERR_GlobalSingleTypeNameNotFound, "DivTagHelper").WithArguments("DivTagHelper").WithLocation(31, 25),
// TestFiles/IntegrationTests/CodeGenerationIntegrationTest/Markup_InCodeBlocksWithTagHelper.cshtml(34,20): error CS0103: The name 'Task' does not exist in the current context
//             return Task.CompletedTask;
Diagnostic(ErrorCode.ERR_NameNotInContext, "Task").WithArguments("Task").WithLocation(34, 20),
// TestFiles/IntegrationTests/CodeGenerationIntegrationTest/Markup_InCodeBlocksWithTagHelper.cshtml(38,16): error CS0103: The name 'Task' does not exist in the current context
//         return Task.CompletedTask;
Diagnostic(ErrorCode.ERR_NameNotInContext, "Task").WithArguments("Task").WithLocation(38, 16),
// TestFiles/IntegrationTests/CodeGenerationIntegrationTest/Markup_InCodeBlocksWithTagHelper.cshtml(50,13): error CS0103: The name 'WriteLiteral' does not exist in the current context
//             WriteLiteral("        ");
Diagnostic(ErrorCode.ERR_NameNotInContext, "WriteLiteral").WithArguments("WriteLiteral").WithLocation(50, 13),
// TestFiles/IntegrationTests/CodeGenerationIntegrationTest/Markup_InCodeBlocksWithTagHelper.cshtml(51,80): error CS0234: The type or namespace name 'TagHelpers' does not exist in the namespace 'Microsoft.AspNetCore.Razor' (are you missing an assembly reference?)
//             __tagHelperExecutionContext = __tagHelperScopeManager.Begin("div", global::Microsoft.AspNetCore.Razor.TagHelpers.TagMode.StartTagAndEndTag, "test", async() => {
Diagnostic(ErrorCode.ERR_DottedTypeNameNotFoundInNS, "global::Microsoft.AspNetCore.Razor.TagHelpers").WithArguments("TagHelpers", "Microsoft.AspNetCore.Razor").WithLocation(51, 80),
// TestFiles/IntegrationTests/CodeGenerationIntegrationTest/Markup_InCodeBlocksWithTagHelper.cshtml(63,30): error CS0103: The name 'CreateTagHelper' does not exist in the current context
//             __DivTagHelper = CreateTagHelper<global::DivTagHelper>();
Diagnostic(ErrorCode.ERR_NameNotInContext, "CreateTagHelper<global::DivTagHelper>").WithArguments("CreateTagHelper").WithLocation(63, 30),
// TestFiles/IntegrationTests/CodeGenerationIntegrationTest/Markup_InCodeBlocksWithTagHelper.cshtml(63,54): error CS0400: The type or namespace name 'DivTagHelper' could not be found in the global namespace (are you missing an assembly reference?)
//             __DivTagHelper = CreateTagHelper<global::DivTagHelper>();
Diagnostic(ErrorCode.ERR_GlobalSingleTypeNameNotFound, "DivTagHelper").WithArguments("DivTagHelper").WithLocation(63, 54),
// TestFiles/IntegrationTests/CodeGenerationIntegrationTest/Markup_InCodeBlocksWithTagHelper.cshtml(65,13): error CS4033: The 'await' operator can only be used within an async method. Consider marking this method with the 'async' modifier and changing its return type to 'Task'.
//             await __tagHelperRunner.RunAsync(__tagHelperExecutionContext);
Diagnostic(ErrorCode.ERR_BadAwaitWithoutVoidAsyncMethod, "await __tagHelperRunner.RunAsync(__tagHelperExecutionContext)").WithLocation(65, 13),
// TestFiles/IntegrationTests/CodeGenerationIntegrationTest/Markup_InCodeBlocksWithTagHelper.cshtml(68,17): error CS4033: The 'await' operator can only be used within an async method. Consider marking this method with the 'async' modifier and changing its return type to 'Task'.
//                 await __tagHelperExecutionContext.SetOutputContentAsync();
Diagnostic(ErrorCode.ERR_BadAwaitWithoutVoidAsyncMethod, "await __tagHelperExecutionContext.SetOutputContentAsync()").WithLocation(68, 17),
// TestFiles/IntegrationTests/CodeGenerationIntegrationTest/Markup_InCodeBlocksWithTagHelper.cshtml(70,13): error CS0103: The name 'Write' does not exist in the current context
//             Write(__tagHelperExecutionContext.Output);
Diagnostic(ErrorCode.ERR_NameNotInContext, "Write").WithArguments("Write").WithLocation(70, 13),
// TestFiles/IntegrationTests/CodeGenerationIntegrationTest/Markup_InCodeBlocksWithTagHelper.cshtml(72,13): error CS0103: The name 'WriteLiteral' does not exist in the current context
//             WriteLiteral("\r\n");
Diagnostic(ErrorCode.ERR_NameNotInContext, "WriteLiteral").WithArguments("WriteLiteral").WithLocation(72, 13),
// TestFiles/IntegrationTests/CodeGenerationIntegrationTest/Markup_InCodeBlocksWithTagHelper.cshtml(81,13): error CS0103: The name 'WriteLiteral' does not exist in the current context
//             WriteLiteral("\r\n");
Diagnostic(ErrorCode.ERR_NameNotInContext, "WriteLiteral").WithArguments("WriteLiteral").WithLocation(81, 13),
// TestFiles/IntegrationTests/CodeGenerationIntegrationTest/Markup_InCodeBlocksWithTagHelper.cshtml(98,13): error CS0103: The name 'WriteLiteral' does not exist in the current context
//             WriteLiteral("\r\n");
Diagnostic(ErrorCode.ERR_NameNotInContext, "WriteLiteral").WithArguments("WriteLiteral").WithLocation(98, 13),
// TestFiles/IntegrationTests/CodeGenerationIntegrationTest/Markup_InCodeBlocksWithTagHelper.cshtml(112,9): error CS0103: The name 'WriteLiteral' does not exist in the current context
//         WriteLiteral("        ");
Diagnostic(ErrorCode.ERR_NameNotInContext, "WriteLiteral").WithArguments("WriteLiteral").WithLocation(112, 9),
// TestFiles/IntegrationTests/CodeGenerationIntegrationTest/Markup_InCodeBlocksWithTagHelper.cshtml(113,76): error CS0234: The type or namespace name 'TagHelpers' does not exist in the namespace 'Microsoft.AspNetCore.Razor' (are you missing an assembly reference?)
//         __tagHelperExecutionContext = __tagHelperScopeManager.Begin("div", global::Microsoft.AspNetCore.Razor.TagHelpers.TagMode.StartTagAndEndTag, "test", async() => {
Diagnostic(ErrorCode.ERR_DottedTypeNameNotFoundInNS, "global::Microsoft.AspNetCore.Razor.TagHelpers").WithArguments("TagHelpers", "Microsoft.AspNetCore.Razor").WithLocation(113, 76),
// TestFiles/IntegrationTests/CodeGenerationIntegrationTest/Markup_InCodeBlocksWithTagHelper.cshtml(113,165): warning CS1998: This async method lacks 'await' operators and will run synchronously. Consider using the 'await' operator to await non-blocking API calls, or 'await Task.Run(...)' to do CPU-bound work on a background thread.
//         __tagHelperExecutionContext = __tagHelperScopeManager.Begin("div", global::Microsoft.AspNetCore.Razor.TagHelpers.TagMode.StartTagAndEndTag, "test", async() => {
Diagnostic(ErrorCode.WRN_AsyncLacksAwaits, "=>").WithLocation(113, 165),
// TestFiles/IntegrationTests/CodeGenerationIntegrationTest/Markup_InCodeBlocksWithTagHelper.cshtml(127,26): error CS0103: The name 'CreateTagHelper' does not exist in the current context
//         __DivTagHelper = CreateTagHelper<global::DivTagHelper>();
Diagnostic(ErrorCode.ERR_NameNotInContext, "CreateTagHelper<global::DivTagHelper>").WithArguments("CreateTagHelper").WithLocation(127, 26),
// TestFiles/IntegrationTests/CodeGenerationIntegrationTest/Markup_InCodeBlocksWithTagHelper.cshtml(127,50): error CS0400: The type or namespace name 'DivTagHelper' could not be found in the global namespace (are you missing an assembly reference?)
//         __DivTagHelper = CreateTagHelper<global::DivTagHelper>();
Diagnostic(ErrorCode.ERR_GlobalSingleTypeNameNotFound, "DivTagHelper").WithArguments("DivTagHelper").WithLocation(127, 50),
// TestFiles/IntegrationTests/CodeGenerationIntegrationTest/Markup_InCodeBlocksWithTagHelper.cshtml(129,9): error CS4032: The 'await' operator can only be used within an async method. Consider marking this method with the 'async' modifier and changing its return type to 'Task<Task>'.
//         await __tagHelperRunner.RunAsync(__tagHelperExecutionContext);
Diagnostic(ErrorCode.ERR_BadAwaitWithoutAsyncMethod, "await __tagHelperRunner.RunAsync(__tagHelperExecutionContext)").WithArguments("Task").WithLocation(129, 9),
// TestFiles/IntegrationTests/CodeGenerationIntegrationTest/Markup_InCodeBlocksWithTagHelper.cshtml(132,13): error CS4032: The 'await' operator can only be used within an async method. Consider marking this method with the 'async' modifier and changing its return type to 'Task<Task>'.
//             await __tagHelperExecutionContext.SetOutputContentAsync();
Diagnostic(ErrorCode.ERR_BadAwaitWithoutAsyncMethod, "await __tagHelperExecutionContext.SetOutputContentAsync()").WithArguments("Task").WithLocation(132, 13),
// TestFiles/IntegrationTests/CodeGenerationIntegrationTest/Markup_InCodeBlocksWithTagHelper.cshtml(134,9): error CS0103: The name 'Write' does not exist in the current context
//         Write(__tagHelperExecutionContext.Output);
Diagnostic(ErrorCode.ERR_NameNotInContext, "Write").WithArguments("Write").WithLocation(134, 9),
// TestFiles/IntegrationTests/CodeGenerationIntegrationTest/Markup_InCodeBlocksWithTagHelper.cshtml(136,9): error CS0103: The name 'WriteLiteral' does not exist in the current context
//         WriteLiteral("\r\n");
Diagnostic(ErrorCode.ERR_NameNotInContext, "WriteLiteral").WithArguments("WriteLiteral").WithLocation(136, 9),
// TestFiles/IntegrationTests/CodeGenerationIntegrationTest/Markup_InCodeBlocksWithTagHelper.cshtml(137,9): error CS0103: The name 'WriteLiteral' does not exist in the current context
//         WriteLiteral("        <ul>\r\n");
Diagnostic(ErrorCode.ERR_NameNotInContext, "WriteLiteral").WithArguments("WriteLiteral").WithLocation(137, 9),
// TestFiles/IntegrationTests/CodeGenerationIntegrationTest/Markup_InCodeBlocksWithTagHelper.cshtml(147,9): error CS0103: The name 'WriteLiteral' does not exist in the current context
//         WriteLiteral("            <li>");
Diagnostic(ErrorCode.ERR_NameNotInContext, "WriteLiteral").WithArguments("WriteLiteral").WithLocation(147, 9),
// TestFiles/IntegrationTests/CodeGenerationIntegrationTest/Markup_InCodeBlocksWithTagHelper.cshtml(148,9): error CS0103: The name 'Write' does not exist in the current context
//         Write(
Diagnostic(ErrorCode.ERR_NameNotInContext, "Write").WithArguments("Write").WithLocation(148, 9),
// TestFiles/IntegrationTests/CodeGenerationIntegrationTest/Markup_InCodeBlocksWithTagHelper.cshtml(157,9): error CS0103: The name 'WriteLiteral' does not exist in the current context
//         WriteLiteral(" Happy birthday!</li>\r\n");
Diagnostic(ErrorCode.ERR_NameNotInContext, "WriteLiteral").WithArguments("WriteLiteral").WithLocation(157, 9),
// TestFiles/IntegrationTests/CodeGenerationIntegrationTest/Markup_InCodeBlocksWithTagHelper.cshtml(166,9): error CS0103: The name 'WriteLiteral' does not exist in the current context
//         WriteLiteral("        </ul>\r\n");
Diagnostic(ErrorCode.ERR_NameNotInContext, "WriteLiteral").WithArguments("WriteLiteral").WithLocation(166, 9),
// TestFiles/IntegrationTests/CodeGenerationIntegrationTest/Markup_InCodeBlocksWithTagHelper.cshtml(180,9): error CS0103: The name 'WriteLiteral' does not exist in the current context
//         WriteLiteral("        <h4>Secret message</h4>\r\n");
Diagnostic(ErrorCode.ERR_NameNotInContext, "WriteLiteral").WithArguments("WriteLiteral").WithLocation(180, 9)