// TestFiles/IntegrationTests/CodeGenerationIntegrationTest/NullConditionalExpressions.cshtml(2,6): error CS0103: The name 'ViewBag' does not exist in the current context
// ViewBag?.Data
Diagnostic(ErrorCode.ERR_NameNotInContext, "ViewBag").WithArguments("ViewBag").WithLocation(2, 6),
// TestFiles/IntegrationTests/CodeGenerationIntegrationTest/NullConditionalExpressions.cshtml(3,6): error CS0103: The name 'ViewBag' does not exist in the current context
// ViewBag.IntIndexer?[0]
Diagnostic(ErrorCode.ERR_NameNotInContext, "ViewBag").WithArguments("ViewBag").WithLocation(3, 6),
// TestFiles/IntegrationTests/CodeGenerationIntegrationTest/NullConditionalExpressions.cshtml(4,6): error CS0103: The name 'ViewBag' does not exist in the current context
// ViewBag.StrIndexer?["key"]
Diagnostic(ErrorCode.ERR_NameNotInContext, "ViewBag").WithArguments("ViewBag").WithLocation(4, 6),
// TestFiles/IntegrationTests/CodeGenerationIntegrationTest/NullConditionalExpressions.cshtml(4,47): error CS0234: The type or namespace name 'Hosting' does not exist in the namespace 'Microsoft.AspNetCore.Razor' (are you missing an assembly reference?)
// [assembly: global::Microsoft.AspNetCore.Razor.Hosting.RazorCompiledItemAttribute(typeof(Microsoft.AspNetCore.Razor.Language.IntegrationTests.TestFiles.TestFiles_IntegrationTests_CodeGenerationIntegrationTest_NullConditionalExpressions_Runtime), @"default", @"/TestFiles/IntegrationTests/CodeGenerationIntegrationTest/NullConditionalExpressions.cshtml")]
Diagnostic(ErrorCode.ERR_DottedTypeNameNotFoundInNS, "Hosting").WithArguments("Hosting", "Microsoft.AspNetCore.Razor").WithLocation(4, 47),
// TestFiles/IntegrationTests/CodeGenerationIntegrationTest/NullConditionalExpressions.cshtml(5,6): error CS0103: The name 'ViewBag' does not exist in the current context
// ViewBag?.Method(Value?[23]?.More)?["key"]
Diagnostic(ErrorCode.ERR_NameNotInContext, "ViewBag").WithArguments("ViewBag").WithLocation(5, 6),
// TestFiles/IntegrationTests/CodeGenerationIntegrationTest/NullConditionalExpressions.cshtml(5,22): error CS0103: The name 'Value' does not exist in the current context
// ViewBag?.Method(Value?[23]?.More)?["key"]
Diagnostic(ErrorCode.ERR_NameNotInContext, "Value").WithArguments("Value").WithLocation(5, 22),
// TestFiles/IntegrationTests/CodeGenerationIntegrationTest/NullConditionalExpressions.cshtml(8,2): error CS0103: The name 'ViewBag' does not exist in the current context
// ViewBag?.Data
Diagnostic(ErrorCode.ERR_NameNotInContext, "ViewBag").WithArguments("ViewBag").WithLocation(8, 2),
// TestFiles/IntegrationTests/CodeGenerationIntegrationTest/NullConditionalExpressions.cshtml(8,41): error CS0234: The type or namespace name 'Hosting' does not exist in the namespace 'Microsoft.AspNetCore.Razor' (are you missing an assembly reference?)
//     [global::Microsoft.AspNetCore.Razor.Hosting.RazorSourceChecksumAttribute(@"Sha256", @"bb8d8c34e68ddf6c5aaf34e0f1c5f319f48c57e4ba3661228c4eeeb8bb9b79ce", @"/TestFiles/IntegrationTests/CodeGenerationIntegrationTest/NullConditionalExpressions.cshtml")]
Diagnostic(ErrorCode.ERR_DottedTypeNameNotFoundInNS, "Hosting").WithArguments("Hosting", "Microsoft.AspNetCore.Razor").WithLocation(8, 41),
// TestFiles/IntegrationTests/CodeGenerationIntegrationTest/NullConditionalExpressions.cshtml(9,2): error CS0103: The name 'ViewBag' does not exist in the current context
// ViewBag.IntIndexer?[0]
Diagnostic(ErrorCode.ERR_NameNotInContext, "ViewBag").WithArguments("ViewBag").WithLocation(9, 2),
// TestFiles/IntegrationTests/CodeGenerationIntegrationTest/NullConditionalExpressions.cshtml(10,2): error CS0103: The name 'ViewBag' does not exist in the current context
// ViewBag.StrIndexer?["key"]
Diagnostic(ErrorCode.ERR_NameNotInContext, "ViewBag").WithArguments("ViewBag").WithLocation(10, 2),
// TestFiles/IntegrationTests/CodeGenerationIntegrationTest/NullConditionalExpressions.cshtml(11,2): error CS0103: The name 'ViewBag' does not exist in the current context
// ViewBag?.Method(Value?[23]?.More)?["key"]
Diagnostic(ErrorCode.ERR_NameNotInContext, "ViewBag").WithArguments("ViewBag").WithLocation(11, 2),
// TestFiles/IntegrationTests/CodeGenerationIntegrationTest/NullConditionalExpressions.cshtml(11,18): error CS0103: The name 'Value' does not exist in the current context
// ViewBag?.Method(Value?[23]?.More)?["key"]
Diagnostic(ErrorCode.ERR_NameNotInContext, "Value").WithArguments("Value").WithLocation(11, 18),
// TestFiles/IntegrationTests/CodeGenerationIntegrationTest/NullConditionalExpressions.cshtml(14,13): error CS0103: The name 'Write' does not exist in the current context
//             Write(
Diagnostic(ErrorCode.ERR_NameNotInContext, "Write").WithArguments("Write").WithLocation(14, 13),
// TestFiles/IntegrationTests/CodeGenerationIntegrationTest/NullConditionalExpressions.cshtml(23,13): error CS0103: The name 'Write' does not exist in the current context
//             Write(
Diagnostic(ErrorCode.ERR_NameNotInContext, "Write").WithArguments("Write").WithLocation(23, 13),
// TestFiles/IntegrationTests/CodeGenerationIntegrationTest/NullConditionalExpressions.cshtml(32,13): error CS0103: The name 'Write' does not exist in the current context
//             Write(
Diagnostic(ErrorCode.ERR_NameNotInContext, "Write").WithArguments("Write").WithLocation(32, 13),
// TestFiles/IntegrationTests/CodeGenerationIntegrationTest/NullConditionalExpressions.cshtml(41,13): error CS0103: The name 'Write' does not exist in the current context
//             Write(
Diagnostic(ErrorCode.ERR_NameNotInContext, "Write").WithArguments("Write").WithLocation(41, 13),
// TestFiles/IntegrationTests/CodeGenerationIntegrationTest/NullConditionalExpressions.cshtml(50,13): error CS0103: The name 'WriteLiteral' does not exist in the current context
//             WriteLiteral("\r\n");
Diagnostic(ErrorCode.ERR_NameNotInContext, "WriteLiteral").WithArguments("WriteLiteral").WithLocation(50, 13),
// TestFiles/IntegrationTests/CodeGenerationIntegrationTest/NullConditionalExpressions.cshtml(51,13): error CS0103: The name 'Write' does not exist in the current context
//             Write(
Diagnostic(ErrorCode.ERR_NameNotInContext, "Write").WithArguments("Write").WithLocation(51, 13),
// TestFiles/IntegrationTests/CodeGenerationIntegrationTest/NullConditionalExpressions.cshtml(60,13): error CS0103: The name 'WriteLiteral' does not exist in the current context
//             WriteLiteral("\r\n");
Diagnostic(ErrorCode.ERR_NameNotInContext, "WriteLiteral").WithArguments("WriteLiteral").WithLocation(60, 13),
// TestFiles/IntegrationTests/CodeGenerationIntegrationTest/NullConditionalExpressions.cshtml(61,13): error CS0103: The name 'Write' does not exist in the current context
//             Write(
Diagnostic(ErrorCode.ERR_NameNotInContext, "Write").WithArguments("Write").WithLocation(61, 13),
// TestFiles/IntegrationTests/CodeGenerationIntegrationTest/NullConditionalExpressions.cshtml(70,13): error CS0103: The name 'WriteLiteral' does not exist in the current context
//             WriteLiteral("\r\n");
Diagnostic(ErrorCode.ERR_NameNotInContext, "WriteLiteral").WithArguments("WriteLiteral").WithLocation(70, 13),
// TestFiles/IntegrationTests/CodeGenerationIntegrationTest/NullConditionalExpressions.cshtml(71,13): error CS0103: The name 'Write' does not exist in the current context
//             Write(
Diagnostic(ErrorCode.ERR_NameNotInContext, "Write").WithArguments("Write").WithLocation(71, 13),
// TestFiles/IntegrationTests/CodeGenerationIntegrationTest/NullConditionalExpressions.cshtml(80,13): error CS0103: The name 'WriteLiteral' does not exist in the current context
//             WriteLiteral("\r\n");
Diagnostic(ErrorCode.ERR_NameNotInContext, "WriteLiteral").WithArguments("WriteLiteral").WithLocation(80, 13),
// TestFiles/IntegrationTests/CodeGenerationIntegrationTest/NullConditionalExpressions.cshtml(81,13): error CS0103: The name 'Write' does not exist in the current context
//             Write(
Diagnostic(ErrorCode.ERR_NameNotInContext, "Write").WithArguments("Write").WithLocation(81, 13)