// TestFiles/IntegrationTests/CodeGenerationIntegrationTest/SimpleUnspacedIf.cshtml(4,47): error CS0234: The type or namespace name 'Hosting' does not exist in the namespace 'Microsoft.AspNetCore.Razor' (are you missing an assembly reference?)
// [assembly: global::Microsoft.AspNetCore.Razor.Hosting.RazorCompiledItemAttribute(typeof(Microsoft.AspNetCore.Razor.Language.IntegrationTests.TestFiles.TestFiles_IntegrationTests_CodeGenerationIntegrationTest_SimpleUnspacedIf_Runtime), @"default", @"/TestFiles/IntegrationTests/CodeGenerationIntegrationTest/SimpleUnspacedIf.cshtml")]
Diagnostic(ErrorCode.ERR_DottedTypeNameNotFoundInNS, "Hosting").WithArguments("Hosting", "Microsoft.AspNetCore.Razor").WithLocation(4, 47),
// TestFiles/IntegrationTests/CodeGenerationIntegrationTest/SimpleUnspacedIf.cshtml(8,41): error CS0234: The type or namespace name 'Hosting' does not exist in the namespace 'Microsoft.AspNetCore.Razor' (are you missing an assembly reference?)
//     [global::Microsoft.AspNetCore.Razor.Hosting.RazorSourceChecksumAttribute(@"Sha256", @"6c2fffb4b344ac4d9af24dc64c830fcfcba50e2ae9c69a95e54910b4c9225820", @"/TestFiles/IntegrationTests/CodeGenerationIntegrationTest/SimpleUnspacedIf.cshtml")]
Diagnostic(ErrorCode.ERR_DottedTypeNameNotFoundInNS, "Hosting").WithArguments("Hosting", "Microsoft.AspNetCore.Razor").WithLocation(8, 41),
// TestFiles/IntegrationTests/CodeGenerationIntegrationTest/SimpleUnspacedIf.cshtml(23,13): error CS0103: The name 'WriteLiteral' does not exist in the current context
//             WriteLiteral("\t<div></div>\r\n");
Diagnostic(ErrorCode.ERR_NameNotInContext, "WriteLiteral").WithArguments("WriteLiteral").WithLocation(23, 13)