// TestFiles/IntegrationTests/CodeGenerationIntegrationTest/SingleTagHelperWithNewlineBeforeAttributes.cshtml(4,47): error CS0234: The type or namespace name 'Hosting' does not exist in the namespace 'Microsoft.AspNetCore.Razor' (are you missing an assembly reference?)
// [assembly: global::Microsoft.AspNetCore.Razor.Hosting.RazorCompiledItemAttribute(typeof(Microsoft.AspNetCore.Razor.Language.IntegrationTests.TestFiles.TestFiles_IntegrationTests_CodeGenerationIntegrationTest_SingleTagHelperWithNewlineBeforeAttributes_Runtime), @"default", @"/TestFiles/IntegrationTests/CodeGenerationIntegrationTest/SingleTagHelperWithNewlineBeforeAttributes.cshtml")]
Diagnostic(ErrorCode.ERR_DottedTypeNameNotFoundInNS, "Hosting").WithArguments("Hosting", "Microsoft.AspNetCore.Razor").WithLocation(4, 47),
// TestFiles/IntegrationTests/CodeGenerationIntegrationTest/SingleTagHelperWithNewlineBeforeAttributes.cshtml(8,41): error CS0234: The type or namespace name 'Hosting' does not exist in the namespace 'Microsoft.AspNetCore.Razor' (are you missing an assembly reference?)
//     [global::Microsoft.AspNetCore.Razor.Hosting.RazorSourceChecksumAttribute(@"Sha256", @"911da9fbec044f6d3567d334c5ef47d9311c69940873e9ceb6ba007b65164b71", @"/TestFiles/IntegrationTests/CodeGenerationIntegrationTest/SingleTagHelperWithNewlineBeforeAttributes.cshtml")]
Diagnostic(ErrorCode.ERR_DottedTypeNameNotFoundInNS, "Hosting").WithArguments("Hosting", "Microsoft.AspNetCore.Razor").WithLocation(8, 41),
// TestFiles/IntegrationTests/CodeGenerationIntegrationTest/SingleTagHelperWithNewlineBeforeAttributes.cshtml(11,68): error CS0234: The type or namespace name 'TagHelpers' does not exist in the namespace 'Microsoft.AspNetCore.Razor' (are you missing an assembly reference?)
//         private static readonly global::Microsoft.AspNetCore.Razor.TagHelpers.TagHelperAttribute __tagHelperAttribute_0 = new global::Microsoft.AspNetCore.Razor.TagHelpers.TagHelperAttribute("class", new global::Microsoft.AspNetCore.Html.HtmlString("Hello World"), global::Microsoft.AspNetCore.Razor.TagHelpers.HtmlAttributeValueStyle.DoubleQuotes);
Diagnostic(ErrorCode.ERR_DottedTypeNameNotFoundInNS, "TagHelpers").WithArguments("TagHelpers", "Microsoft.AspNetCore.Razor").WithLocation(11, 68),
// TestFiles/IntegrationTests/CodeGenerationIntegrationTest/SingleTagHelperWithNewlineBeforeAttributes.cshtml(11,162): error CS0234: The type or namespace name 'TagHelpers' does not exist in the namespace 'Microsoft.AspNetCore.Razor' (are you missing an assembly reference?)
//         private static readonly global::Microsoft.AspNetCore.Razor.TagHelpers.TagHelperAttribute __tagHelperAttribute_0 = new global::Microsoft.AspNetCore.Razor.TagHelpers.TagHelperAttribute("class", new global::Microsoft.AspNetCore.Html.HtmlString("Hello World"), global::Microsoft.AspNetCore.Razor.TagHelpers.HtmlAttributeValueStyle.DoubleQuotes);
Diagnostic(ErrorCode.ERR_DottedTypeNameNotFoundInNS, "TagHelpers").WithArguments("TagHelpers", "Microsoft.AspNetCore.Razor").WithLocation(11, 162),
// TestFiles/IntegrationTests/CodeGenerationIntegrationTest/SingleTagHelperWithNewlineBeforeAttributes.cshtml(11,234): error CS0234: The type or namespace name 'Html' does not exist in the namespace 'Microsoft.AspNetCore' (are you missing an assembly reference?)
//         private static readonly global::Microsoft.AspNetCore.Razor.TagHelpers.TagHelperAttribute __tagHelperAttribute_0 = new global::Microsoft.AspNetCore.Razor.TagHelpers.TagHelperAttribute("class", new global::Microsoft.AspNetCore.Html.HtmlString("Hello World"), global::Microsoft.AspNetCore.Razor.TagHelpers.HtmlAttributeValueStyle.DoubleQuotes);
Diagnostic(ErrorCode.ERR_DottedTypeNameNotFoundInNS, "Html").WithArguments("Html", "Microsoft.AspNetCore").WithLocation(11, 234),
// TestFiles/IntegrationTests/CodeGenerationIntegrationTest/SingleTagHelperWithNewlineBeforeAttributes.cshtml(11,266): error CS0234: The type or namespace name 'TagHelpers' does not exist in the namespace 'Microsoft.AspNetCore.Razor' (are you missing an assembly reference?)
//         private static readonly global::Microsoft.AspNetCore.Razor.TagHelpers.TagHelperAttribute __tagHelperAttribute_0 = new global::Microsoft.AspNetCore.Razor.TagHelpers.TagHelperAttribute("class", new global::Microsoft.AspNetCore.Html.HtmlString("Hello World"), global::Microsoft.AspNetCore.Razor.TagHelpers.HtmlAttributeValueStyle.DoubleQuotes);
Diagnostic(ErrorCode.ERR_DottedTypeNameNotFoundInNS, "global::Microsoft.AspNetCore.Razor.TagHelpers").WithArguments("TagHelpers", "Microsoft.AspNetCore.Razor").WithLocation(11, 266),
// TestFiles/IntegrationTests/CodeGenerationIntegrationTest/SingleTagHelperWithNewlineBeforeAttributes.cshtml(14,52): error CS0234: The type or namespace name 'Runtime' does not exist in the namespace 'Microsoft.AspNetCore.Razor' (are you missing an assembly reference?)
//         private global::Microsoft.AspNetCore.Razor.Runtime.TagHelpers.TagHelperExecutionContext __tagHelperExecutionContext;
Diagnostic(ErrorCode.ERR_DottedTypeNameNotFoundInNS, "Runtime").WithArguments("Runtime", "Microsoft.AspNetCore.Razor").WithLocation(14, 52),
// TestFiles/IntegrationTests/CodeGenerationIntegrationTest/SingleTagHelperWithNewlineBeforeAttributes.cshtml(16,52): error CS0234: The type or namespace name 'Runtime' does not exist in the namespace 'Microsoft.AspNetCore.Razor' (are you missing an assembly reference?)
//         private global::Microsoft.AspNetCore.Razor.Runtime.TagHelpers.TagHelperRunner __tagHelperRunner = new global::Microsoft.AspNetCore.Razor.Runtime.TagHelpers.TagHelperRunner();
Diagnostic(ErrorCode.ERR_DottedTypeNameNotFoundInNS, "Runtime").WithArguments("Runtime", "Microsoft.AspNetCore.Razor").WithLocation(16, 52),
// TestFiles/IntegrationTests/CodeGenerationIntegrationTest/SingleTagHelperWithNewlineBeforeAttributes.cshtml(16,146): error CS0234: The type or namespace name 'Runtime' does not exist in the namespace 'Microsoft.AspNetCore.Razor' (are you missing an assembly reference?)
//         private global::Microsoft.AspNetCore.Razor.Runtime.TagHelpers.TagHelperRunner __tagHelperRunner = new global::Microsoft.AspNetCore.Razor.Runtime.TagHelpers.TagHelperRunner();
Diagnostic(ErrorCode.ERR_DottedTypeNameNotFoundInNS, "Runtime").WithArguments("Runtime", "Microsoft.AspNetCore.Razor").WithLocation(16, 146),
// TestFiles/IntegrationTests/CodeGenerationIntegrationTest/SingleTagHelperWithNewlineBeforeAttributes.cshtml(20,52): error CS0234: The type or namespace name 'Runtime' does not exist in the namespace 'Microsoft.AspNetCore.Razor' (are you missing an assembly reference?)
//         private global::Microsoft.AspNetCore.Razor.Runtime.TagHelpers.TagHelperScopeManager __backed__tagHelperScopeManager = null;
Diagnostic(ErrorCode.ERR_DottedTypeNameNotFoundInNS, "Runtime").WithArguments("Runtime", "Microsoft.AspNetCore.Razor").WithLocation(20, 52),
// TestFiles/IntegrationTests/CodeGenerationIntegrationTest/SingleTagHelperWithNewlineBeforeAttributes.cshtml(21,52): error CS0234: The type or namespace name 'Runtime' does not exist in the namespace 'Microsoft.AspNetCore.Razor' (are you missing an assembly reference?)
//         private global::Microsoft.AspNetCore.Razor.Runtime.TagHelpers.TagHelperScopeManager __tagHelperScopeManager
Diagnostic(ErrorCode.ERR_DottedTypeNameNotFoundInNS, "Runtime").WithArguments("Runtime", "Microsoft.AspNetCore.Razor").WithLocation(21, 52),
// TestFiles/IntegrationTests/CodeGenerationIntegrationTest/SingleTagHelperWithNewlineBeforeAttributes.cshtml(27,94): error CS0234: The type or namespace name 'Runtime' does not exist in the namespace 'Microsoft.AspNetCore.Razor' (are you missing an assembly reference?)
//                     __backed__tagHelperScopeManager = new global::Microsoft.AspNetCore.Razor.Runtime.TagHelpers.TagHelperScopeManager(StartTagHelperWritingScope, EndTagHelperWritingScope);
Diagnostic(ErrorCode.ERR_DottedTypeNameNotFoundInNS, "Runtime").WithArguments("Runtime", "Microsoft.AspNetCore.Razor").WithLocation(27, 94),
// TestFiles/IntegrationTests/CodeGenerationIntegrationTest/SingleTagHelperWithNewlineBeforeAttributes.cshtml(27,135): error CS0103: The name 'StartTagHelperWritingScope' does not exist in the current context
//                     __backed__tagHelperScopeManager = new global::Microsoft.AspNetCore.Razor.Runtime.TagHelpers.TagHelperScopeManager(StartTagHelperWritingScope, EndTagHelperWritingScope);
Diagnostic(ErrorCode.ERR_NameNotInContext, "StartTagHelperWritingScope").WithArguments("StartTagHelperWritingScope").WithLocation(27, 135),
// TestFiles/IntegrationTests/CodeGenerationIntegrationTest/SingleTagHelperWithNewlineBeforeAttributes.cshtml(27,163): error CS0103: The name 'EndTagHelperWritingScope' does not exist in the current context
//                     __backed__tagHelperScopeManager = new global::Microsoft.AspNetCore.Razor.Runtime.TagHelpers.TagHelperScopeManager(StartTagHelperWritingScope, EndTagHelperWritingScope);
Diagnostic(ErrorCode.ERR_NameNotInContext, "EndTagHelperWritingScope").WithArguments("EndTagHelperWritingScope").WithLocation(27, 163),
// TestFiles/IntegrationTests/CodeGenerationIntegrationTest/SingleTagHelperWithNewlineBeforeAttributes.cshtml(32,25): error CS0400: The type or namespace name 'TestNamespace' could not be found in the global namespace (are you missing an assembly reference?)
//         private global::TestNamespace.PTagHelper __TestNamespace_PTagHelper;
Diagnostic(ErrorCode.ERR_GlobalSingleTypeNameNotFound, "TestNamespace").WithArguments("TestNamespace").WithLocation(32, 25),
// TestFiles/IntegrationTests/CodeGenerationIntegrationTest/SingleTagHelperWithNewlineBeforeAttributes.cshtml(36,13): error CS0103: The name 'WriteLiteral' does not exist in the current context
//             WriteLiteral("\r\n");
Diagnostic(ErrorCode.ERR_NameNotInContext, "WriteLiteral").WithArguments("WriteLiteral").WithLocation(36, 13),
// TestFiles/IntegrationTests/CodeGenerationIntegrationTest/SingleTagHelperWithNewlineBeforeAttributes.cshtml(37,78): error CS0234: The type or namespace name 'TagHelpers' does not exist in the namespace 'Microsoft.AspNetCore.Razor' (are you missing an assembly reference?)
//             __tagHelperExecutionContext = __tagHelperScopeManager.Begin("p", global::Microsoft.AspNetCore.Razor.TagHelpers.TagMode.StartTagAndEndTag, "test", async() => {
Diagnostic(ErrorCode.ERR_DottedTypeNameNotFoundInNS, "global::Microsoft.AspNetCore.Razor.TagHelpers").WithArguments("TagHelpers", "Microsoft.AspNetCore.Razor").WithLocation(37, 78),
// TestFiles/IntegrationTests/CodeGenerationIntegrationTest/SingleTagHelperWithNewlineBeforeAttributes.cshtml(41,42): error CS0103: The name 'CreateTagHelper' does not exist in the current context
//             __TestNamespace_PTagHelper = CreateTagHelper<global::TestNamespace.PTagHelper>();
Diagnostic(ErrorCode.ERR_NameNotInContext, "CreateTagHelper<global::TestNamespace.PTagHelper>").WithArguments("CreateTagHelper").WithLocation(41, 42),
// TestFiles/IntegrationTests/CodeGenerationIntegrationTest/SingleTagHelperWithNewlineBeforeAttributes.cshtml(41,66): error CS0400: The type or namespace name 'TestNamespace' could not be found in the global namespace (are you missing an assembly reference?)
//             __TestNamespace_PTagHelper = CreateTagHelper<global::TestNamespace.PTagHelper>();
Diagnostic(ErrorCode.ERR_GlobalSingleTypeNameNotFound, "TestNamespace").WithArguments("TestNamespace").WithLocation(41, 66),
// TestFiles/IntegrationTests/CodeGenerationIntegrationTest/SingleTagHelperWithNewlineBeforeAttributes.cshtml(53,102): error CS0234: The type or namespace name 'TagHelpers' does not exist in the namespace 'Microsoft.AspNetCore.Razor' (are you missing an assembly reference?)
//             __tagHelperExecutionContext.AddTagHelperAttribute("age", __TestNamespace_PTagHelper.Age, global::Microsoft.AspNetCore.Razor.TagHelpers.HtmlAttributeValueStyle.DoubleQuotes);
Diagnostic(ErrorCode.ERR_DottedTypeNameNotFoundInNS, "global::Microsoft.AspNetCore.Razor.TagHelpers").WithArguments("TagHelpers", "Microsoft.AspNetCore.Razor").WithLocation(53, 102),
// TestFiles/IntegrationTests/CodeGenerationIntegrationTest/SingleTagHelperWithNewlineBeforeAttributes.cshtml(59,13): error CS0103: The name 'Write' does not exist in the current context
//             Write(__tagHelperExecutionContext.Output);
Diagnostic(ErrorCode.ERR_NameNotInContext, "Write").WithArguments("Write").WithLocation(59, 13)