// TestFiles/IntegrationTests/CodeGenerationIntegrationTest/SingleLineControlFlowStatements.cshtml(4,9): error CS0103: The name 'DateTime' does not exist in the current context
//     if (DateTime.Now.ToBinary() % 2 == 0) 
Diagnostic(ErrorCode.ERR_NameNotInContext, "DateTime").WithArguments("DateTime").WithLocation(4, 9),
// TestFiles/IntegrationTests/CodeGenerationIntegrationTest/SingleLineControlFlowStatements.cshtml(4,47): error CS0234: The type or namespace name 'Hosting' does not exist in the namespace 'Microsoft.AspNetCore.Razor' (are you missing an assembly reference?)
// [assembly: global::Microsoft.AspNetCore.Razor.Hosting.RazorCompiledItemAttribute(typeof(Microsoft.AspNetCore.Razor.Language.IntegrationTests.TestFiles.TestFiles_IntegrationTests_CodeGenerationIntegrationTest_SingleLineControlFlowStatements_Runtime), @"default", @"/TestFiles/IntegrationTests/CodeGenerationIntegrationTest/SingleLineControlFlowStatements.cshtml")]
Diagnostic(ErrorCode.ERR_DottedTypeNameNotFoundInNS, "Hosting").WithArguments("Hosting", "Microsoft.AspNetCore.Razor").WithLocation(4, 47),
// TestFiles/IntegrationTests/CodeGenerationIntegrationTest/SingleLineControlFlowStatements.cshtml(4,85): error CS0103: The name 'DateTime' does not exist in the current context
// DateTime.Now
Diagnostic(ErrorCode.ERR_NameNotInContext, "DateTime").WithArguments("DateTime").WithLocation(4, 85),
// TestFiles/IntegrationTests/CodeGenerationIntegrationTest/SingleLineControlFlowStatements.cshtml(6,12): warning CS8321: The local function 'Bar' is declared but never used
//     object Bar()
Diagnostic(ErrorCode.WRN_UnreferencedLocalFunction, "Bar").WithArguments("Bar").WithLocation(6, 12),
// TestFiles/IntegrationTests/CodeGenerationIntegrationTest/SingleLineControlFlowStatements.cshtml(8,13): error CS0103: The name 'DateTime' does not exist in the current context
//         if (DateTime.Now.ToBinary() % 2 == 0)
Diagnostic(ErrorCode.ERR_NameNotInContext, "DateTime").WithArguments("DateTime").WithLocation(8, 13),
// TestFiles/IntegrationTests/CodeGenerationIntegrationTest/SingleLineControlFlowStatements.cshtml(8,41): error CS0234: The type or namespace name 'Hosting' does not exist in the namespace 'Microsoft.AspNetCore.Razor' (are you missing an assembly reference?)
//     [global::Microsoft.AspNetCore.Razor.Hosting.RazorSourceChecksumAttribute(@"Sha256", @"a66d420fecd4b03184392e5ffae1b5cbd3050be4e5c1a1d641eb271a35d9099d", @"/TestFiles/IntegrationTests/CodeGenerationIntegrationTest/SingleLineControlFlowStatements.cshtml")]
Diagnostic(ErrorCode.ERR_DottedTypeNameNotFoundInNS, "Hosting").WithArguments("Hosting", "Microsoft.AspNetCore.Razor").WithLocation(8, 41),
// TestFiles/IntegrationTests/CodeGenerationIntegrationTest/SingleLineControlFlowStatements.cshtml(10,18): error CS0103: The name 'DateTime' does not exist in the current context
//         else if (DateTime.Now.ToBinary() % 3 == 0)
Diagnostic(ErrorCode.ERR_NameNotInContext, "DateTime").WithArguments("DateTime").WithLocation(10, 18),
// TestFiles/IntegrationTests/CodeGenerationIntegrationTest/SingleLineControlFlowStatements.cshtml(13,20): error CS0103: The name 'DateTime' does not exist in the current context
//             return DateTime.Now;
Diagnostic(ErrorCode.ERR_NameNotInContext, "DateTime").WithArguments("DateTime").WithLocation(13, 20),
// TestFiles/IntegrationTests/CodeGenerationIntegrationTest/SingleLineControlFlowStatements.cshtml(14,13): error CS0103: The name 'WriteLiteral' does not exist in the current context
//             WriteLiteral("<p>Before Text</p>\r\n\r\n");
Diagnostic(ErrorCode.ERR_NameNotInContext, "WriteLiteral").WithArguments("WriteLiteral").WithLocation(14, 13),
// TestFiles/IntegrationTests/CodeGenerationIntegrationTest/SingleLineControlFlowStatements.cshtml(24,13): error CS0103: The name 'Write' does not exist in the current context
//             Write(
Diagnostic(ErrorCode.ERR_NameNotInContext, "Write").WithArguments("Write").WithLocation(24, 13),
// TestFiles/IntegrationTests/CodeGenerationIntegrationTest/SingleLineControlFlowStatements.cshtml(40,13): warning CS0219: The variable 'x' is assigned but its value is never used
//         var x = "";
Diagnostic(ErrorCode.WRN_UnreferencedVarAssg, "x").WithArguments("x").WithLocation(40, 13),
// TestFiles/IntegrationTests/CodeGenerationIntegrationTest/SingleLineControlFlowStatements.cshtml(41,13): error CS0103: The name 'Write' does not exist in the current context
//             Write(
Diagnostic(ErrorCode.ERR_NameNotInContext, "Write").WithArguments("Write").WithLocation(41, 13),
// TestFiles/IntegrationTests/CodeGenerationIntegrationTest/SingleLineControlFlowStatements.cshtml(42,13): error CS0103: The name 'DateTime' does not exist in the current context
//         if (DateTime.Now.ToBinary() % 2 == 0)
Diagnostic(ErrorCode.ERR_NameNotInContext, "DateTime").WithArguments("DateTime").WithLocation(42, 13),
// TestFiles/IntegrationTests/CodeGenerationIntegrationTest/SingleLineControlFlowStatements.cshtml(47,9): warning CS0162: Unreachable code detected
//         for (var i = 0; i < 10; i++)
Diagnostic(ErrorCode.WRN_UnreachableCode, "for").WithLocation(47, 9),
// TestFiles/IntegrationTests/CodeGenerationIntegrationTest/SingleLineControlFlowStatements.cshtml(83,13): error CS0103: The name 'Write' does not exist in the current context
//             Write(
Diagnostic(ErrorCode.ERR_NameNotInContext, "Write").WithArguments("Write").WithLocation(83, 13),
// TestFiles/IntegrationTests/CodeGenerationIntegrationTest/SingleLineControlFlowStatements.cshtml(97,13): error CS1023: Embedded statement cannot be a declaration or labeled statement
// @GitHubUserName <p>Hello!</p>
Diagnostic(ErrorCode.ERR_BadEmbeddedStmt, "@GitHubUserName <p>Hello").WithLocation(97, 13),
// TestFiles/IntegrationTests/CodeGenerationIntegrationTest/SingleLineControlFlowStatements.cshtml(97,13): error CS0246: The type or namespace name 'GitHubUserName<>' could not be found (are you missing a using directive or an assembly reference?)
// @GitHubUserName <p>Hello!</p>
Diagnostic(ErrorCode.ERR_SingleTypeNameNotFound, "@GitHubUserName <p>").WithArguments("GitHubUserName<>").WithLocation(97, 13),
// TestFiles/IntegrationTests/CodeGenerationIntegrationTest/SingleLineControlFlowStatements.cshtml(97,30): error CS0246: The type or namespace name 'p' could not be found (are you missing a using directive or an assembly reference?)
// @GitHubUserName <p>Hello!</p>
Diagnostic(ErrorCode.ERR_SingleTypeNameNotFound, "p").WithArguments("p").WithLocation(97, 30),
// TestFiles/IntegrationTests/CodeGenerationIntegrationTest/SingleLineControlFlowStatements.cshtml(97,32): warning CS0168: The variable 'Hello' is declared but never used
// @GitHubUserName <p>Hello!</p>
Diagnostic(ErrorCode.WRN_UnreferencedVar, "Hello").WithArguments("Hello").WithLocation(97, 32),
// TestFiles/IntegrationTests/CodeGenerationIntegrationTest/SingleLineControlFlowStatements.cshtml(97,37): error CS1002: ; expected
// @GitHubUserName <p>Hello!</p>
Diagnostic(ErrorCode.ERR_SemicolonExpected, "!").WithLocation(97, 37),
// TestFiles/IntegrationTests/CodeGenerationIntegrationTest/SingleLineControlFlowStatements.cshtml(97,38): error CS1525: Invalid expression term '<'
// @GitHubUserName <p>Hello!</p>
Diagnostic(ErrorCode.ERR_InvalidExprTerm, "<").WithArguments("<").WithLocation(97, 38),
// TestFiles/IntegrationTests/CodeGenerationIntegrationTest/SingleLineControlFlowStatements.cshtml(97,39): error CS1525: Invalid expression term '/'
// @GitHubUserName <p>Hello!</p>
Diagnostic(ErrorCode.ERR_InvalidExprTerm, "/").WithArguments("/").WithLocation(97, 39),
// TestFiles/IntegrationTests/CodeGenerationIntegrationTest/SingleLineControlFlowStatements.cshtml(97,40): error CS0103: The name 'p' does not exist in the current context
// @GitHubUserName <p>Hello!</p>
Diagnostic(ErrorCode.ERR_NameNotInContext, "p").WithArguments("p").WithLocation(97, 40),
// TestFiles/IntegrationTests/CodeGenerationIntegrationTest/SingleLineControlFlowStatements.cshtml(97,42): error CS1525: Invalid expression term 'if'
// @GitHubUserName <p>Hello!</p>
Diagnostic(ErrorCode.ERR_InvalidExprTerm, "").WithArguments("if").WithLocation(97, 42),
// TestFiles/IntegrationTests/CodeGenerationIntegrationTest/SingleLineControlFlowStatements.cshtml(97,42): error CS1002: ; expected
// @GitHubUserName <p>Hello!</p>
Diagnostic(ErrorCode.ERR_SemicolonExpected, "").WithLocation(97, 42),
// TestFiles/IntegrationTests/CodeGenerationIntegrationTest/SingleLineControlFlowStatements.cshtml(100,24): error CS0103: The name 'DateTime' does not exist in the current context
// DateTime.Now
Diagnostic(ErrorCode.ERR_NameNotInContext, "DateTime").WithArguments("DateTime").WithLocation(100, 24),
// TestFiles/IntegrationTests/CodeGenerationIntegrationTest/SingleLineControlFlowStatements.cshtml(103,13): error CS0103: The name 'Write' does not exist in the current context
//             Write(
Diagnostic(ErrorCode.ERR_NameNotInContext, "Write").WithArguments("Write").WithLocation(103, 13),
// TestFiles/IntegrationTests/CodeGenerationIntegrationTest/SingleLineControlFlowStatements.cshtml(127,13): error CS0103: The name 'Write' does not exist in the current context
//             Write(
Diagnostic(ErrorCode.ERR_NameNotInContext, "Write").WithArguments("Write").WithLocation(127, 13),
// TestFiles/IntegrationTests/CodeGenerationIntegrationTest/SingleLineControlFlowStatements.cshtml(145,13): error CS0103: The name 'WriteLiteral' does not exist in the current context
//             WriteLiteral("\r\n");
Diagnostic(ErrorCode.ERR_NameNotInContext, "WriteLiteral").WithArguments("WriteLiteral").WithLocation(145, 13),
// TestFiles/IntegrationTests/CodeGenerationIntegrationTest/SingleLineControlFlowStatements.cshtml(146,13): error CS0103: The name 'WriteLiteral' does not exist in the current context
//             WriteLiteral("\r\n");
Diagnostic(ErrorCode.ERR_NameNotInContext, "WriteLiteral").WithArguments("WriteLiteral").WithLocation(146, 13),
// TestFiles/IntegrationTests/CodeGenerationIntegrationTest/SingleLineControlFlowStatements.cshtml(156,13): error CS0103: The name 'Write' does not exist in the current context
//             Write(
Diagnostic(ErrorCode.ERR_NameNotInContext, "Write").WithArguments("Write").WithLocation(156, 13),
// TestFiles/IntegrationTests/CodeGenerationIntegrationTest/SingleLineControlFlowStatements.cshtml(165,13): error CS0103: The name 'WriteLiteral' does not exist in the current context
//             WriteLiteral("\r\n");
Diagnostic(ErrorCode.ERR_NameNotInContext, "WriteLiteral").WithArguments("WriteLiteral").WithLocation(165, 13),
// TestFiles/IntegrationTests/CodeGenerationIntegrationTest/SingleLineControlFlowStatements.cshtml(175,13): error CS0103: The name 'Write' does not exist in the current context
//             Write(
Diagnostic(ErrorCode.ERR_NameNotInContext, "Write").WithArguments("Write").WithLocation(175, 13),
// TestFiles/IntegrationTests/CodeGenerationIntegrationTest/SingleLineControlFlowStatements.cshtml(184,13): error CS0103: The name 'WriteLiteral' does not exist in the current context
//             WriteLiteral("\r\n");
Diagnostic(ErrorCode.ERR_NameNotInContext, "WriteLiteral").WithArguments("WriteLiteral").WithLocation(184, 13),
// TestFiles/IntegrationTests/CodeGenerationIntegrationTest/SingleLineControlFlowStatements.cshtml(194,13): error CS0103: The name 'Write' does not exist in the current context
//             Write(
Diagnostic(ErrorCode.ERR_NameNotInContext, "Write").WithArguments("Write").WithLocation(194, 13),
// TestFiles/IntegrationTests/CodeGenerationIntegrationTest/SingleLineControlFlowStatements.cshtml(212,13): error CS0103: The name 'WriteLiteral' does not exist in the current context
//             WriteLiteral("\r\n");
Diagnostic(ErrorCode.ERR_NameNotInContext, "WriteLiteral").WithArguments("WriteLiteral").WithLocation(212, 13),
// TestFiles/IntegrationTests/CodeGenerationIntegrationTest/SingleLineControlFlowStatements.cshtml(222,13): error CS0103: The name 'WriteLiteral' does not exist in the current context
//             WriteLiteral("\r\n");
Diagnostic(ErrorCode.ERR_NameNotInContext, "WriteLiteral").WithArguments("WriteLiteral").WithLocation(222, 13),
// TestFiles/IntegrationTests/CodeGenerationIntegrationTest/SingleLineControlFlowStatements.cshtml(233,13): error CS0103: The name 'Write' does not exist in the current context
//             Write(
Diagnostic(ErrorCode.ERR_NameNotInContext, "Write").WithArguments("Write").WithLocation(233, 13),
// TestFiles/IntegrationTests/CodeGenerationIntegrationTest/SingleLineControlFlowStatements.cshtml(242,13): error CS0103: The name 'WriteLiteral' does not exist in the current context
//             WriteLiteral("\r\n");
Diagnostic(ErrorCode.ERR_NameNotInContext, "WriteLiteral").WithArguments("WriteLiteral").WithLocation(242, 13),
// TestFiles/IntegrationTests/CodeGenerationIntegrationTest/SingleLineControlFlowStatements.cshtml(252,13): error CS0103: The name 'WriteLiteral' does not exist in the current context
//             WriteLiteral("\r\n");
Diagnostic(ErrorCode.ERR_NameNotInContext, "WriteLiteral").WithArguments("WriteLiteral").WithLocation(252, 13),
// TestFiles/IntegrationTests/CodeGenerationIntegrationTest/SingleLineControlFlowStatements.cshtml(279,13): error CS0103: The name 'WriteLiteral' does not exist in the current context
//             WriteLiteral(" <p>The time is ");
Diagnostic(ErrorCode.ERR_NameNotInContext, "WriteLiteral").WithArguments("WriteLiteral").WithLocation(279, 13),
// TestFiles/IntegrationTests/CodeGenerationIntegrationTest/SingleLineControlFlowStatements.cshtml(280,13): error CS0103: The name 'Write' does not exist in the current context
//             Write(
Diagnostic(ErrorCode.ERR_NameNotInContext, "Write").WithArguments("Write").WithLocation(280, 13),
// TestFiles/IntegrationTests/CodeGenerationIntegrationTest/SingleLineControlFlowStatements.cshtml(289,13): error CS0103: The name 'WriteLiteral' does not exist in the current context
//             WriteLiteral("</p>\r\n");
Diagnostic(ErrorCode.ERR_NameNotInContext, "WriteLiteral").WithArguments("WriteLiteral").WithLocation(289, 13),
// TestFiles/IntegrationTests/CodeGenerationIntegrationTest/SingleLineControlFlowStatements.cshtml(290,13): error CS0103: The name 'WriteLiteral' does not exist in the current context
//             WriteLiteral("<p>After Text</p>");
Diagnostic(ErrorCode.ERR_NameNotInContext, "WriteLiteral").WithArguments("WriteLiteral").WithLocation(290, 13),
// TestFiles/IntegrationTests/CodeGenerationIntegrationTest/SingleLineControlFlowStatements.cshtml(316,9): error CS0103: The name 'Write' does not exist in the current context
//         Write(
Diagnostic(ErrorCode.ERR_NameNotInContext, "Write").WithArguments("Write").WithLocation(316, 9),
// TestFiles/IntegrationTests/CodeGenerationIntegrationTest/SingleLineControlFlowStatements.cshtml(336,9): error CS0103: The name 'Write' does not exist in the current context
//         Write(
Diagnostic(ErrorCode.ERR_NameNotInContext, "Write").WithArguments("Write").WithLocation(336, 9),
// TestFiles/IntegrationTests/CodeGenerationIntegrationTest/SingleLineControlFlowStatements.cshtml(360,9): error CS0103: The name 'Write' does not exist in the current context
//         Write(
Diagnostic(ErrorCode.ERR_NameNotInContext, "Write").WithArguments("Write").WithLocation(360, 9)