// TestFiles/IntegrationTests/CodeGenerationIntegrationTest/StringLiterals.cshtml(4,47): error CS0234: The type or namespace name 'Hosting' does not exist in the namespace 'Microsoft.AspNetCore.Razor' (are you missing an assembly reference?)
// [assembly: global::Microsoft.AspNetCore.Razor.Hosting.RazorCompiledItemAttribute(typeof(Microsoft.AspNetCore.Razor.Language.IntegrationTests.TestFiles.TestFiles_IntegrationTests_CodeGenerationIntegrationTest_StringLiterals_Runtime), @"default", @"/TestFiles/IntegrationTests/CodeGenerationIntegrationTest/StringLiterals.cshtml")]
Diagnostic(ErrorCode.ERR_DottedTypeNameNotFoundInNS, "Hosting").WithArguments("Hosting", "Microsoft.AspNetCore.Razor").WithLocation(4, 47),
// TestFiles/IntegrationTests/CodeGenerationIntegrationTest/StringLiterals.cshtml(8,41): error CS0234: The type or namespace name 'Hosting' does not exist in the namespace 'Microsoft.AspNetCore.Razor' (are you missing an assembly reference?)
//     [global::Microsoft.AspNetCore.Razor.Hosting.RazorSourceChecksumAttribute(@"Sha256", @"69f3680900f8c303ec50c37449fea720166f0f13b35f665d03575ab725ccabe0", @"/TestFiles/IntegrationTests/CodeGenerationIntegrationTest/StringLiterals.cshtml")]
Diagnostic(ErrorCode.ERR_DottedTypeNameNotFoundInNS, "Hosting").WithArguments("Hosting", "Microsoft.AspNetCore.Razor").WithLocation(8, 41),
// TestFiles/IntegrationTests/CodeGenerationIntegrationTest/StringLiterals.cshtml(14,13): error CS0103: The name 'WriteLiteral' does not exist in the current context
//             WriteLiteral(@"<p>This is line 1</p>
Diagnostic(ErrorCode.ERR_NameNotInContext, "WriteLiteral").WithArguments("WriteLiteral").WithLocation(14, 13),
// TestFiles/IntegrationTests/CodeGenerationIntegrationTest/StringLiterals.cshtml(58,13): error CS0103: The name 'WriteLiteral' does not exist in the current context
//             WriteLiteral(@"p>This is line 44</p>
Diagnostic(ErrorCode.ERR_NameNotInContext, "WriteLiteral").WithArguments("WriteLiteral").WithLocation(58, 13),
// TestFiles/IntegrationTests/CodeGenerationIntegrationTest/StringLiterals.cshtml(101,13): error CS0103: The name 'DefineSection' does not exist in the current context
//             DefineSection("WriteLiteralsToInHere", async() => {
Diagnostic(ErrorCode.ERR_NameNotInContext, "DefineSection").WithArguments("DefineSection").WithLocation(101, 13),
// TestFiles/IntegrationTests/CodeGenerationIntegrationTest/StringLiterals.cshtml(183,13): error CS0103: The name 'WriteLiteral' does not exist in the current context
//             WriteLiteral(@"<p>This is line 1</p>
Diagnostic(ErrorCode.ERR_NameNotInContext, "WriteLiteral").WithArguments("WriteLiteral").WithLocation(183, 13),
// TestFiles/IntegrationTests/CodeGenerationIntegrationTest/StringLiterals.cshtml(226,13): error CS0103: The name 'WriteLiteral' does not exist in the current context
//             WriteLiteral("\r\n");
Diagnostic(ErrorCode.ERR_NameNotInContext, "WriteLiteral").WithArguments("WriteLiteral").WithLocation(226, 13),
// TestFiles/IntegrationTests/CodeGenerationIntegrationTest/StringLiterals.cshtml(227,13): error CS0103: The name 'DefineSection' does not exist in the current context
//             DefineSection("WriteLiteralsToInHereAlso", async() => {
Diagnostic(ErrorCode.ERR_NameNotInContext, "DefineSection").WithArguments("DefineSection").WithLocation(227, 13),
// TestFiles/IntegrationTests/CodeGenerationIntegrationTest/StringLiterals.cshtml(262,13): error CS0103: The name 'WriteLiteral' does not exist in the current context
//             WriteLiteral("!");
Diagnostic(ErrorCode.ERR_NameNotInContext, "WriteLiteral").WithArguments("WriteLiteral").WithLocation(262, 13)