// TestFiles/IntegrationTests/CodeGenerationIntegrationTest/SwitchExpression_RecursivePattern.cshtml(1,10): error CS0103: The name 'DateTimeOffset' does not exist in the current context
// switch (DateTimeOffset.UtcNow)
Diagnostic(ErrorCode.ERR_NameNotInContext, "DateTimeOffset").WithArguments("DateTimeOffset").WithLocation(1, 10),
// TestFiles/IntegrationTests/CodeGenerationIntegrationTest/SwitchExpression_RecursivePattern.cshtml(4,47): error CS0234: The type or namespace name 'Hosting' does not exist in the namespace 'Microsoft.AspNetCore.Razor' (are you missing an assembly reference?)
// [assembly: global::Microsoft.AspNetCore.Razor.Hosting.RazorCompiledItemAttribute(typeof(Microsoft.AspNetCore.Razor.Language.IntegrationTests.TestFiles.TestFiles_IntegrationTests_CodeGenerationIntegrationTest_SwitchExpression_RecursivePattern_Runtime), @"default", @"/TestFiles/IntegrationTests/CodeGenerationIntegrationTest/SwitchExpression_RecursivePattern.cshtml")]
Diagnostic(ErrorCode.ERR_DottedTypeNameNotFoundInNS, "Hosting").WithArguments("Hosting", "Microsoft.AspNetCore.Razor").WithLocation(4, 47),
// TestFiles/IntegrationTests/CodeGenerationIntegrationTest/SwitchExpression_RecursivePattern.cshtml(8,41): error CS0234: The type or namespace name 'Hosting' does not exist in the namespace 'Microsoft.AspNetCore.Razor' (are you missing an assembly reference?)
//     [global::Microsoft.AspNetCore.Razor.Hosting.RazorSourceChecksumAttribute(@"Sha256", @"9168a1bd59651e5e083cf79f3271ea80436a9539f637069ba388b14b675f3b39", @"/TestFiles/IntegrationTests/CodeGenerationIntegrationTest/SwitchExpression_RecursivePattern.cshtml")]
Diagnostic(ErrorCode.ERR_DottedTypeNameNotFoundInNS, "Hosting").WithArguments("Hosting", "Microsoft.AspNetCore.Razor").WithLocation(8, 41),
// TestFiles/IntegrationTests/CodeGenerationIntegrationTest/SwitchExpression_RecursivePattern.cshtml(8,45): error CS0400: The type or namespace name 'Qualifier' could not be found in the global namespace (are you missing an assembly reference?)
//     case ({ Test: { Nested.Pattern: global::Qualifier } }):
Diagnostic(ErrorCode.ERR_GlobalSingleTypeNameNotFound, "Qualifier").WithArguments("Qualifier").WithLocation(8, 45),
// TestFiles/IntegrationTests/CodeGenerationIntegrationTest/SwitchExpression_RecursivePattern.cshtml(10,18): error CS0400: The type or namespace name 'Test' could not be found in the global namespace (are you missing an assembly reference?)
//     case global::Test:
Diagnostic(ErrorCode.ERR_GlobalSingleTypeNameNotFound, "Test").WithArguments("Test").WithLocation(10, 18),
// TestFiles/IntegrationTests/CodeGenerationIntegrationTest/SwitchExpression_RecursivePattern.cshtml(24,13): error CS0103: The name 'WriteLiteral' does not exist in the current context
//             WriteLiteral("        <strong>Property expressions are supported by the razor syntax in the year 2022.</strong>\r\n");
Diagnostic(ErrorCode.ERR_NameNotInContext, "WriteLiteral").WithArguments("WriteLiteral").WithLocation(24, 13)