// TestFiles/IntegrationTests/CodeGenerationIntegrationTest/SymbolBoundAttributes.cshtml(10,52): error CS0234: The type or namespace name 'Runtime' does not exist in the namespace 'Microsoft.AspNetCore.Razor' (are you missing an assembly reference?)
//         private global::Microsoft.AspNetCore.Razor.Runtime.TagHelpers.TagHelperExecutionContext __tagHelperExecutionContext;
Diagnostic(ErrorCode.ERR_DottedTypeNameNotFoundInNS, "Runtime").WithArguments("Runtime", "Microsoft.AspNetCore.Razor").WithLocation(10, 52),
// TestFiles/IntegrationTests/CodeGenerationIntegrationTest/SymbolBoundAttributes.cshtml(12,47): error CS0103: The name 'items' does not exist in the current context
// __TestNamespace_CatchAllTagHelper.ListItems = items;
Diagnostic(ErrorCode.ERR_NameNotInContext, "items").WithArguments("items").WithLocation(12, 47),
// TestFiles/IntegrationTests/CodeGenerationIntegrationTest/SymbolBoundAttributes.cshtml(12,52): error CS0234: The type or namespace name 'Runtime' does not exist in the namespace 'Microsoft.AspNetCore.Razor' (are you missing an assembly reference?)
//         private global::Microsoft.AspNetCore.Razor.Runtime.TagHelpers.TagHelperRunner __tagHelperRunner = new global::Microsoft.AspNetCore.Razor.Runtime.TagHelpers.TagHelperRunner();
Diagnostic(ErrorCode.ERR_DottedTypeNameNotFoundInNS, "Runtime").WithArguments("Runtime", "Microsoft.AspNetCore.Razor").WithLocation(12, 52),
// TestFiles/IntegrationTests/CodeGenerationIntegrationTest/SymbolBoundAttributes.cshtml(12,146): error CS0234: The type or namespace name 'Runtime' does not exist in the namespace 'Microsoft.AspNetCore.Razor' (are you missing an assembly reference?)
//         private global::Microsoft.AspNetCore.Razor.Runtime.TagHelpers.TagHelperRunner __tagHelperRunner = new global::Microsoft.AspNetCore.Razor.Runtime.TagHelpers.TagHelperRunner();
Diagnostic(ErrorCode.ERR_DottedTypeNameNotFoundInNS, "Runtime").WithArguments("Runtime", "Microsoft.AspNetCore.Razor").WithLocation(12, 146),
// TestFiles/IntegrationTests/CodeGenerationIntegrationTest/SymbolBoundAttributes.cshtml(13,25): error CS0400: The type or namespace name 'TestNamespace' could not be found in the global namespace (are you missing an assembly reference?)
//         private global::TestNamespace.CatchAllTagHelper __TestNamespace_CatchAllTagHelper;
Diagnostic(ErrorCode.ERR_GlobalSingleTypeNameNotFound, "TestNamespace").WithArguments("TestNamespace").WithLocation(13, 25),
// TestFiles/IntegrationTests/CodeGenerationIntegrationTest/SymbolBoundAttributes.cshtml(13,48): error CS0103: The name 'items' does not exist in the current context
// __TestNamespace_CatchAllTagHelper.ArrayItems = items;
Diagnostic(ErrorCode.ERR_NameNotInContext, "items").WithArguments("items").WithLocation(13, 48),
// TestFiles/IntegrationTests/CodeGenerationIntegrationTest/SymbolBoundAttributes.cshtml(14,44): error CS0103: The name 'doSomething' does not exist in the current context
// __TestNamespace_CatchAllTagHelper.Event1 = doSomething();
Diagnostic(ErrorCode.ERR_NameNotInContext, "doSomething").WithArguments("doSomething").WithLocation(14, 44),
// TestFiles/IntegrationTests/CodeGenerationIntegrationTest/SymbolBoundAttributes.cshtml(15,44): error CS0103: The name 'doSomething' does not exist in the current context
// __TestNamespace_CatchAllTagHelper.Event2 = doSomething();
Diagnostic(ErrorCode.ERR_NameNotInContext, "doSomething").WithArguments("doSomething").WithLocation(15, 44),
// TestFiles/IntegrationTests/CodeGenerationIntegrationTest/SymbolBoundAttributes.cshtml(34,49): error CS0103: The name 'CreateTagHelper' does not exist in the current context
//             __TestNamespace_CatchAllTagHelper = CreateTagHelper<global::TestNamespace.CatchAllTagHelper>();
Diagnostic(ErrorCode.ERR_NameNotInContext, "CreateTagHelper<global::TestNamespace.CatchAllTagHelper>").WithArguments("CreateTagHelper").WithLocation(34, 49),
// TestFiles/IntegrationTests/CodeGenerationIntegrationTest/SymbolBoundAttributes.cshtml(34,73): error CS0400: The type or namespace name 'TestNamespace' could not be found in the global namespace (are you missing an assembly reference?)
//             __TestNamespace_CatchAllTagHelper = CreateTagHelper<global::TestNamespace.CatchAllTagHelper>();
Diagnostic(ErrorCode.ERR_GlobalSingleTypeNameNotFound, "TestNamespace").WithArguments("TestNamespace").WithLocation(34, 73),
// TestFiles/IntegrationTests/CodeGenerationIntegrationTest/SymbolBoundAttributes.cshtml(43,49): error CS0103: The name 'CreateTagHelper' does not exist in the current context
//             __TestNamespace_CatchAllTagHelper = CreateTagHelper<global::TestNamespace.CatchAllTagHelper>();
Diagnostic(ErrorCode.ERR_NameNotInContext, "CreateTagHelper<global::TestNamespace.CatchAllTagHelper>").WithArguments("CreateTagHelper").WithLocation(43, 49),
// TestFiles/IntegrationTests/CodeGenerationIntegrationTest/SymbolBoundAttributes.cshtml(43,73): error CS0400: The type or namespace name 'TestNamespace' could not be found in the global namespace (are you missing an assembly reference?)
//             __TestNamespace_CatchAllTagHelper = CreateTagHelper<global::TestNamespace.CatchAllTagHelper>();
Diagnostic(ErrorCode.ERR_GlobalSingleTypeNameNotFound, "TestNamespace").WithArguments("TestNamespace").WithLocation(43, 73),
// TestFiles/IntegrationTests/CodeGenerationIntegrationTest/SymbolBoundAttributes.cshtml(52,49): error CS0103: The name 'CreateTagHelper' does not exist in the current context
//             __TestNamespace_CatchAllTagHelper = CreateTagHelper<global::TestNamespace.CatchAllTagHelper>();
Diagnostic(ErrorCode.ERR_NameNotInContext, "CreateTagHelper<global::TestNamespace.CatchAllTagHelper>").WithArguments("CreateTagHelper").WithLocation(52, 49),
// TestFiles/IntegrationTests/CodeGenerationIntegrationTest/SymbolBoundAttributes.cshtml(52,73): error CS0400: The type or namespace name 'TestNamespace' could not be found in the global namespace (are you missing an assembly reference?)
//             __TestNamespace_CatchAllTagHelper = CreateTagHelper<global::TestNamespace.CatchAllTagHelper>();
Diagnostic(ErrorCode.ERR_GlobalSingleTypeNameNotFound, "TestNamespace").WithArguments("TestNamespace").WithLocation(52, 73),
// TestFiles/IntegrationTests/CodeGenerationIntegrationTest/SymbolBoundAttributes.cshtml(61,49): error CS0103: The name 'CreateTagHelper' does not exist in the current context
//             __TestNamespace_CatchAllTagHelper = CreateTagHelper<global::TestNamespace.CatchAllTagHelper>();
Diagnostic(ErrorCode.ERR_NameNotInContext, "CreateTagHelper<global::TestNamespace.CatchAllTagHelper>").WithArguments("CreateTagHelper").WithLocation(61, 49),
// TestFiles/IntegrationTests/CodeGenerationIntegrationTest/SymbolBoundAttributes.cshtml(61,73): error CS0400: The type or namespace name 'TestNamespace' could not be found in the global namespace (are you missing an assembly reference?)
//             __TestNamespace_CatchAllTagHelper = CreateTagHelper<global::TestNamespace.CatchAllTagHelper>();
Diagnostic(ErrorCode.ERR_GlobalSingleTypeNameNotFound, "TestNamespace").WithArguments("TestNamespace").WithLocation(61, 73),
// TestFiles/IntegrationTests/CodeGenerationIntegrationTest/SymbolBoundAttributes.cshtml(70,49): error CS0103: The name 'CreateTagHelper' does not exist in the current context
//             __TestNamespace_CatchAllTagHelper = CreateTagHelper<global::TestNamespace.CatchAllTagHelper>();
Diagnostic(ErrorCode.ERR_NameNotInContext, "CreateTagHelper<global::TestNamespace.CatchAllTagHelper>").WithArguments("CreateTagHelper").WithLocation(70, 49),
// TestFiles/IntegrationTests/CodeGenerationIntegrationTest/SymbolBoundAttributes.cshtml(70,73): error CS0400: The type or namespace name 'TestNamespace' could not be found in the global namespace (are you missing an assembly reference?)
//             __TestNamespace_CatchAllTagHelper = CreateTagHelper<global::TestNamespace.CatchAllTagHelper>();
Diagnostic(ErrorCode.ERR_GlobalSingleTypeNameNotFound, "TestNamespace").WithArguments("TestNamespace").WithLocation(70, 73),
// TestFiles/IntegrationTests/CodeGenerationIntegrationTest/SymbolBoundAttributes.cshtml(73,49): error CS0103: The name 'CreateTagHelper' does not exist in the current context
//             __TestNamespace_CatchAllTagHelper = CreateTagHelper<global::TestNamespace.CatchAllTagHelper>();
Diagnostic(ErrorCode.ERR_NameNotInContext, "CreateTagHelper<global::TestNamespace.CatchAllTagHelper>").WithArguments("CreateTagHelper").WithLocation(73, 49),
// TestFiles/IntegrationTests/CodeGenerationIntegrationTest/SymbolBoundAttributes.cshtml(73,73): error CS0400: The type or namespace name 'TestNamespace' could not be found in the global namespace (are you missing an assembly reference?)
//             __TestNamespace_CatchAllTagHelper = CreateTagHelper<global::TestNamespace.CatchAllTagHelper>();
Diagnostic(ErrorCode.ERR_GlobalSingleTypeNameNotFound, "TestNamespace").WithArguments("TestNamespace").WithLocation(73, 73),
// TestFiles/IntegrationTests/CodeGenerationIntegrationTest/SymbolBoundAttributes.cshtml(75,49): error CS0103: The name 'CreateTagHelper' does not exist in the current context
//             __TestNamespace_CatchAllTagHelper = CreateTagHelper<global::TestNamespace.CatchAllTagHelper>();
Diagnostic(ErrorCode.ERR_NameNotInContext, "CreateTagHelper<global::TestNamespace.CatchAllTagHelper>").WithArguments("CreateTagHelper").WithLocation(75, 49),
// TestFiles/IntegrationTests/CodeGenerationIntegrationTest/SymbolBoundAttributes.cshtml(75,73): error CS0400: The type or namespace name 'TestNamespace' could not be found in the global namespace (are you missing an assembly reference?)
//             __TestNamespace_CatchAllTagHelper = CreateTagHelper<global::TestNamespace.CatchAllTagHelper>();
Diagnostic(ErrorCode.ERR_GlobalSingleTypeNameNotFound, "TestNamespace").WithArguments("TestNamespace").WithLocation(75, 73)