// TestFiles/IntegrationTests/CodeGenerationIntegrationTest/TagHelpersWithTemplate.cshtml(4,46): error CS0246: The type or namespace name 'Func<,>' could not be found (are you missing a using directive or an assembly reference?)
//     public void RenderTemplate(string title, Func<string, HelperResult> template)
Diagnostic(ErrorCode.ERR_SingleTypeNameNotFound, "Func<string, HelperResult>").WithArguments("Func<,>").WithLocation(4, 46),
// TestFiles/IntegrationTests/CodeGenerationIntegrationTest/TagHelpersWithTemplate.cshtml(4,59): error CS0246: The type or namespace name 'HelperResult' could not be found (are you missing a using directive or an assembly reference?)
//     public void RenderTemplate(string title, Func<string, HelperResult> template)
Diagnostic(ErrorCode.ERR_SingleTypeNameNotFound, "HelperResult").WithArguments("HelperResult").WithLocation(4, 59),
// TestFiles/IntegrationTests/CodeGenerationIntegrationTest/TagHelpersWithTemplate.cshtml(6,9): error CS0103: The name 'Output' does not exist in the current context
//         Output.WriteLine("<br /><p><em>Rendering Template:</em></p>");
Diagnostic(ErrorCode.ERR_NameNotInContext, "Output").WithArguments("Output").WithLocation(6, 9),
// TestFiles/IntegrationTests/CodeGenerationIntegrationTest/TagHelpersWithTemplate.cshtml(8,30): error CS0103: The name 'Output' does not exist in the current context
//         helperResult.WriteTo(Output, HtmlEncoder);
Diagnostic(ErrorCode.ERR_NameNotInContext, "Output").WithArguments("Output").WithLocation(8, 30),
// TestFiles/IntegrationTests/CodeGenerationIntegrationTest/TagHelpersWithTemplate.cshtml(8,38): error CS0103: The name 'HtmlEncoder' does not exist in the current context
//         helperResult.WriteTo(Output, HtmlEncoder);
Diagnostic(ErrorCode.ERR_NameNotInContext, "HtmlEncoder").WithArguments("HtmlEncoder").WithLocation(8, 38),
// TestFiles/IntegrationTests/CodeGenerationIntegrationTest/TagHelpersWithTemplate.cshtml(10,52): error CS0234: The type or namespace name 'Runtime' does not exist in the namespace 'Microsoft.AspNetCore.Razor' (are you missing an assembly reference?)
//         private global::Microsoft.AspNetCore.Razor.Runtime.TagHelpers.TagHelperExecutionContext __tagHelperExecutionContext;
Diagnostic(ErrorCode.ERR_DottedTypeNameNotFoundInNS, "Runtime").WithArguments("Runtime", "Microsoft.AspNetCore.Razor").WithLocation(10, 52),
// TestFiles/IntegrationTests/CodeGenerationIntegrationTest/TagHelpersWithTemplate.cshtml(12,52): error CS0234: The type or namespace name 'Runtime' does not exist in the namespace 'Microsoft.AspNetCore.Razor' (are you missing an assembly reference?)
//         private global::Microsoft.AspNetCore.Razor.Runtime.TagHelpers.TagHelperRunner __tagHelperRunner = new global::Microsoft.AspNetCore.Razor.Runtime.TagHelpers.TagHelperRunner();
Diagnostic(ErrorCode.ERR_DottedTypeNameNotFoundInNS, "Runtime").WithArguments("Runtime", "Microsoft.AspNetCore.Razor").WithLocation(12, 52),
// TestFiles/IntegrationTests/CodeGenerationIntegrationTest/TagHelpersWithTemplate.cshtml(12,146): error CS0234: The type or namespace name 'Runtime' does not exist in the namespace 'Microsoft.AspNetCore.Razor' (are you missing an assembly reference?)
//         private global::Microsoft.AspNetCore.Razor.Runtime.TagHelpers.TagHelperRunner __tagHelperRunner = new global::Microsoft.AspNetCore.Razor.Runtime.TagHelpers.TagHelperRunner();
Diagnostic(ErrorCode.ERR_DottedTypeNameNotFoundInNS, "Runtime").WithArguments("Runtime", "Microsoft.AspNetCore.Razor").WithLocation(12, 146),
// TestFiles/IntegrationTests/CodeGenerationIntegrationTest/TagHelpersWithTemplate.cshtml(13,25): error CS0400: The type or namespace name 'DivTagHelper' could not be found in the global namespace (are you missing an assembly reference?)
//         private global::DivTagHelper __DivTagHelper;
Diagnostic(ErrorCode.ERR_GlobalSingleTypeNameNotFound, "DivTagHelper").WithArguments("DivTagHelper").WithLocation(13, 25),
// TestFiles/IntegrationTests/CodeGenerationIntegrationTest/TagHelpersWithTemplate.cshtml(14,25): error CS0400: The type or namespace name 'InputTagHelper' could not be found in the global namespace (are you missing an assembly reference?)
//         private global::InputTagHelper __InputTagHelper;
Diagnostic(ErrorCode.ERR_GlobalSingleTypeNameNotFound, "InputTagHelper").WithArguments("InputTagHelper").WithLocation(14, 25),
// TestFiles/IntegrationTests/CodeGenerationIntegrationTest/TagHelpersWithTemplate.cshtml(67,30): error CS0103: The name 'CreateTagHelper' does not exist in the current context
//             __DivTagHelper = CreateTagHelper<global::DivTagHelper>();
Diagnostic(ErrorCode.ERR_NameNotInContext, "CreateTagHelper<global::DivTagHelper>").WithArguments("CreateTagHelper").WithLocation(67, 30),
// TestFiles/IntegrationTests/CodeGenerationIntegrationTest/TagHelpersWithTemplate.cshtml(67,54): error CS0400: The type or namespace name 'DivTagHelper' could not be found in the global namespace (are you missing an assembly reference?)
//             __DivTagHelper = CreateTagHelper<global::DivTagHelper>();
Diagnostic(ErrorCode.ERR_GlobalSingleTypeNameNotFound, "DivTagHelper").WithArguments("DivTagHelper").WithLocation(67, 54)