// TestFiles/IntegrationTests/CodeGenerationIntegrationTest/TagHelpersWithTemplate.cshtml(4,46): error CS0246: The type or namespace name 'Func<,>' could not be found (are you missing a using directive or an assembly reference?)
//     public void RenderTemplate(string title, Func<string, HelperResult> template)
Diagnostic(ErrorCode.ERR_SingleTypeNameNotFound, "Func<string, HelperResult>").WithArguments("Func<,>").WithLocation(4, 46),
// TestFiles/IntegrationTests/CodeGenerationIntegrationTest/TagHelpersWithTemplate.cshtml(4,47): error CS0234: The type or namespace name 'Hosting' does not exist in the namespace 'Microsoft.AspNetCore.Razor' (are you missing an assembly reference?)
// [assembly: global::Microsoft.AspNetCore.Razor.Hosting.RazorCompiledItemAttribute(typeof(Microsoft.AspNetCore.Razor.Language.IntegrationTests.TestFiles.TestFiles_IntegrationTests_CodeGenerationIntegrationTest_TagHelpersWithTemplate_Runtime), @"default", @"/TestFiles/IntegrationTests/CodeGenerationIntegrationTest/TagHelpersWithTemplate.cshtml")]
Diagnostic(ErrorCode.ERR_DottedTypeNameNotFoundInNS, "Hosting").WithArguments("Hosting", "Microsoft.AspNetCore.Razor").WithLocation(4, 47),
// TestFiles/IntegrationTests/CodeGenerationIntegrationTest/TagHelpersWithTemplate.cshtml(4,59): error CS0246: The type or namespace name 'HelperResult' could not be found (are you missing a using directive or an assembly reference?)
//     public void RenderTemplate(string title, Func<string, HelperResult> template)
Diagnostic(ErrorCode.ERR_SingleTypeNameNotFound, "HelperResult").WithArguments("HelperResult").WithLocation(4, 59),
// TestFiles/IntegrationTests/CodeGenerationIntegrationTest/TagHelpersWithTemplate.cshtml(6,9): error CS0103: The name 'Output' does not exist in the current context
//         Output.WriteLine("<br /><p><em>Rendering Template:</em></p>");
Diagnostic(ErrorCode.ERR_NameNotInContext, "Output").WithArguments("Output").WithLocation(6, 9),
// TestFiles/IntegrationTests/CodeGenerationIntegrationTest/TagHelpersWithTemplate.cshtml(8,30): error CS0103: The name 'Output' does not exist in the current context
//         helperResult.WriteTo(Output, HtmlEncoder);
Diagnostic(ErrorCode.ERR_NameNotInContext, "Output").WithArguments("Output").WithLocation(8, 30),
// TestFiles/IntegrationTests/CodeGenerationIntegrationTest/TagHelpersWithTemplate.cshtml(8,38): error CS0103: The name 'HtmlEncoder' does not exist in the current context
//         helperResult.WriteTo(Output, HtmlEncoder);
Diagnostic(ErrorCode.ERR_NameNotInContext, "HtmlEncoder").WithArguments("HtmlEncoder").WithLocation(8, 38),
// TestFiles/IntegrationTests/CodeGenerationIntegrationTest/TagHelpersWithTemplate.cshtml(8,41): error CS0234: The type or namespace name 'Hosting' does not exist in the namespace 'Microsoft.AspNetCore.Razor' (are you missing an assembly reference?)
//     [global::Microsoft.AspNetCore.Razor.Hosting.RazorSourceChecksumAttribute(@"Sha256", @"ad0a6817d6431c932ff123cbd5e19efc157aa4994025b91acf744cf1a5d02dd5", @"/TestFiles/IntegrationTests/CodeGenerationIntegrationTest/TagHelpersWithTemplate.cshtml")]
Diagnostic(ErrorCode.ERR_DottedTypeNameNotFoundInNS, "Hosting").WithArguments("Hosting", "Microsoft.AspNetCore.Razor").WithLocation(8, 41),
// TestFiles/IntegrationTests/CodeGenerationIntegrationTest/TagHelpersWithTemplate.cshtml(11,68): error CS0234: The type or namespace name 'TagHelpers' does not exist in the namespace 'Microsoft.AspNetCore.Razor' (are you missing an assembly reference?)
//         private static readonly global::Microsoft.AspNetCore.Razor.TagHelpers.TagHelperAttribute __tagHelperAttribute_0 = new global::Microsoft.AspNetCore.Razor.TagHelpers.TagHelperAttribute("type", new global::Microsoft.AspNetCore.Html.HtmlString("checkbox"), global::Microsoft.AspNetCore.Razor.TagHelpers.HtmlAttributeValueStyle.DoubleQuotes);
Diagnostic(ErrorCode.ERR_DottedTypeNameNotFoundInNS, "TagHelpers").WithArguments("TagHelpers", "Microsoft.AspNetCore.Razor").WithLocation(11, 68),
// TestFiles/IntegrationTests/CodeGenerationIntegrationTest/TagHelpersWithTemplate.cshtml(11,162): error CS0234: The type or namespace name 'TagHelpers' does not exist in the namespace 'Microsoft.AspNetCore.Razor' (are you missing an assembly reference?)
//         private static readonly global::Microsoft.AspNetCore.Razor.TagHelpers.TagHelperAttribute __tagHelperAttribute_0 = new global::Microsoft.AspNetCore.Razor.TagHelpers.TagHelperAttribute("type", new global::Microsoft.AspNetCore.Html.HtmlString("checkbox"), global::Microsoft.AspNetCore.Razor.TagHelpers.HtmlAttributeValueStyle.DoubleQuotes);
Diagnostic(ErrorCode.ERR_DottedTypeNameNotFoundInNS, "TagHelpers").WithArguments("TagHelpers", "Microsoft.AspNetCore.Razor").WithLocation(11, 162),
// TestFiles/IntegrationTests/CodeGenerationIntegrationTest/TagHelpersWithTemplate.cshtml(11,233): error CS0234: The type or namespace name 'Html' does not exist in the namespace 'Microsoft.AspNetCore' (are you missing an assembly reference?)
//         private static readonly global::Microsoft.AspNetCore.Razor.TagHelpers.TagHelperAttribute __tagHelperAttribute_0 = new global::Microsoft.AspNetCore.Razor.TagHelpers.TagHelperAttribute("type", new global::Microsoft.AspNetCore.Html.HtmlString("checkbox"), global::Microsoft.AspNetCore.Razor.TagHelpers.HtmlAttributeValueStyle.DoubleQuotes);
Diagnostic(ErrorCode.ERR_DottedTypeNameNotFoundInNS, "Html").WithArguments("Html", "Microsoft.AspNetCore").WithLocation(11, 233),
// TestFiles/IntegrationTests/CodeGenerationIntegrationTest/TagHelpersWithTemplate.cshtml(11,262): error CS0234: The type or namespace name 'TagHelpers' does not exist in the namespace 'Microsoft.AspNetCore.Razor' (are you missing an assembly reference?)
//         private static readonly global::Microsoft.AspNetCore.Razor.TagHelpers.TagHelperAttribute __tagHelperAttribute_0 = new global::Microsoft.AspNetCore.Razor.TagHelpers.TagHelperAttribute("type", new global::Microsoft.AspNetCore.Html.HtmlString("checkbox"), global::Microsoft.AspNetCore.Razor.TagHelpers.HtmlAttributeValueStyle.DoubleQuotes);
Diagnostic(ErrorCode.ERR_DottedTypeNameNotFoundInNS, "global::Microsoft.AspNetCore.Razor.TagHelpers").WithArguments("TagHelpers", "Microsoft.AspNetCore.Razor").WithLocation(11, 262),
// TestFiles/IntegrationTests/CodeGenerationIntegrationTest/TagHelpersWithTemplate.cshtml(12,68): error CS0234: The type or namespace name 'TagHelpers' does not exist in the namespace 'Microsoft.AspNetCore.Razor' (are you missing an assembly reference?)
//         private static readonly global::Microsoft.AspNetCore.Razor.TagHelpers.TagHelperAttribute __tagHelperAttribute_1 = new global::Microsoft.AspNetCore.Razor.TagHelpers.TagHelperAttribute("checked", new global::Microsoft.AspNetCore.Html.HtmlString("true"), global::Microsoft.AspNetCore.Razor.TagHelpers.HtmlAttributeValueStyle.DoubleQuotes);
Diagnostic(ErrorCode.ERR_DottedTypeNameNotFoundInNS, "TagHelpers").WithArguments("TagHelpers", "Microsoft.AspNetCore.Razor").WithLocation(12, 68),
// TestFiles/IntegrationTests/CodeGenerationIntegrationTest/TagHelpersWithTemplate.cshtml(12,162): error CS0234: The type or namespace name 'TagHelpers' does not exist in the namespace 'Microsoft.AspNetCore.Razor' (are you missing an assembly reference?)
//         private static readonly global::Microsoft.AspNetCore.Razor.TagHelpers.TagHelperAttribute __tagHelperAttribute_1 = new global::Microsoft.AspNetCore.Razor.TagHelpers.TagHelperAttribute("checked", new global::Microsoft.AspNetCore.Html.HtmlString("true"), global::Microsoft.AspNetCore.Razor.TagHelpers.HtmlAttributeValueStyle.DoubleQuotes);
Diagnostic(ErrorCode.ERR_DottedTypeNameNotFoundInNS, "TagHelpers").WithArguments("TagHelpers", "Microsoft.AspNetCore.Razor").WithLocation(12, 162),
// TestFiles/IntegrationTests/CodeGenerationIntegrationTest/TagHelpersWithTemplate.cshtml(12,236): error CS0234: The type or namespace name 'Html' does not exist in the namespace 'Microsoft.AspNetCore' (are you missing an assembly reference?)
//         private static readonly global::Microsoft.AspNetCore.Razor.TagHelpers.TagHelperAttribute __tagHelperAttribute_1 = new global::Microsoft.AspNetCore.Razor.TagHelpers.TagHelperAttribute("checked", new global::Microsoft.AspNetCore.Html.HtmlString("true"), global::Microsoft.AspNetCore.Razor.TagHelpers.HtmlAttributeValueStyle.DoubleQuotes);
Diagnostic(ErrorCode.ERR_DottedTypeNameNotFoundInNS, "Html").WithArguments("Html", "Microsoft.AspNetCore").WithLocation(12, 236),
// TestFiles/IntegrationTests/CodeGenerationIntegrationTest/TagHelpersWithTemplate.cshtml(12,261): error CS0234: The type or namespace name 'TagHelpers' does not exist in the namespace 'Microsoft.AspNetCore.Razor' (are you missing an assembly reference?)
//         private static readonly global::Microsoft.AspNetCore.Razor.TagHelpers.TagHelperAttribute __tagHelperAttribute_1 = new global::Microsoft.AspNetCore.Razor.TagHelpers.TagHelperAttribute("checked", new global::Microsoft.AspNetCore.Html.HtmlString("true"), global::Microsoft.AspNetCore.Razor.TagHelpers.HtmlAttributeValueStyle.DoubleQuotes);
Diagnostic(ErrorCode.ERR_DottedTypeNameNotFoundInNS, "global::Microsoft.AspNetCore.Razor.TagHelpers").WithArguments("TagHelpers", "Microsoft.AspNetCore.Razor").WithLocation(12, 261),
// TestFiles/IntegrationTests/CodeGenerationIntegrationTest/TagHelpersWithTemplate.cshtml(13,68): error CS0234: The type or namespace name 'TagHelpers' does not exist in the namespace 'Microsoft.AspNetCore.Razor' (are you missing an assembly reference?)
//         private static readonly global::Microsoft.AspNetCore.Razor.TagHelpers.TagHelperAttribute __tagHelperAttribute_2 = new global::Microsoft.AspNetCore.Razor.TagHelpers.TagHelperAttribute("condition", new global::Microsoft.AspNetCore.Html.HtmlString("true"), global::Microsoft.AspNetCore.Razor.TagHelpers.HtmlAttributeValueStyle.DoubleQuotes);
Diagnostic(ErrorCode.ERR_DottedTypeNameNotFoundInNS, "TagHelpers").WithArguments("TagHelpers", "Microsoft.AspNetCore.Razor").WithLocation(13, 68),
// TestFiles/IntegrationTests/CodeGenerationIntegrationTest/TagHelpersWithTemplate.cshtml(13,162): error CS0234: The type or namespace name 'TagHelpers' does not exist in the namespace 'Microsoft.AspNetCore.Razor' (are you missing an assembly reference?)
//         private static readonly global::Microsoft.AspNetCore.Razor.TagHelpers.TagHelperAttribute __tagHelperAttribute_2 = new global::Microsoft.AspNetCore.Razor.TagHelpers.TagHelperAttribute("condition", new global::Microsoft.AspNetCore.Html.HtmlString("true"), global::Microsoft.AspNetCore.Razor.TagHelpers.HtmlAttributeValueStyle.DoubleQuotes);
Diagnostic(ErrorCode.ERR_DottedTypeNameNotFoundInNS, "TagHelpers").WithArguments("TagHelpers", "Microsoft.AspNetCore.Razor").WithLocation(13, 162),
// TestFiles/IntegrationTests/CodeGenerationIntegrationTest/TagHelpersWithTemplate.cshtml(13,238): error CS0234: The type or namespace name 'Html' does not exist in the namespace 'Microsoft.AspNetCore' (are you missing an assembly reference?)
//         private static readonly global::Microsoft.AspNetCore.Razor.TagHelpers.TagHelperAttribute __tagHelperAttribute_2 = new global::Microsoft.AspNetCore.Razor.TagHelpers.TagHelperAttribute("condition", new global::Microsoft.AspNetCore.Html.HtmlString("true"), global::Microsoft.AspNetCore.Razor.TagHelpers.HtmlAttributeValueStyle.DoubleQuotes);
Diagnostic(ErrorCode.ERR_DottedTypeNameNotFoundInNS, "Html").WithArguments("Html", "Microsoft.AspNetCore").WithLocation(13, 238),
// TestFiles/IntegrationTests/CodeGenerationIntegrationTest/TagHelpersWithTemplate.cshtml(13,263): error CS0234: The type or namespace name 'TagHelpers' does not exist in the namespace 'Microsoft.AspNetCore.Razor' (are you missing an assembly reference?)
//         private static readonly global::Microsoft.AspNetCore.Razor.TagHelpers.TagHelperAttribute __tagHelperAttribute_2 = new global::Microsoft.AspNetCore.Razor.TagHelpers.TagHelperAttribute("condition", new global::Microsoft.AspNetCore.Html.HtmlString("true"), global::Microsoft.AspNetCore.Razor.TagHelpers.HtmlAttributeValueStyle.DoubleQuotes);
Diagnostic(ErrorCode.ERR_DottedTypeNameNotFoundInNS, "global::Microsoft.AspNetCore.Razor.TagHelpers").WithArguments("TagHelpers", "Microsoft.AspNetCore.Razor").WithLocation(13, 263),
// TestFiles/IntegrationTests/CodeGenerationIntegrationTest/TagHelpersWithTemplate.cshtml(16,52): error CS0234: The type or namespace name 'Runtime' does not exist in the namespace 'Microsoft.AspNetCore.Razor' (are you missing an assembly reference?)
//         private global::Microsoft.AspNetCore.Razor.Runtime.TagHelpers.TagHelperExecutionContext __tagHelperExecutionContext;
Diagnostic(ErrorCode.ERR_DottedTypeNameNotFoundInNS, "Runtime").WithArguments("Runtime", "Microsoft.AspNetCore.Razor").WithLocation(16, 52),
// TestFiles/IntegrationTests/CodeGenerationIntegrationTest/TagHelpersWithTemplate.cshtml(18,52): error CS0234: The type or namespace name 'Runtime' does not exist in the namespace 'Microsoft.AspNetCore.Razor' (are you missing an assembly reference?)
//         private global::Microsoft.AspNetCore.Razor.Runtime.TagHelpers.TagHelperRunner __tagHelperRunner = new global::Microsoft.AspNetCore.Razor.Runtime.TagHelpers.TagHelperRunner();
Diagnostic(ErrorCode.ERR_DottedTypeNameNotFoundInNS, "Runtime").WithArguments("Runtime", "Microsoft.AspNetCore.Razor").WithLocation(18, 52),
// TestFiles/IntegrationTests/CodeGenerationIntegrationTest/TagHelpersWithTemplate.cshtml(18,146): error CS0234: The type or namespace name 'Runtime' does not exist in the namespace 'Microsoft.AspNetCore.Razor' (are you missing an assembly reference?)
//         private global::Microsoft.AspNetCore.Razor.Runtime.TagHelpers.TagHelperRunner __tagHelperRunner = new global::Microsoft.AspNetCore.Razor.Runtime.TagHelpers.TagHelperRunner();
Diagnostic(ErrorCode.ERR_DottedTypeNameNotFoundInNS, "Runtime").WithArguments("Runtime", "Microsoft.AspNetCore.Razor").WithLocation(18, 146),
// TestFiles/IntegrationTests/CodeGenerationIntegrationTest/TagHelpersWithTemplate.cshtml(22,52): error CS0234: The type or namespace name 'Runtime' does not exist in the namespace 'Microsoft.AspNetCore.Razor' (are you missing an assembly reference?)
//         private global::Microsoft.AspNetCore.Razor.Runtime.TagHelpers.TagHelperScopeManager __backed__tagHelperScopeManager = null;
Diagnostic(ErrorCode.ERR_DottedTypeNameNotFoundInNS, "Runtime").WithArguments("Runtime", "Microsoft.AspNetCore.Razor").WithLocation(22, 52),
// TestFiles/IntegrationTests/CodeGenerationIntegrationTest/TagHelpersWithTemplate.cshtml(23,52): error CS0234: The type or namespace name 'Runtime' does not exist in the namespace 'Microsoft.AspNetCore.Razor' (are you missing an assembly reference?)
//         private global::Microsoft.AspNetCore.Razor.Runtime.TagHelpers.TagHelperScopeManager __tagHelperScopeManager
Diagnostic(ErrorCode.ERR_DottedTypeNameNotFoundInNS, "Runtime").WithArguments("Runtime", "Microsoft.AspNetCore.Razor").WithLocation(23, 52),
// TestFiles/IntegrationTests/CodeGenerationIntegrationTest/TagHelpersWithTemplate.cshtml(29,94): error CS0234: The type or namespace name 'Runtime' does not exist in the namespace 'Microsoft.AspNetCore.Razor' (are you missing an assembly reference?)
//                     __backed__tagHelperScopeManager = new global::Microsoft.AspNetCore.Razor.Runtime.TagHelpers.TagHelperScopeManager(StartTagHelperWritingScope, EndTagHelperWritingScope);
Diagnostic(ErrorCode.ERR_DottedTypeNameNotFoundInNS, "Runtime").WithArguments("Runtime", "Microsoft.AspNetCore.Razor").WithLocation(29, 94),
// TestFiles/IntegrationTests/CodeGenerationIntegrationTest/TagHelpersWithTemplate.cshtml(29,135): error CS0103: The name 'StartTagHelperWritingScope' does not exist in the current context
//                     __backed__tagHelperScopeManager = new global::Microsoft.AspNetCore.Razor.Runtime.TagHelpers.TagHelperScopeManager(StartTagHelperWritingScope, EndTagHelperWritingScope);
Diagnostic(ErrorCode.ERR_NameNotInContext, "StartTagHelperWritingScope").WithArguments("StartTagHelperWritingScope").WithLocation(29, 135),
// TestFiles/IntegrationTests/CodeGenerationIntegrationTest/TagHelpersWithTemplate.cshtml(29,163): error CS0103: The name 'EndTagHelperWritingScope' does not exist in the current context
//                     __backed__tagHelperScopeManager = new global::Microsoft.AspNetCore.Razor.Runtime.TagHelpers.TagHelperScopeManager(StartTagHelperWritingScope, EndTagHelperWritingScope);
Diagnostic(ErrorCode.ERR_NameNotInContext, "EndTagHelperWritingScope").WithArguments("EndTagHelperWritingScope").WithLocation(29, 163),
// TestFiles/IntegrationTests/CodeGenerationIntegrationTest/TagHelpersWithTemplate.cshtml(34,25): error CS0400: The type or namespace name 'DivTagHelper' could not be found in the global namespace (are you missing an assembly reference?)
//         private global::DivTagHelper __DivTagHelper;
Diagnostic(ErrorCode.ERR_GlobalSingleTypeNameNotFound, "DivTagHelper").WithArguments("DivTagHelper").WithLocation(34, 25),
// TestFiles/IntegrationTests/CodeGenerationIntegrationTest/TagHelpersWithTemplate.cshtml(35,25): error CS0400: The type or namespace name 'InputTagHelper' could not be found in the global namespace (are you missing an assembly reference?)
//         private global::InputTagHelper __InputTagHelper;
Diagnostic(ErrorCode.ERR_GlobalSingleTypeNameNotFound, "InputTagHelper").WithArguments("InputTagHelper").WithLocation(35, 25),
// TestFiles/IntegrationTests/CodeGenerationIntegrationTest/TagHelpersWithTemplate.cshtml(39,13): error CS0103: The name 'WriteLiteral' does not exist in the current context
//             WriteLiteral("\r\n");
Diagnostic(ErrorCode.ERR_NameNotInContext, "WriteLiteral").WithArguments("WriteLiteral").WithLocation(39, 13),
// TestFiles/IntegrationTests/CodeGenerationIntegrationTest/TagHelpersWithTemplate.cshtml(40,13): error CS0103: The name 'WriteLiteral' does not exist in the current context
//             WriteLiteral("\r\n");
Diagnostic(ErrorCode.ERR_NameNotInContext, "WriteLiteral").WithArguments("WriteLiteral").WithLocation(40, 13),
// TestFiles/IntegrationTests/CodeGenerationIntegrationTest/TagHelpersWithTemplate.cshtml(41,80): error CS0234: The type or namespace name 'TagHelpers' does not exist in the namespace 'Microsoft.AspNetCore.Razor' (are you missing an assembly reference?)
//             __tagHelperExecutionContext = __tagHelperScopeManager.Begin("div", global::Microsoft.AspNetCore.Razor.TagHelpers.TagMode.StartTagAndEndTag, "test", async() => {
Diagnostic(ErrorCode.ERR_DottedTypeNameNotFoundInNS, "global::Microsoft.AspNetCore.Razor.TagHelpers").WithArguments("TagHelpers", "Microsoft.AspNetCore.Razor").WithLocation(41, 80),
// TestFiles/IntegrationTests/CodeGenerationIntegrationTest/TagHelpersWithTemplate.cshtml(108,30): error CS0103: The name 'CreateTagHelper' does not exist in the current context
//             __DivTagHelper = CreateTagHelper<global::DivTagHelper>();
Diagnostic(ErrorCode.ERR_NameNotInContext, "CreateTagHelper<global::DivTagHelper>").WithArguments("CreateTagHelper").WithLocation(108, 30),
// TestFiles/IntegrationTests/CodeGenerationIntegrationTest/TagHelpersWithTemplate.cshtml(108,54): error CS0400: The type or namespace name 'DivTagHelper' could not be found in the global namespace (are you missing an assembly reference?)
//             __DivTagHelper = CreateTagHelper<global::DivTagHelper>();
Diagnostic(ErrorCode.ERR_GlobalSingleTypeNameNotFound, "DivTagHelper").WithArguments("DivTagHelper").WithLocation(108, 54),
// TestFiles/IntegrationTests/CodeGenerationIntegrationTest/TagHelpersWithTemplate.cshtml(115,13): error CS0103: The name 'Write' does not exist in the current context
//             Write(__tagHelperExecutionContext.Output);
Diagnostic(ErrorCode.ERR_NameNotInContext, "Write").WithArguments("Write").WithLocation(115, 13),
// TestFiles/IntegrationTests/CodeGenerationIntegrationTest/TagHelpersWithTemplate.cshtml(117,13): error CS0103: The name 'WriteLiteral' does not exist in the current context
//             WriteLiteral("\r\n\r\n");
Diagnostic(ErrorCode.ERR_NameNotInContext, "WriteLiteral").WithArguments("WriteLiteral").WithLocation(117, 13)