// TestFiles/IntegrationTests/CodeGenerationIntegrationTest/TagHelpersWithWeirdlySpacedAttributes.cshtml(50,25): error CS0400: The type or namespace name 'TestNamespace' could not be found in the global namespace (are you missing an assembly reference?)
//         private global::TestNamespace.PTagHelper __TestNamespace_PTagHelper;
Diagnostic(ErrorCode.ERR_GlobalSingleTypeNameNotFound, "TestNamespace").WithArguments("TestNamespace").WithLocation(50, 25),
// TestFiles/IntegrationTests/CodeGenerationIntegrationTest/TagHelpersWithWeirdlySpacedAttributes.cshtml(51,25): error CS0400: The type or namespace name 'TestNamespace' could not be found in the global namespace (are you missing an assembly reference?)
//         private global::TestNamespace.InputTagHelper __TestNamespace_InputTagHelper;
Diagnostic(ErrorCode.ERR_GlobalSingleTypeNameNotFound, "TestNamespace").WithArguments("TestNamespace").WithLocation(51, 25),
// TestFiles/IntegrationTests/CodeGenerationIntegrationTest/TagHelpersWithWeirdlySpacedAttributes.cshtml(52,25): error CS0400: The type or namespace name 'TestNamespace' could not be found in the global namespace (are you missing an assembly reference?)
//         private global::TestNamespace.InputTagHelper2 __TestNamespace_InputTagHelper2;
Diagnostic(ErrorCode.ERR_GlobalSingleTypeNameNotFound, "TestNamespace").WithArguments("TestNamespace").WithLocation(52, 25),
// TestFiles/IntegrationTests/CodeGenerationIntegrationTest/TagHelpersWithWeirdlySpacedAttributes.cshtml(61,66): error CS0400: The type or namespace name 'TestNamespace' could not be found in the global namespace (are you missing an assembly reference?)
//             __TestNamespace_PTagHelper = CreateTagHelper<global::TestNamespace.PTagHelper>();
Diagnostic(ErrorCode.ERR_GlobalSingleTypeNameNotFound, "TestNamespace").WithArguments("TestNamespace").WithLocation(61, 66),
// TestFiles/IntegrationTests/CodeGenerationIntegrationTest/TagHelpersWithWeirdlySpacedAttributes.cshtml(85,79): error CS1061: 'IHtmlHelper<dynamic>' does not contain a definition for 'Raw' and no accessible extension method 'Raw' accepting a first argument of type 'IHtmlHelper<dynamic>' could be found (are you missing a using directive or an assembly reference?)
//             __tagHelperExecutionContext.AddHtmlAttribute("data-content", Html.Raw(__tagHelperStringValueBuffer), global::Microsoft.AspNetCore.Razor.TagHelpers.HtmlAttributeValueStyle.DoubleQuotes);
Diagnostic(ErrorCode.ERR_NoSuchMemberOrExtension, "Raw").WithArguments("Microsoft.AspNetCore.Mvc.Rendering.IHtmlHelper<dynamic>", "Raw").WithLocation(85, 79),
// TestFiles/IntegrationTests/CodeGenerationIntegrationTest/TagHelpersWithWeirdlySpacedAttributes.cshtml(97,70): error CS0400: The type or namespace name 'TestNamespace' could not be found in the global namespace (are you missing an assembly reference?)
//             __TestNamespace_InputTagHelper = CreateTagHelper<global::TestNamespace.InputTagHelper>();
Diagnostic(ErrorCode.ERR_GlobalSingleTypeNameNotFound, "TestNamespace").WithArguments("TestNamespace").WithLocation(97, 70),
// TestFiles/IntegrationTests/CodeGenerationIntegrationTest/TagHelpersWithWeirdlySpacedAttributes.cshtml(99,71): error CS0400: The type or namespace name 'TestNamespace' could not be found in the global namespace (are you missing an assembly reference?)
//             __TestNamespace_InputTagHelper2 = CreateTagHelper<global::TestNamespace.InputTagHelper2>();
Diagnostic(ErrorCode.ERR_GlobalSingleTypeNameNotFound, "TestNamespace").WithArguments("TestNamespace").WithLocation(99, 71),
// TestFiles/IntegrationTests/CodeGenerationIntegrationTest/TagHelpersWithWeirdlySpacedAttributes.cshtml(117,66): error CS0400: The type or namespace name 'TestNamespace' could not be found in the global namespace (are you missing an assembly reference?)
//             __TestNamespace_PTagHelper = CreateTagHelper<global::TestNamespace.PTagHelper>();
Diagnostic(ErrorCode.ERR_GlobalSingleTypeNameNotFound, "TestNamespace").WithArguments("TestNamespace").WithLocation(117, 66),
// TestFiles/IntegrationTests/CodeGenerationIntegrationTest/TagHelpersWithWeirdlySpacedAttributes.cshtml(141,70): error CS0400: The type or namespace name 'TestNamespace' could not be found in the global namespace (are you missing an assembly reference?)
//             __TestNamespace_InputTagHelper = CreateTagHelper<global::TestNamespace.InputTagHelper>();
Diagnostic(ErrorCode.ERR_GlobalSingleTypeNameNotFound, "TestNamespace").WithArguments("TestNamespace").WithLocation(141, 70),
// TestFiles/IntegrationTests/CodeGenerationIntegrationTest/TagHelpersWithWeirdlySpacedAttributes.cshtml(143,71): error CS0400: The type or namespace name 'TestNamespace' could not be found in the global namespace (are you missing an assembly reference?)
//             __TestNamespace_InputTagHelper2 = CreateTagHelper<global::TestNamespace.InputTagHelper2>();
Diagnostic(ErrorCode.ERR_GlobalSingleTypeNameNotFound, "TestNamespace").WithArguments("TestNamespace").WithLocation(143, 71)