// TestFiles/IntegrationTests/CodeGenerationIntegrationTest/TagHelpersWithBoundAttributes.cshtml(3,19): error CS0103: The name 'Hello' does not exist in the current context
// Hello
Diagnostic(ErrorCode.ERR_NameNotInContext, "Hello").WithArguments("Hello").WithLocation(3, 19),
// TestFiles/IntegrationTests/CodeGenerationIntegrationTest/TagHelpersWithBoundAttributes.cshtml(4,47): error CS0234: The type or namespace name 'Hosting' does not exist in the namespace 'Microsoft.AspNetCore.Razor' (are you missing an assembly reference?)
// [assembly: global::Microsoft.AspNetCore.Razor.Hosting.RazorCompiledItemAttribute(typeof(Microsoft.AspNetCore.Razor.Language.IntegrationTests.TestFiles.TestFiles_IntegrationTests_CodeGenerationIntegrationTest_TagHelpersWithBoundAttributes_Runtime), @"default", @"/TestFiles/IntegrationTests/CodeGenerationIntegrationTest/TagHelpersWithBoundAttributes.cshtml")]
Diagnostic(ErrorCode.ERR_DottedTypeNameNotFoundInNS, "Hosting").WithArguments("Hosting", "Microsoft.AspNetCore.Razor").WithLocation(4, 47),
// TestFiles/IntegrationTests/CodeGenerationIntegrationTest/TagHelpersWithBoundAttributes.cshtml(8,41): error CS0234: The type or namespace name 'Hosting' does not exist in the namespace 'Microsoft.AspNetCore.Razor' (are you missing an assembly reference?)
//     [global::Microsoft.AspNetCore.Razor.Hosting.RazorSourceChecksumAttribute(@"Sha256", @"13f5d05e90dce1e87481ae84a605a64f0292501f08d4449df1105d14bd068161", @"/TestFiles/IntegrationTests/CodeGenerationIntegrationTest/TagHelpersWithBoundAttributes.cshtml")]
Diagnostic(ErrorCode.ERR_DottedTypeNameNotFoundInNS, "Hosting").WithArguments("Hosting", "Microsoft.AspNetCore.Razor").WithLocation(8, 41),
// TestFiles/IntegrationTests/CodeGenerationIntegrationTest/TagHelpersWithBoundAttributes.cshtml(11,68): error CS0234: The type or namespace name 'TagHelpers' does not exist in the namespace 'Microsoft.AspNetCore.Razor' (are you missing an assembly reference?)
//         private static readonly global::Microsoft.AspNetCore.Razor.TagHelpers.TagHelperAttribute __tagHelperAttribute_0 = new global::Microsoft.AspNetCore.Razor.TagHelpers.TagHelperAttribute("type", new global::Microsoft.AspNetCore.Html.HtmlString("text"), global::Microsoft.AspNetCore.Razor.TagHelpers.HtmlAttributeValueStyle.SingleQuotes);
Diagnostic(ErrorCode.ERR_DottedTypeNameNotFoundInNS, "TagHelpers").WithArguments("TagHelpers", "Microsoft.AspNetCore.Razor").WithLocation(11, 68),
// TestFiles/IntegrationTests/CodeGenerationIntegrationTest/TagHelpersWithBoundAttributes.cshtml(11,162): error CS0234: The type or namespace name 'TagHelpers' does not exist in the namespace 'Microsoft.AspNetCore.Razor' (are you missing an assembly reference?)
//         private static readonly global::Microsoft.AspNetCore.Razor.TagHelpers.TagHelperAttribute __tagHelperAttribute_0 = new global::Microsoft.AspNetCore.Razor.TagHelpers.TagHelperAttribute("type", new global::Microsoft.AspNetCore.Html.HtmlString("text"), global::Microsoft.AspNetCore.Razor.TagHelpers.HtmlAttributeValueStyle.SingleQuotes);
Diagnostic(ErrorCode.ERR_DottedTypeNameNotFoundInNS, "TagHelpers").WithArguments("TagHelpers", "Microsoft.AspNetCore.Razor").WithLocation(11, 162),
// TestFiles/IntegrationTests/CodeGenerationIntegrationTest/TagHelpersWithBoundAttributes.cshtml(11,233): error CS0234: The type or namespace name 'Html' does not exist in the namespace 'Microsoft.AspNetCore' (are you missing an assembly reference?)
//         private static readonly global::Microsoft.AspNetCore.Razor.TagHelpers.TagHelperAttribute __tagHelperAttribute_0 = new global::Microsoft.AspNetCore.Razor.TagHelpers.TagHelperAttribute("type", new global::Microsoft.AspNetCore.Html.HtmlString("text"), global::Microsoft.AspNetCore.Razor.TagHelpers.HtmlAttributeValueStyle.SingleQuotes);
Diagnostic(ErrorCode.ERR_DottedTypeNameNotFoundInNS, "Html").WithArguments("Html", "Microsoft.AspNetCore").WithLocation(11, 233),
// TestFiles/IntegrationTests/CodeGenerationIntegrationTest/TagHelpersWithBoundAttributes.cshtml(11,258): error CS0234: The type or namespace name 'TagHelpers' does not exist in the namespace 'Microsoft.AspNetCore.Razor' (are you missing an assembly reference?)
//         private static readonly global::Microsoft.AspNetCore.Razor.TagHelpers.TagHelperAttribute __tagHelperAttribute_0 = new global::Microsoft.AspNetCore.Razor.TagHelpers.TagHelperAttribute("type", new global::Microsoft.AspNetCore.Html.HtmlString("text"), global::Microsoft.AspNetCore.Razor.TagHelpers.HtmlAttributeValueStyle.SingleQuotes);
Diagnostic(ErrorCode.ERR_DottedTypeNameNotFoundInNS, "global::Microsoft.AspNetCore.Razor.TagHelpers").WithArguments("TagHelpers", "Microsoft.AspNetCore.Razor").WithLocation(11, 258),
// TestFiles/IntegrationTests/CodeGenerationIntegrationTest/TagHelpersWithBoundAttributes.cshtml(14,52): error CS0234: The type or namespace name 'Runtime' does not exist in the namespace 'Microsoft.AspNetCore.Razor' (are you missing an assembly reference?)
//         private global::Microsoft.AspNetCore.Razor.Runtime.TagHelpers.TagHelperExecutionContext __tagHelperExecutionContext;
Diagnostic(ErrorCode.ERR_DottedTypeNameNotFoundInNS, "Runtime").WithArguments("Runtime", "Microsoft.AspNetCore.Razor").WithLocation(14, 52),
// TestFiles/IntegrationTests/CodeGenerationIntegrationTest/TagHelpersWithBoundAttributes.cshtml(16,52): error CS0234: The type or namespace name 'Runtime' does not exist in the namespace 'Microsoft.AspNetCore.Razor' (are you missing an assembly reference?)
//         private global::Microsoft.AspNetCore.Razor.Runtime.TagHelpers.TagHelperRunner __tagHelperRunner = new global::Microsoft.AspNetCore.Razor.Runtime.TagHelpers.TagHelperRunner();
Diagnostic(ErrorCode.ERR_DottedTypeNameNotFoundInNS, "Runtime").WithArguments("Runtime", "Microsoft.AspNetCore.Razor").WithLocation(16, 52),
// TestFiles/IntegrationTests/CodeGenerationIntegrationTest/TagHelpersWithBoundAttributes.cshtml(16,146): error CS0234: The type or namespace name 'Runtime' does not exist in the namespace 'Microsoft.AspNetCore.Razor' (are you missing an assembly reference?)
//         private global::Microsoft.AspNetCore.Razor.Runtime.TagHelpers.TagHelperRunner __tagHelperRunner = new global::Microsoft.AspNetCore.Razor.Runtime.TagHelpers.TagHelperRunner();
Diagnostic(ErrorCode.ERR_DottedTypeNameNotFoundInNS, "Runtime").WithArguments("Runtime", "Microsoft.AspNetCore.Razor").WithLocation(16, 146),
// TestFiles/IntegrationTests/CodeGenerationIntegrationTest/TagHelpersWithBoundAttributes.cshtml(20,52): error CS0234: The type or namespace name 'Runtime' does not exist in the namespace 'Microsoft.AspNetCore.Razor' (are you missing an assembly reference?)
//         private global::Microsoft.AspNetCore.Razor.Runtime.TagHelpers.TagHelperScopeManager __backed__tagHelperScopeManager = null;
Diagnostic(ErrorCode.ERR_DottedTypeNameNotFoundInNS, "Runtime").WithArguments("Runtime", "Microsoft.AspNetCore.Razor").WithLocation(20, 52),
// TestFiles/IntegrationTests/CodeGenerationIntegrationTest/TagHelpersWithBoundAttributes.cshtml(21,52): error CS0234: The type or namespace name 'Runtime' does not exist in the namespace 'Microsoft.AspNetCore.Razor' (are you missing an assembly reference?)
//         private global::Microsoft.AspNetCore.Razor.Runtime.TagHelpers.TagHelperScopeManager __tagHelperScopeManager
Diagnostic(ErrorCode.ERR_DottedTypeNameNotFoundInNS, "Runtime").WithArguments("Runtime", "Microsoft.AspNetCore.Razor").WithLocation(21, 52),
// TestFiles/IntegrationTests/CodeGenerationIntegrationTest/TagHelpersWithBoundAttributes.cshtml(27,94): error CS0234: The type or namespace name 'Runtime' does not exist in the namespace 'Microsoft.AspNetCore.Razor' (are you missing an assembly reference?)
//                     __backed__tagHelperScopeManager = new global::Microsoft.AspNetCore.Razor.Runtime.TagHelpers.TagHelperScopeManager(StartTagHelperWritingScope, EndTagHelperWritingScope);
Diagnostic(ErrorCode.ERR_DottedTypeNameNotFoundInNS, "Runtime").WithArguments("Runtime", "Microsoft.AspNetCore.Razor").WithLocation(27, 94),
// TestFiles/IntegrationTests/CodeGenerationIntegrationTest/TagHelpersWithBoundAttributes.cshtml(27,135): error CS0103: The name 'StartTagHelperWritingScope' does not exist in the current context
//                     __backed__tagHelperScopeManager = new global::Microsoft.AspNetCore.Razor.Runtime.TagHelpers.TagHelperScopeManager(StartTagHelperWritingScope, EndTagHelperWritingScope);
Diagnostic(ErrorCode.ERR_NameNotInContext, "StartTagHelperWritingScope").WithArguments("StartTagHelperWritingScope").WithLocation(27, 135),
// TestFiles/IntegrationTests/CodeGenerationIntegrationTest/TagHelpersWithBoundAttributes.cshtml(27,163): error CS0103: The name 'EndTagHelperWritingScope' does not exist in the current context
//                     __backed__tagHelperScopeManager = new global::Microsoft.AspNetCore.Razor.Runtime.TagHelpers.TagHelperScopeManager(StartTagHelperWritingScope, EndTagHelperWritingScope);
Diagnostic(ErrorCode.ERR_NameNotInContext, "EndTagHelperWritingScope").WithArguments("EndTagHelperWritingScope").WithLocation(27, 163),
// TestFiles/IntegrationTests/CodeGenerationIntegrationTest/TagHelpersWithBoundAttributes.cshtml(32,25): error CS0400: The type or namespace name 'InputTagHelper' could not be found in the global namespace (are you missing an assembly reference?)
//         private global::InputTagHelper __InputTagHelper;
Diagnostic(ErrorCode.ERR_GlobalSingleTypeNameNotFound, "InputTagHelper").WithArguments("InputTagHelper").WithLocation(32, 25),
// TestFiles/IntegrationTests/CodeGenerationIntegrationTest/TagHelpersWithBoundAttributes.cshtml(36,13): error CS0103: The name 'WriteLiteral' does not exist in the current context
//             WriteLiteral("<form>\r\n    ");
Diagnostic(ErrorCode.ERR_NameNotInContext, "WriteLiteral").WithArguments("WriteLiteral").WithLocation(36, 13),
// TestFiles/IntegrationTests/CodeGenerationIntegrationTest/TagHelpersWithBoundAttributes.cshtml(37,82): error CS0234: The type or namespace name 'TagHelpers' does not exist in the namespace 'Microsoft.AspNetCore.Razor' (are you missing an assembly reference?)
//             __tagHelperExecutionContext = __tagHelperScopeManager.Begin("input", global::Microsoft.AspNetCore.Razor.TagHelpers.TagMode.SelfClosing, "test", async() => {
Diagnostic(ErrorCode.ERR_DottedTypeNameNotFoundInNS, "global::Microsoft.AspNetCore.Razor.TagHelpers").WithArguments("TagHelpers", "Microsoft.AspNetCore.Razor").WithLocation(37, 82),
// TestFiles/IntegrationTests/CodeGenerationIntegrationTest/TagHelpersWithBoundAttributes.cshtml(40,32): error CS0103: The name 'CreateTagHelper' does not exist in the current context
//             __InputTagHelper = CreateTagHelper<global::InputTagHelper>();
Diagnostic(ErrorCode.ERR_NameNotInContext, "CreateTagHelper<global::InputTagHelper>").WithArguments("CreateTagHelper").WithLocation(40, 32),
// TestFiles/IntegrationTests/CodeGenerationIntegrationTest/TagHelpersWithBoundAttributes.cshtml(40,56): error CS0400: The type or namespace name 'InputTagHelper' could not be found in the global namespace (are you missing an assembly reference?)
//             __InputTagHelper = CreateTagHelper<global::InputTagHelper>();
Diagnostic(ErrorCode.ERR_GlobalSingleTypeNameNotFound, "InputTagHelper").WithArguments("InputTagHelper").WithLocation(40, 56),
// TestFiles/IntegrationTests/CodeGenerationIntegrationTest/TagHelpersWithBoundAttributes.cshtml(42,13): error CS0103: The name 'BeginWriteTagHelperAttribute' does not exist in the current context
//             BeginWriteTagHelperAttribute();
Diagnostic(ErrorCode.ERR_NameNotInContext, "BeginWriteTagHelperAttribute").WithArguments("BeginWriteTagHelperAttribute").WithLocation(42, 13),
// TestFiles/IntegrationTests/CodeGenerationIntegrationTest/TagHelpersWithBoundAttributes.cshtml(43,13): error CS0103: The name 'WriteLiteral' does not exist in the current context
//             WriteLiteral(
Diagnostic(ErrorCode.ERR_NameNotInContext, "WriteLiteral").WithArguments("WriteLiteral").WithLocation(43, 13),
// TestFiles/IntegrationTests/CodeGenerationIntegrationTest/TagHelpersWithBoundAttributes.cshtml(52,44): error CS0103: The name 'EndWriteTagHelperAttribute' does not exist in the current context
//             __tagHelperStringValueBuffer = EndWriteTagHelperAttribute();
Diagnostic(ErrorCode.ERR_NameNotInContext, "EndWriteTagHelperAttribute").WithArguments("EndWriteTagHelperAttribute").WithLocation(52, 44),
// TestFiles/IntegrationTests/CodeGenerationIntegrationTest/TagHelpersWithBoundAttributes.cshtml(54,100): error CS0234: The type or namespace name 'TagHelpers' does not exist in the namespace 'Microsoft.AspNetCore.Razor' (are you missing an assembly reference?)
//             __tagHelperExecutionContext.AddTagHelperAttribute("bound", __InputTagHelper.BoundProp, global::Microsoft.AspNetCore.Razor.TagHelpers.HtmlAttributeValueStyle.DoubleQuotes);
Diagnostic(ErrorCode.ERR_DottedTypeNameNotFoundInNS, "global::Microsoft.AspNetCore.Razor.TagHelpers").WithArguments("TagHelpers", "Microsoft.AspNetCore.Razor").WithLocation(54, 100),
// TestFiles/IntegrationTests/CodeGenerationIntegrationTest/TagHelpersWithBoundAttributes.cshtml(61,13): error CS0103: The name 'Write' does not exist in the current context
//             Write(__tagHelperExecutionContext.Output);
Diagnostic(ErrorCode.ERR_NameNotInContext, "Write").WithArguments("Write").WithLocation(61, 13),
// TestFiles/IntegrationTests/CodeGenerationIntegrationTest/TagHelpersWithBoundAttributes.cshtml(63,13): error CS0103: The name 'WriteLiteral' does not exist in the current context
//             WriteLiteral("\r\n</form>");
Diagnostic(ErrorCode.ERR_NameNotInContext, "WriteLiteral").WithArguments("WriteLiteral").WithLocation(63, 13)