// TestFiles/IntegrationTests/CodeGenerationIntegrationTest/Tags.cshtml(4,47): error CS0234: The type or namespace name 'Hosting' does not exist in the namespace 'Microsoft.AspNetCore.Razor' (are you missing an assembly reference?)
// [assembly: global::Microsoft.AspNetCore.Razor.Hosting.RazorCompiledItemAttribute(typeof(Microsoft.AspNetCore.Razor.Language.IntegrationTests.TestFiles.TestFiles_IntegrationTests_CodeGenerationIntegrationTest_Tags_Runtime), @"default", @"/TestFiles/IntegrationTests/CodeGenerationIntegrationTest/Tags.cshtml")]
Diagnostic(ErrorCode.ERR_DottedTypeNameNotFoundInNS, "Hosting").WithArguments("Hosting", "Microsoft.AspNetCore.Razor").WithLocation(4, 47),
// TestFiles/IntegrationTests/CodeGenerationIntegrationTest/Tags.cshtml(8,41): error CS0234: The type or namespace name 'Hosting' does not exist in the namespace 'Microsoft.AspNetCore.Razor' (are you missing an assembly reference?)
//     [global::Microsoft.AspNetCore.Razor.Hosting.RazorSourceChecksumAttribute(@"Sha256", @"d02f15e5b65cbcc2185f5f77ae6e69a01492b23120b97f0ffe06d4f34412b670", @"/TestFiles/IntegrationTests/CodeGenerationIntegrationTest/Tags.cshtml")]
Diagnostic(ErrorCode.ERR_DottedTypeNameNotFoundInNS, "Hosting").WithArguments("Hosting", "Microsoft.AspNetCore.Razor").WithLocation(8, 41),
// TestFiles/IntegrationTests/CodeGenerationIntegrationTest/Tags.cshtml(14,13): error CS0103: The name 'WriteLiteral' does not exist in the current context
//             WriteLiteral("    <script type=\"text/javascript\" ");
Diagnostic(ErrorCode.ERR_NameNotInContext, "WriteLiteral").WithArguments("WriteLiteral").WithLocation(14, 13),
// TestFiles/IntegrationTests/CodeGenerationIntegrationTest/Tags.cshtml(15,13): error CS0103: The name 'WriteLiteral' does not exist in the current context
//             WriteLiteral(" ></script @foo >\r\n");
Diagnostic(ErrorCode.ERR_NameNotInContext, "WriteLiteral").WithArguments("WriteLiteral").WithLocation(15, 13),
// TestFiles/IntegrationTests/CodeGenerationIntegrationTest/Tags.cshtml(16,13): error CS0103: The name 'WriteLiteral' does not exist in the current context
//             WriteLiteral("\r\n<script type=\"text/html\">\r\n    <%var");
Diagnostic(ErrorCode.ERR_NameNotInContext, "WriteLiteral").WithArguments("WriteLiteral").WithLocation(16, 13),
// TestFiles/IntegrationTests/CodeGenerationIntegrationTest/Tags.cshtml(17,13): error CS0103: The name 'BeginWriteAttribute' does not exist in the current context
//             BeginWriteAttribute("x", " x =", 102, "", 106, 0);
Diagnostic(ErrorCode.ERR_NameNotInContext, "BeginWriteAttribute").WithArguments("BeginWriteAttribute").WithLocation(17, 13),
// TestFiles/IntegrationTests/CodeGenerationIntegrationTest/Tags.cshtml(18,13): error CS0103: The name 'EndWriteAttribute' does not exist in the current context
//             EndWriteAttribute();
Diagnostic(ErrorCode.ERR_NameNotInContext, "EndWriteAttribute").WithArguments("EndWriteAttribute").WithLocation(18, 13),
// TestFiles/IntegrationTests/CodeGenerationIntegrationTest/Tags.cshtml(19,13): error CS0103: The name 'BeginWriteAttribute' does not exist in the current context
//             BeginWriteAttribute("window", " window =", 106, "", 115, 0);
Diagnostic(ErrorCode.ERR_NameNotInContext, "BeginWriteAttribute").WithArguments("BeginWriteAttribute").WithLocation(19, 13),
// TestFiles/IntegrationTests/CodeGenerationIntegrationTest/Tags.cshtml(20,13): error CS0103: The name 'EndWriteAttribute' does not exist in the current context
//             EndWriteAttribute();
Diagnostic(ErrorCode.ERR_NameNotInContext, "EndWriteAttribute").WithArguments("EndWriteAttribute").WithLocation(20, 13),
// TestFiles/IntegrationTests/CodeGenerationIntegrationTest/Tags.cshtml(21,13): error CS0103: The name 'WriteLiteral' does not exist in the current context
//             WriteLiteral("= null%>\r\n</script>\r\n\r\n<script></script @");
Diagnostic(ErrorCode.ERR_NameNotInContext, "WriteLiteral").WithArguments("WriteLiteral").WithLocation(21, 13)