// TestFiles/IntegrationTests/CodeGenerationIntegrationTest/TransitionsInTagHelperAttributes.cshtml(10,34): error CS1525: Invalid expression term 'int'
// __TestNamespace_PTagHelper.Age = int;
Diagnostic(ErrorCode.ERR_InvalidExprTerm, "int").WithArguments("int").WithLocation(10, 34),
// TestFiles/IntegrationTests/CodeGenerationIntegrationTest/TransitionsInTagHelperAttributes.cshtml(10,52): error CS0234: The type or namespace name 'Runtime' does not exist in the namespace 'Microsoft.AspNetCore.Razor' (are you missing an assembly reference?)
//         private global::Microsoft.AspNetCore.Razor.Runtime.TagHelpers.TagHelperExecutionContext __tagHelperExecutionContext;
Diagnostic(ErrorCode.ERR_DottedTypeNameNotFoundInNS, "Runtime").WithArguments("Runtime", "Microsoft.AspNetCore.Razor").WithLocation(10, 52),
// TestFiles/IntegrationTests/CodeGenerationIntegrationTest/TransitionsInTagHelperAttributes.cshtml(12,38): error CS1525: Invalid expression term ''
// __TestNamespace_PTagHelper.Age = 4 * @(@int + 2);
Diagnostic(ErrorCode.ERR_InvalidExprTerm, "@").WithArguments("").WithLocation(12, 38),
// TestFiles/IntegrationTests/CodeGenerationIntegrationTest/TransitionsInTagHelperAttributes.cshtml(12,38): error CS1002: ; expected
// __TestNamespace_PTagHelper.Age = 4 * @(@int + 2);
Diagnostic(ErrorCode.ERR_SemicolonExpected, "@").WithLocation(12, 38),
// TestFiles/IntegrationTests/CodeGenerationIntegrationTest/TransitionsInTagHelperAttributes.cshtml(12,38): error CS1646: Keyword, identifier, or string expected after verbatim specifier: @
// __TestNamespace_PTagHelper.Age = 4 * @(@int + 2);
Diagnostic(ErrorCode.ERR_ExpectedVerbatimLiteral, "").WithLocation(12, 38),
// TestFiles/IntegrationTests/CodeGenerationIntegrationTest/TransitionsInTagHelperAttributes.cshtml(12,39): error CS0201: Only assignment, call, increment, decrement, await, and new object expressions can be used as a statement
// __TestNamespace_PTagHelper.Age = 4 * @(@int + 2);
Diagnostic(ErrorCode.ERR_IllegalStatement, "(@int + 2)").WithLocation(12, 39),
// TestFiles/IntegrationTests/CodeGenerationIntegrationTest/TransitionsInTagHelperAttributes.cshtml(12,52): error CS0234: The type or namespace name 'Runtime' does not exist in the namespace 'Microsoft.AspNetCore.Razor' (are you missing an assembly reference?)
//         private global::Microsoft.AspNetCore.Razor.Runtime.TagHelpers.TagHelperRunner __tagHelperRunner = new global::Microsoft.AspNetCore.Razor.Runtime.TagHelpers.TagHelperRunner();
Diagnostic(ErrorCode.ERR_DottedTypeNameNotFoundInNS, "Runtime").WithArguments("Runtime", "Microsoft.AspNetCore.Razor").WithLocation(12, 52),
// TestFiles/IntegrationTests/CodeGenerationIntegrationTest/TransitionsInTagHelperAttributes.cshtml(12,146): error CS0234: The type or namespace name 'Runtime' does not exist in the namespace 'Microsoft.AspNetCore.Razor' (are you missing an assembly reference?)
//         private global::Microsoft.AspNetCore.Razor.Runtime.TagHelpers.TagHelperRunner __tagHelperRunner = new global::Microsoft.AspNetCore.Razor.Runtime.TagHelpers.TagHelperRunner();
Diagnostic(ErrorCode.ERR_DottedTypeNameNotFoundInNS, "Runtime").WithArguments("Runtime", "Microsoft.AspNetCore.Razor").WithLocation(12, 146),
// TestFiles/IntegrationTests/CodeGenerationIntegrationTest/TransitionsInTagHelperAttributes.cshtml(13,25): error CS0400: The type or namespace name 'TestNamespace' could not be found in the global namespace (are you missing an assembly reference?)
//         private global::TestNamespace.PTagHelper __TestNamespace_PTagHelper;
Diagnostic(ErrorCode.ERR_GlobalSingleTypeNameNotFound, "TestNamespace").WithArguments("TestNamespace").WithLocation(13, 25),
// TestFiles/IntegrationTests/CodeGenerationIntegrationTest/TransitionsInTagHelperAttributes.cshtml(43,42): error CS0103: The name 'CreateTagHelper' does not exist in the current context
//             __TestNamespace_PTagHelper = CreateTagHelper<global::TestNamespace.PTagHelper>();
Diagnostic(ErrorCode.ERR_NameNotInContext, "CreateTagHelper<global::TestNamespace.PTagHelper>").WithArguments("CreateTagHelper").WithLocation(43, 42),
// TestFiles/IntegrationTests/CodeGenerationIntegrationTest/TransitionsInTagHelperAttributes.cshtml(43,66): error CS0400: The type or namespace name 'TestNamespace' could not be found in the global namespace (are you missing an assembly reference?)
//             __TestNamespace_PTagHelper = CreateTagHelper<global::TestNamespace.PTagHelper>();
Diagnostic(ErrorCode.ERR_GlobalSingleTypeNameNotFound, "TestNamespace").WithArguments("TestNamespace").WithLocation(43, 66),
// TestFiles/IntegrationTests/CodeGenerationIntegrationTest/TransitionsInTagHelperAttributes.cshtml(52,42): error CS0103: The name 'CreateTagHelper' does not exist in the current context
//             __TestNamespace_PTagHelper = CreateTagHelper<global::TestNamespace.PTagHelper>();
Diagnostic(ErrorCode.ERR_NameNotInContext, "CreateTagHelper<global::TestNamespace.PTagHelper>").WithArguments("CreateTagHelper").WithLocation(52, 42),
// TestFiles/IntegrationTests/CodeGenerationIntegrationTest/TransitionsInTagHelperAttributes.cshtml(52,66): error CS0400: The type or namespace name 'TestNamespace' could not be found in the global namespace (are you missing an assembly reference?)
//             __TestNamespace_PTagHelper = CreateTagHelper<global::TestNamespace.PTagHelper>();
Diagnostic(ErrorCode.ERR_GlobalSingleTypeNameNotFound, "TestNamespace").WithArguments("TestNamespace").WithLocation(52, 66),
// TestFiles/IntegrationTests/CodeGenerationIntegrationTest/TransitionsInTagHelperAttributes.cshtml(68,42): error CS0103: The name 'CreateTagHelper' does not exist in the current context
//             __TestNamespace_PTagHelper = CreateTagHelper<global::TestNamespace.PTagHelper>();
Diagnostic(ErrorCode.ERR_NameNotInContext, "CreateTagHelper<global::TestNamespace.PTagHelper>").WithArguments("CreateTagHelper").WithLocation(68, 42),
// TestFiles/IntegrationTests/CodeGenerationIntegrationTest/TransitionsInTagHelperAttributes.cshtml(68,66): error CS0400: The type or namespace name 'TestNamespace' could not be found in the global namespace (are you missing an assembly reference?)
//             __TestNamespace_PTagHelper = CreateTagHelper<global::TestNamespace.PTagHelper>();
Diagnostic(ErrorCode.ERR_GlobalSingleTypeNameNotFound, "TestNamespace").WithArguments("TestNamespace").WithLocation(68, 66),
// TestFiles/IntegrationTests/CodeGenerationIntegrationTest/TransitionsInTagHelperAttributes.cshtml(77,42): error CS0103: The name 'CreateTagHelper' does not exist in the current context
//             __TestNamespace_PTagHelper = CreateTagHelper<global::TestNamespace.PTagHelper>();
Diagnostic(ErrorCode.ERR_NameNotInContext, "CreateTagHelper<global::TestNamespace.PTagHelper>").WithArguments("CreateTagHelper").WithLocation(77, 42),
// TestFiles/IntegrationTests/CodeGenerationIntegrationTest/TransitionsInTagHelperAttributes.cshtml(77,66): error CS0400: The type or namespace name 'TestNamespace' could not be found in the global namespace (are you missing an assembly reference?)
//             __TestNamespace_PTagHelper = CreateTagHelper<global::TestNamespace.PTagHelper>();
Diagnostic(ErrorCode.ERR_GlobalSingleTypeNameNotFound, "TestNamespace").WithArguments("TestNamespace").WithLocation(77, 66),
// TestFiles/IntegrationTests/CodeGenerationIntegrationTest/TransitionsInTagHelperAttributes.cshtml(86,42): error CS0103: The name 'CreateTagHelper' does not exist in the current context
//             __TestNamespace_PTagHelper = CreateTagHelper<global::TestNamespace.PTagHelper>();
Diagnostic(ErrorCode.ERR_NameNotInContext, "CreateTagHelper<global::TestNamespace.PTagHelper>").WithArguments("CreateTagHelper").WithLocation(86, 42),
// TestFiles/IntegrationTests/CodeGenerationIntegrationTest/TransitionsInTagHelperAttributes.cshtml(86,66): error CS0400: The type or namespace name 'TestNamespace' could not be found in the global namespace (are you missing an assembly reference?)
//             __TestNamespace_PTagHelper = CreateTagHelper<global::TestNamespace.PTagHelper>();
Diagnostic(ErrorCode.ERR_GlobalSingleTypeNameNotFound, "TestNamespace").WithArguments("TestNamespace").WithLocation(86, 66),
// TestFiles/IntegrationTests/CodeGenerationIntegrationTest/TransitionsInTagHelperAttributes.cshtml(95,42): error CS0103: The name 'CreateTagHelper' does not exist in the current context
//             __TestNamespace_PTagHelper = CreateTagHelper<global::TestNamespace.PTagHelper>();
Diagnostic(ErrorCode.ERR_NameNotInContext, "CreateTagHelper<global::TestNamespace.PTagHelper>").WithArguments("CreateTagHelper").WithLocation(95, 42),
// TestFiles/IntegrationTests/CodeGenerationIntegrationTest/TransitionsInTagHelperAttributes.cshtml(95,66): error CS0400: The type or namespace name 'TestNamespace' could not be found in the global namespace (are you missing an assembly reference?)
//             __TestNamespace_PTagHelper = CreateTagHelper<global::TestNamespace.PTagHelper>();
Diagnostic(ErrorCode.ERR_GlobalSingleTypeNameNotFound, "TestNamespace").WithArguments("TestNamespace").WithLocation(95, 66)